2024-10-23T20:15:25.401422+0100 INFO 140244519047296 Ensured data directory exists at /home/daxo/code/scraping_quotes/scraping_quotes/data
2024-10-23T20:15:25.430299+0100 INFO 140244519047296 Created database engine for /home/daxo/code/scraping_quotes/scraping_quotes/data/quotes.db
2024-10-23T20:15:25.457969+0100 INFO 140244519047296 Database schema initialized successfully.
2024-10-23T20:15:25.459782+0100 INFO 140244519047296 Tables in the database: ['TestTable', 'authors', 'quotes', 'quotes_tags_link', 'tags']
2024-10-23T20:15:25.459896+0100 ERROR 140244519047296 Not all required tables were created.
2024-10-23T20:15:25.467897+0100 INFO 140244519047296 Database schema initialized successfully.
2024-10-23T20:15:25.469616+0100 INFO 140244519047296 Tables in the database: ['TestTable', 'authors', 'quotes', 'quotes_tags_link', 'tags']
2024-10-23T20:15:25.469732+0100 ERROR 140244519047296 Not all required tables were created.
2024-10-23T20:15:25.486964+0100 INFO 140244519047296 All tables truncated successfully.
2024-10-23T20:15:25.496737+0100 INFO 140244519047296 Database initialized successfully with new records.
2024-10-23T20:15:26.332850+0100 INFO 140244519047296 Successfully fetched the page
2024-10-23T20:15:26.934703+0100 INFO 140244519047296 Successfully fetched the page
2024-10-23T20:15:27.581775+0100 INFO 140243946702528 Successfully fetched the page
2024-10-23T20:15:27.592804+0100 INFO 140244051560128 Successfully fetched the page
2024-10-23T20:15:27.634447+0100 INFO 140243957188288 Successfully fetched the page
2024-10-23T20:15:27.635992+0100 INFO 140243936216768 Successfully fetched the page
2024-10-23T20:15:27.637870+0100 INFO 140244093503168 Successfully fetched the page
2024-10-23T20:15:27.639510+0100 INFO 140243967674048 Successfully fetched the page
2024-10-23T20:15:27.666178+0100 INFO 140244062045888 Successfully fetched the page
2024-10-23T20:15:27.679091+0100 INFO 140243925731008 Successfully fetched the page
2024-10-23T20:15:27.711074+0100 INFO 140244083017408 Successfully fetched the page
2024-10-23T20:15:27.907428+0100 INFO 140244051560128 Row inserted successfully into tags.
2024-10-23T20:15:27.929111+0100 INFO 140243936216768 Row inserted successfully into tags.
2024-10-23T20:15:28.017636+0100 INFO 140244072531648 Successfully fetched the page
2024-10-23T20:15:28.026738+0100 INFO 140244083017408 Row inserted successfully into tags.
2024-10-23T20:15:28.035333+0100 INFO 140244093503168 Row inserted successfully into tags.
2024-10-23T20:15:28.046132+0100 INFO 140243925731008 Row inserted successfully into tags.
2024-10-23T20:15:28.048231+0100 INFO 140244062045888 Row inserted successfully into tags.
2024-10-23T20:15:28.053052+0100 INFO 140244051560128 Row inserted successfully into tags.
2024-10-23T20:15:28.054981+0100 INFO 140243967674048 Row inserted successfully into tags.
2024-10-23T20:15:28.055686+0100 INFO 140243957188288 Row inserted successfully into tags.
2024-10-23T20:15:28.058313+0100 ERROR 140243946702528 Error inserting row into tags: (pymysql.err.IntegrityError) (1062, "Duplicate entry 'friendship' for key 'tags.PRIMARY'")
[SQL: INSERT INTO tags (tag) VALUES (%(tag)s)]
[parameters: {'tag': 'friendship'}]
(Background on this error at: https://sqlalche.me/e/20/gkpj)
2024-10-23T20:15:28.058846+0100 INFO 140243936216768 Row inserted successfully into authors.
2024-10-23T20:15:28.071195+0100 INFO 140243925731008 Row inserted successfully into authors.
2024-10-23T20:15:28.072345+0100 INFO 140244083017408 Row inserted successfully into tags.
2024-10-23T20:15:28.073999+0100 INFO 140244072531648 Row inserted successfully into tags.
2024-10-23T20:15:28.079458+0100 ERROR 140243967674048 Error inserting row into tags: (pymysql.err.IntegrityError) (1062, "Duplicate entry 'love' for key 'tags.PRIMARY'")
[SQL: INSERT INTO tags (tag) VALUES (%(tag)s)]
[parameters: {'tag': 'love'}]
(Background on this error at: https://sqlalche.me/e/20/gkpj)
2024-10-23T20:15:28.081634+0100 INFO 140244062045888 Row inserted successfully into tags.
2024-10-23T20:15:28.084736+0100 INFO 140243957188288 Row inserted successfully into authors.
2024-10-23T20:15:28.086446+0100 ERROR 140244051560128 Error inserting row into tags: (pymysql.err.IntegrityError) (1062, "Duplicate entry 'reading' for key 'tags.PRIMARY'")
[SQL: INSERT INTO tags (tag) VALUES (%(tag)s)]
[parameters: {'tag': 'reading'}]
(Background on this error at: https://sqlalche.me/e/20/gkpj)
2024-10-23T20:15:28.091210+0100 INFO 140244093503168 Row inserted successfully into tags.
2024-10-23T20:15:28.092777+0100 INFO 140243936216768 Row inserted successfully into quotes.
2024-10-23T20:15:28.099162+0100 INFO 140243925731008 Row inserted successfully into quotes.
2024-10-23T20:15:28.101499+0100 INFO 140244083017408 Row inserted successfully into tags.
2024-10-23T20:15:28.106034+0100 INFO 140244072531648 Row inserted successfully into tags.
2024-10-23T20:15:28.110779+0100 INFO 140244062045888 Row inserted successfully into tags.
2024-10-23T20:15:28.115514+0100 INFO 140243957188288 Row inserted successfully into quotes.
2024-10-23T20:15:28.115788+0100 INFO 140244093503168 Row inserted successfully into tags.
2024-10-23T20:15:28.119313+0100 INFO 140243925731008 Row inserted successfully into quotes_tags_link.
2024-10-23T20:15:28.121926+0100 INFO 140243936216768 Row inserted successfully into quotes_tags_link.
2024-10-23T20:15:28.125700+0100 INFO 140244083017408 Row inserted successfully into tags.
2024-10-23T20:15:28.126798+0100 INFO 140244072531648 Row inserted successfully into authors.
2024-10-23T20:15:28.129039+0100 INFO 140244062045888 Row inserted successfully into authors.
2024-10-23T20:15:28.134980+0100 INFO 140243957188288 Row inserted successfully into quotes_tags_link.
2024-10-23T20:15:28.141624+0100 ERROR 140244083017408 Error inserting row into tags: (pymysql.err.IntegrityError) (1062, "Duplicate entry 'love' for key 'tags.PRIMARY'")
[SQL: INSERT INTO tags (tag) VALUES (%(tag)s)]
[parameters: {'tag': 'love'}]
(Background on this error at: https://sqlalche.me/e/20/gkpj)
2024-10-23T20:15:28.143780+0100 INFO 140243925731008 Row inserted successfully into tags.
2024-10-23T20:15:28.144270+0100 INFO 140244093503168 Row inserted successfully into tags.
2024-10-23T20:15:28.144717+0100 INFO 140243936216768 Row inserted successfully into tags.
2024-10-23T20:15:28.148586+0100 ERROR 140244072531648 Error inserting row into quotes: (pymysql.err.DataError) (1406, "Data too long for column 'text' at row 1")
[SQL: INSERT INTO quotes (id, text, author) VALUES (%(id)s, %(text)s, %(author)s)]
[parameters: {'id': 'a31132a0-dde0-4e08-99b2-b9f2bf296be7', 'text': '“I love you without knowing how, or when, or from where. I love you simply, without problems or pride: I love you in this way because I do not know a ... (21 characters truncated) ... g but this, in which there is no I or you, so intimate that your hand upon my chest is my hand, so intimate that when I fall asleep your eyes close.”', 'author': 'Pablo Neruda'}]
(Background on this error at: https://sqlalche.me/e/20/9h9h)
2024-10-23T20:15:28.149779+0100 INFO 140244062045888 Row inserted successfully into quotes.
2024-10-23T20:15:28.153529+0100 INFO 140243957188288 Row inserted successfully into tags.
2024-10-23T20:15:28.156852+0100 ERROR 140243925731008 Error inserting row into tags: (pymysql.err.IntegrityError) (1062, "Duplicate entry 'life' for key 'tags.PRIMARY'")
[SQL: INSERT INTO tags (tag) VALUES (%(tag)s)]
[parameters: {'tag': 'life'}]
(Background on this error at: https://sqlalche.me/e/20/gkpj)
2024-10-23T20:15:28.159672+0100 ERROR 140243936216768 Error inserting row into tags: (pymysql.err.IntegrityError) (1062, "Duplicate entry 'love' for key 'tags.PRIMARY'")
[SQL: INSERT INTO tags (tag) VALUES (%(tag)s)]
[parameters: {'tag': 'love'}]
(Background on this error at: https://sqlalche.me/e/20/gkpj)
2024-10-23T20:15:28.161305+0100 ERROR 140244093503168 Error inserting row into authors: (pymysql.err.IntegrityError) (1062, "Duplicate entry 'Albert Einstein' for key 'authors.PRIMARY'")
[SQL: INSERT INTO authors (author, about) VALUES (%(author)s, %(about)s)]
[parameters: {'author': 'Albert Einstein', 'about': '/author/Albert-Einstein'}]
(Background on this error at: https://sqlalche.me/e/20/gkpj)
2024-10-23T20:15:28.168144+0100 INFO 140244062045888 Row inserted successfully into quotes_tags_link.
2024-10-23T20:15:28.170451+0100 INFO 140243957188288 Row inserted successfully into authors.
2024-10-23T20:15:28.178488+0100 INFO 140244062045888 Row inserted successfully into tags.
2024-10-23T20:15:28.180511+0100 INFO 140243957188288 Row inserted successfully into quotes.
2024-10-23T20:15:28.184761+0100 ERROR 140244062045888 Error inserting row into authors: (pymysql.err.IntegrityError) (1062, "Duplicate entry 'J.K. Rowling' for key 'authors.PRIMARY'")
[SQL: INSERT INTO authors (author, about) VALUES (%(author)s, %(about)s)]
[parameters: {'author': 'J.K. Rowling', 'about': '/author/J-K-Rowling'}]
(Background on this error at: https://sqlalche.me/e/20/gkpj)
2024-10-23T20:15:28.191190+0100 INFO 140243957188288 Row inserted successfully into quotes_tags_link.
2024-10-23T20:15:28.196547+0100 ERROR 140243957188288 Error inserting row into tags: (pymysql.err.IntegrityError) (1062, "Duplicate entry 'humor' for key 'tags.PRIMARY'")
[SQL: INSERT INTO tags (tag) VALUES (%(tag)s)]
[parameters: {'tag': 'humor'}]
(Background on this error at: https://sqlalche.me/e/20/gkpj)
