2024-10-23T18:18:46.659168+0100 INFO 136740580802688 Ensured data directory exists at /home/daxo/code/scraping_quotes/scraping_quotes/data
2024-10-23T18:18:51.968953+0100 INFO 136740580802688 Created database engine for /home/daxo/code/scraping_quotes/scraping_quotes/data/quotes.db
2024-10-23T18:18:52.042957+0100 INFO 136740580802688 Database schema initialized successfully.
2024-10-23T18:18:52.046168+0100 INFO 136740580802688 Tables in the database: ['TestTable', 'authors', 'quotes', 'quotes_tags_link', 'tags']
2024-10-23T18:18:52.046375+0100 ERROR 136740580802688 Not all required tables were created.
2024-10-23T18:18:52.057366+0100 INFO 136740580802688 Database schema initialized successfully.
2024-10-23T18:18:52.059413+0100 INFO 136740580802688 Tables in the database: ['TestTable', 'authors', 'quotes', 'quotes_tags_link', 'tags']
2024-10-23T18:18:52.059542+0100 ERROR 136740580802688 Not all required tables were created.
2024-10-23T18:18:52.101826+0100 INFO 136740580802688 All tables truncated successfully.
2024-10-23T18:18:52.111248+0100 INFO 136740580802688 Database initialized successfully with new records.
2024-10-23T18:18:52.884867+0100 INFO 136740580802688 Successfully fetched the page
2024-10-23T18:18:53.705104+0100 INFO 136740580802688 Successfully fetched the page
2024-10-23T18:18:54.377238+0100 INFO 136739733636800 Successfully fetched the page
2024-10-23T18:18:54.386596+0100 INFO 136739723151040 Successfully fetched the page
2024-10-23T18:18:54.388829+0100 INFO 136739832202944 Successfully fetched the page
2024-10-23T18:18:54.408214+0100 INFO 136739691693760 Successfully fetched the page
2024-10-23T18:18:54.411328+0100 INFO 136739609904832 Successfully fetched the page
2024-10-23T18:18:54.420502+0100 INFO 136739702179520 Successfully fetched the page
2024-10-23T18:18:54.441966+0100 INFO 136739712665280 Successfully fetched the page
2024-10-23T18:18:54.457705+0100 INFO 136739599419072 Successfully fetched the page
2024-10-23T18:18:54.468503+0100 INFO 136739588933312 Successfully fetched the page
2024-10-23T18:18:54.605838+0100 INFO 136739744122560 Successfully fetched the page
2024-10-23T18:18:55.031587+0100 INFO 136739723151040 Row inserted successfully into tags.
2024-10-23T18:18:55.060430+0100 INFO 136739723151040 Row inserted successfully into authors.
2024-10-23T18:18:55.083085+0100 INFO 136739832202944 Row inserted successfully into tags.
2024-10-23T18:18:55.083869+0100 INFO 136739712665280 Row inserted successfully into tags.
2024-10-23T18:18:55.088252+0100 INFO 136739733636800 Row inserted successfully into tags.
2024-10-23T18:18:55.095811+0100 INFO 136739723151040 Row inserted successfully into quotes.
2024-10-23T18:19:00.610285+0100 INFO 136739702179520 Row inserted successfully into tags.
2024-10-23T18:19:00.619165+0100 INFO 136739744122560 Row inserted successfully into tags.
2024-10-23T18:19:00.621536+0100 INFO 136739691693760 Row inserted successfully into tags.
2024-10-23T18:19:00.629945+0100 INFO 136739832202944 Row inserted successfully into authors.
2024-10-23T18:19:00.632114+0100 INFO 136739733636800 Row inserted successfully into authors.
2024-10-23T18:19:00.663476+0100 INFO 136739723151040 Row inserted successfully into quotes_tags_link.
2024-10-23T18:19:00.690291+0100 INFO 136739832202944 Row inserted successfully into quotes.
2024-10-23T18:19:00.705441+0100 INFO 136739609904832 Row inserted successfully into tags.
2024-10-23T18:19:05.620034+0100 INFO 136739744122560 Row inserted successfully into authors.
2024-10-23T18:19:05.646480+0100 INFO 136739691693760 Row inserted successfully into authors.
2024-10-23T18:19:05.665671+0100 INFO 136739588933312 Row inserted successfully into tags.
2024-10-23T18:19:05.715538+0100 INFO 136739744122560 Row inserted successfully into quotes.
2024-10-23T18:19:05.721026+0100 INFO 136739588933312 Row inserted successfully into authors.
2024-10-23T18:19:14.786529+0100 INFO 136739702179520 Row inserted successfully into authors.
2024-10-23T18:19:14.795892+0100 INFO 136739691693760 Row inserted successfully into quotes.
2024-10-23T18:19:17.536119+0100 INFO 136739712665280 Row inserted successfully into authors.
2024-10-23T18:19:17.594115+0100 INFO 136739712665280 Row inserted successfully into quotes.
2024-10-23T18:19:39.732323+0100 INFO 136739832202944 Row inserted successfully into quotes_tags_link.
2024-10-23T18:19:39.845117+0100 INFO 136739733636800 Row inserted successfully into quotes.
2024-10-23T18:19:39.901338+0100 INFO 136739599419072 Row inserted successfully into tags.
2024-10-23T18:19:39.990091+0100 INFO 136739702179520 Row inserted successfully into quotes.
2024-10-23T18:19:39.992872+0100 INFO 136739733636800 Row inserted successfully into quotes_tags_link.
2024-10-23T18:19:39.993705+0100 INFO 136739588933312 Row inserted successfully into quotes.
2024-10-23T18:19:39.996989+0100 INFO 136739712665280 Row inserted successfully into quotes_tags_link.
2024-10-23T18:19:39.997510+0100 INFO 136739744122560 Row inserted successfully into quotes_tags_link.
2024-10-23T18:19:39.997876+0100 INFO 136739599419072 Row inserted successfully into authors.
2024-10-23T18:19:39.999844+0100 INFO 136739691693760 Row inserted successfully into quotes_tags_link.
2024-10-23T18:19:40.000353+0100 INFO 136739609904832 Row inserted successfully into authors.
2024-10-23T18:19:40.021672+0100 INFO 136739702179520 Row inserted successfully into quotes_tags_link.
2024-10-23T18:19:40.029593+0100 INFO 136739609904832 Row inserted successfully into quotes.
2024-10-23T18:19:40.036864+0100 INFO 136739599419072 Row inserted successfully into quotes.
2024-10-23T18:19:40.038644+0100 INFO 136739588933312 Row inserted successfully into quotes_tags_link.
2024-10-23T18:19:40.045139+0100 INFO 136739609904832 Row inserted successfully into quotes_tags_link.
2024-10-23T18:19:40.050063+0100 INFO 136739599419072 Row inserted successfully into quotes_tags_link.
2024-10-23T18:21:20.101505+0100 INFO 136739609904832 Successfully fetched the page
2024-10-23T18:21:20.105176+0100 INFO 136739733636800 Successfully fetched the page
2024-10-23T18:21:20.096662+0100 INFO 136739744122560 Successfully fetched the page
2024-10-23T18:21:20.109217+0100 INFO 136739557476032 Successfully fetched the page
2024-10-23T18:21:20.120618+0100 INFO 136739408578240 Successfully fetched the page
2024-10-23T18:21:20.140172+0100 INFO 136739567961792 Successfully fetched the page
2024-10-23T18:21:20.150117+0100 INFO 136739712665280 Successfully fetched the page
2024-10-23T18:21:20.151123+0100 INFO 136739691693760 Successfully fetched the page
2024-10-23T18:21:20.194368+0100 INFO 136739578447552 Successfully fetched the page
2024-10-23T18:21:20.235795+0100 INFO 136739588933312 Successfully fetched the page
2024-10-23T18:21:20.249597+0100 INFO 136739702179520 Successfully fetched the page
2024-10-23T18:21:20.288293+0100 INFO 136739599419072 Successfully fetched the page
