2024-10-23T20:25:39.942544+0100 INFO 126113147555968 Ensured data directory exists at /home/daxo/code/scraping_quotes/scraping_quotes/data
2024-10-23T20:25:39.971600+0100 INFO 126113147555968 Created database engine for /home/daxo/code/scraping_quotes/scraping_quotes/data/quotes.db
2024-10-23T20:25:40.001358+0100 INFO 126113147555968 Database schema initialized successfully.
2024-10-23T20:25:40.003143+0100 INFO 126113147555968 Tables in the database: ['TestTable', 'authors', 'quotes', 'quotes_tags_link', 'tags']
2024-10-23T20:25:40.003256+0100 ERROR 126113147555968 Not all required tables were created.
2024-10-23T20:25:40.011177+0100 INFO 126113147555968 Database schema initialized successfully.
2024-10-23T20:25:40.013016+0100 INFO 126113147555968 Tables in the database: ['TestTable', 'authors', 'quotes', 'quotes_tags_link', 'tags']
2024-10-23T20:25:40.013125+0100 ERROR 126113147555968 Not all required tables were created.
2024-10-23T20:25:40.029422+0100 INFO 126113147555968 All tables truncated successfully.
2024-10-23T20:25:40.030037+0100 INFO 126113147555968 Database initialized successfully with new records.
2024-10-23T20:25:40.755332+0100 INFO 126113147555968 Successfully fetched the page
2024-10-23T20:25:41.575918+0100 INFO 126113147555968 Successfully fetched the page
2024-10-23T20:25:42.228372+0100 INFO 126112575260352 Successfully fetched the page
2024-10-23T20:25:42.236030+0100 INFO 126112669632192 Successfully fetched the page
2024-10-23T20:25:42.264802+0100 INFO 126112701089472 Successfully fetched the page
2024-10-23T20:25:42.296956+0100 INFO 126112690603712 Successfully fetched the page
2024-10-23T20:25:42.298679+0100 INFO 126112585746112 Successfully fetched the page
2024-10-23T20:25:42.300649+0100 INFO 126112554288832 Successfully fetched the page
2024-10-23T20:25:42.326860+0100 INFO 126112564774592 Successfully fetched the page
2024-10-23T20:25:42.350349+0100 INFO 126112711575232 Successfully fetched the page
2024-10-23T20:25:42.351945+0100 INFO 126112722060992 Successfully fetched the page
2024-10-23T20:25:42.502380+0100 INFO 126112680117952 Successfully fetched the page
2024-10-23T20:25:42.656292+0100 INFO 126112575260352 Row inserted successfully into tags.
2024-10-23T20:25:42.698873+0100 INFO 126112575260352 Row inserted successfully into tags.
2024-10-23T20:25:42.718487+0100 ERROR 126112669632192 Error inserting row into tags: (pymysql.err.IntegrityError) (1062, "Duplicate entry 'friendship' for key 'tags.PRIMARY'")
[SQL: INSERT INTO tags (tag) VALUES (%(tag)s)]
[parameters: {'tag': 'friendship'}]
(Background on this error at: https://sqlalche.me/e/20/gkpj)
2024-10-23T20:25:42.723038+0100 INFO 126112564774592 Row inserted successfully into tags.
2024-10-23T20:25:42.725712+0100 INFO 126112554288832 Row inserted successfully into tags.
2024-10-23T20:25:42.727373+0100 INFO 126112690603712 Row inserted successfully into tags.
2024-10-23T20:25:42.727881+0100 INFO 126112585746112 Row inserted successfully into tags.
2024-10-23T20:25:42.732107+0100 ERROR 126112701089472 Error inserting row into tags: (pymysql.err.IntegrityError) (1062, "Duplicate entry 'love' for key 'tags.PRIMARY'")
[SQL: INSERT INTO tags (tag) VALUES (%(tag)s)]
[parameters: {'tag': 'love'}]
(Background on this error at: https://sqlalche.me/e/20/gkpj)
2024-10-23T20:25:42.735502+0100 INFO 126112722060992 Row inserted successfully into tags.
2024-10-23T20:25:42.750575+0100 INFO 126112680117952 Row inserted successfully into tags.
2024-10-23T20:25:42.758692+0100 INFO 126112711575232 Row inserted successfully into tags.
2024-10-23T20:25:42.764934+0100 INFO 126112564774592 Row inserted successfully into authors.
2024-10-23T20:25:42.773107+0100 INFO 126112690603712 Row inserted successfully into tags.
2024-10-23T20:25:42.774535+0100 INFO 126112575260352 Row inserted successfully into authors.
2024-10-23T20:25:42.776393+0100 INFO 126112554288832 Row inserted successfully into authors.
2024-10-23T20:25:42.780966+0100 INFO 126112585746112 Row inserted successfully into authors.
2024-10-23T20:25:42.783845+0100 INFO 126112722060992 Row inserted successfully into tags.
2024-10-23T20:25:42.798900+0100 INFO 126112711575232 Row inserted successfully into tags.
2024-10-23T20:25:42.804536+0100 INFO 126112680117952 Row inserted successfully into tags.
2024-10-23T20:25:42.817036+0100 INFO 126112554288832 Row inserted successfully into quotes.
2024-10-23T20:25:42.822570+0100 INFO 126112575260352 Row inserted successfully into quotes.
2024-10-23T20:25:42.826580+0100 INFO 126112690603712 Row inserted successfully into tags.
2024-10-23T20:25:42.835677+0100 INFO 126112722060992 Row inserted successfully into tags.
2024-10-23T20:25:42.836763+0100 ERROR 126112680117952 Error inserting row into tags: (pymysql.err.IntegrityError) (1062, "Duplicate entry 'reading' for key 'tags.PRIMARY'")
[SQL: INSERT INTO tags (tag) VALUES (%(tag)s)]
[parameters: {'tag': 'reading'}]
(Background on this error at: https://sqlalche.me/e/20/gkpj)
2024-10-23T20:25:42.840904+0100 INFO 126112711575232 Row inserted successfully into tags.
2024-10-23T20:25:42.843181+0100 INFO 126112564774592 Row inserted successfully into quotes.
2024-10-23T20:25:42.856855+0100 INFO 126112585746112 Row inserted successfully into quotes.
2024-10-23T20:25:42.863288+0100 INFO 126112554288832 Row inserted successfully into quotes_tags_link.
2024-10-23T20:25:42.875941+0100 INFO 126112575260352 Row inserted successfully into quotes_tags_link.
2024-10-23T20:25:42.877836+0100 INFO 126112690603712 Row inserted successfully into authors.
2024-10-23T20:25:42.888050+0100 INFO 126112722060992 Row inserted successfully into tags.
2024-10-23T20:25:42.889827+0100 INFO 126112711575232 Row inserted successfully into tags.
2024-10-23T20:25:42.897558+0100 INFO 126112564774592 Row inserted successfully into quotes_tags_link.
2024-10-23T20:25:42.898165+0100 INFO 126112554288832 Row inserted successfully into tags.
2024-10-23T20:25:42.898830+0100 INFO 126112585746112 Row inserted successfully into quotes_tags_link.
2024-10-23T20:25:42.903634+0100 INFO 126112690603712 Row inserted successfully into quotes.
2024-10-23T20:25:42.914063+0100 INFO 126112575260352 Row inserted successfully into tags.
2024-10-23T20:25:42.927096+0100 ERROR 126112711575232 Error inserting row into tags: (pymysql.err.IntegrityError) (1062, "Duplicate entry 'love' for key 'tags.PRIMARY'")
[SQL: INSERT INTO tags (tag) VALUES (%(tag)s)]
[parameters: {'tag': 'love'}]
(Background on this error at: https://sqlalche.me/e/20/gkpj)
2024-10-23T20:25:42.930874+0100 ERROR 126112564774592 Error inserting row into tags: (pymysql.err.IntegrityError) (1062, "Duplicate entry 'humor' for key 'tags.PRIMARY'")
[SQL: INSERT INTO tags (tag) VALUES (%(tag)s)]
[parameters: {'tag': 'humor'}]
(Background on this error at: https://sqlalche.me/e/20/gkpj)
2024-10-23T20:25:42.940550+0100 ERROR 126112575260352 Error inserting row into authors: (pymysql.err.IntegrityError) (1062, "Duplicate entry 'Charles Bukowski' for key 'authors.PRIMARY'")
[SQL: INSERT INTO authors (author, about) VALUES (%(author)s, %(about)s)]
[parameters: {'author': 'Charles Bukowski', 'about': '/author/Charles-Bukowski'}]
(Background on this error at: https://sqlalche.me/e/20/gkpj)
2024-10-23T20:25:42.941406+0100 ERROR 126112722060992 Error inserting row into authors: (pymysql.err.IntegrityError) (1062, "Duplicate entry 'Albert Einstein' for key 'authors.PRIMARY'")
[SQL: INSERT INTO authors (author, about) VALUES (%(author)s, %(about)s)]
[parameters: {'author': 'Albert Einstein', 'about': '/author/Albert-Einstein'}]
(Background on this error at: https://sqlalche.me/e/20/gkpj)
2024-10-23T20:25:42.943122+0100 ERROR 126112554288832 Error inserting row into tags: (pymysql.err.IntegrityError) (1062, "Duplicate entry 'life' for key 'tags.PRIMARY'")
[SQL: INSERT INTO tags (tag) VALUES (%(tag)s)]
[parameters: {'tag': 'life'}]
(Background on this error at: https://sqlalche.me/e/20/gkpj)
2024-10-23T20:25:42.944833+0100 INFO 126112585746112 Row inserted successfully into tags.
2024-10-23T20:25:42.948212+0100 INFO 126112690603712 Row inserted successfully into quotes_tags_link.
2024-10-23T20:25:42.960817+0100 INFO 126112585746112 Row inserted successfully into authors.
2024-10-23T20:25:42.968942+0100 INFO 126112690603712 Row inserted successfully into tags.
2024-10-23T20:25:42.975782+0100 INFO 126112585746112 Row inserted successfully into quotes.
2024-10-23T20:25:42.977690+0100 ERROR 126112690603712 Error inserting row into authors: (pymysql.err.IntegrityError) (1062, "Duplicate entry 'J.K. Rowling' for key 'authors.PRIMARY'")
[SQL: INSERT INTO authors (author, about) VALUES (%(author)s, %(about)s)]
[parameters: {'author': 'J.K. Rowling', 'about': '/author/J-K-Rowling'}]
(Background on this error at: https://sqlalche.me/e/20/gkpj)
2024-10-23T20:25:42.988351+0100 INFO 126112585746112 Row inserted successfully into quotes_tags_link.
2024-10-23T20:25:42.996643+0100 ERROR 126112585746112 Error inserting row into tags: (pymysql.err.IntegrityError) (1062, "Duplicate entry 'humor' for key 'tags.PRIMARY'")
[SQL: INSERT INTO tags (tag) VALUES (%(tag)s)]
[parameters: {'tag': 'humor'}]
(Background on this error at: https://sqlalche.me/e/20/gkpj)
