2024-10-24T16:13:19.048218+0100 INFO 135798581850240 Ensured data directory exists at /home/daxo/code/scraping_quotes/scraping_quotes/data
2024-10-24T16:13:19.104226+0100 INFO 135798581850240 Created database engine for /home/daxo/code/scraping_quotes/scraping_quotes/data/quotes.db
2024-10-24T16:13:19.165384+0100 INFO 135798581850240 Database schema initialized successfully.
2024-10-24T16:13:19.168217+0100 INFO 135798581850240 Tables in the database: ['TestTable', 'authors', 'quotes', 'quotes_tags_link', 'tags']
2024-10-24T16:13:19.168390+0100 ERROR 135798581850240 Not all required tables were created.
2024-10-24T16:13:19.176717+0100 INFO 135798581850240 Database schema initialized successfully.
2024-10-24T16:13:19.178469+0100 INFO 135798581850240 Tables in the database: ['TestTable', 'authors', 'quotes', 'quotes_tags_link', 'tags']
2024-10-24T16:13:19.178579+0100 ERROR 135798581850240 Not all required tables were created.
2024-10-24T16:13:19.216228+0100 INFO 135798581850240 All tables truncated successfully.
2024-10-24T16:13:19.223005+0100 INFO 135798581850240 Database initialized successfully with new records.
2024-10-24T16:13:19.721989+0100 INFO 135798581850240 Successfully fetched the page
2024-10-24T16:13:20.711435+0100 INFO 135798581850240 Successfully fetched the page
2024-10-24T16:13:21.354361+0100 INFO 135797726512832 Successfully fetched the page
2024-10-24T16:13:21.371887+0100 INFO 135797833467584 Successfully fetched the page
2024-10-24T16:13:21.404525+0100 INFO 135797695055552 Successfully fetched the page
2024-10-24T16:13:21.406687+0100 INFO 135797535672000 Successfully fetched the page
2024-10-24T16:13:21.409488+0100 INFO 135797705541312 Successfully fetched the page
2024-10-24T16:13:21.411443+0100 INFO 135797684569792 Successfully fetched the page
2024-10-24T16:13:21.442424+0100 INFO 135797525186240 Successfully fetched the page
2024-10-24T16:13:21.523065+0100 INFO 135797736998592 Successfully fetched the page
2024-10-24T16:13:21.559498+0100 INFO 135797716027072 Successfully fetched the page
2024-10-24T16:13:21.581664+0100 INFO 135797822981824 Successfully fetched the page
2024-10-24T16:13:21.765776+0100 INFO 135797736998592 Row inserted successfully into tags.
2024-10-24T16:13:21.768010+0100 INFO 135797684569792 Row inserted successfully into tags.
2024-10-24T16:13:21.768983+0100 INFO 135797726512832 Row inserted successfully into tags.
2024-10-24T16:13:21.796523+0100 INFO 135797833467584 Row inserted successfully into tags.
2024-10-24T16:13:21.797904+0100 INFO 135797695055552 Row inserted successfully into tags.
2024-10-24T16:13:21.804302+0100 INFO 135797822981824 Row inserted successfully into tags.
2024-10-24T16:13:21.809444+0100 ERROR 135797705541312 Integrity error (probably normal behaviour): (pymysql.err.IntegrityError) (1062, "Duplicate entry 'friendship' for key 'tags.PRIMARY'")
[SQL: INSERT INTO tags (tag) VALUES (%(tag)s)]
[parameters: {'tag': 'friendship'}]
(Background on this error at: https://sqlalche.me/e/20/gkpj)
2024-10-24T16:13:21.810144+0100 INFO 135797716027072 Row inserted successfully into tags.
2024-10-24T16:13:21.815859+0100 INFO 135797525186240 Row inserted successfully into tags.
2024-10-24T16:13:21.829355+0100 INFO 135797535672000 Row inserted successfully into tags.
2024-10-24T16:13:21.831154+0100 ERROR 135797684569792 Integrity error (probably normal behaviour): (pymysql.err.IntegrityError) (1062, "Duplicate entry 'love' for key 'tags.PRIMARY'")
[SQL: INSERT INTO tags (tag) VALUES (%(tag)s)]
[parameters: {'tag': 'love'}]
(Background on this error at: https://sqlalche.me/e/20/gkpj)
2024-10-24T16:13:21.836378+0100 INFO 135797726512832 Row inserted successfully into tags.
2024-10-24T16:13:21.837222+0100 INFO 135797695055552 Row inserted successfully into authors.
2024-10-24T16:13:21.849275+0100 INFO 135797736998592 Row inserted successfully into tags.
2024-10-24T16:13:21.857523+0100 INFO 135797822981824 Row inserted successfully into tags.
2024-10-24T16:13:21.870602+0100 INFO 135797535672000 Row inserted successfully into authors.
2024-10-24T16:13:21.873600+0100 INFO 135797833467584 Row inserted successfully into tags.
2024-10-24T16:13:21.877833+0100 INFO 135797525186240 Row inserted successfully into authors.
2024-10-24T16:13:21.884671+0100 ERROR 135797705541312 Integrity error (probably normal behaviour): (pymysql.err.IntegrityError) (1062, "Duplicate entry 'love' for key 'tags.PRIMARY'")
[SQL: INSERT INTO tags (tag) VALUES (%(tag)s)]
[parameters: {'tag': 'love'}]
(Background on this error at: https://sqlalche.me/e/20/gkpj)
2024-10-24T16:13:21.894412+0100 INFO 135797716027072 Row inserted successfully into tags.
2024-10-24T16:13:21.897690+0100 INFO 135797726512832 Row inserted successfully into tags.
2024-10-24T16:13:21.903696+0100 INFO 135797684569792 Row inserted successfully into authors.
2024-10-24T16:13:21.926321+0100 INFO 135797822981824 Row inserted successfully into tags.
2024-10-24T16:13:21.927437+0100 INFO 135797695055552 Row inserted successfully into quotes.
2024-10-24T16:13:21.932595+0100 INFO 135797736998592 Row inserted successfully into authors.
2024-10-24T16:13:21.937134+0100 INFO 135797833467584 Row inserted successfully into tags.
2024-10-24T16:13:21.955450+0100 INFO 135797535672000 Row inserted successfully into quotes.
2024-10-24T16:13:21.956905+0100 INFO 135797525186240 Row inserted successfully into quotes.
2024-10-24T16:13:21.957476+0100 ERROR 135797716027072 Integrity error (probably normal behaviour): (pymysql.err.IntegrityError) (1062, "Duplicate entry 'reading' for key 'tags.PRIMARY'")
[SQL: INSERT INTO tags (tag) VALUES (%(tag)s)]
[parameters: {'tag': 'reading'}]
(Background on this error at: https://sqlalche.me/e/20/gkpj)
2024-10-24T16:13:21.958221+0100 INFO 135797726512832 Row inserted successfully into authors.
2024-10-24T16:13:21.961385+0100 INFO 135797705541312 Row inserted successfully into authors.
2024-10-24T16:13:21.968531+0100 INFO 135797684569792 Row inserted successfully into quotes.
2024-10-24T16:13:21.987760+0100 INFO 135797822981824 Row inserted successfully into tags.
2024-10-24T16:13:21.998177+0100 INFO 135797695055552 Row inserted successfully into quotes_tags_link.
2024-10-24T16:13:22.013444+0100 INFO 135797833467584 Row inserted successfully into tags.
2024-10-24T16:13:22.023674+0100 INFO 135797736998592 Row inserted successfully into quotes.
2024-10-24T16:13:22.032860+0100 INFO 135797716027072 Row inserted successfully into tags.
2024-10-24T16:13:22.037050+0100 INFO 135797535672000 Row inserted successfully into quotes_tags_link.
2024-10-24T16:13:22.047516+0100 INFO 135797705541312 Row inserted successfully into quotes.
2024-10-24T16:13:22.051146+0100 INFO 135797525186240 Row inserted successfully into quotes_tags_link.
2024-10-24T16:13:22.054852+0100 ERROR 135797833467584 Integrity error (probably normal behaviour): (pymysql.err.IntegrityError) (1062, "Duplicate entry 'Albert Einstein' for key 'authors.PRIMARY'")
[SQL: INSERT INTO authors (author, about) VALUES (%(author)s, %(about)s)]
[parameters: {'author': 'Albert Einstein', 'about': '/author/Albert-Einstein'}]
(Background on this error at: https://sqlalche.me/e/20/gkpj)
2024-10-24T16:13:22.057165+0100 INFO 135797726512832 Row inserted successfully into quotes.
2024-10-24T16:13:22.061619+0100 INFO 135797684569792 Row inserted successfully into quotes_tags_link.
2024-10-24T16:13:22.083871+0100 INFO 135797535672000 Row inserted successfully into tags.
2024-10-24T16:13:22.087471+0100 INFO 135797736998592 Row inserted successfully into quotes_tags_link.
2024-10-24T16:13:22.091286+0100 INFO 135797716027072 Row inserted successfully into authors.
2024-10-24T16:13:22.092180+0100 INFO 135797695055552 Row inserted successfully into tags.
2024-10-24T16:13:22.093155+0100 ERROR 135797822981824 Integrity error (probably normal behaviour): (pymysql.err.IntegrityError) (1062, "Duplicate entry 'love' for key 'tags.PRIMARY'")
[SQL: INSERT INTO tags (tag) VALUES (%(tag)s)]
[parameters: {'tag': 'love'}]
(Background on this error at: https://sqlalche.me/e/20/gkpj)
2024-10-24T16:13:22.103066+0100 INFO 135797705541312 Row inserted successfully into quotes_tags_link.
2024-10-24T16:13:22.122288+0100 ERROR 135797684569792 Integrity error (probably normal behaviour): (pymysql.err.IntegrityError) (1062, "Duplicate entry 'humor' for key 'tags.PRIMARY'")
[SQL: INSERT INTO tags (tag) VALUES (%(tag)s)]
[parameters: {'tag': 'humor'}]
(Background on this error at: https://sqlalche.me/e/20/gkpj)
2024-10-24T16:13:22.132021+0100 INFO 135797726512832 Row inserted successfully into quotes_tags_link.
2024-10-24T16:13:22.137600+0100 INFO 135797525186240 Row inserted successfully into tags.
2024-10-24T16:13:22.138153+0100 INFO 135797833467584 Row inserted successfully into quotes.
2024-10-24T16:13:22.160013+0100 INFO 135797736998592 Row inserted successfully into tags.
2024-10-24T16:13:22.164462+0100 INFO 135797695055552 Row inserted successfully into authors.
2024-10-24T16:13:22.170768+0100 INFO 135797705541312 Row inserted successfully into tags.
2024-10-24T16:13:22.174463+0100 ERROR 135797535672000 Integrity error (probably normal behaviour): (pymysql.err.IntegrityError) (1062, "Duplicate entry 'love' for key 'tags.PRIMARY'")
[SQL: INSERT INTO tags (tag) VALUES (%(tag)s)]
[parameters: {'tag': 'love'}]
(Background on this error at: https://sqlalche.me/e/20/gkpj)
2024-10-24T16:13:22.175373+0100 INFO 135797716027072 Row inserted successfully into quotes.
2024-10-24T16:13:22.183658+0100 ERROR 135797684569792 Integrity error (probably normal behaviour): (pymysql.err.IntegrityError) (1062, "Duplicate entry 'Charles Bukowski' for key 'authors.PRIMARY'")
[SQL: INSERT INTO authors (author, about) VALUES (%(author)s, %(about)s)]
[parameters: {'author': 'Charles Bukowski', 'about': '/author/Charles-Bukowski'}]
(Background on this error at: https://sqlalche.me/e/20/gkpj)
2024-10-24T16:13:22.188438+0100 INFO 135797833467584 Row inserted successfully into quotes_tags_link.
2024-10-24T16:13:22.195872+0100 ERROR 135797525186240 Integrity error (probably normal behaviour): (pymysql.err.IntegrityError) (1062, "Duplicate entry 'life' for key 'tags.PRIMARY'")
[SQL: INSERT INTO tags (tag) VALUES (%(tag)s)]
[parameters: {'tag': 'life'}]
(Background on this error at: https://sqlalche.me/e/20/gkpj)
2024-10-24T16:13:22.204792+0100 INFO 135797726512832 Row inserted successfully into tags.
2024-10-24T16:13:22.214685+0100 INFO 135797736998592 Row inserted successfully into authors.
2024-10-24T16:13:22.229630+0100 INFO 135797695055552 Row inserted successfully into quotes.
2024-10-24T16:13:22.236279+0100 INFO 135797535672000 Row inserted successfully into tags.
2024-10-24T16:13:22.248262+0100 INFO 135797716027072 Row inserted successfully into quotes_tags_link.
2024-10-24T16:13:22.252489+0100 INFO 135797705541312 Row inserted successfully into tags.
2024-10-24T16:13:22.262318+0100 INFO 135797684569792 Row inserted successfully into quotes.
2024-10-24T16:13:22.266606+0100 INFO 135797822981824 Row inserted successfully into tags.
2024-10-24T16:13:22.278508+0100 INFO 135797833467584 Row inserted successfully into tags.
2024-10-24T16:13:22.279233+0100 INFO 135797525186240 Row inserted successfully into authors.
2024-10-24T16:13:22.287077+0100 INFO 135797695055552 Row inserted successfully into quotes_tags_link.
2024-10-24T16:13:22.288954+0100 INFO 135797736998592 Row inserted successfully into quotes.
2024-10-24T16:13:22.293997+0100 INFO 135797535672000 Row inserted successfully into tags.
2024-10-24T16:13:22.300670+0100 ERROR 135797726512832 Integrity error (probably normal behaviour): (pymysql.err.IntegrityError) (1062, "Duplicate entry 'J.K. Rowling' for key 'authors.PRIMARY'")
[SQL: INSERT INTO authors (author, about) VALUES (%(author)s, %(about)s)]
[parameters: {'author': 'J.K. Rowling', 'about': '/author/J-K-Rowling'}]
(Background on this error at: https://sqlalche.me/e/20/gkpj)
2024-10-24T16:13:22.309238+0100 INFO 135797705541312 Row inserted successfully into tags.
2024-10-24T16:13:22.312258+0100 INFO 135797716027072 Row inserted successfully into tags.
2024-10-24T16:13:22.323008+0100 INFO 135797822981824 Row inserted successfully into authors.
2024-10-24T16:13:22.330662+0100 ERROR 135797695055552 Integrity error (probably normal behaviour): (pymysql.err.IntegrityError) (1062, "Duplicate entry 'humor' for key 'tags.PRIMARY'")
[SQL: INSERT INTO tags (tag) VALUES (%(tag)s)]
[parameters: {'tag': 'humor'}]
(Background on this error at: https://sqlalche.me/e/20/gkpj)
2024-10-24T16:13:22.332655+0100 INFO 135797833467584 Row inserted successfully into tags.
2024-10-24T16:13:22.337872+0100 ERROR 135797535672000 Integrity error (probably normal behaviour): (pymysql.err.IntegrityError) (1062, "Duplicate entry 'Jane Austen' for key 'authors.PRIMARY'")
[SQL: INSERT INTO authors (author, about) VALUES (%(author)s, %(about)s)]
[parameters: {'author': 'Jane Austen', 'about': '/author/Jane-Austen'}]
(Background on this error at: https://sqlalche.me/e/20/gkpj)
2024-10-24T16:13:22.340826+0100 INFO 135797684569792 Row inserted successfully into quotes_tags_link.
2024-10-24T16:13:22.344896+0100 INFO 135797525186240 Row inserted successfully into quotes.
2024-10-24T16:13:22.350736+0100 INFO 135797736998592 Row inserted successfully into quotes_tags_link.
2024-10-24T16:13:22.365824+0100 INFO 135797705541312 Row inserted successfully into authors.
2024-10-24T16:13:22.369470+0100 INFO 135797726512832 Row inserted successfully into quotes.
2024-10-24T16:13:22.380365+0100 ERROR 135797716027072 Integrity error (probably normal behaviour): (pymysql.err.IntegrityError) (1062, "Duplicate entry 'inspirational' for key 'tags.PRIMARY'")
[SQL: INSERT INTO tags (tag) VALUES (%(tag)s)]
[parameters: {'tag': 'inspirational'}]
(Background on this error at: https://sqlalche.me/e/20/gkpj)
2024-10-24T16:13:22.401381+0100 ERROR 135797684569792 Integrity error (probably normal behaviour): (pymysql.err.IntegrityError) (1062, "Duplicate entry 'humor' for key 'tags.PRIMARY'")
[SQL: INSERT INTO tags (tag) VALUES (%(tag)s)]
[parameters: {'tag': 'humor'}]
(Background on this error at: https://sqlalche.me/e/20/gkpj)
2024-10-24T16:13:22.404592+0100 ERROR 135797833467584 Integrity error (probably normal behaviour): (pymysql.err.IntegrityError) (1062, "Duplicate entry 'J.K. Rowling' for key 'authors.PRIMARY'")
[SQL: INSERT INTO authors (author, about) VALUES (%(author)s, %(about)s)]
[parameters: {'author': 'J.K. Rowling', 'about': '/author/J-K-Rowling'}]
(Background on this error at: https://sqlalche.me/e/20/gkpj)
2024-10-24T16:13:22.418782+0100 INFO 135797822981824 Row inserted successfully into quotes.
2024-10-24T16:13:22.422587+0100 INFO 135797535672000 Row inserted successfully into quotes.
2024-10-24T16:13:22.424590+0100 INFO 135797736998592 Row inserted successfully into tags.
2024-10-24T16:13:22.428594+0100 ERROR 135797695055552 Integrity error (probably normal behaviour): (pymysql.err.IntegrityError) (1062, "Duplicate entry 'Suzanne Collins' for key 'authors.PRIMARY'")
[SQL: INSERT INTO authors (author, about) VALUES (%(author)s, %(about)s)]
[parameters: {'author': 'Suzanne Collins', 'about': '/author/Suzanne-Collins'}]
(Background on this error at: https://sqlalche.me/e/20/gkpj)
2024-10-24T16:13:22.441834+0100 INFO 135797525186240 Row inserted successfully into quotes_tags_link.
2024-10-24T16:13:22.446115+0100 INFO 135797705541312 Row inserted successfully into quotes.
2024-10-24T16:13:22.464864+0100 INFO 135797684569792 Row inserted successfully into tags.
2024-10-24T16:13:22.467297+0100 INFO 135797726512832 Row inserted successfully into quotes_tags_link.
2024-10-24T16:13:22.472008+0100 INFO 135797822981824 Row inserted successfully into quotes_tags_link.
2024-10-24T16:13:22.472532+0100 ERROR 135797716027072 Integrity error (probably normal behaviour): (pymysql.err.IntegrityError) (1062, "Duplicate entry 'reading' for key 'tags.PRIMARY'")
[SQL: INSERT INTO tags (tag) VALUES (%(tag)s)]
[parameters: {'tag': 'reading'}]
(Background on this error at: https://sqlalche.me/e/20/gkpj)
2024-10-24T16:13:22.482910+0100 INFO 135797535672000 Row inserted successfully into quotes_tags_link.
2024-10-24T16:13:22.500158+0100 INFO 135797736998592 Row inserted successfully into authors.
2024-10-24T16:13:22.505860+0100 INFO 135797695055552 Row inserted successfully into quotes.
2024-10-24T16:13:22.509064+0100 ERROR 135797684569792 Integrity error (probably normal behaviour): (pymysql.err.IntegrityError) (1062, "Duplicate entry 'thinking' for key 'tags.PRIMARY'")
[SQL: INSERT INTO tags (tag) VALUES (%(tag)s)]
[parameters: {'tag': 'thinking'}]
(Background on this error at: https://sqlalche.me/e/20/gkpj)
2024-10-24T16:13:22.519436+0100 INFO 135797833467584 Row inserted successfully into quotes.
2024-10-24T16:13:22.526677+0100 INFO 135797705541312 Row inserted successfully into quotes_tags_link.
2024-10-24T16:13:22.542858+0100 INFO 135797525186240 Row inserted successfully into tags.
2024-10-24T16:13:22.555535+0100 INFO 135797822981824 Row inserted successfully into tags.
2024-10-24T16:13:22.556405+0100 ERROR 135797726512832 Integrity error (probably normal behaviour): (pymysql.err.IntegrityError) (1062, "Duplicate entry 'friendship' for key 'tags.PRIMARY'")
[SQL: INSERT INTO tags (tag) VALUES (%(tag)s)]
[parameters: {'tag': 'friendship'}]
(Background on this error at: https://sqlalche.me/e/20/gkpj)
2024-10-24T16:13:22.562165+0100 INFO 135797695055552 Row inserted successfully into quotes_tags_link.
2024-10-24T16:13:22.566390+0100 INFO 135797535672000 Row inserted successfully into tags.
2024-10-24T16:13:22.569552+0100 INFO 135797716027072 Row inserted successfully into tags.
2024-10-24T16:13:22.576545+0100 INFO 135797833467584 Row inserted successfully into quotes_tags_link.
2024-10-24T16:13:22.585410+0100 INFO 135797736998592 Row inserted successfully into quotes.
2024-10-24T16:13:22.600036+0100 INFO 135797684569792 Row inserted successfully into authors.
2024-10-24T16:13:22.600674+0100 ERROR 135797705541312 Integrity error (probably normal behaviour): (pymysql.err.IntegrityError) (1062, "Duplicate entry 'attributed-no-source' for key 'tags.PRIMARY'")
[SQL: INSERT INTO tags (tag) VALUES (%(tag)s)]
[parameters: {'tag': 'attributed-no-source'}]
(Background on this error at: https://sqlalche.me/e/20/gkpj)
2024-10-24T16:13:22.628508+0100 ERROR 135797822981824 Integrity error (probably normal behaviour): (pymysql.err.IntegrityError) (1062, "Duplicate entry 'friends' for key 'tags.PRIMARY'")
[SQL: INSERT INTO tags (tag) VALUES (%(tag)s)]
[parameters: {'tag': 'friends'}]
(Background on this error at: https://sqlalche.me/e/20/gkpj)
2024-10-24T16:13:22.630937+0100 ERROR 135797535672000 Integrity error (probably normal behaviour): (pymysql.err.IntegrityError) (1062, "Duplicate entry 'J.K. Rowling' for key 'authors.PRIMARY'")
[SQL: INSERT INTO authors (author, about) VALUES (%(author)s, %(about)s)]
[parameters: {'author': 'J.K. Rowling', 'about': '/author/J-K-Rowling'}]
(Background on this error at: https://sqlalche.me/e/20/gkpj)
2024-10-24T16:13:22.633971+0100 ERROR 135797525186240 Integrity error (probably normal behaviour): (pymysql.err.IntegrityError) (1062, "Duplicate entry 'love' for key 'tags.PRIMARY'")
[SQL: INSERT INTO tags (tag) VALUES (%(tag)s)]
[parameters: {'tag': 'love'}]
(Background on this error at: https://sqlalche.me/e/20/gkpj)
2024-10-24T16:13:22.635179+0100 ERROR 135797695055552 Integrity error (probably normal behaviour): (pymysql.err.IntegrityError) (1062, "Duplicate entry 'love' for key 'tags.PRIMARY'")
[SQL: INSERT INTO tags (tag) VALUES (%(tag)s)]
[parameters: {'tag': 'love'}]
(Background on this error at: https://sqlalche.me/e/20/gkpj)
2024-10-24T16:13:22.643463+0100 INFO 135797716027072 Row inserted successfully into authors.
2024-10-24T16:13:22.656872+0100 INFO 135797736998592 Row inserted successfully into quotes_tags_link.
2024-10-24T16:13:22.657479+0100 INFO 135797726512832 Row inserted successfully into authors.
2024-10-24T16:13:22.658014+0100 ERROR 135797833467584 Integrity error (probably normal behaviour): (pymysql.err.IntegrityError) (1062, "Duplicate entry 'inspirational' for key 'tags.PRIMARY'")
[SQL: INSERT INTO tags (tag) VALUES (%(tag)s)]
[parameters: {'tag': 'inspirational'}]
(Background on this error at: https://sqlalche.me/e/20/gkpj)
2024-10-24T16:13:22.667811+0100 ERROR 135797705541312 Integrity error (probably normal behaviour): (pymysql.err.IntegrityError) (1062, "Duplicate entry 'Marilyn Monroe' for key 'authors.PRIMARY'")
[SQL: INSERT INTO authors (author, about) VALUES (%(author)s, %(about)s)]
[parameters: {'author': 'Marilyn Monroe', 'about': '/author/Marilyn-Monroe'}]
(Background on this error at: https://sqlalche.me/e/20/gkpj)
2024-10-24T16:13:22.677235+0100 INFO 135797525186240 Row inserted successfully into authors.
2024-10-24T16:13:22.682296+0100 ERROR 135797822981824 Integrity error (probably normal behaviour): (pymysql.err.IntegrityError) (1062, "Duplicate entry 'J.K. Rowling' for key 'authors.PRIMARY'")
[SQL: INSERT INTO authors (author, about) VALUES (%(author)s, %(about)s)]
[parameters: {'author': 'J.K. Rowling', 'about': '/author/J-K-Rowling'}]
(Background on this error at: https://sqlalche.me/e/20/gkpj)
2024-10-24T16:13:22.688992+0100 INFO 135797684569792 Row inserted successfully into quotes.
2024-10-24T16:13:22.704570+0100 INFO 135797535672000 Row inserted successfully into quotes.
2024-10-24T16:13:22.705989+0100 ERROR 135797736998592 Integrity error (probably normal behaviour): (pymysql.err.IntegrityError) (1062, "Duplicate entry 'humor' for key 'tags.PRIMARY'")
[SQL: INSERT INTO tags (tag) VALUES (%(tag)s)]
[parameters: {'tag': 'humor'}]
(Background on this error at: https://sqlalche.me/e/20/gkpj)
2024-10-24T16:13:22.711345+0100 INFO 135797716027072 Row inserted successfully into quotes.
2024-10-24T16:13:22.720784+0100 INFO 135797726512832 Row inserted successfully into quotes.
2024-10-24T16:13:22.738685+0100 ERROR 135797695055552 Integrity error (probably normal behaviour): (pymysql.err.IntegrityError) (1062, "Duplicate entry 'C.S. Lewis' for key 'authors.PRIMARY'")
[SQL: INSERT INTO authors (author, about) VALUES (%(author)s, %(about)s)]
[parameters: {'author': 'C.S. Lewis', 'about': '/author/C-S-Lewis'}]
(Background on this error at: https://sqlalche.me/e/20/gkpj)
2024-10-24T16:13:22.743004+0100 ERROR 135797833467584 Integrity error (probably normal behaviour): (pymysql.err.IntegrityError) (1062, "Duplicate entry 'life' for key 'tags.PRIMARY'")
[SQL: INSERT INTO tags (tag) VALUES (%(tag)s)]
[parameters: {'tag': 'life'}]
(Background on this error at: https://sqlalche.me/e/20/gkpj)
2024-10-24T16:13:22.752410+0100 INFO 135797705541312 Row inserted successfully into quotes.
2024-10-24T16:13:22.754032+0100 INFO 135797525186240 Row inserted successfully into quotes.
2024-10-24T16:13:22.777029+0100 INFO 135797535672000 Row inserted successfully into quotes_tags_link.
2024-10-24T16:13:22.793727+0100 INFO 135797716027072 Row inserted successfully into quotes_tags_link.
2024-10-24T16:13:22.796366+0100 INFO 135797726512832 Row inserted successfully into quotes_tags_link.
2024-10-24T16:13:22.801193+0100 INFO 135797705541312 Row inserted successfully into quotes_tags_link.
2024-10-24T16:13:22.804988+0100 INFO 135797695055552 Row inserted successfully into quotes.
2024-10-24T16:13:22.805810+0100 INFO 135797736998592 Row inserted successfully into tags.
2024-10-24T16:13:22.817250+0100 INFO 135797822981824 Row inserted successfully into quotes.
2024-10-24T16:13:22.819967+0100 INFO 135797833467584 Row inserted successfully into tags.
2024-10-24T16:13:22.823632+0100 ERROR 135797535672000 Integrity error (probably normal behaviour): (pymysql.err.IntegrityError) (1062, "Duplicate entry 'books' for key 'tags.PRIMARY'")
[SQL: INSERT INTO tags (tag) VALUES (%(tag)s)]
[parameters: {'tag': 'books'}]
(Background on this error at: https://sqlalche.me/e/20/gkpj)
2024-10-24T16:13:22.827435+0100 INFO 135797525186240 Row inserted successfully into quotes_tags_link.
2024-10-24T16:13:22.829871+0100 INFO 135797684569792 Row inserted successfully into quotes_tags_link.
2024-10-24T16:13:22.852485+0100 INFO 135797705541312 Row inserted successfully into tags.
2024-10-24T16:13:22.857138+0100 INFO 135797716027072 Row inserted successfully into tags.
2024-10-24T16:13:22.860192+0100 INFO 135797695055552 Row inserted successfully into quotes_tags_link.
2024-10-24T16:13:22.860840+0100 INFO 135797726512832 Row inserted successfully into tags.
2024-10-24T16:13:22.866076+0100 INFO 135797736998592 Row inserted successfully into authors.
2024-10-24T16:13:22.892563+0100 INFO 135797833467584 Row inserted successfully into tags.
2024-10-24T16:13:22.902254+0100 ERROR 135797525186240 Integrity error (probably normal behaviour): (pymysql.err.IntegrityError) (1062, "Duplicate entry 'courage' for key 'tags.PRIMARY'")
[SQL: INSERT INTO tags (tag) VALUES (%(tag)s)]
[parameters: {'tag': 'courage'}]
(Background on this error at: https://sqlalche.me/e/20/gkpj)
2024-10-24T16:13:22.907749+0100 INFO 135797535672000 Row inserted successfully into tags.
2024-10-24T16:13:22.908272+0100 ERROR 135797705541312 Integrity error (probably normal behaviour): (pymysql.err.IntegrityError) (1062, "Duplicate entry 'Albert Einstein' for key 'authors.PRIMARY'")
[SQL: INSERT INTO authors (author, about) VALUES (%(author)s, %(about)s)]
[parameters: {'author': 'Albert Einstein', 'about': '/author/Albert-Einstein'}]
(Background on this error at: https://sqlalche.me/e/20/gkpj)
2024-10-24T16:13:22.908867+0100 ERROR 135797684569792 Integrity error (probably normal behaviour): (pymysql.err.IntegrityError) (1062, "Duplicate entry 'humor' for key 'tags.PRIMARY'")
[SQL: INSERT INTO tags (tag) VALUES (%(tag)s)]
[parameters: {'tag': 'humor'}]
(Background on this error at: https://sqlalche.me/e/20/gkpj)
2024-10-24T16:13:22.909588+0100 ERROR 135797716027072 Integrity error (probably normal behaviour): (pymysql.err.IntegrityError) (1062, "Duplicate entry 'Marilyn Monroe' for key 'authors.PRIMARY'")
[SQL: INSERT INTO authors (author, about) VALUES (%(author)s, %(about)s)]
[parameters: {'author': 'Marilyn Monroe', 'about': '/author/Marilyn-Monroe'}]
(Background on this error at: https://sqlalche.me/e/20/gkpj)
2024-10-24T16:13:22.918308+0100 INFO 135797822981824 Row inserted successfully into quotes_tags_link.
2024-10-24T16:13:22.923852+0100 INFO 135797695055552 Row inserted successfully into tags.
2024-10-24T16:13:22.952917+0100 ERROR 135797535672000 Integrity error (probably normal behaviour): (pymysql.err.IntegrityError) (1062, "Duplicate entry 'reading' for key 'tags.PRIMARY'")
[SQL: INSERT INTO tags (tag) VALUES (%(tag)s)]
[parameters: {'tag': 'reading'}]
(Background on this error at: https://sqlalche.me/e/20/gkpj)
2024-10-24T16:13:22.954199+0100 INFO 135797726512832 Row inserted successfully into tags.
2024-10-24T16:13:22.962620+0100 INFO 135797833467584 Row inserted successfully into tags.
2024-10-24T16:13:22.963318+0100 INFO 135797736998592 Row inserted successfully into quotes.
2024-10-24T16:13:22.971388+0100 INFO 135797684569792 Row inserted successfully into tags.
2024-10-24T16:13:22.975882+0100 INFO 135797822981824 Row inserted successfully into tags.
2024-10-24T16:13:22.982318+0100 INFO 135797525186240 Row inserted successfully into authors.
2024-10-24T16:13:22.985059+0100 INFO 135797705541312 Row inserted successfully into quotes.
2024-10-24T16:13:23.009901+0100 INFO 135797695055552 Row inserted successfully into tags.
2024-10-24T16:13:23.013887+0100 ERROR 135797535672000 Integrity error (probably normal behaviour): (pymysql.err.IntegrityError) (1062, "Duplicate entry 'Jane Austen' for key 'authors.PRIMARY'")
[SQL: INSERT INTO authors (author, about) VALUES (%(author)s, %(about)s)]
[parameters: {'author': 'Jane Austen', 'about': '/author/Jane-Austen'}]
(Background on this error at: https://sqlalche.me/e/20/gkpj)
2024-10-24T16:13:23.017452+0100 INFO 135797716027072 Row inserted successfully into quotes.
2024-10-24T16:13:23.028573+0100 INFO 135797736998592 Row inserted successfully into quotes_tags_link.
2024-10-24T16:13:23.037780+0100 ERROR 135797684569792 Integrity error (probably normal behaviour): (pymysql.err.IntegrityError) (1062, "Duplicate entry 'Dr. Seuss' for key 'authors.PRIMARY'")
[SQL: INSERT INTO authors (author, about) VALUES (%(author)s, %(about)s)]
[parameters: {'author': 'Dr. Seuss', 'about': '/author/Dr-Seuss'}]
(Background on this error at: https://sqlalche.me/e/20/gkpj)
2024-10-24T16:13:23.048767+0100 INFO 135797695055552 Row inserted successfully into tags.
2024-10-24T16:13:23.050603+0100 ERROR 135797833467584 Integrity error (probably normal behaviour): (pymysql.err.IntegrityError) (1062, "Duplicate entry 'Albert Einstein' for key 'authors.PRIMARY'")
[SQL: INSERT INTO authors (author, about) VALUES (%(author)s, %(about)s)]
[parameters: {'author': 'Albert Einstein', 'about': '/author/Albert-Einstein'}]
(Background on this error at: https://sqlalche.me/e/20/gkpj)
2024-10-24T16:13:23.057378+0100 INFO 135797822981824 Row inserted successfully into tags.
2024-10-24T16:13:23.061997+0100 ERROR 135797726512832 Integrity error (probably normal behaviour): (pymysql.err.IntegrityError) (1062, "Duplicate entry 'Mother Teresa' for key 'authors.PRIMARY'")
[SQL: INSERT INTO authors (author, about) VALUES (%(author)s, %(about)s)]
[parameters: {'author': 'Mother Teresa', 'about': '/author/Mother-Teresa'}]
(Background on this error at: https://sqlalche.me/e/20/gkpj)
2024-10-24T16:13:23.070228+0100 INFO 135797535672000 Row inserted successfully into quotes.
2024-10-24T16:13:23.073008+0100 INFO 135797525186240 Row inserted successfully into quotes.
2024-10-24T16:13:23.087677+0100 INFO 135797716027072 Row inserted successfully into quotes_tags_link.
2024-10-24T16:13:23.089225+0100 ERROR 135797736998592 Integrity error (probably normal behaviour): (pymysql.err.IntegrityError) (1062, "Duplicate entry 'humor' for key 'tags.PRIMARY'")
[SQL: INSERT INTO tags (tag) VALUES (%(tag)s)]
[parameters: {'tag': 'humor'}]
(Background on this error at: https://sqlalche.me/e/20/gkpj)
2024-10-24T16:13:23.091220+0100 INFO 135797684569792 Row inserted successfully into quotes.
2024-10-24T16:13:23.104341+0100 INFO 135797695055552 Row inserted successfully into tags.
2024-10-24T16:13:23.123862+0100 ERROR 135797822981824 Integrity error (probably normal behaviour): (pymysql.err.IntegrityError) (1062, "Duplicate entry 'Albert Einstein' for key 'authors.PRIMARY'")
[SQL: INSERT INTO authors (author, about) VALUES (%(author)s, %(about)s)]
[parameters: {'author': 'Albert Einstein', 'about': '/author/Albert-Einstein'}]
(Background on this error at: https://sqlalche.me/e/20/gkpj)
2024-10-24T16:13:23.142323+0100 INFO 135797535672000 Row inserted successfully into quotes_tags_link.
2024-10-24T16:13:23.148487+0100 INFO 135797726512832 Row inserted successfully into quotes.
2024-10-24T16:13:23.149475+0100 INFO 135797705541312 Row inserted successfully into quotes_tags_link.
2024-10-24T16:13:23.155951+0100 INFO 135797525186240 Row inserted successfully into quotes_tags_link.
2024-10-24T16:13:23.159096+0100 INFO 135797833467584 Row inserted successfully into quotes.
2024-10-24T16:13:23.166569+0100 INFO 135797684569792 Row inserted successfully into quotes_tags_link.
2024-10-24T16:13:23.167339+0100 INFO 135797736998592 Row inserted successfully into authors.
2024-10-24T16:13:23.191551+0100 INFO 135797716027072 Row inserted successfully into tags.
2024-10-24T16:13:23.198646+0100 INFO 135797822981824 Row inserted successfully into quotes.
2024-10-24T16:13:23.203027+0100 INFO 135797695055552 Row inserted successfully into tags.
2024-10-24T16:13:23.211852+0100 INFO 135797535672000 Row inserted successfully into tags.
2024-10-24T16:13:23.215106+0100 ERROR 135797525186240 Integrity error (probably normal behaviour): (pymysql.err.IntegrityError) (1062, "Duplicate entry 'life' for key 'tags.PRIMARY'")
[SQL: INSERT INTO tags (tag) VALUES (%(tag)s)]
[parameters: {'tag': 'life'}]
(Background on this error at: https://sqlalche.me/e/20/gkpj)
2024-10-24T16:13:23.220996+0100 INFO 135797726512832 Row inserted successfully into quotes_tags_link.
2024-10-24T16:13:23.227536+0100 ERROR 135797705541312 Integrity error (probably normal behaviour): (pymysql.err.IntegrityError) (1062, "Duplicate entry 'books' for key 'tags.PRIMARY'")
[SQL: INSERT INTO tags (tag) VALUES (%(tag)s)]
[parameters: {'tag': 'books'}]
(Background on this error at: https://sqlalche.me/e/20/gkpj)
2024-10-24T16:13:23.229148+0100 INFO 135797833467584 Row inserted successfully into quotes_tags_link.
2024-10-24T16:13:23.237052+0100 INFO 135797684569792 Row inserted successfully into tags.
2024-10-24T16:13:23.253402+0100 ERROR 135797716027072 Integrity error (probably normal behaviour): (pymysql.err.IntegrityError) (1062, "Duplicate entry 'love' for key 'tags.PRIMARY'")
[SQL: INSERT INTO tags (tag) VALUES (%(tag)s)]
[parameters: {'tag': 'love'}]
(Background on this error at: https://sqlalche.me/e/20/gkpj)
2024-10-24T16:13:23.254237+0100 INFO 135797736998592 Row inserted successfully into quotes.
2024-10-24T16:13:23.255369+0100 INFO 135797822981824 Row inserted successfully into quotes_tags_link.
2024-10-24T16:13:23.265848+0100 INFO 135797695055552 Row inserted successfully into tags.
2024-10-24T16:13:23.272946+0100 ERROR 135797726512832 Integrity error (probably normal behaviour): (pymysql.err.IntegrityError) (1062, "Duplicate entry 'death' for key 'tags.PRIMARY'")
[SQL: INSERT INTO tags (tag) VALUES (%(tag)s)]
[parameters: {'tag': 'death'}]
(Background on this error at: https://sqlalche.me/e/20/gkpj)
2024-10-24T16:13:23.278875+0100 INFO 135797525186240 Row inserted successfully into authors.
2024-10-24T16:13:23.287915+0100 INFO 135797535672000 Row inserted successfully into tags.
2024-10-24T16:13:23.290011+0100 INFO 135797833467584 Row inserted successfully into tags.
2024-10-24T16:13:23.304116+0100 ERROR 135797684569792 Integrity error (probably normal behaviour): (pymysql.err.IntegrityError) (1062, "Duplicate entry 'books' for key 'tags.PRIMARY'")
[SQL: INSERT INTO tags (tag) VALUES (%(tag)s)]
[parameters: {'tag': 'books'}]
(Background on this error at: https://sqlalche.me/e/20/gkpj)
2024-10-24T16:13:23.318389+0100 ERROR 135797822981824 Integrity error (probably normal behaviour): (pymysql.err.IntegrityError) (1062, "Duplicate entry 'love' for key 'tags.PRIMARY'")
[SQL: INSERT INTO tags (tag) VALUES (%(tag)s)]
[parameters: {'tag': 'love'}]
(Background on this error at: https://sqlalche.me/e/20/gkpj)
2024-10-24T16:13:23.319134+0100 INFO 135797705541312 Row inserted successfully into tags.
2024-10-24T16:13:23.321547+0100 ERROR 135797716027072 Integrity error (probably normal behaviour): (pymysql.err.IntegrityError) (1062, "Duplicate entry 'Marilyn Monroe' for key 'authors.PRIMARY'")
[SQL: INSERT INTO authors (author, about) VALUES (%(author)s, %(about)s)]
[parameters: {'author': 'Marilyn Monroe', 'about': '/author/Marilyn-Monroe'}]
(Background on this error at: https://sqlalche.me/e/20/gkpj)
2024-10-24T16:13:23.326888+0100 INFO 135797736998592 Row inserted successfully into quotes_tags_link.
2024-10-24T16:13:23.349119+0100 INFO 135797695055552 Row inserted successfully into authors.
2024-10-24T16:13:23.359973+0100 ERROR 135797726512832 Integrity error (probably normal behaviour): (pymysql.err.IntegrityError) (1062, "Duplicate entry 'inspirational' for key 'tags.PRIMARY'")
[SQL: INSERT INTO tags (tag) VALUES (%(tag)s)]
[parameters: {'tag': 'inspirational'}]
(Background on this error at: https://sqlalche.me/e/20/gkpj)
2024-10-24T16:13:23.363798+0100 ERROR 135797822981824 Integrity error (probably normal behaviour): (pymysql.err.IntegrityError) (1062, "Duplicate entry 'Bob Marley' for key 'authors.PRIMARY'")
[SQL: INSERT INTO authors (author, about) VALUES (%(author)s, %(about)s)]
[parameters: {'author': 'Bob Marley', 'about': '/author/Bob-Marley'}]
(Background on this error at: https://sqlalche.me/e/20/gkpj)
2024-10-24T16:13:23.367729+0100 ERROR 135797833467584 Integrity error (probably normal behaviour): (pymysql.err.IntegrityError) (1062, "Duplicate entry 'books' for key 'tags.PRIMARY'")
[SQL: INSERT INTO tags (tag) VALUES (%(tag)s)]
[parameters: {'tag': 'books'}]
(Background on this error at: https://sqlalche.me/e/20/gkpj)
2024-10-24T16:13:23.378123+0100 ERROR 135797535672000 Integrity error (probably normal behaviour): (pymysql.err.IntegrityError) (1062, "Duplicate entry 'Jane Austen' for key 'authors.PRIMARY'")
[SQL: INSERT INTO authors (author, about) VALUES (%(author)s, %(about)s)]
[parameters: {'author': 'Jane Austen', 'about': '/author/Jane-Austen'}]
(Background on this error at: https://sqlalche.me/e/20/gkpj)
2024-10-24T16:13:23.388406+0100 INFO 135797716027072 Row inserted successfully into quotes.
2024-10-24T16:13:23.400347+0100 INFO 135797684569792 Row inserted successfully into tags.
2024-10-24T16:13:23.404165+0100 ERROR 135797726512832 Integrity error (probably normal behaviour): (pymysql.err.IntegrityError) (1062, "Duplicate entry 'J.K. Rowling' for key 'authors.PRIMARY'")
[SQL: INSERT INTO authors (author, about) VALUES (%(author)s, %(about)s)]
[parameters: {'author': 'J.K. Rowling', 'about': '/author/J-K-Rowling'}]
(Background on this error at: https://sqlalche.me/e/20/gkpj)
2024-10-24T16:13:23.407365+0100 INFO 135797705541312 Row inserted successfully into authors.
2024-10-24T16:13:23.410687+0100 INFO 135797822981824 Row inserted successfully into quotes.
2024-10-24T16:13:23.442489+0100 ERROR 135797684569792 Integrity error (probably normal behaviour): (pymysql.err.IntegrityError) (1062, "Duplicate entry 'reading' for key 'tags.PRIMARY'")
[SQL: INSERT INTO tags (tag) VALUES (%(tag)s)]
[parameters: {'tag': 'reading'}]
(Background on this error at: https://sqlalche.me/e/20/gkpj)
2024-10-24T16:13:23.449076+0100 INFO 135797695055552 Row inserted successfully into quotes.
2024-10-24T16:13:23.457914+0100 INFO 135797716027072 Row inserted successfully into quotes_tags_link.
2024-10-24T16:13:23.459328+0100 INFO 135797525186240 Row inserted successfully into quotes.
2024-10-24T16:13:23.460260+0100 INFO 135797833467584 Row inserted successfully into tags.
2024-10-24T16:13:23.466515+0100 INFO 135797736998592 Row inserted successfully into tags.
2024-10-24T16:13:23.480937+0100 INFO 135797726512832 Row inserted successfully into quotes.
2024-10-24T16:13:23.487818+0100 INFO 135797705541312 Row inserted successfully into quotes.
2024-10-24T16:13:23.489210+0100 INFO 135797535672000 Row inserted successfully into quotes.
2024-10-24T16:13:23.491472+0100 INFO 135797822981824 Row inserted successfully into quotes_tags_link.
2024-10-24T16:13:23.498131+0100 INFO 135797695055552 Row inserted successfully into quotes_tags_link.
2024-10-24T16:13:23.504766+0100 ERROR 135797716027072 Integrity error (probably normal behaviour): (pymysql.err.IntegrityError) (1062, "Duplicate entry 'life' for key 'tags.PRIMARY'")
[SQL: INSERT INTO tags (tag) VALUES (%(tag)s)]
[parameters: {'tag': 'life'}]
(Background on this error at: https://sqlalche.me/e/20/gkpj)
2024-10-24T16:13:23.505596+0100 INFO 135797525186240 Row inserted successfully into quotes_tags_link.
2024-10-24T16:13:23.507457+0100 INFO 135797684569792 Row inserted successfully into tags.
2024-10-24T16:13:23.519053+0100 ERROR 135797833467584 Integrity error (probably normal behaviour): (pymysql.err.IntegrityError) (1062, "Duplicate entry 'humor' for key 'tags.PRIMARY'")
[SQL: INSERT INTO tags (tag) VALUES (%(tag)s)]
[parameters: {'tag': 'humor'}]
(Background on this error at: https://sqlalche.me/e/20/gkpj)
2024-10-24T16:13:23.547151+0100 INFO 135797822981824 Row inserted successfully into tags.
2024-10-24T16:13:23.554089+0100 INFO 135797695055552 Row inserted successfully into tags.
2024-10-24T16:13:23.561640+0100 ERROR 135797736998592 Integrity error (probably normal behaviour): (pymysql.err.IntegrityError) (1062, "Duplicate entry 'life' for key 'tags.PRIMARY'")
[SQL: INSERT INTO tags (tag) VALUES (%(tag)s)]
[parameters: {'tag': 'life'}]
(Background on this error at: https://sqlalche.me/e/20/gkpj)
2024-10-24T16:13:23.568275+0100 INFO 135797535672000 Row inserted successfully into quotes_tags_link.
2024-10-24T16:13:23.579357+0100 INFO 135797705541312 Row inserted successfully into quotes_tags_link.
2024-10-24T16:13:23.583184+0100 INFO 135797684569792 Row inserted successfully into authors.
2024-10-24T16:13:23.584291+0100 INFO 135797525186240 Row inserted successfully into tags.
2024-10-24T16:13:23.594464+0100 INFO 135797726512832 Row inserted successfully into quotes_tags_link.
2024-10-24T16:13:23.601846+0100 ERROR 135797822981824 Integrity error (probably normal behaviour): (pymysql.err.IntegrityError) (1062, "Duplicate entry 'Dr. Seuss' for key 'authors.PRIMARY'")
[SQL: INSERT INTO authors (author, about) VALUES (%(author)s, %(about)s)]
[parameters: {'author': 'Dr. Seuss', 'about': '/author/Dr-Seuss'}]
(Background on this error at: https://sqlalche.me/e/20/gkpj)
2024-10-24T16:13:23.609642+0100 ERROR 135797695055552 Integrity error (probably normal behaviour): (pymysql.err.IntegrityError) (1062, "Duplicate entry 'J.K. Rowling' for key 'authors.PRIMARY'")
[SQL: INSERT INTO authors (author, about) VALUES (%(author)s, %(about)s)]
[parameters: {'author': 'J.K. Rowling', 'about': '/author/J-K-Rowling'}]
(Background on this error at: https://sqlalche.me/e/20/gkpj)
2024-10-24T16:13:23.615330+0100 INFO 135797716027072 Row inserted successfully into tags.
2024-10-24T16:13:23.625463+0100 ERROR 135797833467584 Integrity error (probably normal behaviour): (pymysql.err.IntegrityError) (1062, "Duplicate entry 'Jane Austen' for key 'authors.PRIMARY'")
[SQL: INSERT INTO authors (author, about) VALUES (%(author)s, %(about)s)]
[parameters: {'author': 'Jane Austen', 'about': '/author/Jane-Austen'}]
(Background on this error at: https://sqlalche.me/e/20/gkpj)
2024-10-24T16:13:23.636194+0100 INFO 135797736998592 Row inserted successfully into tags.
2024-10-24T16:13:23.638450+0100 INFO 135797684569792 Row inserted successfully into quotes.
2024-10-24T16:13:23.666286+0100 INFO 135797535672000 Row inserted successfully into tags.
2024-10-24T16:13:23.669783+0100 INFO 135797726512832 Row inserted successfully into tags.
2024-10-24T16:13:23.677784+0100 INFO 135797695055552 Row inserted successfully into quotes.
2024-10-24T16:13:23.680347+0100 INFO 135797525186240 Row inserted successfully into authors.
2024-10-24T16:13:23.683963+0100 INFO 135797705541312 Row inserted successfully into tags.
2024-10-24T16:13:23.690100+0100 ERROR 135797716027072 Integrity error (probably normal behaviour): (pymysql.err.IntegrityError) (1062, "Duplicate entry 'Albert Einstein' for key 'authors.PRIMARY'")
[SQL: INSERT INTO authors (author, about) VALUES (%(author)s, %(about)s)]
[parameters: {'author': 'Albert Einstein', 'about': '/author/Albert-Einstein'}]
(Background on this error at: https://sqlalche.me/e/20/gkpj)
2024-10-24T16:13:23.693803+0100 ERROR 135797736998592 Integrity error (probably normal behaviour): (pymysql.err.IntegrityError) (1062, "Duplicate entry 'Dr. Seuss' for key 'authors.PRIMARY'")
[SQL: INSERT INTO authors (author, about) VALUES (%(author)s, %(about)s)]
[parameters: {'author': 'Dr. Seuss', 'about': '/author/Dr-Seuss'}]
(Background on this error at: https://sqlalche.me/e/20/gkpj)
2024-10-24T16:13:23.694599+0100 INFO 135797822981824 Row inserted successfully into quotes.
2024-10-24T16:13:23.695971+0100 INFO 135797833467584 Row inserted successfully into quotes.
2024-10-24T16:13:23.712246+0100 INFO 135797684569792 Row inserted successfully into quotes_tags_link.
2024-10-24T16:13:23.721758+0100 INFO 135797535672000 Row inserted successfully into tags.
2024-10-24T16:13:23.733858+0100 INFO 135797726512832 Row inserted successfully into tags.
2024-10-24T16:13:23.734771+0100 INFO 135797716027072 Row inserted successfully into quotes.
2024-10-24T16:13:23.740888+0100 INFO 135797525186240 Row inserted successfully into quotes.
2024-10-24T16:13:23.747175+0100 INFO 135797695055552 Row inserted successfully into quotes_tags_link.
2024-10-24T16:13:23.754823+0100 INFO 135797736998592 Row inserted successfully into quotes.
2024-10-24T16:13:23.756859+0100 INFO 135797705541312 Row inserted successfully into authors.
2024-10-24T16:13:23.759357+0100 INFO 135797822981824 Row inserted successfully into quotes_tags_link.
2024-10-24T16:13:23.762501+0100 INFO 135797833467584 Row inserted successfully into quotes_tags_link.
2024-10-24T16:13:23.773150+0100 INFO 135797535672000 Row inserted successfully into tags.
2024-10-24T16:13:23.775643+0100 ERROR 135797726512832 Integrity error (probably normal behaviour): (pymysql.err.IntegrityError) (1062, "Duplicate entry 'humor' for key 'tags.PRIMARY'")
[SQL: INSERT INTO tags (tag) VALUES (%(tag)s)]
[parameters: {'tag': 'humor'}]
(Background on this error at: https://sqlalche.me/e/20/gkpj)
2024-10-24T16:13:23.788928+0100 ERROR 135797684569792 Integrity error (probably normal behaviour): (pymysql.err.IntegrityError) (1062, "Duplicate entry 'humor' for key 'tags.PRIMARY'")
[SQL: INSERT INTO tags (tag) VALUES (%(tag)s)]
[parameters: {'tag': 'humor'}]
(Background on this error at: https://sqlalche.me/e/20/gkpj)
2024-10-24T16:13:23.794755+0100 INFO 135797525186240 Row inserted successfully into quotes_tags_link.
2024-10-24T16:13:23.795314+0100 INFO 135797695055552 Row inserted successfully into tags.
2024-10-24T16:13:23.797677+0100 INFO 135797716027072 Row inserted successfully into quotes_tags_link.
2024-10-24T16:13:23.806213+0100 ERROR 135797822981824 Integrity error (probably normal behaviour): (pymysql.err.IntegrityError) (1062, "Duplicate entry 'life' for key 'tags.PRIMARY'")
[SQL: INSERT INTO tags (tag) VALUES (%(tag)s)]
[parameters: {'tag': 'life'}]
(Background on this error at: https://sqlalche.me/e/20/gkpj)
2024-10-24T16:13:23.816487+0100 INFO 135797736998592 Row inserted successfully into quotes_tags_link.
2024-10-24T16:13:23.842428+0100 INFO 135797833467584 Row inserted successfully into tags.
2024-10-24T16:13:23.847295+0100 INFO 135797705541312 Row inserted successfully into quotes.
2024-10-24T16:13:23.849042+0100 ERROR 135797525186240 Integrity error (probably normal behaviour): (pymysql.err.IntegrityError) (1062, "Duplicate entry 'books' for key 'tags.PRIMARY'")
[SQL: INSERT INTO tags (tag) VALUES (%(tag)s)]
[parameters: {'tag': 'books'}]
(Background on this error at: https://sqlalche.me/e/20/gkpj)
2024-10-24T16:13:23.861571+0100 ERROR 135797535672000 Integrity error (probably normal behaviour): (pymysql.err.IntegrityError) (1062, "Duplicate entry 'C.S. Lewis' for key 'authors.PRIMARY'")
[SQL: INSERT INTO authors (author, about) VALUES (%(author)s, %(about)s)]
[parameters: {'author': 'C.S. Lewis', 'about': '/author/C-S-Lewis'}]
(Background on this error at: https://sqlalche.me/e/20/gkpj)
2024-10-24T16:13:23.862330+0100 INFO 135797684569792 Row inserted successfully into tags.
2024-10-24T16:13:23.863657+0100 ERROR 135797716027072 Integrity error (probably normal behaviour): (pymysql.err.IntegrityError) (1062, "Duplicate entry 'love' for key 'tags.PRIMARY'")
[SQL: INSERT INTO tags (tag) VALUES (%(tag)s)]
[parameters: {'tag': 'love'}]
(Background on this error at: https://sqlalche.me/e/20/gkpj)
2024-10-24T16:13:23.877957+0100 ERROR 135797695055552 Integrity error (probably normal behaviour): (pymysql.err.IntegrityError) (1062, "Duplicate entry 'writing' for key 'tags.PRIMARY'")
[SQL: INSERT INTO tags (tag) VALUES (%(tag)s)]
[parameters: {'tag': 'writing'}]
(Background on this error at: https://sqlalche.me/e/20/gkpj)
2024-10-24T16:13:23.896750+0100 INFO 135797726512832 Row inserted successfully into authors.
2024-10-24T16:13:23.918492+0100 INFO 135797525186240 Row inserted successfully into tags.
2024-10-24T16:13:23.931692+0100 ERROR 135797833467584 Integrity error (probably normal behaviour): (pymysql.err.IntegrityError) (1062, "Duplicate entry 'inspirational' for key 'tags.PRIMARY'")
[SQL: INSERT INTO tags (tag) VALUES (%(tag)s)]
[parameters: {'tag': 'inspirational'}]
(Background on this error at: https://sqlalche.me/e/20/gkpj)
2024-10-24T16:13:23.935586+0100 INFO 135797684569792 Row inserted successfully into tags.
2024-10-24T16:13:23.939013+0100 INFO 135797705541312 Row inserted successfully into quotes_tags_link.
2024-10-24T16:13:23.941997+0100 ERROR 135797736998592 Integrity error (probably normal behaviour): (pymysql.err.IntegrityError) (1062, "Duplicate entry 'children' for key 'tags.PRIMARY'")
[SQL: INSERT INTO tags (tag) VALUES (%(tag)s)]
[parameters: {'tag': 'children'}]
(Background on this error at: https://sqlalche.me/e/20/gkpj)
2024-10-24T16:13:23.946866+0100 INFO 135797695055552 Row inserted successfully into authors.
2024-10-24T16:13:23.958555+0100 INFO 135797535672000 Row inserted successfully into quotes.
2024-10-24T16:13:23.967079+0100 ERROR 135797716027072 Integrity error (probably normal behaviour): (pymysql.err.IntegrityError) (1062, "Duplicate entry 'Marilyn Monroe' for key 'authors.PRIMARY'")
[SQL: INSERT INTO authors (author, about) VALUES (%(author)s, %(about)s)]
[parameters: {'author': 'Marilyn Monroe', 'about': '/author/Marilyn-Monroe'}]
(Background on this error at: https://sqlalche.me/e/20/gkpj)
2024-10-24T16:13:23.982625+0100 INFO 135797726512832 Row inserted successfully into quotes.
2024-10-24T16:13:23.985869+0100 ERROR 135797833467584 Integrity error (probably normal behaviour): (pymysql.err.IntegrityError) (1062, "Duplicate entry 'Marilyn Monroe' for key 'authors.PRIMARY'")
[SQL: INSERT INTO authors (author, about) VALUES (%(author)s, %(about)s)]
[parameters: {'author': 'Marilyn Monroe', 'about': '/author/Marilyn-Monroe'}]
(Background on this error at: https://sqlalche.me/e/20/gkpj)
2024-10-24T16:13:23.986903+0100 INFO 135797822981824 Row inserted successfully into tags.
2024-10-24T16:13:23.990779+0100 INFO 135797525186240 Row inserted successfully into tags.
2024-10-24T16:13:24.011141+0100 INFO 135797695055552 Row inserted successfully into quotes.
2024-10-24T16:13:24.016021+0100 INFO 135797684569792 Row inserted successfully into tags.
2024-10-24T16:13:24.021555+0100 INFO 135797736998592 Row inserted successfully into tags.
2024-10-24T16:13:24.024313+0100 INFO 135797535672000 Row inserted successfully into quotes_tags_link.
2024-10-24T16:13:24.050152+0100 INFO 135797705541312 Row inserted successfully into tags.
2024-10-24T16:13:24.052270+0100 INFO 135797822981824 Row inserted successfully into authors.
2024-10-24T16:13:24.052948+0100 INFO 135797716027072 Row inserted successfully into quotes.
2024-10-24T16:13:24.063878+0100 INFO 135797833467584 Row inserted successfully into quotes.
2024-10-24T16:13:24.069951+0100 INFO 135797726512832 Row inserted successfully into quotes_tags_link.
2024-10-24T16:13:24.073262+0100 INFO 135797695055552 Row inserted successfully into quotes_tags_link.
2024-10-24T16:13:24.075499+0100 INFO 135797525186240 Row inserted successfully into tags.
2024-10-24T16:13:24.094521+0100 INFO 135797705541312 Row inserted successfully into tags.
2024-10-24T16:13:24.103960+0100 INFO 135797684569792 Row inserted successfully into tags.
2024-10-24T16:13:24.104625+0100 ERROR 135797736998592 Integrity error (probably normal behaviour): (pymysql.err.IntegrityError) (1062, "Duplicate entry 'Albert Einstein' for key 'authors.PRIMARY'")
[SQL: INSERT INTO authors (author, about) VALUES (%(author)s, %(about)s)]
[parameters: {'author': 'Albert Einstein', 'about': '/author/Albert-Einstein'}]
(Background on this error at: https://sqlalche.me/e/20/gkpj)
2024-10-24T16:13:24.113283+0100 INFO 135797535672000 Row inserted successfully into tags.
2024-10-24T16:13:24.208973+0100 INFO 135797833467584 Row inserted successfully into quotes_tags_link.
2024-10-24T16:13:24.227428+0100 INFO 135797822981824 Row inserted successfully into quotes.
2024-10-24T16:13:24.236905+0100 INFO 135797716027072 Row inserted successfully into quotes_tags_link.
2024-10-24T16:13:24.239813+0100 INFO 135797525186240 Row inserted successfully into tags.
2024-10-24T16:13:24.243418+0100 ERROR 135797705541312 Integrity error (probably normal behaviour): (pymysql.err.IntegrityError) (1062, "Duplicate entry 'simile' for key 'tags.PRIMARY'")
[SQL: INSERT INTO tags (tag) VALUES (%(tag)s)]
[parameters: {'tag': 'simile'}]
(Background on this error at: https://sqlalche.me/e/20/gkpj)
2024-10-24T16:13:24.245011+0100 ERROR 135797695055552 Integrity error (probably normal behaviour): (pymysql.err.IntegrityError) (1062, "Duplicate entry 'life' for key 'tags.PRIMARY'")
[SQL: INSERT INTO tags (tag) VALUES (%(tag)s)]
[parameters: {'tag': 'life'}]
(Background on this error at: https://sqlalche.me/e/20/gkpj)
2024-10-24T16:13:24.253310+0100 INFO 135797726512832 Row inserted successfully into tags.
2024-10-24T16:13:24.267063+0100 ERROR 135797535672000 Integrity error (probably normal behaviour): (pymysql.err.IntegrityError) (1062, "Duplicate entry 'C.S. Lewis' for key 'authors.PRIMARY'")
[SQL: INSERT INTO authors (author, about) VALUES (%(author)s, %(about)s)]
[parameters: {'author': 'C.S. Lewis', 'about': '/author/C-S-Lewis'}]
(Background on this error at: https://sqlalche.me/e/20/gkpj)
2024-10-24T16:13:24.279454+0100 ERROR 135797684569792 Integrity error (probably normal behaviour): (pymysql.err.IntegrityError) (1062, "Duplicate entry 'truth' for key 'tags.PRIMARY'")
[SQL: INSERT INTO tags (tag) VALUES (%(tag)s)]
[parameters: {'tag': 'truth'}]
(Background on this error at: https://sqlalche.me/e/20/gkpj)
2024-10-24T16:13:24.280782+0100 INFO 135797736998592 Row inserted successfully into quotes.
2024-10-24T16:13:24.289300+0100 ERROR 135797716027072 Integrity error (probably normal behaviour): (pymysql.err.IntegrityError) (1062, "Duplicate entry 'attributed-no-source' for key 'tags.PRIMARY'")
[SQL: INSERT INTO tags (tag) VALUES (%(tag)s)]
[parameters: {'tag': 'attributed-no-source'}]
(Background on this error at: https://sqlalche.me/e/20/gkpj)
2024-10-24T16:13:24.292336+0100 INFO 135797525186240 Row inserted successfully into tags.
2024-10-24T16:13:24.299245+0100 INFO 135797833467584 Row inserted successfully into tags.
2024-10-24T16:13:24.320421+0100 INFO 135797822981824 Row inserted successfully into quotes_tags_link.
2024-10-24T16:13:24.329653+0100 INFO 135797705541312 Row inserted successfully into authors.
2024-10-24T16:13:24.332979+0100 INFO 135797695055552 Row inserted successfully into tags.
2024-10-24T16:13:24.334961+0100 ERROR 135797726512832 Integrity error (probably normal behaviour): (pymysql.err.IntegrityError) (1062, "Duplicate entry 'reading' for key 'tags.PRIMARY'")
[SQL: INSERT INTO tags (tag) VALUES (%(tag)s)]
[parameters: {'tag': 'reading'}]
(Background on this error at: https://sqlalche.me/e/20/gkpj)
2024-10-24T16:13:24.336610+0100 INFO 135797535672000 Row inserted successfully into quotes.
2024-10-24T16:13:24.354904+0100 INFO 135797684569792 Row inserted successfully into authors.
2024-10-24T16:13:24.365963+0100 INFO 135797833467584 Row inserted successfully into tags.
2024-10-24T16:13:24.371237+0100 ERROR 135797525186240 Integrity error (probably normal behaviour): (pymysql.err.IntegrityError) (1062, "Duplicate entry 'writing' for key 'tags.PRIMARY'")
[SQL: INSERT INTO tags (tag) VALUES (%(tag)s)]
[parameters: {'tag': 'writing'}]
(Background on this error at: https://sqlalche.me/e/20/gkpj)
2024-10-24T16:13:24.374691+0100 INFO 135797822981824 Row inserted successfully into tags.
2024-10-24T16:13:24.387220+0100 INFO 135797736998592 Row inserted successfully into quotes_tags_link.
2024-10-24T16:13:24.388986+0100 INFO 135797705541312 Row inserted successfully into quotes.
2024-10-24T16:13:24.390784+0100 ERROR 135797716027072 Integrity error (probably normal behaviour): (pymysql.err.IntegrityError) (1062, "Duplicate entry 'Marilyn Monroe' for key 'authors.PRIMARY'")
[SQL: INSERT INTO authors (author, about) VALUES (%(author)s, %(about)s)]
[parameters: {'author': 'Marilyn Monroe', 'about': '/author/Marilyn-Monroe'}]
(Background on this error at: https://sqlalche.me/e/20/gkpj)
2024-10-24T16:13:24.412486+0100 INFO 135797684569792 Row inserted successfully into quotes.
2024-10-24T16:13:24.420033+0100 ERROR 135797736998592 Integrity error (probably normal behaviour): (pymysql.err.IntegrityError) (1062, "Duplicate entry '' for key 'tags.PRIMARY'")
[SQL: INSERT INTO tags (tag) VALUES (%(tag)s)]
[parameters: {'tag': ''}]
(Background on this error at: https://sqlalche.me/e/20/gkpj)
2024-10-24T16:13:24.430650+0100 ERROR 135797695055552 Integrity error (probably normal behaviour): (pymysql.err.IntegrityError) (1062, "Duplicate entry 'Ralph Waldo Emerson' for key 'authors.PRIMARY'")
[SQL: INSERT INTO authors (author, about) VALUES (%(author)s, %(about)s)]
[parameters: {'author': 'Ralph Waldo Emerson', 'about': '/author/Ralph-Waldo-Emerson'}]
(Background on this error at: https://sqlalche.me/e/20/gkpj)
2024-10-24T16:13:24.436788+0100 INFO 135797822981824 Row inserted successfully into tags.
2024-10-24T16:13:24.437646+0100 INFO 135797726512832 Row inserted successfully into authors.
2024-10-24T16:13:24.442835+0100 INFO 135797716027072 Row inserted successfully into quotes.
2024-10-24T16:13:24.449664+0100 INFO 135797833467584 Row inserted successfully into tags.
2024-10-24T16:13:24.455784+0100 INFO 135797705541312 Row inserted successfully into quotes_tags_link.
2024-10-24T16:13:24.462741+0100 INFO 135797525186240 Row inserted successfully into authors.
2024-10-24T16:13:24.463430+0100 INFO 135797535672000 Row inserted successfully into quotes_tags_link.
2024-10-24T16:13:24.481529+0100 INFO 135797695055552 Row inserted successfully into quotes.
2024-10-24T16:13:24.483351+0100 INFO 135797684569792 Row inserted successfully into quotes_tags_link.
2024-10-24T16:13:24.485301+0100 INFO 135797726512832 Row inserted successfully into quotes.
2024-10-24T16:13:24.488490+0100 ERROR 135797736998592 Integrity error (probably normal behaviour): (pymysql.err.IntegrityError) (1062, "Duplicate entry 'J.K. Rowling' for key 'authors.PRIMARY'")
[SQL: INSERT INTO authors (author, about) VALUES (%(author)s, %(about)s)]
[parameters: {'author': 'J.K. Rowling', 'about': '/author/J-K-Rowling'}]
(Background on this error at: https://sqlalche.me/e/20/gkpj)
2024-10-24T16:13:24.496466+0100 INFO 135797822981824 Row inserted successfully into tags.
2024-10-24T16:13:24.502886+0100 ERROR 135797833467584 Integrity error (probably normal behaviour): (pymysql.err.IntegrityError) (1062, "Duplicate entry 'Albert Einstein' for key 'authors.PRIMARY'")
[SQL: INSERT INTO authors (author, about) VALUES (%(author)s, %(about)s)]
[parameters: {'author': 'Albert Einstein', 'about': '/author/Albert-Einstein'}]
(Background on this error at: https://sqlalche.me/e/20/gkpj)
2024-10-24T16:13:24.516227+0100 ERROR 135797705541312 Integrity error (probably normal behaviour): (pymysql.err.IntegrityError) (1062, "Duplicate entry 'books' for key 'tags.PRIMARY'")
[SQL: INSERT INTO tags (tag) VALUES (%(tag)s)]
[parameters: {'tag': 'books'}]
(Background on this error at: https://sqlalche.me/e/20/gkpj)
2024-10-24T16:13:24.521869+0100 INFO 135797525186240 Row inserted successfully into quotes.
2024-10-24T16:13:24.525446+0100 ERROR 135797535672000 Integrity error (probably normal behaviour): (pymysql.err.IntegrityError) (1062, "Duplicate entry 'death' for key 'tags.PRIMARY'")
[SQL: INSERT INTO tags (tag) VALUES (%(tag)s)]
[parameters: {'tag': 'death'}]
(Background on this error at: https://sqlalche.me/e/20/gkpj)
2024-10-24T16:13:24.540302+0100 INFO 135797716027072 Row inserted successfully into quotes_tags_link.
2024-10-24T16:13:24.541046+0100 INFO 135797726512832 Row inserted successfully into quotes_tags_link.
2024-10-24T16:13:24.552290+0100 INFO 135797695055552 Row inserted successfully into quotes_tags_link.
2024-10-24T16:13:24.565084+0100 INFO 135797822981824 Row inserted successfully into tags.
2024-10-24T16:13:24.568079+0100 INFO 135797684569792 Row inserted successfully into tags.
2024-10-24T16:13:24.581807+0100 INFO 135797736998592 Row inserted successfully into quotes.
2024-10-24T16:13:24.591100+0100 ERROR 135797705541312 Integrity error (probably normal behaviour): (pymysql.err.IntegrityError) (1062, "Duplicate entry 'friends' for key 'tags.PRIMARY'")
[SQL: INSERT INTO tags (tag) VALUES (%(tag)s)]
[parameters: {'tag': 'friends'}]
(Background on this error at: https://sqlalche.me/e/20/gkpj)
2024-10-24T16:13:24.595596+0100 INFO 135797716027072 Row inserted successfully into tags.
2024-10-24T16:13:24.606439+0100 ERROR 135797822981824 Integrity error (probably normal behaviour): (pymysql.err.IntegrityError) (1062, "Duplicate entry 'inspirational' for key 'tags.PRIMARY'")
[SQL: INSERT INTO tags (tag) VALUES (%(tag)s)]
[parameters: {'tag': 'inspirational'}]
(Background on this error at: https://sqlalche.me/e/20/gkpj)
2024-10-24T16:13:24.607293+0100 ERROR 135797535672000 Integrity error (probably normal behaviour): (pymysql.err.IntegrityError) (1062, "Duplicate entry 'life' for key 'tags.PRIMARY'")
[SQL: INSERT INTO tags (tag) VALUES (%(tag)s)]
[parameters: {'tag': 'life'}]
(Background on this error at: https://sqlalche.me/e/20/gkpj)
2024-10-24T16:13:24.611162+0100 INFO 135797525186240 Row inserted successfully into quotes_tags_link.
2024-10-24T16:13:24.612410+0100 INFO 135797726512832 Row inserted successfully into tags.
2024-10-24T16:13:24.628032+0100 INFO 135797833467584 Row inserted successfully into quotes.
2024-10-24T16:13:24.645920+0100 INFO 135797705541312 Row inserted successfully into tags.
2024-10-24T16:13:24.651245+0100 ERROR 135797716027072 Integrity error (probably normal behaviour): (pymysql.err.IntegrityError) (1062, "Duplicate entry 'inspirational' for key 'tags.PRIMARY'")
[SQL: INSERT INTO tags (tag) VALUES (%(tag)s)]
[parameters: {'tag': 'inspirational'}]
(Background on this error at: https://sqlalche.me/e/20/gkpj)
2024-10-24T16:13:24.651987+0100 INFO 135797684569792 Row inserted successfully into tags.
2024-10-24T16:13:24.655735+0100 INFO 135797736998592 Row inserted successfully into quotes_tags_link.
2024-10-24T16:13:24.671467+0100 ERROR 135797525186240 Integrity error (probably normal behaviour): (pymysql.err.IntegrityError) (1062, "Duplicate entry 'truth' for key 'tags.PRIMARY'")
[SQL: INSERT INTO tags (tag) VALUES (%(tag)s)]
[parameters: {'tag': 'truth'}]
(Background on this error at: https://sqlalche.me/e/20/gkpj)
2024-10-24T16:13:24.684932+0100 ERROR 135797726512832 Integrity error (probably normal behaviour): (pymysql.err.IntegrityError) (1062, "Duplicate entry 'learning' for key 'tags.PRIMARY'")
[SQL: INSERT INTO tags (tag) VALUES (%(tag)s)]
[parameters: {'tag': 'learning'}]
(Background on this error at: https://sqlalche.me/e/20/gkpj)
2024-10-24T16:13:24.690359+0100 ERROR 135797822981824 Integrity error (probably normal behaviour): (pymysql.err.IntegrityError) (1062, "Duplicate entry 'love' for key 'tags.PRIMARY'")
[SQL: INSERT INTO tags (tag) VALUES (%(tag)s)]
[parameters: {'tag': 'love'}]
(Background on this error at: https://sqlalche.me/e/20/gkpj)
2024-10-24T16:13:24.691535+0100 INFO 135797695055552 Row inserted successfully into tags.
2024-10-24T16:13:24.696548+0100 INFO 135797535672000 Row inserted successfully into authors.
2024-10-24T16:13:24.713345+0100 INFO 135797833467584 Row inserted successfully into quotes_tags_link.
2024-10-24T16:13:24.715426+0100 INFO 135797716027072 Row inserted successfully into authors.
2024-10-24T16:13:24.734381+0100 INFO 135797736998592 Row inserted successfully into tags.
2024-10-24T16:13:24.738970+0100 ERROR 135797705541312 Integrity error (probably normal behaviour): (pymysql.err.IntegrityError) (1062, "Duplicate entry 'Ernest Hemingway' for key 'authors.PRIMARY'")
[SQL: INSERT INTO authors (author, about) VALUES (%(author)s, %(about)s)]
[parameters: {'author': 'Ernest Hemingway', 'about': '/author/Ernest-Hemingway'}]
(Background on this error at: https://sqlalche.me/e/20/gkpj)
2024-10-24T16:13:24.747082+0100 INFO 135797726512832 Row inserted successfully into tags.
2024-10-24T16:13:24.748098+0100 ERROR 135797695055552 Integrity error (probably normal behaviour): (pymysql.err.IntegrityError) (1062, "Duplicate entry 'Mark Twain' for key 'authors.PRIMARY'")
[SQL: INSERT INTO authors (author, about) VALUES (%(author)s, %(about)s)]
[parameters: {'author': 'Mark Twain', 'about': '/author/Mark-Twain'}]
(Background on this error at: https://sqlalche.me/e/20/gkpj)
2024-10-24T16:13:24.755651+0100 ERROR 135797525186240 Integrity error (probably normal behaviour): (pymysql.err.IntegrityError) (1062, "Duplicate entry 'Mark Twain' for key 'authors.PRIMARY'")
[SQL: INSERT INTO authors (author, about) VALUES (%(author)s, %(about)s)]
[parameters: {'author': 'Mark Twain', 'about': '/author/Mark-Twain'}]
(Background on this error at: https://sqlalche.me/e/20/gkpj)
2024-10-24T16:13:24.764532+0100 INFO 135797684569792 Row inserted successfully into tags.
2024-10-24T16:13:24.765952+0100 INFO 135797822981824 Row inserted successfully into tags.
2024-10-24T16:13:24.771775+0100 INFO 135797716027072 Row inserted successfully into quotes.
2024-10-24T16:13:24.788518+0100 INFO 135797535672000 Row inserted successfully into quotes.
2024-10-24T16:13:24.792130+0100 INFO 135797705541312 Row inserted successfully into quotes.
2024-10-24T16:13:24.793769+0100 ERROR 135797833467584 Integrity error (probably normal behaviour): (pymysql.err.IntegrityError) (1062, "Duplicate entry 'life' for key 'tags.PRIMARY'")
[SQL: INSERT INTO tags (tag) VALUES (%(tag)s)]
[parameters: {'tag': 'life'}]
(Background on this error at: https://sqlalche.me/e/20/gkpj)
2024-10-24T16:13:24.804490+0100 INFO 135797684569792 Row inserted successfully into tags.
2024-10-24T16:13:24.817409+0100 INFO 135797726512832 Row inserted successfully into tags.
2024-10-24T16:13:24.824419+0100 ERROR 135797736998592 Integrity error (probably normal behaviour): (pymysql.err.IntegrityError) (1062, "Duplicate entry 'Albert Einstein' for key 'authors.PRIMARY'")
[SQL: INSERT INTO authors (author, about) VALUES (%(author)s, %(about)s)]
[parameters: {'author': 'Albert Einstein', 'about': '/author/Albert-Einstein'}]
(Background on this error at: https://sqlalche.me/e/20/gkpj)
2024-10-24T16:13:24.830544+0100 INFO 135797525186240 Row inserted successfully into quotes.
2024-10-24T16:13:24.836612+0100 INFO 135797705541312 Row inserted successfully into quotes_tags_link.
2024-10-24T16:13:24.838461+0100 ERROR 135797822981824 Integrity error (probably normal behaviour): (pymysql.err.IntegrityError) (1062, "Duplicate entry 'philosophy' for key 'tags.PRIMARY'")
[SQL: INSERT INTO tags (tag) VALUES (%(tag)s)]
[parameters: {'tag': 'philosophy'}]
(Background on this error at: https://sqlalche.me/e/20/gkpj)
2024-10-24T16:13:24.841025+0100 INFO 135797535672000 Row inserted successfully into quotes_tags_link.
2024-10-24T16:13:24.841887+0100 INFO 135797695055552 Row inserted successfully into quotes.
2024-10-24T16:13:24.859261+0100 INFO 135797716027072 Row inserted successfully into quotes_tags_link.
2024-10-24T16:13:24.865684+0100 ERROR 135797833467584 Integrity error (probably normal behaviour): (pymysql.err.IntegrityError) (1062, "Duplicate entry 'love' for key 'tags.PRIMARY'")
[SQL: INSERT INTO tags (tag) VALUES (%(tag)s)]
[parameters: {'tag': 'love'}]
(Background on this error at: https://sqlalche.me/e/20/gkpj)
2024-10-24T16:13:24.870973+0100 INFO 135797684569792 Row inserted successfully into tags.
2024-10-24T16:13:24.876242+0100 ERROR 135797726512832 Integrity error (probably normal behaviour): (pymysql.err.IntegrityError) (1062, "Duplicate entry 'Albert Einstein' for key 'authors.PRIMARY'")
[SQL: INSERT INTO authors (author, about) VALUES (%(author)s, %(about)s)]
[parameters: {'author': 'Albert Einstein', 'about': '/author/Albert-Einstein'}]
(Background on this error at: https://sqlalche.me/e/20/gkpj)
2024-10-24T16:13:24.885881+0100 INFO 135797736998592 Row inserted successfully into quotes.
2024-10-24T16:13:24.890684+0100 ERROR 135797705541312 Integrity error (probably normal behaviour): (pymysql.err.IntegrityError) (1062, "Duplicate entry 'inspirational' for key 'tags.PRIMARY'")
[SQL: INSERT INTO tags (tag) VALUES (%(tag)s)]
[parameters: {'tag': 'inspirational'}]
(Background on this error at: https://sqlalche.me/e/20/gkpj)
2024-10-24T16:13:24.893645+0100 INFO 135797525186240 Row inserted successfully into quotes_tags_link.
2024-10-24T16:13:24.921774+0100 INFO 135797822981824 Row inserted successfully into authors.
2024-10-24T16:13:24.933135+0100 INFO 135797535672000 Row inserted successfully into tags.
2024-10-24T16:13:24.935036+0100 ERROR 135797716027072 Integrity error (probably normal behaviour): (pymysql.err.IntegrityError) (1062, "Duplicate entry 'dumbledore' for key 'tags.PRIMARY'")
[SQL: INSERT INTO tags (tag) VALUES (%(tag)s)]
[parameters: {'tag': 'dumbledore'}]
(Background on this error at: https://sqlalche.me/e/20/gkpj)
2024-10-24T16:13:24.949436+0100 INFO 135797695055552 Row inserted successfully into quotes_tags_link.
2024-10-24T16:13:24.968266+0100 INFO 135797726512832 Row inserted successfully into quotes.
2024-10-24T16:13:24.971154+0100 ERROR 135797525186240 Integrity error (probably normal behaviour): (pymysql.err.IntegrityError) (1062, "Duplicate entry 'inspirational' for key 'tags.PRIMARY'")
[SQL: INSERT INTO tags (tag) VALUES (%(tag)s)]
[parameters: {'tag': 'inspirational'}]
(Background on this error at: https://sqlalche.me/e/20/gkpj)
2024-10-24T16:13:24.985334+0100 INFO 135797833467584 Row inserted successfully into authors.
2024-10-24T16:13:24.990206+0100 ERROR 135797684569792 Integrity error (probably normal behaviour): (pymysql.err.IntegrityError) (1062, "Duplicate entry 'hope' for key 'tags.PRIMARY'")
[SQL: INSERT INTO tags (tag) VALUES (%(tag)s)]
[parameters: {'tag': 'hope'}]
(Background on this error at: https://sqlalche.me/e/20/gkpj)
2024-10-24T16:13:24.999786+0100 ERROR 135797535672000 Integrity error (probably normal behaviour): (pymysql.err.IntegrityError) (1062, "Duplicate entry 'truth' for key 'tags.PRIMARY'")
[SQL: INSERT INTO tags (tag) VALUES (%(tag)s)]
[parameters: {'tag': 'truth'}]
(Background on this error at: https://sqlalche.me/e/20/gkpj)
2024-10-24T16:13:25.006872+0100 ERROR 135797716027072 Integrity error (probably normal behaviour): (pymysql.err.IntegrityError) (1062, "Duplicate entry 'J.K. Rowling' for key 'authors.PRIMARY'")
[SQL: INSERT INTO authors (author, about) VALUES (%(author)s, %(about)s)]
[parameters: {'author': 'J.K. Rowling', 'about': '/author/J-K-Rowling'}]
(Background on this error at: https://sqlalche.me/e/20/gkpj)
2024-10-24T16:13:25.008503+0100 INFO 135797736998592 Row inserted successfully into quotes_tags_link.
2024-10-24T16:13:25.020835+0100 INFO 135797695055552 Row inserted successfully into tags.
2024-10-24T16:13:25.023433+0100 INFO 135797726512832 Row inserted successfully into quotes_tags_link.
2024-10-24T16:13:25.025957+0100 ERROR 135797525186240 Integrity error (probably normal behaviour): (pymysql.err.IntegrityError) (1062, "Duplicate entry 'Dr. Seuss' for key 'authors.PRIMARY'")
[SQL: INSERT INTO authors (author, about) VALUES (%(author)s, %(about)s)]
[parameters: {'author': 'Dr. Seuss', 'about': '/author/Dr-Seuss'}]
(Background on this error at: https://sqlalche.me/e/20/gkpj)
2024-10-24T16:13:25.050599+0100 INFO 135797822981824 Row inserted successfully into quotes.
2024-10-24T16:13:25.058397+0100 ERROR 135797684569792 Integrity error (probably normal behaviour): (pymysql.err.IntegrityError) (1062, "Duplicate entry 'inspirational' for key 'tags.PRIMARY'")
[SQL: INSERT INTO tags (tag) VALUES (%(tag)s)]
[parameters: {'tag': 'inspirational'}]
(Background on this error at: https://sqlalche.me/e/20/gkpj)
2024-10-24T16:13:25.059771+0100 INFO 135797833467584 Row inserted successfully into quotes.
2024-10-24T16:13:25.061985+0100 INFO 135797705541312 Row inserted successfully into authors.
2024-10-24T16:13:25.084833+0100 ERROR 135797695055552 Integrity error (probably normal behaviour): (pymysql.err.IntegrityError) (1062, "Duplicate entry 'Dr. Seuss' for key 'authors.PRIMARY'")
[SQL: INSERT INTO authors (author, about) VALUES (%(author)s, %(about)s)]
[parameters: {'author': 'Dr. Seuss', 'about': '/author/Dr-Seuss'}]
(Background on this error at: https://sqlalche.me/e/20/gkpj)
2024-10-24T16:13:25.098103+0100 ERROR 135797726512832 Integrity error (probably normal behaviour): (pymysql.err.IntegrityError) (1062, "Duplicate entry 'books' for key 'tags.PRIMARY'")
[SQL: INSERT INTO tags (tag) VALUES (%(tag)s)]
[parameters: {'tag': 'books'}]
(Background on this error at: https://sqlalche.me/e/20/gkpj)
2024-10-24T16:13:25.101780+0100 INFO 135797525186240 Row inserted successfully into quotes.
2024-10-24T16:13:25.109330+0100 ERROR 135797736998592 Integrity error (probably normal behaviour): (pymysql.err.IntegrityError) (1062, "Duplicate entry 'music' for key 'tags.PRIMARY'")
[SQL: INSERT INTO tags (tag) VALUES (%(tag)s)]
[parameters: {'tag': 'music'}]
(Background on this error at: https://sqlalche.me/e/20/gkpj)
2024-10-24T16:13:25.112417+0100 ERROR 135797535672000 Integrity error (probably normal behaviour): (pymysql.err.IntegrityError) (1062, "Duplicate entry 'Mark Twain' for key 'authors.PRIMARY'")
[SQL: INSERT INTO authors (author, about) VALUES (%(author)s, %(about)s)]
[parameters: {'author': 'Mark Twain', 'about': '/author/Mark-Twain'}]
(Background on this error at: https://sqlalche.me/e/20/gkpj)
2024-10-24T16:13:25.121448+0100 INFO 135797684569792 Row inserted successfully into tags.
2024-10-24T16:13:25.129238+0100 INFO 135797716027072 Row inserted successfully into quotes.
2024-10-24T16:13:25.135280+0100 INFO 135797705541312 Row inserted successfully into quotes.
2024-10-24T16:13:25.139611+0100 INFO 135797822981824 Row inserted successfully into quotes_tags_link.
2024-10-24T16:13:25.144930+0100 ERROR 135797726512832 Integrity error (probably normal behaviour): (pymysql.err.IntegrityError) (1062, "Duplicate entry 'library' for key 'tags.PRIMARY'")
[SQL: INSERT INTO tags (tag) VALUES (%(tag)s)]
[parameters: {'tag': 'library'}]
(Background on this error at: https://sqlalche.me/e/20/gkpj)
2024-10-24T16:13:25.152611+0100 INFO 135797833467584 Row inserted successfully into quotes_tags_link.
2024-10-24T16:13:25.163980+0100 INFO 135797525186240 Row inserted successfully into quotes_tags_link.
2024-10-24T16:13:25.176972+0100 INFO 135797695055552 Row inserted successfully into quotes.
2024-10-24T16:13:25.183740+0100 ERROR 135797736998592 Integrity error (probably normal behaviour): (pymysql.err.IntegrityError) (1062, "Duplicate entry 'Bob Marley' for key 'authors.PRIMARY'")
[SQL: INSERT INTO authors (author, about) VALUES (%(author)s, %(about)s)]
[parameters: {'author': 'Bob Marley', 'about': '/author/Bob-Marley'}]
(Background on this error at: https://sqlalche.me/e/20/gkpj)
2024-10-24T16:13:25.184983+0100 INFO 135797705541312 Row inserted successfully into quotes_tags_link.
2024-10-24T16:13:25.199361+0100 INFO 135797716027072 Row inserted successfully into quotes_tags_link.
2024-10-24T16:13:25.203375+0100 INFO 135797535672000 Row inserted successfully into quotes.
2024-10-24T16:13:25.206774+0100 ERROR 135797822981824 Integrity error (probably normal behaviour): (pymysql.err.IntegrityError) (1062, "Duplicate entry 'friendship' for key 'tags.PRIMARY'")
[SQL: INSERT INTO tags (tag) VALUES (%(tag)s)]
[parameters: {'tag': 'friendship'}]
(Background on this error at: https://sqlalche.me/e/20/gkpj)
2024-10-24T16:13:25.209059+0100 INFO 135797684569792 Row inserted successfully into authors.
2024-10-24T16:13:25.218791+0100 INFO 135797833467584 Row inserted successfully into tags.
2024-10-24T16:13:25.223157+0100 INFO 135797726512832 Row inserted successfully into authors.
2024-10-24T16:13:25.237843+0100 ERROR 135797525186240 Integrity error (probably normal behaviour): (pymysql.err.IntegrityError) (1062, "Duplicate entry 'books' for key 'tags.PRIMARY'")
[SQL: INSERT INTO tags (tag) VALUES (%(tag)s)]
[parameters: {'tag': 'books'}]
(Background on this error at: https://sqlalche.me/e/20/gkpj)
2024-10-24T16:13:25.248834+0100 INFO 135797695055552 Row inserted successfully into quotes_tags_link.
2024-10-24T16:13:25.249732+0100 ERROR 135797716027072 Integrity error (probably normal behaviour): (pymysql.err.IntegrityError) (1062, "Duplicate entry 'love' for key 'tags.PRIMARY'")
[SQL: INSERT INTO tags (tag) VALUES (%(tag)s)]
[parameters: {'tag': 'love'}]
(Background on this error at: https://sqlalche.me/e/20/gkpj)
2024-10-24T16:13:25.257630+0100 INFO 135797736998592 Row inserted successfully into quotes.
2024-10-24T16:13:25.259677+0100 ERROR 135797705541312 Integrity error (probably normal behaviour): (pymysql.err.IntegrityError) (1062, "Duplicate entry 'inspirational' for key 'tags.PRIMARY'")
[SQL: INSERT INTO tags (tag) VALUES (%(tag)s)]
[parameters: {'tag': 'inspirational'}]
(Background on this error at: https://sqlalche.me/e/20/gkpj)
2024-10-24T16:13:25.268252+0100 INFO 135797535672000 Row inserted successfully into quotes_tags_link.
2024-10-24T16:13:25.276531+0100 INFO 135797684569792 Row inserted successfully into quotes.
2024-10-24T16:13:25.316132+0100 INFO 135797833467584 Row inserted successfully into tags.
2024-10-24T16:13:25.317821+0100 INFO 135797726512832 Row inserted successfully into quotes.
2024-10-24T16:13:25.319475+0100 INFO 135797822981824 Row inserted successfully into tags.
2024-10-24T16:13:25.325739+0100 INFO 135797716027072 Row inserted successfully into authors.
2024-10-24T16:13:25.326766+0100 INFO 135797525186240 Row inserted successfully into tags.
2024-10-24T16:13:25.348804+0100 INFO 135797736998592 Row inserted successfully into quotes_tags_link.
2024-10-24T16:13:25.351131+0100 INFO 135797535672000 Row inserted successfully into tags.
2024-10-24T16:13:25.362928+0100 INFO 135797716027072 Row inserted successfully into quotes.
2024-10-24T16:13:25.363840+0100 ERROR 135797833467584 Integrity error (probably normal behaviour): (pymysql.err.IntegrityError) (1062, "Duplicate entry 'inspirational' for key 'tags.PRIMARY'")
[SQL: INSERT INTO tags (tag) VALUES (%(tag)s)]
[parameters: {'tag': 'inspirational'}]
(Background on this error at: https://sqlalche.me/e/20/gkpj)
2024-10-24T16:13:25.364461+0100 ERROR 135797525186240 Integrity error (probably normal behaviour): (pymysql.err.IntegrityError) (1062, "Duplicate entry 'George R.R. Martin' for key 'authors.PRIMARY'")
[SQL: INSERT INTO authors (author, about) VALUES (%(author)s, %(about)s)]
[parameters: {'author': 'George R.R. Martin', 'about': '/author/George-R-R-Martin'}]
(Background on this error at: https://sqlalche.me/e/20/gkpj)
2024-10-24T16:13:25.370001+0100 INFO 135797684569792 Row inserted successfully into quotes_tags_link.
2024-10-24T16:13:25.376449+0100 ERROR 135797705541312 Integrity error (probably normal behaviour): (pymysql.err.IntegrityError) (1062, "Duplicate entry 'life' for key 'tags.PRIMARY'")
[SQL: INSERT INTO tags (tag) VALUES (%(tag)s)]
[parameters: {'tag': 'life'}]
(Background on this error at: https://sqlalche.me/e/20/gkpj)
2024-10-24T16:13:25.379050+0100 INFO 135797726512832 Row inserted successfully into quotes_tags_link.
2024-10-24T16:13:25.413722+0100 ERROR 135797833467584 Integrity error (probably normal behaviour): (pymysql.err.IntegrityError) (1062, "Duplicate entry 'paraphrased' for key 'tags.PRIMARY'")
[SQL: INSERT INTO tags (tag) VALUES (%(tag)s)]
[parameters: {'tag': 'paraphrased'}]
(Background on this error at: https://sqlalche.me/e/20/gkpj)
2024-10-24T16:13:25.421951+0100 INFO 135797716027072 Row inserted successfully into quotes_tags_link.
2024-10-24T16:13:25.422477+0100 INFO 135797535672000 Row inserted successfully into tags.
2024-10-24T16:13:25.424849+0100 INFO 135797822981824 Row inserted successfully into tags.
2024-10-24T16:13:25.429317+0100 ERROR 135797684569792 Integrity error (probably normal behaviour): (pymysql.err.IntegrityError) (1062, "Duplicate entry 'humor' for key 'tags.PRIMARY'")
[SQL: INSERT INTO tags (tag) VALUES (%(tag)s)]
[parameters: {'tag': 'humor'}]
(Background on this error at: https://sqlalche.me/e/20/gkpj)
2024-10-24T16:13:25.437322+0100 ERROR 135797705541312 Integrity error (probably normal behaviour): (pymysql.err.IntegrityError) (1062, "Duplicate entry 'yourself' for key 'tags.PRIMARY'")
[SQL: INSERT INTO tags (tag) VALUES (%(tag)s)]
[parameters: {'tag': 'yourself'}]
(Background on this error at: https://sqlalche.me/e/20/gkpj)
2024-10-24T16:13:25.447861+0100 INFO 135797525186240 Row inserted successfully into quotes.
2024-10-24T16:13:25.448409+0100 INFO 135797833467584 Row inserted successfully into authors.
2024-10-24T16:13:25.460384+0100 ERROR 135797535672000 Integrity error (probably normal behaviour): (pymysql.err.IntegrityError) (1062, "Duplicate entry 'religion' for key 'tags.PRIMARY'")
[SQL: INSERT INTO tags (tag) VALUES (%(tag)s)]
[parameters: {'tag': 'religion'}]
(Background on this error at: https://sqlalche.me/e/20/gkpj)
2024-10-24T16:13:25.468539+0100 INFO 135797684569792 Row inserted successfully into tags.
2024-10-24T16:13:25.469330+0100 ERROR 135797822981824 Integrity error (probably normal behaviour): (pymysql.err.IntegrityError) (1062, "Duplicate entry 'love' for key 'tags.PRIMARY'")
[SQL: INSERT INTO tags (tag) VALUES (%(tag)s)]
[parameters: {'tag': 'love'}]
(Background on this error at: https://sqlalche.me/e/20/gkpj)
2024-10-24T16:13:25.480845+0100 ERROR 135797726512832 Integrity error (probably normal behaviour): (pymysql.err.IntegrityError) (1062, "Duplicate entry 'inspirational' for key 'tags.PRIMARY'")
[SQL: INSERT INTO tags (tag) VALUES (%(tag)s)]
[parameters: {'tag': 'inspirational'}]
(Background on this error at: https://sqlalche.me/e/20/gkpj)
2024-10-24T16:13:25.485873+0100 INFO 135797705541312 Row inserted successfully into authors.
2024-10-24T16:13:25.492820+0100 INFO 135797525186240 Row inserted successfully into quotes_tags_link.
2024-10-24T16:13:25.498912+0100 INFO 135797833467584 Row inserted successfully into quotes.
2024-10-24T16:13:25.509507+0100 INFO 135797684569792 Row inserted successfully into authors.
2024-10-24T16:13:25.510686+0100 INFO 135797535672000 Row inserted successfully into tags.
2024-10-24T16:13:25.514322+0100 INFO 135797822981824 Row inserted successfully into tags.
2024-10-24T16:13:25.521877+0100 INFO 135797726512832 Row inserted successfully into authors.
2024-10-24T16:13:25.527871+0100 INFO 135797833467584 Row inserted successfully into quotes_tags_link.
2024-10-24T16:13:25.530120+0100 ERROR 135797535672000 Integrity error (probably normal behaviour): (pymysql.err.IntegrityError) (1062, "Duplicate entry 'C.S. Lewis' for key 'authors.PRIMARY'")
[SQL: INSERT INTO authors (author, about) VALUES (%(author)s, %(about)s)]
[parameters: {'author': 'C.S. Lewis', 'about': '/author/C-S-Lewis'}]
(Background on this error at: https://sqlalche.me/e/20/gkpj)
2024-10-24T16:13:25.532038+0100 INFO 135797705541312 Row inserted successfully into quotes.
2024-10-24T16:13:25.532740+0100 INFO 135797684569792 Row inserted successfully into quotes.
2024-10-24T16:13:25.534642+0100 INFO 135797822981824 Row inserted successfully into tags.
2024-10-24T16:13:25.538946+0100 INFO 135797726512832 Row inserted successfully into quotes.
2024-10-24T16:13:25.545357+0100 INFO 135797705541312 Row inserted successfully into quotes_tags_link.
2024-10-24T16:13:25.548099+0100 INFO 135797833467584 Row inserted successfully into tags.
2024-10-24T16:13:25.552580+0100 ERROR 135797833467584 Integrity error (probably normal behaviour): (pymysql.err.IntegrityError) (1062, "Duplicate entry 'Eleanor Roosevelt' for key 'authors.PRIMARY'")
[SQL: INSERT INTO authors (author, about) VALUES (%(author)s, %(about)s)]
[parameters: {'author': 'Eleanor Roosevelt', 'about': '/author/Eleanor-Roosevelt'}]
(Background on this error at: https://sqlalche.me/e/20/gkpj)
2024-10-24T16:13:25.553577+0100 INFO 135797684569792 Row inserted successfully into quotes_tags_link.
2024-10-24T16:13:25.553824+0100 INFO 135797535672000 Row inserted successfully into quotes.
2024-10-24T16:13:25.555591+0100 INFO 135797822981824 Row inserted successfully into authors.
2024-10-24T16:13:25.557367+0100 INFO 135797726512832 Row inserted successfully into quotes_tags_link.
2024-10-24T16:13:25.565906+0100 ERROR 135797684569792 Integrity error (probably normal behaviour): (pymysql.err.IntegrityError) (1062, "Duplicate entry '' for key 'tags.PRIMARY'")
[SQL: INSERT INTO tags (tag) VALUES (%(tag)s)]
[parameters: {'tag': ''}]
(Background on this error at: https://sqlalche.me/e/20/gkpj)
2024-10-24T16:13:25.569934+0100 INFO 135797833467584 Row inserted successfully into quotes.
2024-10-24T16:13:25.575977+0100 INFO 135797535672000 Row inserted successfully into quotes_tags_link.
2024-10-24T16:13:25.577438+0100 INFO 135797822981824 Row inserted successfully into quotes.
2024-10-24T16:13:25.580007+0100 INFO 135797684569792 Row inserted successfully into authors.
2024-10-24T16:13:25.583791+0100 INFO 135797833467584 Row inserted successfully into quotes_tags_link.
2024-10-24T16:13:25.588880+0100 INFO 135797822981824 Row inserted successfully into quotes_tags_link.
2024-10-24T16:13:25.591067+0100 ERROR 135797833467584 Integrity error (probably normal behaviour): (pymysql.err.IntegrityError) (1062, "Duplicate entry 'humor' for key 'tags.PRIMARY'")
[SQL: INSERT INTO tags (tag) VALUES (%(tag)s)]
[parameters: {'tag': 'humor'}]
(Background on this error at: https://sqlalche.me/e/20/gkpj)
2024-10-24T16:13:25.592052+0100 INFO 135797684569792 Row inserted successfully into quotes.
2024-10-24T16:13:25.600696+0100 ERROR 135797822981824 Integrity error (probably normal behaviour): (pymysql.err.IntegrityError) (1062, "Duplicate entry 'books' for key 'tags.PRIMARY'")
[SQL: INSERT INTO tags (tag) VALUES (%(tag)s)]
[parameters: {'tag': 'books'}]
(Background on this error at: https://sqlalche.me/e/20/gkpj)
2024-10-24T16:13:25.605587+0100 INFO 135797833467584 Row inserted successfully into tags.
2024-10-24T16:13:25.607207+0100 INFO 135797684569792 Row inserted successfully into quotes_tags_link.
2024-10-24T16:13:25.611553+0100 ERROR 135797833467584 Integrity error (probably normal behaviour): (pymysql.err.IntegrityError) (1062, "Duplicate entry 'simile' for key 'tags.PRIMARY'")
[SQL: INSERT INTO tags (tag) VALUES (%(tag)s)]
[parameters: {'tag': 'simile'}]
(Background on this error at: https://sqlalche.me/e/20/gkpj)
2024-10-24T16:13:25.616280+0100 INFO 135797822981824 Row inserted successfully into tags.
2024-10-24T16:13:25.616891+0100 ERROR 135797684569792 Integrity error (probably normal behaviour): (pymysql.err.IntegrityError) (1062, "Duplicate entry 'books' for key 'tags.PRIMARY'")
[SQL: INSERT INTO tags (tag) VALUES (%(tag)s)]
[parameters: {'tag': 'books'}]
(Background on this error at: https://sqlalche.me/e/20/gkpj)
2024-10-24T16:13:25.624965+0100 ERROR 135797822981824 Integrity error (probably normal behaviour): (pymysql.err.IntegrityError) (1062, "Duplicate entry 'friends' for key 'tags.PRIMARY'")
[SQL: INSERT INTO tags (tag) VALUES (%(tag)s)]
[parameters: {'tag': 'friends'}]
(Background on this error at: https://sqlalche.me/e/20/gkpj)
2024-10-24T16:13:25.625299+0100 INFO 135797833467584 Row inserted successfully into authors.
2024-10-24T16:13:25.626124+0100 ERROR 135797684569792 Integrity error (probably normal behaviour): (pymysql.err.IntegrityError) (1062, "Duplicate entry 'classic' for key 'tags.PRIMARY'")
[SQL: INSERT INTO tags (tag) VALUES (%(tag)s)]
[parameters: {'tag': 'classic'}]
(Background on this error at: https://sqlalche.me/e/20/gkpj)
2024-10-24T16:13:25.634596+0100 ERROR 135797822981824 Integrity error (probably normal behaviour): (pymysql.err.IntegrityError) (1062, "Duplicate entry 'friendship' for key 'tags.PRIMARY'")
[SQL: INSERT INTO tags (tag) VALUES (%(tag)s)]
[parameters: {'tag': 'friendship'}]
(Background on this error at: https://sqlalche.me/e/20/gkpj)
2024-10-24T16:13:25.636870+0100 ERROR 135797684569792 Integrity error (probably normal behaviour): (pymysql.err.IntegrityError) (1062, "Duplicate entry 'reading' for key 'tags.PRIMARY'")
[SQL: INSERT INTO tags (tag) VALUES (%(tag)s)]
[parameters: {'tag': 'reading'}]
(Background on this error at: https://sqlalche.me/e/20/gkpj)
2024-10-24T16:13:25.642683+0100 INFO 135797833467584 Row inserted successfully into quotes.
2024-10-24T16:13:25.643028+0100 ERROR 135797822981824 Integrity error (probably normal behaviour): (pymysql.err.IntegrityError) (1062, "Duplicate entry 'life' for key 'tags.PRIMARY'")
[SQL: INSERT INTO tags (tag) VALUES (%(tag)s)]
[parameters: {'tag': 'life'}]
(Background on this error at: https://sqlalche.me/e/20/gkpj)
2024-10-24T16:13:25.647815+0100 ERROR 135797684569792 Integrity error (probably normal behaviour): (pymysql.err.IntegrityError) (1062, "Duplicate entry 'Mark Twain' for key 'authors.PRIMARY'")
[SQL: INSERT INTO authors (author, about) VALUES (%(author)s, %(about)s)]
[parameters: {'author': 'Mark Twain', 'about': '/author/Mark-Twain'}]
(Background on this error at: https://sqlalche.me/e/20/gkpj)
2024-10-24T16:13:25.654567+0100 ERROR 135797822981824 Integrity error (probably normal behaviour): (pymysql.err.IntegrityError) (1062, "Duplicate entry 'Mark Twain' for key 'authors.PRIMARY'")
[SQL: INSERT INTO authors (author, about) VALUES (%(author)s, %(about)s)]
[parameters: {'author': 'Mark Twain', 'about': '/author/Mark-Twain'}]
(Background on this error at: https://sqlalche.me/e/20/gkpj)
2024-10-24T16:13:25.656941+0100 INFO 135797833467584 Row inserted successfully into quotes_tags_link.
2024-10-24T16:13:25.660778+0100 INFO 135797684569792 Row inserted successfully into quotes.
2024-10-24T16:13:25.666363+0100 INFO 135797822981824 Row inserted successfully into quotes.
2024-10-24T16:13:25.672390+0100 INFO 135797684569792 Row inserted successfully into quotes_tags_link.
2024-10-24T16:13:25.679091+0100 INFO 135797822981824 Row inserted successfully into quotes_tags_link.
2024-10-24T16:13:25.689461+0100 INFO 135797822981824 Row inserted successfully into tags.
2024-10-24T16:13:25.694074+0100 ERROR 135797822981824 Integrity error (probably normal behaviour): (pymysql.err.IntegrityError) (1062, "Duplicate entry 'life' for key 'tags.PRIMARY'")
[SQL: INSERT INTO tags (tag) VALUES (%(tag)s)]
[parameters: {'tag': 'life'}]
(Background on this error at: https://sqlalche.me/e/20/gkpj)
2024-10-24T16:13:25.704048+0100 INFO 135797822981824 Row inserted successfully into tags.
2024-10-24T16:13:25.714894+0100 INFO 135797822981824 Row inserted successfully into tags.
2024-10-24T16:13:25.724346+0100 INFO 135797822981824 Row inserted successfully into tags.
2024-10-24T16:13:25.735074+0100 INFO 135797822981824 Row inserted successfully into authors.
2024-10-24T16:13:25.747499+0100 INFO 135797822981824 Row inserted successfully into quotes.
2024-10-24T16:13:25.761860+0100 INFO 135797822981824 Row inserted successfully into quotes_tags_link.
2024-10-24T16:13:43.450599+0100 INFO 135797822981824 Successfully fetched the page
2024-10-24T16:13:43.490470+0100 INFO 135797833467584 Successfully fetched the page
2024-10-24T16:13:43.547436+0100 INFO 135797822981824 Row for Albert Einstein updated successfully.
2024-10-24T16:13:43.554504+0100 INFO 135797535672000 Successfully fetched the page
2024-10-24T16:13:43.555542+0100 INFO 135797525186240 Successfully fetched the page
2024-10-24T16:13:43.557253+0100 INFO 135797833467584 Row for Jane Austen updated successfully.
2024-10-24T16:13:43.558923+0100 INFO 135797684569792 Successfully fetched the page
2024-10-24T16:13:43.560289+0100 INFO 135797726512832 Successfully fetched the page
2024-10-24T16:13:43.561391+0100 INFO 135797504214720 Successfully fetched the page
2024-10-24T16:13:43.562876+0100 INFO 135797716027072 Successfully fetched the page
2024-10-24T16:13:43.563777+0100 INFO 135797514700480 Successfully fetched the page
2024-10-24T16:13:43.570788+0100 INFO 135797705541312 Successfully fetched the page
2024-10-24T16:13:43.604024+0100 INFO 135797736998592 Successfully fetched the page
2024-10-24T16:13:43.631788+0100 INFO 135797695055552 Successfully fetched the page
2024-10-24T16:13:43.680700+0100 INFO 135797535672000 Row for Marilyn Monroe updated successfully.
2024-10-24T16:13:43.692713+0100 INFO 135797726512832 Row for Thomas A. Edison updated successfully.
2024-10-24T16:13:43.712609+0100 INFO 135797736998592 Row for Andr Gide updated successfully.
2024-10-24T16:13:43.714828+0100 INFO 135797716027072 Row for Eleanor Roosevelt updated successfully.
2024-10-24T16:13:43.719111+0100 INFO 135797525186240 Row for Dr. Seuss updated successfully.
2024-10-24T16:13:43.743256+0100 INFO 135797695055552 Row for Bob Marley updated successfully.
2024-10-24T16:13:43.743878+0100 INFO 135797514700480 Row for Douglas Adams updated successfully.
2024-10-24T16:13:43.745893+0100 INFO 135797504214720 Row for Elie Wiesel updated successfully.
2024-10-24T16:13:43.746871+0100 INFO 135797684569792 Row for J.K. Rowling updated successfully.
2024-10-24T16:13:43.749509+0100 INFO 135797705541312 Row for Steve Martin updated successfully.
2024-10-24T16:13:44.318918+0100 INFO 135797822981824 Successfully fetched the page
2024-10-24T16:13:44.328977+0100 INFO 135797833467584 Successfully fetched the page
2024-10-24T16:13:44.345062+0100 INFO 135797535672000 Successfully fetched the page
2024-10-24T16:13:44.352551+0100 INFO 135797736998592 Successfully fetched the page
2024-10-24T16:13:44.378102+0100 INFO 135797525186240 Successfully fetched the page
2024-10-24T16:13:44.420478+0100 INFO 135797736998592 Row for Garrison Keillor updated successfully.
2024-10-24T16:13:44.431420+0100 INFO 135797822981824 Row for Friedrich Nietzsche updated successfully.
2024-10-24T16:13:44.434284+0100 INFO 135797525186240 Row for Mother Teresa updated successfully.
2024-10-24T16:13:44.439872+0100 INFO 135797716027072 Successfully fetched the page
2024-10-24T16:13:44.445476+0100 INFO 135797705541312 Successfully fetched the page
2024-10-24T16:13:44.449304+0100 INFO 135797504214720 Successfully fetched the page
2024-10-24T16:13:44.464688+0100 INFO 135797726512832 Successfully fetched the page
2024-10-24T16:13:44.466366+0100 INFO 135797695055552 Successfully fetched the page
2024-10-24T16:13:44.474293+0100 INFO 135797535672000 Row for Allen Saunders updated successfully.
2024-10-24T16:13:44.476373+0100 INFO 135797514700480 Successfully fetched the page
2024-10-24T16:13:44.484590+0100 INFO 135797684569792 Successfully fetched the page
2024-10-24T16:13:44.492532+0100 INFO 135797833467584 Row for Mark Twain updated successfully.
2024-10-24T16:13:44.641011+0100 INFO 135797716027072 Row for Ralph Waldo Emerson updated successfully.
2024-10-24T16:13:44.650923+0100 INFO 135797504214720 Row for Charles M. Schulz updated successfully.
2024-10-24T16:13:44.673213+0100 INFO 135797705541312 Row for George Eliot updated successfully.
2024-10-24T16:13:44.694231+0100 INFO 135797726512832 Row for Pablo Neruda updated successfully.
2024-10-24T16:13:44.723518+0100 INFO 135797695055552 Row for Jim Henson updated successfully.
2024-10-24T16:13:44.726059+0100 INFO 135797684569792 Row for Jorge Luis Borges updated successfully.
2024-10-24T16:13:44.753366+0100 INFO 135797514700480 Row for William Nicholson updated successfully.
2024-10-24T16:13:45.358399+0100 INFO 135797822981824 Successfully fetched the page
2024-10-24T16:13:45.362302+0100 INFO 135797535672000 Successfully fetched the page
2024-10-24T16:13:45.378153+0100 INFO 135797833467584 Successfully fetched the page
2024-10-24T16:13:45.391087+0100 INFO 135797736998592 Successfully fetched the page
2024-10-24T16:13:45.408807+0100 INFO 135797525186240 Successfully fetched the page
2024-10-24T16:13:45.447190+0100 INFO 135797695055552 Successfully fetched the page
2024-10-24T16:13:45.479819+0100 INFO 135797705541312 Successfully fetched the page
2024-10-24T16:13:45.483020+0100 INFO 135797822981824 Row for C.S. Lewis updated successfully.
2024-10-24T16:13:45.486871+0100 INFO 135797736998592 Row for George R.R. Martin updated successfully.
2024-10-24T16:13:45.494456+0100 INFO 135797504214720 Successfully fetched the page
2024-10-24T16:13:45.499576+0100 INFO 135797716027072 Successfully fetched the page
2024-10-24T16:13:45.543525+0100 INFO 135797726512832 Successfully fetched the page
2024-10-24T16:13:45.550041+0100 INFO 135797514700480 Successfully fetched the page
2024-10-24T16:13:45.551751+0100 INFO 135797525186240 Row for Martin Luther King Jr. updated successfully.
2024-10-24T16:13:45.553266+0100 INFO 135797684569792 Successfully fetched the page
2024-10-24T16:13:45.554422+0100 INFO 135797535672000 Row for James Baldwin updated successfully.
2024-10-24T16:13:45.556105+0100 INFO 135797833467584 Row for Haruki Murakami updated successfully.
2024-10-24T16:13:45.667524+0100 INFO 135797695055552 Row for George Bernard Shaw updated successfully.
2024-10-24T16:13:45.686534+0100 INFO 135797504214720 Row for Alexandre Dumas fils updated successfully.
2024-10-24T16:13:45.728966+0100 INFO 135797514700480 Row for Suzanne Collins updated successfully.
2024-10-24T16:13:45.750126+0100 INFO 135797705541312 Row for Helen Keller updated successfully.
2024-10-24T16:13:45.758137+0100 INFO 135797726512832 Row for Ernest Hemingway updated successfully.
2024-10-24T16:13:45.760007+0100 INFO 135797716027072 Row for Stephenie Meyer updated successfully.
2024-10-24T16:13:45.799125+0100 INFO 135797684569792 Row for Charles Bukowski updated successfully.
2024-10-24T16:13:46.190049+0100 INFO 135797822981824 Successfully fetched the page
2024-10-24T16:13:46.246688+0100 INFO 135797736998592 Successfully fetched the page
2024-10-24T16:13:46.248426+0100 INFO 135797822981824 Row for J.R.R. Tolkien updated successfully.
2024-10-24T16:13:46.278662+0100 INFO 135797736998592 Row for Alfred Tennyson updated successfully.
2024-10-24T16:13:46.338346+0100 INFO 135797833467584 Successfully fetched the page
2024-10-24T16:13:46.354370+0100 INFO 135797535672000 Successfully fetched the page
2024-10-24T16:13:46.376578+0100 INFO 135797504214720 Successfully fetched the page
2024-10-24T16:13:46.381435+0100 INFO 135797695055552 Successfully fetched the page
2024-10-24T16:13:46.400034+0100 INFO 135797833467584 Row for George Carlin updated successfully.
2024-10-24T16:13:46.421463+0100 INFO 135797705541312 Successfully fetched the page
2024-10-24T16:13:46.425251+0100 INFO 135797535672000 Row for J.D. Salinger updated successfully.
2024-10-24T16:13:46.458347+0100 INFO 135797514700480 Successfully fetched the page
2024-10-24T16:13:46.483267+0100 INFO 135797684569792 Successfully fetched the page
2024-10-24T16:13:46.486604+0100 INFO 135797716027072 Successfully fetched the page
2024-10-24T16:13:46.517958+0100 INFO 135797525186240 Successfully fetched the page
2024-10-24T16:13:46.606584+0100 INFO 135797726512832 Successfully fetched the page
2024-10-24T16:13:46.639202+0100 INFO 135797695055552 Row for John Lennon updated successfully.
2024-10-24T16:13:46.662717+0100 INFO 135797504214720 Row for W.C. Fields updated successfully.
2024-10-24T16:13:46.693516+0100 INFO 135797514700480 Row for Ayn Rand updated successfully.
2024-10-24T16:13:46.694628+0100 INFO 135797716027072 Row for E.E. Cummings updated successfully.
2024-10-24T16:13:46.695476+0100 INFO 135797726512832 Row for J.M. Barrie updated successfully.
2024-10-24T16:13:46.696108+0100 INFO 135797705541312 Row for Jimi Hendrix updated successfully.
2024-10-24T16:13:46.709792+0100 INFO 135797684569792 Row for Khaled Hosseini updated successfully.
2024-10-24T16:13:46.713819+0100 INFO 135797525186240 Row for Terry Pratchett updated successfully.
2024-10-24T16:13:46.933523+0100 INFO 135797736998592 Successfully fetched the page
2024-10-24T16:13:46.944350+0100 INFO 135797822981824 Successfully fetched the page
2024-10-24T16:13:46.967047+0100 INFO 135797736998592 Row for Madeleine L'Engle updated successfully.
2024-10-24T16:13:46.973572+0100 INFO 135797822981824 Row for Harper Lee updated successfully.
