2024-10-23T18:23:04.745904+0100 INFO 125168153710720 Ensured data directory exists at /home/daxo/code/scraping_quotes/scraping_quotes/data
2024-10-23T18:23:04.775135+0100 INFO 125168153710720 Created database engine for /home/daxo/code/scraping_quotes/scraping_quotes/data/quotes.db
2024-10-23T18:23:04.803355+0100 INFO 125168153710720 Database schema initialized successfully.
2024-10-23T18:23:04.804998+0100 INFO 125168153710720 Tables in the database: ['TestTable', 'authors', 'quotes', 'quotes_tags_link', 'tags']
2024-10-23T18:23:04.805109+0100 ERROR 125168153710720 Not all required tables were created.
2024-10-23T18:23:04.812410+0100 INFO 125168153710720 Database schema initialized successfully.
2024-10-23T18:23:04.813947+0100 INFO 125168153710720 Tables in the database: ['TestTable', 'authors', 'quotes', 'quotes_tags_link', 'tags']
2024-10-23T18:23:04.814054+0100 ERROR 125168153710720 Not all required tables were created.
2024-10-23T18:23:04.830252+0100 INFO 125168153710720 All tables truncated successfully.
2024-10-23T18:23:04.836350+0100 INFO 125168153710720 Database initialized successfully with new records.
2024-10-23T18:23:05.514099+0100 INFO 125168153710720 Successfully fetched the page
2024-10-23T18:23:06.193663+0100 INFO 125168153710720 Successfully fetched the page
2024-10-23T18:23:06.833573+0100 INFO 125167707621056 Successfully fetched the page
2024-10-23T18:23:06.835668+0100 INFO 125167625832128 Successfully fetched the page
2024-10-23T18:23:06.843409+0100 INFO 125167604860608 Successfully fetched the page
2024-10-23T18:23:06.886579+0100 INFO 125167728592576 Successfully fetched the page
2024-10-23T18:23:06.888464+0100 INFO 125167594374848 Successfully fetched the page
2024-10-23T18:23:06.897077+0100 INFO 125167573403328 Successfully fetched the page
2024-10-23T18:23:06.904077+0100 INFO 125167424505536 Successfully fetched the page
2024-10-23T18:23:06.905443+0100 INFO 125167583889088 Successfully fetched the page
2024-10-23T18:23:06.906648+0100 INFO 125167615346368 Successfully fetched the page
2024-10-23T18:23:07.004216+0100 INFO 125167718106816 Successfully fetched the page
2024-10-23T18:23:07.354065+0100 INFO 125167594374848 Row inserted successfully into tags.
2024-10-23T18:23:07.369526+0100 INFO 125167728592576 Row inserted successfully into tags.
2024-10-23T18:23:07.374298+0100 INFO 125167594374848 Row inserted successfully into authors.
2024-10-23T18:23:07.378875+0100 INFO 125167707621056 Row inserted successfully into tags.
2024-10-23T18:23:07.383206+0100 INFO 125167424505536 Row inserted successfully into tags.
2024-10-23T18:23:07.389051+0100 INFO 125167728592576 Row inserted successfully into authors.
2024-10-23T18:23:07.399870+0100 INFO 125167573403328 Row inserted successfully into tags.
2024-10-23T18:23:07.403517+0100 INFO 125167615346368 Row inserted successfully into tags.
2024-10-23T18:23:07.409521+0100 INFO 125167594374848 Row inserted successfully into quotes.
2024-10-23T18:23:07.413567+0100 INFO 125167625832128 Row inserted successfully into tags.
2024-10-23T18:23:07.419088+0100 INFO 125167583889088 Row inserted successfully into tags.
2024-10-23T18:23:07.419810+0100 INFO 125167707621056 Row inserted successfully into authors.
2024-10-23T18:23:07.424740+0100 INFO 125167728592576 Row inserted successfully into quotes.
2024-10-23T18:23:07.434754+0100 INFO 125167573403328 Row inserted successfully into authors.
2024-10-23T18:23:07.440577+0100 INFO 125167625832128 Row inserted successfully into authors.
2024-10-23T18:23:07.444628+0100 INFO 125167718106816 Row inserted successfully into tags.
2024-10-23T18:23:07.445385+0100 INFO 125167615346368 Row inserted successfully into authors.
2024-10-23T18:23:07.445801+0100 INFO 125167424505536 Row inserted successfully into authors.
2024-10-23T18:23:07.446262+0100 INFO 125167604860608 Row inserted successfully into tags.
2024-10-23T18:23:07.450173+0100 INFO 125167583889088 Row inserted successfully into authors.
2024-10-23T18:23:07.452086+0100 INFO 125167728592576 Row inserted successfully into quotes_tags_link.
2024-10-23T18:23:07.459711+0100 INFO 125167707621056 Row inserted successfully into quotes.
2024-10-23T18:23:07.462785+0100 INFO 125167573403328 Row inserted successfully into quotes.
2024-10-23T18:23:07.475696+0100 INFO 125167594374848 Row inserted successfully into quotes_tags_link.
2024-10-23T18:23:07.482478+0100 INFO 125167625832128 Row inserted successfully into quotes.
2024-10-23T18:23:07.490953+0100 INFO 125167424505536 Row inserted successfully into quotes.
2024-10-23T18:23:07.493028+0100 INFO 125167718106816 Row inserted successfully into authors.
2024-10-23T18:23:07.495439+0100 INFO 125167604860608 Row inserted successfully into authors.
2024-10-23T18:23:07.500963+0100 INFO 125167615346368 Row inserted successfully into quotes.
2024-10-23T18:23:07.508853+0100 INFO 125167583889088 Row inserted successfully into quotes.
2024-10-23T18:23:07.514623+0100 INFO 125167707621056 Row inserted successfully into quotes_tags_link.
2024-10-23T18:23:07.528834+0100 INFO 125167573403328 Row inserted successfully into quotes_tags_link.
2024-10-23T18:23:07.541640+0100 INFO 125167625832128 Row inserted successfully into quotes_tags_link.
2024-10-23T18:23:07.542464+0100 INFO 125167718106816 Row inserted successfully into quotes.
2024-10-23T18:23:07.545918+0100 INFO 125167615346368 Row inserted successfully into quotes_tags_link.
2024-10-23T18:23:07.546679+0100 INFO 125167424505536 Row inserted successfully into quotes_tags_link.
2024-10-23T18:23:07.549608+0100 INFO 125167604860608 Row inserted successfully into quotes.
2024-10-23T18:23:07.553604+0100 INFO 125167583889088 Row inserted successfully into quotes_tags_link.
2024-10-23T18:23:07.560553+0100 INFO 125167718106816 Row inserted successfully into quotes_tags_link.
2024-10-23T18:23:07.564765+0100 INFO 125167604860608 Row inserted successfully into quotes_tags_link.
2024-10-23T18:23:08.174349+0100 INFO 125167707621056 Successfully fetched the page
2024-10-23T18:23:08.176223+0100 INFO 125167424505536 Successfully fetched the page
2024-10-23T18:23:08.191613+0100 INFO 125167583889088 Successfully fetched the page
2024-10-23T18:23:08.193257+0100 INFO 125167625832128 Successfully fetched the page
2024-10-23T18:23:08.201563+0100 INFO 125167718106816 Successfully fetched the page
2024-10-23T18:23:08.213999+0100 INFO 125167615346368 Successfully fetched the page
2024-10-23T18:23:08.215482+0100 INFO 125167604860608 Successfully fetched the page
2024-10-23T18:23:08.220815+0100 INFO 125167414019776 Successfully fetched the page
2024-10-23T18:23:08.222569+0100 INFO 125167393048256 Successfully fetched the page
2024-10-23T18:23:08.239625+0100 INFO 125167573403328 Successfully fetched the page
2024-10-23T18:23:08.243655+0100 INFO 125167403534016 Successfully fetched the page
2024-10-23T18:23:08.287482+0100 INFO 125167594374848 Successfully fetched the page
2024-10-23T18:23:08.299847+0100 ERROR 125167707621056 Error updating André Gide row: No row was found when one was required
2024-10-23T18:23:08.318586+0100 ERROR 125167625832128 Error updating Thomas A. Edison row: No row was found when one was required
2024-10-23T18:23:08.325312+0100 ERROR 125167583889088 Error updating Jane Austen row: No row was found when one was required
2024-10-23T18:23:08.330515+0100 ERROR 125167718106816 Error updating J.K. Rowling row: No row was found when one was required
2024-10-23T18:23:08.344834+0100 ERROR 125167424505536 Error updating Marilyn Monroe row: No row was found when one was required
2024-10-23T18:23:08.385279+0100 INFO 125167594374848 Row for Steve Martin updated successfully.
2024-10-23T18:23:08.398924+0100 ERROR 125167615346368 Error updating Eleanor Roosevelt row: No row was found when one was required
2024-10-23T18:23:08.402955+0100 ERROR 125167393048256 Error updating Elie Wiesel row: No row was found when one was required
2024-10-23T18:23:08.405243+0100 ERROR 125167403534016 Error updating Douglas Adams row: No row was found when one was required
2024-10-23T18:23:08.415629+0100 INFO 125167573403328 Row for Bob Marley updated successfully.
2024-10-23T18:23:08.431177+0100 ERROR 125167604860608 Error updating Albert Einstein row: No row was found when one was required
2024-10-23T18:23:08.436028+0100 INFO 125167414019776 Row for Dr. Seuss updated successfully.
2024-10-23T18:23:08.914017+0100 INFO 125167707621056 Successfully fetched the page
2024-10-23T18:23:08.923057+0100 INFO 125167625832128 Successfully fetched the page
2024-10-23T18:23:08.941467+0100 ERROR 125167707621056 Error updating Friedrich Nietzsche row: No row was found when one was required
2024-10-23T18:23:08.956380+0100 INFO 125167625832128 Row for Mark Twain updated successfully.
2024-10-23T18:23:08.961583+0100 INFO 125167424505536 Successfully fetched the page
2024-10-23T18:23:08.981212+0100 INFO 125167583889088 Successfully fetched the page
2024-10-23T18:23:08.988260+0100 INFO 125167718106816 Successfully fetched the page
2024-10-23T18:23:09.010383+0100 INFO 125167393048256 Successfully fetched the page
2024-10-23T18:23:09.012693+0100 INFO 125167403534016 Successfully fetched the page
2024-10-23T18:23:09.024900+0100 INFO 125167594374848 Successfully fetched the page
2024-10-23T18:23:09.114163+0100 ERROR 125167424505536 Error updating Ralph Waldo Emerson row: No row was found when one was required
2024-10-23T18:23:09.162211+0100 ERROR 125167718106816 Error updating Pablo Neruda row: No row was found when one was required
2024-10-23T18:23:09.170226+0100 ERROR 125167393048256 Error updating Jim Henson row: No row was found when one was required
2024-10-23T18:23:09.172868+0100 ERROR 125167594374848 Error updating Mother Teresa row: No row was found when one was required
2024-10-23T18:23:09.179039+0100 ERROR 125167403534016 Error updating Charles M. Schulz row: No row was found when one was required
2024-10-23T18:23:09.183671+0100 INFO 125167615346368 Successfully fetched the page
2024-10-23T18:23:09.191243+0100 INFO 125167583889088 Row for Allen Saunders updated successfully.
2024-10-23T18:23:09.195844+0100 INFO 125167604860608 Successfully fetched the page
2024-10-23T18:23:09.198659+0100 INFO 125167573403328 Successfully fetched the page
2024-10-23T18:23:09.212876+0100 INFO 125167414019776 Successfully fetched the page
2024-10-23T18:23:09.242464+0100 ERROR 125167615346368 Error updating Garrison Keillor row: No row was found when one was required
2024-10-23T18:23:09.249694+0100 ERROR 125167573403328 Error updating William Nicholson row: No row was found when one was required
2024-10-23T18:23:09.249984+0100 ERROR 125167604860608 Error updating Jorge Luis Borges row: No row was found when one was required
2024-10-23T18:23:09.262912+0100 INFO 125167414019776 Row for George Eliot updated successfully.
2024-10-23T18:23:09.742319+0100 INFO 125167707621056 Successfully fetched the page
2024-10-23T18:23:09.767807+0100 INFO 125167707621056 Row for George R.R. Martin updated successfully.
2024-10-23T18:23:09.773690+0100 INFO 125167625832128 Successfully fetched the page
2024-10-23T18:23:09.805432+0100 INFO 125167625832128 Row for C.S. Lewis updated successfully.
2024-10-23T18:23:09.932172+0100 INFO 125167393048256 Successfully fetched the page
2024-10-23T18:23:09.942331+0100 INFO 125167583889088 Successfully fetched the page
2024-10-23T18:23:09.949852+0100 INFO 125167403534016 Successfully fetched the page
2024-10-23T18:23:09.955148+0100 INFO 125167604860608 Successfully fetched the page
2024-10-23T18:23:09.963298+0100 INFO 125167718106816 Successfully fetched the page
2024-10-23T18:23:09.964825+0100 INFO 125167424505536 Successfully fetched the page
2024-10-23T18:23:09.966405+0100 INFO 125167573403328 Successfully fetched the page
2024-10-23T18:23:09.977515+0100 INFO 125167414019776 Successfully fetched the page
2024-10-23T18:23:09.982204+0100 INFO 125167594374848 Successfully fetched the page
2024-10-23T18:23:10.003285+0100 INFO 125167615346368 Successfully fetched the page
2024-10-23T18:23:10.020759+0100 ERROR 125167604860608 Error updating Charles Bukowski row: No row was found when one was required
2024-10-23T18:23:10.039204+0100 ERROR 125167393048256 Error updating Haruki Murakami row: No row was found when one was required
2024-10-23T18:23:10.066958+0100 ERROR 125167424505536 Error updating Martin Luther King Jr. row: No row was found when one was required
2024-10-23T18:23:10.069590+0100 ERROR 125167583889088 Error updating Ernest Hemingway row: No row was found when one was required
2024-10-23T18:23:10.072343+0100 ERROR 125167403534016 Error updating Stephenie Meyer row: No row was found when one was required
2024-10-23T18:23:10.087789+0100 ERROR 125167414019776 Error updating Suzanne Collins row: No row was found when one was required
2024-10-23T18:23:10.096089+0100 ERROR 125167594374848 Error updating Alexandre Dumas fils row: No row was found when one was required
2024-10-23T18:23:10.133364+0100 ERROR 125167615346368 Error updating Helen Keller row: No row was found when one was required
2024-10-23T18:23:10.137448+0100 INFO 125167573403328 Row for George Bernard Shaw updated successfully.
2024-10-23T18:23:10.147296+0100 INFO 125167718106816 Row for James Baldwin updated successfully.
2024-10-23T18:23:10.437932+0100 INFO 125167625832128 Successfully fetched the page
2024-10-23T18:23:10.465633+0100 ERROR 125167625832128 Error updating Alfred Tennyson row: No row was found when one was required
2024-10-23T18:23:10.511473+0100 INFO 125167707621056 Successfully fetched the page
2024-10-23T18:23:10.529339+0100 ERROR 125167707621056 Error updating J.R.R. Tolkien row: No row was found when one was required
2024-10-23T18:23:10.651646+0100 INFO 125167393048256 Successfully fetched the page
2024-10-23T18:23:10.662976+0100 INFO 125167604860608 Successfully fetched the page
2024-10-23T18:23:10.676977+0100 ERROR 125167393048256 Error updating J.D. Salinger row: No row was found when one was required
2024-10-23T18:23:10.681358+0100 ERROR 125167604860608 Error updating Terry Pratchett row: No row was found when one was required
2024-10-23T18:23:10.684555+0100 INFO 125167414019776 Successfully fetched the page
2024-10-23T18:23:10.692650+0100 INFO 125167583889088 Successfully fetched the page
2024-10-23T18:23:10.702799+0100 INFO 125167403534016 Successfully fetched the page
2024-10-23T18:23:10.728536+0100 ERROR 125167414019776 Error updating Ayn Rand row: No row was found when one was required
2024-10-23T18:23:10.731986+0100 ERROR 125167403534016 Error updating W.C. Fields row: No row was found when one was required
2024-10-23T18:23:10.732856+0100 ERROR 125167583889088 Error updating John Lennon row: No row was found when one was required
2024-10-23T18:23:10.839927+0100 INFO 125167424505536 Successfully fetched the page
2024-10-23T18:23:10.865922+0100 ERROR 125167424505536 Error updating George Carlin row: No row was found when one was required
2024-10-23T18:23:10.946171+0100 INFO 125167573403328 Successfully fetched the page
2024-10-23T18:23:10.948554+0100 INFO 125167615346368 Successfully fetched the page
2024-10-23T18:23:10.956130+0100 INFO 125167594374848 Successfully fetched the page
2024-10-23T18:23:10.958243+0100 INFO 125167718106816 Successfully fetched the page
2024-10-23T18:23:11.008439+0100 ERROR 125167573403328 Error updating E.E. Cummings row: No row was found when one was required
2024-10-23T18:23:11.020702+0100 ERROR 125167718106816 Error updating Khaled Hosseini row: No row was found when one was required
2024-10-23T18:23:11.022219+0100 ERROR 125167594374848 Error updating Jimi Hendrix row: No row was found when one was required
2024-10-23T18:23:11.024405+0100 ERROR 125167615346368 Error updating J.M. Barrie row: No row was found when one was required
2024-10-23T18:23:11.350600+0100 INFO 125167625832128 Successfully fetched the page
2024-10-23T18:23:11.366474+0100 ERROR 125167625832128 Error updating Harper Lee row: No row was found when one was required
2024-10-23T18:23:11.555919+0100 INFO 125167707621056 Successfully fetched the page
2024-10-23T18:23:11.572170+0100 ERROR 125167707621056 Error updating Madeleine L'Engle row: No row was found when one was required
