2024-10-23T20:57:37.181375+0100 INFO 128139411366016 Ensured data directory exists at /home/daxo/code/scraping_quotes/scraping_quotes/data
2024-10-23T20:57:37.209856+0100 INFO 128139411366016 Created database engine for /home/daxo/code/scraping_quotes/scraping_quotes/data/quotes.db
2024-10-23T20:57:37.239606+0100 INFO 128139411366016 Database schema initialized successfully.
2024-10-23T20:57:37.241491+0100 INFO 128139411366016 Tables in the database: ['TestTable', 'authors', 'quotes', 'quotes_tags_link', 'tags']
2024-10-23T20:57:37.241610+0100 ERROR 128139411366016 Not all required tables were created.
2024-10-23T20:57:37.249486+0100 INFO 128139411366016 Database schema initialized successfully.
2024-10-23T20:57:37.251276+0100 INFO 128139411366016 Tables in the database: ['TestTable', 'authors', 'quotes', 'quotes_tags_link', 'tags']
2024-10-23T20:57:37.251390+0100 ERROR 128139411366016 Not all required tables were created.
2024-10-23T20:57:37.267270+0100 INFO 128139411366016 All tables truncated successfully.
2024-10-23T20:57:37.267813+0100 INFO 128139411366016 Database initialized successfully with new records.
2024-10-23T20:57:38.167885+0100 INFO 128139411366016 Successfully fetched the page
2024-10-23T20:57:39.303956+0100 INFO 128139411366016 Successfully fetched the page
2024-10-23T20:57:39.941702+0100 INFO 128138860299968 Successfully fetched the page
2024-10-23T20:57:39.974570+0100 INFO 128138818356928 Successfully fetched the page
2024-10-23T20:57:39.976253+0100 INFO 128138954671808 Successfully fetched the page
2024-10-23T20:57:39.988766+0100 INFO 128138839328448 Successfully fetched the page
2024-10-23T20:57:39.997088+0100 INFO 128138828842688 Successfully fetched the page
2024-10-23T20:57:39.998757+0100 INFO 128138965157568 Successfully fetched the page
2024-10-23T20:57:40.023342+0100 INFO 128138986129088 Successfully fetched the page
2024-10-23T20:57:40.065111+0100 INFO 128138870785728 Successfully fetched the page
2024-10-23T20:57:40.098303+0100 INFO 128138849814208 Successfully fetched the page
2024-10-23T20:57:40.226715+0100 INFO 128138860299968 Row inserted successfully into tags.
2024-10-23T20:57:40.279116+0100 INFO 128138975643328 Successfully fetched the page
2024-10-23T20:57:40.289253+0100 INFO 128138839328448 Row inserted successfully into tags.
2024-10-23T20:57:40.405051+0100 INFO 128138849814208 Row inserted successfully into tags.
2024-10-23T20:57:40.413392+0100 INFO 128138965157568 Row inserted successfully into tags.
2024-10-23T20:57:40.414663+0100 INFO 128138986129088 Row inserted successfully into tags.
2024-10-23T20:57:40.417959+0100 INFO 128138954671808 Row inserted successfully into tags.
2024-10-23T20:57:40.419454+0100 INFO 128138818356928 Row inserted successfully into tags.
2024-10-23T20:57:40.420456+0100 INFO 128138870785728 Row inserted successfully into tags.
2024-10-23T20:57:40.422139+0100 INFO 128138839328448 Row inserted successfully into tags.
2024-10-23T20:57:40.429567+0100 INFO 128138860299968 Row inserted successfully into tags.
2024-10-23T20:57:40.435095+0100 INFO 128138849814208 Row inserted successfully into authors.
2024-10-23T20:57:40.439082+0100 INFO 128138965157568 Row inserted successfully into tags.
2024-10-23T20:57:40.442517+0100 INFO 128138954671808 Row inserted successfully into tags.
2024-10-23T20:57:40.443004+0100 INFO 128138986129088 Row inserted successfully into tags.
2024-10-23T20:57:40.443408+0100 INFO 128138975643328 Row inserted successfully into tags.
2024-10-23T20:57:40.447742+0100 INFO 128138870785728 Row inserted successfully into tags.
2024-10-23T20:57:40.448867+0100 INFO 128138828842688 Row inserted successfully into tags.
2024-10-23T20:57:40.450313+0100 INFO 128138818356928 Row inserted successfully into authors.
2024-10-23T20:57:40.454747+0100 INFO 128138860299968 Row inserted successfully into authors.
2024-10-23T20:57:40.458597+0100 INFO 128138839328448 Row inserted successfully into authors.
2024-10-23T20:57:40.459565+0100 INFO 128138954671808 Row inserted successfully into tags.
2024-10-23T20:57:40.465081+0100 INFO 128138849814208 Row inserted successfully into quotes.
2024-10-23T20:57:40.468462+0100 INFO 128138965157568 Row inserted successfully into authors.
2024-10-23T20:57:40.470751+0100 INFO 128138986129088 Row inserted successfully into tags.
2024-10-23T20:57:40.474831+0100 INFO 128138975643328 Row inserted successfully into tags.
2024-10-23T20:57:40.478374+0100 INFO 128138839328448 Row inserted successfully into quotes.
2024-10-23T20:57:40.481451+0100 INFO 128138828842688 Row inserted successfully into authors.
2024-10-23T20:57:40.482846+0100 INFO 128138860299968 Row inserted successfully into quotes.
2024-10-23T20:57:40.483370+0100 INFO 128138818356928 Row inserted successfully into quotes.
2024-10-23T20:57:40.484731+0100 INFO 128138870785728 Row inserted successfully into tags.
2024-10-23T20:57:40.485161+0100 INFO 128138954671808 Row inserted successfully into authors.
2024-10-23T20:57:40.489591+0100 INFO 128138849814208 Row inserted successfully into quotes_tags_link.
2024-10-23T20:57:40.494493+0100 INFO 128138986129088 Row inserted successfully into tags.
2024-10-23T20:57:40.500938+0100 INFO 128138965157568 Row inserted successfully into quotes.
2024-10-23T20:57:40.502175+0100 INFO 128138839328448 Row inserted successfully into quotes_tags_link.
2024-10-23T20:57:40.503154+0100 INFO 128138975643328 Row inserted successfully into tags.
2024-10-23T20:57:40.506456+0100 INFO 128138860299968 Row inserted successfully into quotes_tags_link.
2024-10-23T20:57:40.508661+0100 INFO 128138828842688 Row inserted successfully into quotes.
2024-10-23T20:57:40.514915+0100 INFO 128138954671808 Row inserted successfully into quotes.
2024-10-23T20:57:40.515788+0100 INFO 128138870785728 Row inserted successfully into tags.
2024-10-23T20:57:40.518429+0100 INFO 128138849814208 Row inserted successfully into tags.
2024-10-23T20:57:40.525923+0100 INFO 128138818356928 Row inserted successfully into quotes_tags_link.
2024-10-23T20:57:40.528260+0100 INFO 128138986129088 Row inserted successfully into authors.
2024-10-23T20:57:40.529371+0100 INFO 128138975643328 Row inserted successfully into tags.
2024-10-23T20:57:40.534287+0100 INFO 128138828842688 Row inserted successfully into quotes_tags_link.
2024-10-23T20:57:40.537643+0100 INFO 128138954671808 Row inserted successfully into quotes_tags_link.
2024-10-23T20:57:40.542081+0100 INFO 128138839328448 Row inserted successfully into tags.
2024-10-23T20:57:40.544350+0100 INFO 128138860299968 Row inserted successfully into tags.
2024-10-23T20:57:40.545313+0100 INFO 128138965157568 Row inserted successfully into quotes_tags_link.
2024-10-23T20:57:40.548406+0100 INFO 128138870785728 Row inserted successfully into authors.
2024-10-23T20:57:40.549138+0100 INFO 128138818356928 Row inserted successfully into tags.
2024-10-23T20:57:40.553777+0100 INFO 128138849814208 Row inserted successfully into authors.
2024-10-23T20:57:40.560984+0100 INFO 128138975643328 Row inserted successfully into tags.
2024-10-23T20:57:40.565366+0100 INFO 128138986129088 Row inserted successfully into quotes.
2024-10-23T20:57:40.575290+0100 INFO 128138954671808 Row inserted successfully into tags.
2024-10-23T20:57:40.578538+0100 INFO 128138839328448 Row inserted successfully into authors.
2024-10-23T20:57:40.580010+0100 INFO 128138860299968 Row inserted successfully into tags.
2024-10-23T20:57:40.585788+0100 INFO 128138828842688 Row inserted successfully into tags.
2024-10-23T20:57:40.596317+0100 INFO 128138870785728 Row inserted successfully into quotes.
2024-10-23T20:57:40.597182+0100 INFO 128138965157568 Row inserted successfully into tags.
2024-10-23T20:57:40.600526+0100 INFO 128138818356928 Row inserted successfully into tags.
2024-10-23T20:57:40.612223+0100 INFO 128138954671808 Row inserted successfully into authors.
2024-10-23T20:57:40.615488+0100 INFO 128138975643328 Row inserted successfully into tags.
2024-10-23T20:57:40.619188+0100 INFO 128138849814208 Row inserted successfully into quotes.
2024-10-23T20:57:40.621390+0100 INFO 128138986129088 Row inserted successfully into quotes_tags_link.
2024-10-23T20:57:40.624337+0100 INFO 128138839328448 Row inserted successfully into quotes.
2024-10-23T20:57:40.630469+0100 INFO 128138860299968 Row inserted successfully into tags.
2024-10-23T20:57:40.638240+0100 INFO 128138828842688 Row inserted successfully into tags.
2024-10-23T20:57:40.651461+0100 INFO 128138870785728 Row inserted successfully into quotes_tags_link.
2024-10-23T20:57:40.666292+0100 INFO 128138954671808 Row inserted successfully into quotes.
2024-10-23T20:57:40.681526+0100 INFO 128138965157568 Row inserted successfully into authors.
2024-10-23T20:57:40.687017+0100 INFO 128138839328448 Row inserted successfully into quotes_tags_link.
2024-10-23T20:57:40.688433+0100 INFO 128138986129088 Row inserted successfully into tags.
2024-10-23T20:57:40.702128+0100 INFO 128138818356928 Row inserted successfully into authors.
2024-10-23T20:57:40.704272+0100 INFO 128138954671808 Row inserted successfully into quotes_tags_link.
2024-10-23T20:57:40.706365+0100 INFO 128138975643328 Row inserted successfully into authors.
2024-10-23T20:57:40.716004+0100 INFO 128138860299968 Row inserted successfully into authors.
2024-10-23T20:57:40.716977+0100 INFO 128138849814208 Row inserted successfully into quotes_tags_link.
2024-10-23T20:57:40.719314+0100 INFO 128138965157568 Row inserted successfully into quotes.
2024-10-23T20:57:40.722043+0100 INFO 128138870785728 Row inserted successfully into tags.
2024-10-23T20:57:40.734085+0100 INFO 128138986129088 Row inserted successfully into tags.
2024-10-23T20:57:40.736043+0100 INFO 128138828842688 Row inserted successfully into tags.
2024-10-23T20:57:40.737258+0100 INFO 128138839328448 Row inserted successfully into tags.
2024-10-23T20:57:40.740539+0100 INFO 128138818356928 Row inserted successfully into quotes.
2024-10-23T20:57:40.757279+0100 INFO 128138954671808 Row inserted successfully into tags.
2024-10-23T20:57:40.758355+0100 INFO 128138975643328 Row inserted successfully into quotes.
2024-10-23T20:57:40.762951+0100 INFO 128138860299968 Row inserted successfully into quotes.
2024-10-23T20:57:40.770828+0100 INFO 128138965157568 Row inserted successfully into quotes_tags_link.
2024-10-23T20:57:40.775906+0100 INFO 128138849814208 Row inserted successfully into tags.
2024-10-23T20:57:40.783864+0100 INFO 128138828842688 Row inserted successfully into tags.
2024-10-23T20:57:40.788775+0100 INFO 128138839328448 Row inserted successfully into tags.
2024-10-23T20:57:40.790929+0100 INFO 128138986129088 Row inserted successfully into authors.
2024-10-23T20:57:40.797093+0100 INFO 128138870785728 Row inserted successfully into tags.
2024-10-23T20:57:40.805073+0100 INFO 128138975643328 Row inserted successfully into quotes_tags_link.
2024-10-23T20:57:40.813235+0100 INFO 128138818356928 Row inserted successfully into quotes_tags_link.
2024-10-23T20:57:40.819190+0100 INFO 128138860299968 Row inserted successfully into quotes_tags_link.
2024-10-23T20:57:40.822322+0100 INFO 128138954671808 Row inserted successfully into authors.
2024-10-23T20:57:40.831789+0100 INFO 128138849814208 Row inserted successfully into authors.
2024-10-23T20:57:40.840641+0100 INFO 128138965157568 Row inserted successfully into tags.
2024-10-23T20:57:40.843518+0100 INFO 128138986129088 Row inserted successfully into quotes.
2024-10-23T20:57:40.853569+0100 INFO 128138975643328 Row inserted successfully into tags.
2024-10-23T20:57:40.858795+0100 INFO 128138828842688 Row inserted successfully into authors.
2024-10-23T20:57:40.868693+0100 INFO 128138870785728 Row inserted successfully into tags.
2024-10-23T20:57:40.869564+0100 INFO 128138839328448 Row inserted successfully into tags.
2024-10-23T20:57:40.872132+0100 INFO 128138818356928 Row inserted successfully into tags.
2024-10-23T20:57:40.873600+0100 INFO 128138954671808 Row inserted successfully into quotes.
2024-10-23T20:57:40.880229+0100 INFO 128138860299968 Row inserted successfully into tags.
2024-10-23T20:57:40.895081+0100 INFO 128138975643328 Row inserted successfully into tags.
2024-10-23T20:57:40.901347+0100 INFO 128138828842688 Row inserted successfully into quotes.
2024-10-23T20:57:40.906095+0100 INFO 128138986129088 Row inserted successfully into quotes_tags_link.
2024-10-23T20:57:40.909406+0100 INFO 128138849814208 Row inserted successfully into quotes.
2024-10-23T20:57:40.911567+0100 INFO 128138965157568 Row inserted successfully into authors.
2024-10-23T20:57:40.917038+0100 INFO 128138839328448 Row inserted successfully into authors.
2024-10-23T20:57:40.920836+0100 INFO 128138954671808 Row inserted successfully into quotes_tags_link.
2024-10-23T20:57:40.923271+0100 INFO 128138870785728 Row inserted successfully into tags.
2024-10-23T20:57:40.934658+0100 INFO 128138860299968 Row inserted successfully into authors.
2024-10-23T20:57:40.935744+0100 INFO 128138818356928 Row inserted successfully into tags.
2024-10-23T20:57:40.943202+0100 INFO 128138828842688 Row inserted successfully into quotes_tags_link.
2024-10-23T20:57:40.949517+0100 INFO 128138849814208 Row inserted successfully into quotes_tags_link.
2024-10-23T20:57:40.956991+0100 INFO 128138986129088 Row inserted successfully into tags.
2024-10-23T20:57:40.965908+0100 INFO 128138975643328 Row inserted successfully into authors.
2024-10-23T20:57:40.969346+0100 INFO 128138839328448 Row inserted successfully into quotes.
2024-10-23T20:57:40.975763+0100 INFO 128138965157568 Row inserted successfully into quotes.
2024-10-23T20:57:40.980190+0100 INFO 128138954671808 Row inserted successfully into tags.
2024-10-23T20:57:40.983847+0100 INFO 128138828842688 Row inserted successfully into tags.
2024-10-23T20:57:40.988710+0100 INFO 128138870785728 Row inserted successfully into authors.
2024-10-23T20:57:41.001096+0100 INFO 128138860299968 Row inserted successfully into quotes.
2024-10-23T20:57:41.005328+0100 INFO 128138818356928 Row inserted successfully into authors.
2024-10-23T20:57:41.006950+0100 INFO 128138849814208 Row inserted successfully into tags.
2024-10-23T20:57:41.027440+0100 INFO 128138986129088 Row inserted successfully into tags.
2024-10-23T20:57:41.028766+0100 INFO 128138954671808 Row inserted successfully into tags.
2024-10-23T20:57:41.033593+0100 INFO 128138839328448 Row inserted successfully into quotes_tags_link.
2024-10-23T20:57:41.037842+0100 INFO 128138975643328 Row inserted successfully into quotes.
2024-10-23T20:57:41.040281+0100 INFO 128138965157568 Row inserted successfully into quotes_tags_link.
2024-10-23T20:57:41.045588+0100 INFO 128138860299968 Row inserted successfully into quotes_tags_link.
2024-10-23T20:57:41.047093+0100 INFO 128138828842688 Row inserted successfully into authors.
2024-10-23T20:57:41.048097+0100 INFO 128138818356928 Row inserted successfully into quotes.
2024-10-23T20:57:41.049887+0100 INFO 128138870785728 Row inserted successfully into quotes.
2024-10-23T20:57:41.056506+0100 INFO 128138849814208 Row inserted successfully into authors.
2024-10-23T20:57:41.080100+0100 INFO 128138860299968 Row inserted successfully into tags.
2024-10-23T20:57:41.082107+0100 INFO 128138986129088 Row inserted successfully into tags.
2024-10-23T20:57:41.090786+0100 INFO 128138954671808 Row inserted successfully into authors.
2024-10-23T20:57:41.098475+0100 INFO 128138839328448 Row inserted successfully into tags.
2024-10-23T20:57:41.102857+0100 INFO 128138975643328 Row inserted successfully into quotes_tags_link.
2024-10-23T20:57:41.104255+0100 INFO 128138828842688 Row inserted successfully into quotes.
2024-10-23T20:57:41.112388+0100 INFO 128138965157568 Row inserted successfully into tags.
2024-10-23T20:57:41.114327+0100 INFO 128138870785728 Row inserted successfully into quotes_tags_link.
2024-10-23T20:57:41.121424+0100 INFO 128138818356928 Row inserted successfully into quotes_tags_link.
2024-10-23T20:57:41.123911+0100 INFO 128138986129088 Row inserted successfully into tags.
2024-10-23T20:57:41.130844+0100 INFO 128138860299968 Row inserted successfully into authors.
2024-10-23T20:57:41.133324+0100 INFO 128138849814208 Row inserted successfully into quotes.
2024-10-23T20:57:41.143390+0100 INFO 128138839328448 Row inserted successfully into tags.
2024-10-23T20:57:41.147201+0100 INFO 128138975643328 Row inserted successfully into tags.
2024-10-23T20:57:41.148915+0100 INFO 128138954671808 Row inserted successfully into quotes.
2024-10-23T20:57:41.167812+0100 INFO 128138965157568 Row inserted successfully into tags.
2024-10-23T20:57:41.171102+0100 INFO 128138870785728 Row inserted successfully into tags.
2024-10-23T20:57:41.174015+0100 INFO 128138986129088 Row inserted successfully into tags.
2024-10-23T20:57:41.176986+0100 INFO 128138860299968 Row inserted successfully into quotes.
2024-10-23T20:57:41.184774+0100 INFO 128138849814208 Row inserted successfully into quotes_tags_link.
2024-10-23T20:57:41.190317+0100 INFO 128138828842688 Row inserted successfully into quotes_tags_link.
2024-10-23T20:57:41.193248+0100 INFO 128138975643328 Row inserted successfully into tags.
2024-10-23T20:57:41.197820+0100 INFO 128138818356928 Row inserted successfully into tags.
2024-10-23T20:57:41.203239+0100 INFO 128138954671808 Row inserted successfully into quotes_tags_link.
2024-10-23T20:57:41.204689+0100 INFO 128138965157568 Row inserted successfully into authors.
2024-10-23T20:57:41.205953+0100 INFO 128138839328448 Row inserted successfully into authors.
2024-10-23T20:57:41.229621+0100 INFO 128138986129088 Row inserted successfully into authors.
2024-10-23T20:57:41.240620+0100 INFO 128138849814208 Row inserted successfully into tags.
2024-10-23T20:57:41.243214+0100 INFO 128138975643328 Row inserted successfully into authors.
2024-10-23T20:57:41.245659+0100 INFO 128138870785728 Row inserted successfully into authors.
2024-10-23T20:57:41.250913+0100 INFO 128138839328448 Row inserted successfully into quotes.
2024-10-23T20:57:41.252166+0100 INFO 128138860299968 Row inserted successfully into quotes_tags_link.
2024-10-23T20:57:41.260332+0100 INFO 128138954671808 Row inserted successfully into tags.
2024-10-23T20:57:41.264170+0100 INFO 128138818356928 Row inserted successfully into authors.
2024-10-23T20:57:41.265607+0100 INFO 128138828842688 Row inserted successfully into tags.
2024-10-23T20:57:41.276681+0100 INFO 128138849814208 Row inserted successfully into tags.
2024-10-23T20:57:41.278184+0100 INFO 128138965157568 Row inserted successfully into quotes.
2024-10-23T20:57:41.286559+0100 INFO 128138870785728 Row inserted successfully into quotes.
2024-10-23T20:57:41.294386+0100 INFO 128138986129088 Row inserted successfully into quotes.
2024-10-23T20:57:41.295795+0100 INFO 128138954671808 Row inserted successfully into tags.
2024-10-23T20:57:41.307013+0100 INFO 128138828842688 Row inserted successfully into tags.
2024-10-23T20:57:41.314072+0100 INFO 128138860299968 Row inserted successfully into tags.
2024-10-23T20:57:41.318625+0100 INFO 128138818356928 Row inserted successfully into quotes.
2024-10-23T20:57:41.322228+0100 INFO 128138975643328 Row inserted successfully into quotes.
2024-10-23T20:57:41.323016+0100 INFO 128138965157568 Row inserted successfully into quotes_tags_link.
2024-10-23T20:57:41.325990+0100 INFO 128138839328448 Row inserted successfully into quotes_tags_link.
2024-10-23T20:57:41.327188+0100 INFO 128138849814208 Row inserted successfully into tags.
2024-10-23T20:57:41.340492+0100 INFO 128138986129088 Row inserted successfully into quotes_tags_link.
2024-10-23T20:57:41.355084+0100 INFO 128138828842688 Row inserted successfully into tags.
2024-10-23T20:57:41.367242+0100 INFO 128138954671808 Row inserted successfully into authors.
2024-10-23T20:57:41.368196+0100 INFO 128138975643328 Row inserted successfully into quotes_tags_link.
2024-10-23T20:57:41.370433+0100 INFO 128138870785728 Row inserted successfully into quotes_tags_link.
2024-10-23T20:57:41.373308+0100 INFO 128138965157568 Row inserted successfully into tags.
2024-10-23T20:57:41.375295+0100 INFO 128138860299968 Row inserted successfully into tags.
2024-10-23T20:57:41.379649+0100 INFO 128138818356928 Row inserted successfully into quotes_tags_link.
2024-10-23T20:57:41.384206+0100 INFO 128138839328448 Row inserted successfully into tags.
2024-10-23T20:57:41.392549+0100 INFO 128138849814208 Row inserted successfully into tags.
2024-10-23T20:57:41.403718+0100 INFO 128138828842688 Row inserted successfully into authors.
2024-10-23T20:57:41.407150+0100 INFO 128138986129088 Row inserted successfully into tags.
2024-10-23T20:57:41.413336+0100 INFO 128138870785728 Row inserted successfully into tags.
2024-10-23T20:57:41.417004+0100 INFO 128138975643328 Row inserted successfully into tags.
2024-10-23T20:57:41.426832+0100 INFO 128138954671808 Row inserted successfully into quotes.
2024-10-23T20:57:41.434152+0100 INFO 128138818356928 Row inserted successfully into tags.
2024-10-23T20:57:41.435776+0100 INFO 128138965157568 Row inserted successfully into authors.
2024-10-23T20:57:41.437048+0100 INFO 128138828842688 Row inserted successfully into quotes.
2024-10-23T20:57:41.445711+0100 INFO 128138839328448 Row inserted successfully into tags.
2024-10-23T20:57:41.447379+0100 INFO 128138849814208 Row inserted successfully into tags.
2024-10-23T20:57:41.463807+0100 INFO 128138870785728 Row inserted successfully into tags.
2024-10-23T20:57:41.472275+0100 INFO 128138954671808 Row inserted successfully into quotes_tags_link.
2024-10-23T20:57:41.473384+0100 INFO 128138818356928 Row inserted successfully into authors.
2024-10-23T20:57:41.474581+0100 INFO 128138975643328 Row inserted successfully into authors.
2024-10-23T20:57:41.478378+0100 INFO 128138839328448 Row inserted successfully into tags.
2024-10-23T20:57:41.482640+0100 INFO 128138860299968 Row inserted successfully into authors.
2024-10-23T20:57:41.486116+0100 INFO 128138986129088 Row inserted successfully into tags.
2024-10-23T20:57:41.493335+0100 INFO 128138828842688 Row inserted successfully into quotes_tags_link.
2024-10-23T20:57:41.494102+0100 INFO 128138965157568 Row inserted successfully into quotes.
2024-10-23T20:57:41.496341+0100 INFO 128138849814208 Row inserted successfully into tags.
2024-10-23T20:57:41.501805+0100 INFO 128138870785728 Row inserted successfully into authors.
2024-10-23T20:57:41.509351+0100 INFO 128138975643328 Row inserted successfully into quotes.
2024-10-23T20:57:41.514564+0100 INFO 128138954671808 Row inserted successfully into tags.
2024-10-23T20:57:41.523683+0100 INFO 128138818356928 Row inserted successfully into quotes.
2024-10-23T20:57:41.524771+0100 INFO 128138839328448 Row inserted successfully into tags.
2024-10-23T20:57:41.535812+0100 INFO 128138986129088 Row inserted successfully into tags.
2024-10-23T20:57:41.540258+0100 INFO 128138965157568 Row inserted successfully into quotes_tags_link.
2024-10-23T20:57:41.544447+0100 INFO 128138860299968 Row inserted successfully into quotes.
2024-10-23T20:57:41.549393+0100 INFO 128138870785728 Row inserted successfully into quotes.
2024-10-23T20:57:41.550273+0100 INFO 128138828842688 Row inserted successfully into tags.
2024-10-23T20:57:41.557094+0100 INFO 128138849814208 Row inserted successfully into authors.
2024-10-23T20:57:41.563063+0100 INFO 128138975643328 Row inserted successfully into quotes_tags_link.
2024-10-23T20:57:41.584043+0100 INFO 128138818356928 Row inserted successfully into quotes_tags_link.
2024-10-23T20:57:41.585056+0100 INFO 128138839328448 Row inserted successfully into tags.
2024-10-23T20:57:41.586033+0100 INFO 128138954671808 Row inserted successfully into tags.
2024-10-23T20:57:41.592858+0100 INFO 128138860299968 Row inserted successfully into quotes_tags_link.
2024-10-23T20:57:41.597830+0100 INFO 128138986129088 Row inserted successfully into tags.
2024-10-23T20:57:41.603764+0100 INFO 128138965157568 Row inserted successfully into tags.
2024-10-23T20:57:41.606543+0100 INFO 128138849814208 Row inserted successfully into quotes.
2024-10-23T20:57:41.619771+0100 INFO 128138828842688 Row inserted successfully into tags.
2024-10-23T20:57:41.623386+0100 INFO 128138870785728 Row inserted successfully into quotes_tags_link.
2024-10-23T20:57:41.625291+0100 INFO 128138975643328 Row inserted successfully into tags.
2024-10-23T20:57:41.640464+0100 INFO 128138954671808 Row inserted successfully into tags.
2024-10-23T20:57:41.643208+0100 INFO 128138818356928 Row inserted successfully into tags.
2024-10-23T20:57:41.644572+0100 INFO 128138839328448 Row inserted successfully into authors.
2024-10-23T20:57:41.652134+0100 INFO 128138986129088 Row inserted successfully into authors.
2024-10-23T20:57:41.657395+0100 INFO 128138860299968 Row inserted successfully into tags.
2024-10-23T20:57:41.664098+0100 INFO 128138849814208 Row inserted successfully into quotes_tags_link.
2024-10-23T20:57:41.665145+0100 INFO 128138965157568 Row inserted successfully into tags.
2024-10-23T20:57:41.680519+0100 INFO 128138818356928 Row inserted successfully into authors.
2024-10-23T20:57:41.684700+0100 INFO 128138870785728 Row inserted successfully into tags.
2024-10-23T20:57:41.686859+0100 INFO 128138828842688 Row inserted successfully into authors.
2024-10-23T20:57:41.688098+0100 INFO 128138954671808 Row inserted successfully into authors.
2024-10-23T20:57:41.696130+0100 INFO 128138975643328 Row inserted successfully into authors.
2024-10-23T20:57:41.697053+0100 INFO 128138860299968 Row inserted successfully into authors.
2024-10-23T20:57:41.710600+0100 INFO 128138839328448 Row inserted successfully into quotes.
2024-10-23T20:57:41.715144+0100 INFO 128138849814208 Row inserted successfully into tags.
2024-10-23T20:57:41.717334+0100 INFO 128138965157568 Row inserted successfully into tags.
2024-10-23T20:57:41.718585+0100 INFO 128138818356928 Row inserted successfully into quotes.
2024-10-23T20:57:41.727610+0100 INFO 128138870785728 Row inserted successfully into tags.
2024-10-23T20:57:41.730341+0100 INFO 128138986129088 Row inserted successfully into quotes.
2024-10-23T20:57:41.736707+0100 INFO 128138954671808 Row inserted successfully into quotes.
2024-10-23T20:57:41.741142+0100 INFO 128138975643328 Row inserted successfully into quotes.
2024-10-23T20:57:41.742849+0100 INFO 128138828842688 Row inserted successfully into quotes.
2024-10-23T20:57:41.758213+0100 INFO 128138839328448 Row inserted successfully into quotes_tags_link.
2024-10-23T20:57:41.768171+0100 INFO 128138860299968 Row inserted successfully into quotes.
2024-10-23T20:57:41.771188+0100 INFO 128138818356928 Row inserted successfully into quotes_tags_link.
2024-10-23T20:57:41.774165+0100 INFO 128138965157568 Row inserted successfully into authors.
2024-10-23T20:57:41.776850+0100 INFO 128138849814208 Row inserted successfully into authors.
2024-10-23T20:57:41.785263+0100 INFO 128138975643328 Row inserted successfully into quotes_tags_link.
2024-10-23T20:57:41.792574+0100 INFO 128138986129088 Row inserted successfully into quotes_tags_link.
2024-10-23T20:57:41.793709+0100 INFO 128138828842688 Row inserted successfully into quotes_tags_link.
2024-10-23T20:57:41.799551+0100 INFO 128138870785728 Row inserted successfully into authors.
2024-10-23T20:57:41.804884+0100 INFO 128138954671808 Row inserted successfully into quotes_tags_link.
2024-10-23T20:57:41.813127+0100 INFO 128138860299968 Row inserted successfully into quotes_tags_link.
2024-10-23T20:57:41.820678+0100 INFO 128138965157568 Row inserted successfully into quotes.
2024-10-23T20:57:41.831320+0100 INFO 128138818356928 Row inserted successfully into tags.
2024-10-23T20:57:41.833803+0100 INFO 128138839328448 Row inserted successfully into tags.
2024-10-23T20:57:41.841017+0100 INFO 128138828842688 Row inserted successfully into tags.
2024-10-23T20:57:41.844526+0100 INFO 128138849814208 Row inserted successfully into quotes.
2024-10-23T20:57:41.851148+0100 INFO 128138986129088 Row inserted successfully into tags.
2024-10-23T20:57:41.857192+0100 INFO 128138975643328 Row inserted successfully into tags.
2024-10-23T20:57:41.866874+0100 INFO 128138954671808 Row inserted successfully into tags.
2024-10-23T20:57:41.874334+0100 INFO 128138870785728 Row inserted successfully into quotes.
2024-10-23T20:57:41.877991+0100 INFO 128138818356928 Row inserted successfully into tags.
2024-10-23T20:57:41.879471+0100 INFO 128138965157568 Row inserted successfully into quotes_tags_link.
2024-10-23T20:57:41.892242+0100 INFO 128138839328448 Row inserted successfully into tags.
2024-10-23T20:57:41.898518+0100 INFO 128138860299968 Row inserted successfully into tags.
2024-10-23T20:57:41.900208+0100 INFO 128138849814208 Row inserted successfully into quotes_tags_link.
2024-10-23T20:57:41.910812+0100 INFO 128138975643328 Row inserted successfully into tags.
2024-10-23T20:57:41.916525+0100 INFO 128138870785728 Row inserted successfully into quotes_tags_link.
2024-10-23T20:57:41.920684+0100 INFO 128138828842688 Row inserted successfully into tags.
2024-10-23T20:57:41.930082+0100 INFO 128138965157568 Row inserted successfully into tags.
2024-10-23T20:57:41.931470+0100 INFO 128138986129088 Row inserted successfully into tags.
2024-10-23T20:57:41.934569+0100 INFO 128138954671808 Row inserted successfully into tags.
2024-10-23T20:57:41.947347+0100 INFO 128138818356928 Row inserted successfully into tags.
2024-10-23T20:57:41.948526+0100 INFO 128138839328448 Row inserted successfully into tags.
2024-10-23T20:57:41.960317+0100 INFO 128138849814208 Row inserted successfully into tags.
2024-10-23T20:57:41.961165+0100 INFO 128138975643328 Row inserted successfully into authors.
2024-10-23T20:57:41.962645+0100 INFO 128138860299968 Row inserted successfully into tags.
2024-10-23T20:57:41.970695+0100 INFO 128138870785728 Row inserted successfully into tags.
2024-10-23T20:57:41.977142+0100 INFO 128138828842688 Row inserted successfully into tags.
2024-10-23T20:57:41.984381+0100 INFO 128138965157568 Row inserted successfully into tags.
2024-10-23T20:57:41.996917+0100 INFO 128138818356928 Row inserted successfully into tags.
2024-10-23T20:57:42.003848+0100 INFO 128138954671808 Row inserted successfully into authors.
2024-10-23T20:57:42.007660+0100 INFO 128138839328448 Row inserted successfully into tags.
2024-10-23T20:57:42.012371+0100 INFO 128138986129088 Row inserted successfully into authors.
2024-10-23T20:57:42.013667+0100 INFO 128138849814208 Row inserted successfully into tags.
2024-10-23T20:57:42.019857+0100 INFO 128138975643328 Row inserted successfully into quotes.
2024-10-23T20:57:42.020807+0100 INFO 128138860299968 Row inserted successfully into tags.
2024-10-23T20:57:42.023542+0100 INFO 128138870785728 Row inserted successfully into authors.
2024-10-23T20:57:42.035960+0100 INFO 128138828842688 Row inserted successfully into authors.
2024-10-23T20:57:42.045567+0100 INFO 128138818356928 Row inserted successfully into tags.
2024-10-23T20:57:42.048591+0100 INFO 128138839328448 Row inserted successfully into tags.
2024-10-23T20:57:42.071335+0100 INFO 128138839328448 Row inserted successfully into tags.
2024-10-23T20:57:42.072485+0100 INFO 128138860299968 Row inserted successfully into authors.
2024-10-23T20:57:42.073696+0100 INFO 128138965157568 Row inserted successfully into authors.
2024-10-23T20:57:42.074855+0100 INFO 128138954671808 Row inserted successfully into quotes.
2024-10-23T20:57:42.076109+0100 INFO 128138986129088 Row inserted successfully into quotes.
2024-10-23T20:57:42.082095+0100 INFO 128138975643328 Row inserted successfully into quotes_tags_link.
2024-10-23T20:57:42.087295+0100 INFO 128138828842688 Row inserted successfully into quotes.
2024-10-23T20:57:42.088548+0100 INFO 128138849814208 Row inserted successfully into authors.
2024-10-23T20:57:42.101857+0100 INFO 128138870785728 Row inserted successfully into quotes.
2024-10-23T20:57:42.110943+0100 INFO 128138818356928 Row inserted successfully into tags.
2024-10-23T20:57:42.118216+0100 INFO 128138954671808 Row inserted successfully into quotes_tags_link.
2024-10-23T20:57:42.120929+0100 INFO 128138965157568 Row inserted successfully into quotes.
2024-10-23T20:57:42.124036+0100 INFO 128138860299968 Row inserted successfully into quotes.
2024-10-23T20:57:42.131351+0100 INFO 128138975643328 Row inserted successfully into tags.
2024-10-23T20:57:42.132529+0100 INFO 128138849814208 Row inserted successfully into quotes.
2024-10-23T20:57:42.139108+0100 INFO 128138828842688 Row inserted successfully into quotes_tags_link.
2024-10-23T20:57:42.141705+0100 INFO 128138839328448 Row inserted successfully into authors.
2024-10-23T20:57:42.143464+0100 INFO 128138986129088 Row inserted successfully into quotes_tags_link.
2024-10-23T20:57:42.151996+0100 INFO 128138870785728 Row inserted successfully into quotes_tags_link.
2024-10-23T20:57:42.171335+0100 INFO 128138849814208 Row inserted successfully into quotes_tags_link.
2024-10-23T20:57:42.177135+0100 INFO 128138954671808 Row inserted successfully into tags.
2024-10-23T20:57:42.178847+0100 INFO 128138965157568 Row inserted successfully into quotes_tags_link.
2024-10-23T20:57:42.182773+0100 INFO 128138818356928 Row inserted successfully into tags.
2024-10-23T20:57:42.186226+0100 INFO 128138828842688 Row inserted successfully into tags.
2024-10-23T20:57:42.188829+0100 INFO 128138860299968 Row inserted successfully into quotes_tags_link.
2024-10-23T20:57:42.191464+0100 INFO 128138975643328 Row inserted successfully into tags.
2024-10-23T20:57:42.198356+0100 INFO 128138839328448 Row inserted successfully into quotes.
2024-10-23T20:57:42.204771+0100 INFO 128138986129088 Row inserted successfully into tags.
2024-10-23T20:57:42.208819+0100 INFO 128138870785728 Row inserted successfully into tags.
2024-10-23T20:57:42.214844+0100 INFO 128138954671808 Row inserted successfully into tags.
2024-10-23T20:57:42.220318+0100 INFO 128138965157568 Row inserted successfully into tags.
2024-10-23T20:57:42.231965+0100 INFO 128138818356928 Row inserted successfully into authors.
2024-10-23T20:57:42.233302+0100 INFO 128138849814208 Row inserted successfully into tags.
2024-10-23T20:57:42.244088+0100 INFO 128138986129088 Row inserted successfully into tags.
2024-10-23T20:57:42.253758+0100 INFO 128138828842688 Row inserted successfully into authors.
2024-10-23T20:57:42.255181+0100 INFO 128138870785728 Row inserted successfully into authors.
2024-10-23T20:57:42.258443+0100 INFO 128138860299968 Row inserted successfully into tags.
2024-10-23T20:57:42.265914+0100 INFO 128138975643328 Row inserted successfully into tags.
2024-10-23T20:57:42.274007+0100 INFO 128138839328448 Row inserted successfully into quotes_tags_link.
2024-10-23T20:57:42.274963+0100 INFO 128138986129088 Row inserted successfully into tags.
2024-10-23T20:57:42.278948+0100 INFO 128138849814208 Row inserted successfully into tags.
2024-10-23T20:57:42.284226+0100 INFO 128138954671808 Row inserted successfully into tags.
2024-10-23T20:57:42.292691+0100 INFO 128138965157568 Row inserted successfully into authors.
2024-10-23T20:57:42.296932+0100 INFO 128138818356928 Row inserted successfully into quotes.
2024-10-23T20:57:42.304512+0100 INFO 128138986129088 Row inserted successfully into authors.
2024-10-23T20:57:42.309697+0100 INFO 128138870785728 Row inserted successfully into quotes.
2024-10-23T20:57:42.320869+0100 INFO 128138860299968 Row inserted successfully into tags.
2024-10-23T20:57:42.322270+0100 INFO 128138954671808 Row inserted successfully into tags.
2024-10-23T20:57:42.323916+0100 INFO 128138828842688 Row inserted successfully into quotes.
2024-10-23T20:57:42.325101+0100 INFO 128138975643328 Row inserted successfully into tags.
2024-10-23T20:57:42.335494+0100 INFO 128138839328448 Row inserted successfully into tags.
2024-10-23T20:57:42.337121+0100 INFO 128138849814208 Row inserted successfully into authors.
2024-10-23T20:57:42.345289+0100 INFO 128138818356928 Row inserted successfully into quotes_tags_link.
2024-10-23T20:57:42.361962+0100 INFO 128138860299968 Row inserted successfully into tags.
2024-10-23T20:57:42.366269+0100 INFO 128138965157568 Row inserted successfully into quotes.
2024-10-23T20:57:42.367794+0100 INFO 128138954671808 Row inserted successfully into authors.
2024-10-23T20:57:42.372133+0100 INFO 128138870785728 Row inserted successfully into quotes_tags_link.
2024-10-23T20:57:42.373900+0100 INFO 128138828842688 Row inserted successfully into quotes_tags_link.
2024-10-23T20:57:42.384076+0100 INFO 128138975643328 Row inserted successfully into tags.
2024-10-23T20:57:42.385117+0100 INFO 128138986129088 Row inserted successfully into quotes.
2024-10-23T20:57:42.394783+0100 INFO 128138849814208 Row inserted successfully into quotes.
2024-10-23T20:57:42.406645+0100 INFO 128138839328448 Row inserted successfully into tags.
2024-10-23T20:57:42.408214+0100 INFO 128138818356928 Row inserted successfully into tags.
2024-10-23T20:57:42.417479+0100 INFO 128138965157568 Row inserted successfully into quotes_tags_link.
2024-10-23T20:57:42.418913+0100 INFO 128138954671808 Row inserted successfully into quotes.
2024-10-23T20:57:42.421034+0100 INFO 128138828842688 Row inserted successfully into tags.
2024-10-23T20:57:42.427438+0100 INFO 128138986129088 Row inserted successfully into quotes_tags_link.
2024-10-23T20:57:42.431294+0100 INFO 128138860299968 Row inserted successfully into authors.
2024-10-23T20:57:42.433945+0100 INFO 128138870785728 Row inserted successfully into tags.
2024-10-23T20:57:42.437114+0100 INFO 128138975643328 Row inserted successfully into tags.
2024-10-23T20:57:42.458180+0100 INFO 128138954671808 Row inserted successfully into quotes_tags_link.
2024-10-23T20:57:42.459209+0100 INFO 128138818356928 Row inserted successfully into authors.
2024-10-23T20:57:42.460419+0100 INFO 128138839328448 Row inserted successfully into tags.
2024-10-23T20:57:42.469333+0100 INFO 128138870785728 Row inserted successfully into tags.
2024-10-23T20:57:42.485166+0100 INFO 128138828842688 Row inserted successfully into tags.
2024-10-23T20:57:42.486418+0100 INFO 128138849814208 Row inserted successfully into quotes_tags_link.
2024-10-23T20:57:42.488489+0100 INFO 128138986129088 Row inserted successfully into tags.
2024-10-23T20:57:42.489876+0100 INFO 128138860299968 Row inserted successfully into quotes.
2024-10-23T20:57:42.503690+0100 INFO 128138818356928 Row inserted successfully into quotes.
2024-10-23T20:57:42.506423+0100 INFO 128138839328448 Row inserted successfully into tags.
2024-10-23T20:57:42.508645+0100 INFO 128138954671808 Row inserted successfully into tags.
2024-10-23T20:57:42.511634+0100 INFO 128138965157568 Row inserted successfully into tags.
2024-10-23T20:57:42.517161+0100 INFO 128138975643328 Row inserted successfully into tags.
2024-10-23T20:57:42.524396+0100 INFO 128138870785728 Row inserted successfully into authors.
2024-10-23T20:57:42.534451+0100 INFO 128138839328448 Row inserted successfully into tags.
2024-10-23T20:57:42.539432+0100 INFO 128138849814208 Row inserted successfully into tags.
2024-10-23T20:57:42.540242+0100 INFO 128138986129088 Row inserted successfully into tags.
2024-10-23T20:57:42.541543+0100 INFO 128138818356928 Row inserted successfully into quotes_tags_link.
2024-10-23T20:57:42.545068+0100 INFO 128138860299968 Row inserted successfully into quotes_tags_link.
2024-10-23T20:57:42.547799+0100 INFO 128138828842688 Row inserted successfully into authors.
2024-10-23T20:57:42.557063+0100 INFO 128138870785728 Row inserted successfully into quotes.
2024-10-23T20:57:42.568017+0100 INFO 128138975643328 Row inserted successfully into tags.
2024-10-23T20:57:42.568986+0100 INFO 128138954671808 Row inserted successfully into tags.
2024-10-23T20:57:42.570532+0100 INFO 128138839328448 Row inserted successfully into tags.
2024-10-23T20:57:42.571392+0100 INFO 128138965157568 Row inserted successfully into authors.
2024-10-23T20:57:42.585511+0100 INFO 128138849814208 Row inserted successfully into authors.
2024-10-23T20:57:42.594693+0100 INFO 128138818356928 Row inserted successfully into tags.
2024-10-23T20:57:42.599302+0100 INFO 128138986129088 Row inserted successfully into authors.
2024-10-23T20:57:42.605863+0100 INFO 128138975643328 Row inserted successfully into authors.
2024-10-23T20:57:42.616324+0100 INFO 128138870785728 Row inserted successfully into quotes_tags_link.
2024-10-23T20:57:42.617418+0100 INFO 128138860299968 Row inserted successfully into tags.
2024-10-23T20:57:42.619046+0100 INFO 128138828842688 Row inserted successfully into quotes.
2024-10-23T20:57:42.621938+0100 INFO 128138954671808 Row inserted successfully into authors.
2024-10-23T20:57:42.626695+0100 INFO 128138849814208 Row inserted successfully into quotes.
2024-10-23T20:57:42.633222+0100 INFO 128138839328448 Row inserted successfully into tags.
2024-10-23T20:57:42.644483+0100 INFO 128138986129088 Row inserted successfully into quotes.
2024-10-23T20:57:42.645455+0100 INFO 128138965157568 Row inserted successfully into quotes.
2024-10-23T20:57:42.656043+0100 INFO 128138818356928 Row inserted successfully into authors.
2024-10-23T20:57:42.661275+0100 INFO 128138828842688 Row inserted successfully into quotes_tags_link.
2024-10-23T20:57:42.666567+0100 INFO 128138975643328 Row inserted successfully into quotes.
2024-10-23T20:57:42.677200+0100 INFO 128138870785728 Row inserted successfully into tags.
2024-10-23T20:57:42.679645+0100 INFO 128138849814208 Row inserted successfully into quotes_tags_link.
2024-10-23T20:57:42.682007+0100 INFO 128138954671808 Row inserted successfully into quotes.
2024-10-23T20:57:42.684550+0100 INFO 128138860299968 Row inserted successfully into authors.
2024-10-23T20:57:42.688344+0100 INFO 128138986129088 Row inserted successfully into quotes_tags_link.
2024-10-23T20:57:42.700605+0100 INFO 128138839328448 Row inserted successfully into tags.
2024-10-23T20:57:42.715059+0100 INFO 128138828842688 Row inserted successfully into tags.
2024-10-23T20:57:42.720121+0100 INFO 128138818356928 Row inserted successfully into quotes.
2024-10-23T20:57:42.726228+0100 INFO 128138965157568 Row inserted successfully into quotes_tags_link.
2024-10-23T20:57:42.730039+0100 INFO 128138975643328 Row inserted successfully into quotes_tags_link.
2024-10-23T20:57:42.733398+0100 INFO 128138954671808 Row inserted successfully into quotes_tags_link.
2024-10-23T20:57:42.734932+0100 INFO 128138860299968 Row inserted successfully into quotes.
2024-10-23T20:57:42.741200+0100 INFO 128138849814208 Row inserted successfully into tags.
2024-10-23T20:57:42.745910+0100 INFO 128138986129088 Row inserted successfully into tags.
2024-10-23T20:57:42.754985+0100 INFO 128138870785728 Row inserted successfully into authors.
2024-10-23T20:57:42.756191+0100 INFO 128138839328448 Row inserted successfully into authors.
2024-10-23T20:57:42.756997+0100 INFO 128138828842688 Row inserted successfully into tags.
2024-10-23T20:57:42.764376+0100 INFO 128138818356928 Row inserted successfully into quotes_tags_link.
2024-10-23T20:57:42.767973+0100 INFO 128138975643328 Row inserted successfully into tags.
2024-10-23T20:57:42.774011+0100 INFO 128138860299968 Row inserted successfully into quotes_tags_link.
2024-10-23T20:57:42.776620+0100 INFO 128138965157568 Row inserted successfully into tags.
2024-10-23T20:57:42.780525+0100 INFO 128138954671808 Row inserted successfully into tags.
2024-10-23T20:57:42.789609+0100 INFO 128138849814208 Row inserted successfully into authors.
2024-10-23T20:57:42.796850+0100 INFO 128138986129088 Row inserted successfully into tags.
2024-10-23T20:57:42.797543+0100 INFO 128138828842688 Row inserted successfully into authors.
2024-10-23T20:57:42.808651+0100 INFO 128138870785728 Row inserted successfully into quotes.
2024-10-23T20:57:42.810548+0100 INFO 128138839328448 Row inserted successfully into quotes.
2024-10-23T20:57:42.814558+0100 INFO 128138818356928 Row inserted successfully into tags.
2024-10-23T20:57:42.825789+0100 INFO 128138849814208 Row inserted successfully into quotes.
2024-10-23T20:57:42.835383+0100 INFO 128138965157568 Row inserted successfully into authors.
2024-10-23T20:57:42.845378+0100 INFO 128138975643328 Row inserted successfully into tags.
2024-10-23T20:57:42.848650+0100 INFO 128138860299968 Row inserted successfully into tags.
2024-10-23T20:57:42.856008+0100 INFO 128138986129088 Row inserted successfully into tags.
2024-10-23T20:57:42.857266+0100 INFO 128138870785728 Row inserted successfully into quotes_tags_link.
2024-10-23T20:57:42.862026+0100 INFO 128138954671808 Row inserted successfully into authors.
2024-10-23T20:57:42.869361+0100 INFO 128138839328448 Row inserted successfully into quotes_tags_link.
2024-10-23T20:57:42.871687+0100 INFO 128138828842688 Row inserted successfully into quotes.
2024-10-23T20:57:42.881620+0100 INFO 128138849814208 Row inserted successfully into quotes_tags_link.
2024-10-23T20:57:42.886562+0100 INFO 128138975643328 Row inserted successfully into tags.
2024-10-23T20:57:42.892177+0100 INFO 128138965157568 Row inserted successfully into quotes.
2024-10-23T20:57:42.905936+0100 INFO 128138954671808 Row inserted successfully into quotes.
2024-10-23T20:57:42.910218+0100 INFO 128138818356928 Row inserted successfully into tags.
2024-10-23T20:57:42.914148+0100 INFO 128138839328448 Row inserted successfully into tags.
2024-10-23T20:57:42.918542+0100 INFO 128138986129088 Row inserted successfully into tags.
2024-10-23T20:57:42.920124+0100 INFO 128138870785728 Row inserted successfully into tags.
2024-10-23T20:57:42.920922+0100 INFO 128138828842688 Row inserted successfully into quotes_tags_link.
2024-10-23T20:57:42.921871+0100 INFO 128138860299968 Row inserted successfully into tags.
2024-10-23T20:57:42.934589+0100 INFO 128138975643328 Row inserted successfully into tags.
2024-10-23T20:57:42.939196+0100 INFO 128138965157568 Row inserted successfully into quotes_tags_link.
2024-10-23T20:57:42.944943+0100 INFO 128138818356928 Row inserted successfully into authors.
2024-10-23T20:57:42.954992+0100 INFO 128138954671808 Row inserted successfully into quotes_tags_link.
2024-10-23T20:57:42.960408+0100 INFO 128138839328448 Row inserted successfully into tags.
2024-10-23T20:57:42.969551+0100 INFO 128138986129088 Row inserted successfully into authors.
2024-10-23T20:57:42.975849+0100 INFO 128138870785728 Row inserted successfully into authors.
2024-10-23T20:57:42.982928+0100 INFO 128138860299968 Row inserted successfully into tags.
2024-10-23T20:57:42.984581+0100 INFO 128138828842688 Row inserted successfully into tags.
2024-10-23T20:57:42.998369+0100 INFO 128138975643328 Row inserted successfully into tags.
2024-10-23T20:57:43.004317+0100 INFO 128138818356928 Row inserted successfully into quotes.
2024-10-23T20:57:43.009310+0100 INFO 128138839328448 Row inserted successfully into authors.
2024-10-23T20:57:43.019121+0100 INFO 128138860299968 Row inserted successfully into authors.
2024-10-23T20:57:43.029392+0100 INFO 128138986129088 Row inserted successfully into quotes.
2024-10-23T20:57:43.031786+0100 INFO 128138975643328 Row inserted successfully into tags.
2024-10-23T20:57:43.036470+0100 INFO 128138828842688 Row inserted successfully into tags.
2024-10-23T20:57:43.042921+0100 INFO 128138870785728 Row inserted successfully into quotes.
2024-10-23T20:57:43.043777+0100 INFO 128138818356928 Row inserted successfully into quotes_tags_link.
2024-10-23T20:57:43.049488+0100 INFO 128138839328448 Row inserted successfully into quotes.
2024-10-23T20:57:43.055828+0100 INFO 128138860299968 Row inserted successfully into quotes.
2024-10-23T20:57:43.065564+0100 INFO 128138986129088 Row inserted successfully into quotes_tags_link.
2024-10-23T20:57:43.072009+0100 INFO 128138828842688 Row inserted successfully into tags.
2024-10-23T20:57:43.084751+0100 INFO 128138870785728 Row inserted successfully into quotes_tags_link.
2024-10-23T20:57:43.089481+0100 INFO 128138839328448 Row inserted successfully into quotes_tags_link.
2024-10-23T20:57:43.092957+0100 INFO 128138986129088 Row inserted successfully into tags.
2024-10-23T20:57:43.096517+0100 INFO 128138860299968 Row inserted successfully into quotes_tags_link.
2024-10-23T20:57:43.103348+0100 INFO 128138828842688 Row inserted successfully into tags.
2024-10-23T20:57:43.108289+0100 INFO 128138975643328 Row inserted successfully into authors.
2024-10-23T20:57:43.120208+0100 INFO 128138839328448 Row inserted successfully into tags.
2024-10-23T20:57:43.126852+0100 INFO 128138975643328 Row inserted successfully into quotes.
2024-10-23T20:57:43.132012+0100 INFO 128138986129088 Row inserted successfully into authors.
2024-10-23T20:57:43.133786+0100 INFO 128138828842688 Row inserted successfully into authors.
2024-10-23T20:57:43.149068+0100 INFO 128138975643328 Row inserted successfully into quotes_tags_link.
2024-10-23T20:57:43.151109+0100 INFO 128138839328448 Row inserted successfully into authors.
2024-10-23T20:57:43.159845+0100 INFO 128138986129088 Row inserted successfully into quotes.
2024-10-23T20:57:43.160927+0100 INFO 128138828842688 Row inserted successfully into quotes.
2024-10-23T20:57:43.178274+0100 INFO 128138975643328 Row inserted successfully into tags.
2024-10-23T20:57:43.179501+0100 INFO 128138839328448 Row inserted successfully into quotes.
2024-10-23T20:57:43.185521+0100 INFO 128138828842688 Row inserted successfully into quotes_tags_link.
2024-10-23T20:57:43.186851+0100 INFO 128138986129088 Row inserted successfully into quotes_tags_link.
2024-10-23T20:57:43.198355+0100 INFO 128138975643328 Row inserted successfully into tags.
2024-10-23T20:57:43.202433+0100 INFO 128138839328448 Row inserted successfully into quotes_tags_link.
2024-10-23T20:57:43.209026+0100 INFO 128138986129088 Row inserted successfully into tags.
2024-10-23T20:57:43.214149+0100 INFO 128138975643328 Row inserted successfully into tags.
2024-10-23T20:57:43.219159+0100 INFO 128138839328448 Row inserted successfully into tags.
2024-10-23T20:57:43.224820+0100 INFO 128138986129088 Row inserted successfully into tags.
2024-10-23T20:57:43.230647+0100 INFO 128138975643328 Row inserted successfully into tags.
2024-10-23T20:57:43.238866+0100 INFO 128138839328448 Row inserted successfully into tags.
2024-10-23T20:57:43.244668+0100 INFO 128138986129088 Row inserted successfully into tags.
2024-10-23T20:57:43.253525+0100 INFO 128138975643328 Row inserted successfully into tags.
2024-10-23T20:57:43.258691+0100 INFO 128138839328448 Row inserted successfully into tags.
2024-10-23T20:57:43.261275+0100 INFO 128138986129088 Row inserted successfully into authors.
2024-10-23T20:57:43.269766+0100 INFO 128138975643328 Row inserted successfully into authors.
2024-10-23T20:57:43.275609+0100 INFO 128138986129088 Row inserted successfully into quotes.
2024-10-23T20:57:43.280061+0100 INFO 128138839328448 Row inserted successfully into authors.
2024-10-23T20:57:43.288671+0100 INFO 128138975643328 Row inserted successfully into quotes.
2024-10-23T20:57:43.289939+0100 INFO 128138986129088 Row inserted successfully into quotes_tags_link.
2024-10-23T20:57:43.299242+0100 INFO 128138839328448 Row inserted successfully into quotes.
2024-10-23T20:57:43.303555+0100 INFO 128138975643328 Row inserted successfully into quotes_tags_link.
2024-10-23T20:57:43.313497+0100 INFO 128138839328448 Row inserted successfully into quotes_tags_link.
2024-10-23T20:57:43.317340+0100 INFO 128138975643328 Row inserted successfully into tags.
2024-10-23T20:57:43.330501+0100 INFO 128138975643328 Row inserted successfully into tags.
2024-10-23T20:57:43.343593+0100 INFO 128138975643328 Row inserted successfully into tags.
2024-10-23T20:57:43.354938+0100 INFO 128138975643328 Row inserted successfully into tags.
2024-10-23T20:57:43.368633+0100 INFO 128138975643328 Row inserted successfully into tags.
2024-10-23T20:57:43.380655+0100 INFO 128138975643328 Row inserted successfully into authors.
2024-10-23T20:57:43.393211+0100 INFO 128138975643328 Row inserted successfully into quotes.
2024-10-23T20:57:43.405234+0100 INFO 128138975643328 Row inserted successfully into quotes_tags_link.
2024-10-23T20:57:44.011898+0100 INFO 128138828842688 Successfully fetched the page
2024-10-23T20:57:44.019920+0100 INFO 128138839328448 Successfully fetched the page
2024-10-23T20:57:44.021447+0100 INFO 128138975643328 Successfully fetched the page
2024-10-23T20:57:44.022889+0100 INFO 128138986129088 Successfully fetched the page
2024-10-23T20:57:44.036854+0100 INFO 128138965157568 Successfully fetched the page
2024-10-23T20:57:44.038423+0100 INFO 128138818356928 Successfully fetched the page
2024-10-23T20:57:44.040188+0100 INFO 128138860299968 Successfully fetched the page
2024-10-23T20:57:44.050483+0100 INFO 128138870785728 Successfully fetched the page
2024-10-23T20:57:44.052198+0100 INFO 128138658973376 Successfully fetched the page
2024-10-23T20:57:44.059218+0100 INFO 128138669459136 Successfully fetched the page
2024-10-23T20:57:44.063826+0100 INFO 128138849814208 Successfully fetched the page
2024-10-23T20:57:44.072394+0100 INFO 128138954671808 Successfully fetched the page
2024-10-23T20:57:44.102830+0100 ERROR 128138986129088 Error updating Jane Austen row: No row was found when one was required
2024-10-23T20:57:44.137144+0100 ERROR 128138818356928 Error updating Dr. Seuss row: No row was found when one was required
2024-10-23T20:57:44.150879+0100 ERROR 128138839328448 Error updating J.K. Rowling row: No row was found when one was required
2024-10-23T20:57:44.161078+0100 ERROR 128138828842688 Error updating Marilyn Monroe row: No row was found when one was required
2024-10-23T20:57:44.171877+0100 ERROR 128138975643328 Error updating Albert Einstein row: No row was found when one was required
2024-10-23T20:57:44.210481+0100 ERROR 128138870785728 Error updating Eleanor Roosevelt row: No row was found when one was required
2024-10-23T20:57:44.216643+0100 ERROR 128138860299968 Error updating Steve Martin row: No row was found when one was required
2024-10-23T20:57:44.219821+0100 ERROR 128138658973376 Error updating Elie Wiesel row: No row was found when one was required
2024-10-23T20:57:44.227936+0100 ERROR 128138954671808 Error updating Thomas A. Edison row: No row was found when one was required
2024-10-23T20:57:44.228866+0100 ERROR 128138669459136 Error updating Douglas Adams row: No row was found when one was required
2024-10-23T20:57:44.243855+0100 ERROR 128138965157568 Error updating Andr Gide row: No row was found when one was required
2024-10-23T20:57:44.249620+0100 ERROR 128138849814208 Error updating Bob Marley row: No row was found when one was required
2024-10-23T20:57:44.770680+0100 INFO 128138986129088 Successfully fetched the page
2024-10-23T20:57:44.778982+0100 INFO 128138818356928 Successfully fetched the page
2024-10-23T20:57:44.787315+0100 INFO 128138839328448 Successfully fetched the page
2024-10-23T20:57:44.788397+0100 INFO 128138828842688 Successfully fetched the page
2024-10-23T20:57:44.801905+0100 INFO 128138975643328 Successfully fetched the page
2024-10-23T20:57:44.838500+0100 ERROR 128138986129088 Error updating Friedrich Nietzsche row: No row was found when one was required
2024-10-23T20:57:44.846570+0100 ERROR 128138839328448 Error updating Allen Saunders row: No row was found when one was required
2024-10-23T20:57:44.859408+0100 INFO 128138658973376 Successfully fetched the page
2024-10-23T20:57:44.860972+0100 INFO 128138849814208 Successfully fetched the page
2024-10-23T20:57:44.862754+0100 INFO 128138860299968 Successfully fetched the page
2024-10-23T20:57:44.865894+0100 INFO 128138669459136 Successfully fetched the page
2024-10-23T20:57:44.866955+0100 ERROR 128138818356928 Error updating Mark Twain row: No row was found when one was required
2024-10-23T20:57:44.884327+0100 ERROR 128138828842688 Error updating Pablo Neruda row: No row was found when one was required
2024-10-23T20:57:44.885934+0100 INFO 128138954671808 Successfully fetched the page
2024-10-23T20:57:44.892339+0100 INFO 128138965157568 Successfully fetched the page
2024-10-23T20:57:44.901070+0100 ERROR 128138975643328 Error updating Ralph Waldo Emerson row: No row was found when one was required
2024-10-23T20:57:44.907181+0100 INFO 128138870785728 Successfully fetched the page
2024-10-23T20:57:44.932172+0100 ERROR 128138658973376 Error updating Jim Henson row: No row was found when one was required
2024-10-23T20:57:44.968398+0100 ERROR 128138849814208 Error updating George Eliot row: No row was found when one was required
2024-10-23T20:57:44.969023+0100 ERROR 128138860299968 Error updating Garrison Keillor row: No row was found when one was required
2024-10-23T20:57:44.969434+0100 ERROR 128138669459136 Error updating William Nicholson row: No row was found when one was required
2024-10-23T20:57:44.995898+0100 ERROR 128138954671808 Error updating Charles M. Schulz row: No row was found when one was required
2024-10-23T20:57:45.012676+0100 ERROR 128138965157568 Error updating Jorge Luis Borges row: No row was found when one was required
2024-10-23T20:57:45.016823+0100 ERROR 128138870785728 Error updating Mother Teresa row: No row was found when one was required
2024-10-23T20:57:45.515183+0100 INFO 128138818356928 Successfully fetched the page
2024-10-23T20:57:45.517012+0100 INFO 128138986129088 Successfully fetched the page
2024-10-23T20:57:45.524797+0100 INFO 128138839328448 Successfully fetched the page
2024-10-23T20:57:45.545900+0100 ERROR 128138818356928 Error updating Martin Luther King Jr. row: No row was found when one was required
2024-10-23T20:57:45.555866+0100 INFO 128138975643328 Successfully fetched the page
2024-10-23T20:57:45.557877+0100 INFO 128138828842688 Successfully fetched the page
2024-10-23T20:57:45.561081+0100 INFO 128138860299968 Successfully fetched the page
2024-10-23T20:57:45.563752+0100 INFO 128138658973376 Successfully fetched the page
2024-10-23T20:57:45.565482+0100 ERROR 128138839328448 Error updating C.S. Lewis row: No row was found when one was required
2024-10-23T20:57:45.588150+0100 INFO 128138669459136 Successfully fetched the page
2024-10-23T20:57:45.601150+0100 INFO 128138849814208 Successfully fetched the page
2024-10-23T20:57:45.602620+0100 ERROR 128138986129088 Error updating George R.R. Martin row: No row was found when one was required
2024-10-23T20:57:45.615810+0100 INFO 128138954671808 Successfully fetched the page
2024-10-23T20:57:45.621310+0100 INFO 128138965157568 Successfully fetched the page
2024-10-23T20:57:45.649714+0100 INFO 128138870785728 Successfully fetched the page
2024-10-23T20:57:45.662079+0100 ERROR 128138860299968 Error updating Ernest Hemingway row: No row was found when one was required
2024-10-23T20:57:45.696496+0100 ERROR 128138975643328 Error updating Haruki Murakami row: No row was found when one was required
2024-10-23T20:57:45.727433+0100 ERROR 128138658973376 Error updating Alexandre Dumas fils row: No row was found when one was required
2024-10-23T20:57:45.735983+0100 ERROR 128138954671808 Error updating George Bernard Shaw row: No row was found when one was required
2024-10-23T20:57:45.738649+0100 ERROR 128138828842688 Error updating James Baldwin row: No row was found when one was required
2024-10-23T20:57:45.739597+0100 ERROR 128138669459136 Error updating Helen Keller row: No row was found when one was required
2024-10-23T20:57:45.762943+0100 ERROR 128138870785728 Error updating Suzanne Collins row: No row was found when one was required
2024-10-23T20:57:45.772406+0100 ERROR 128138965157568 Error updating Charles Bukowski row: No row was found when one was required
2024-10-23T20:57:45.781455+0100 ERROR 128138849814208 Error updating Stephenie Meyer row: No row was found when one was required
2024-10-23T20:57:46.208296+0100 INFO 128138818356928 Successfully fetched the page
2024-10-23T20:57:46.224297+0100 ERROR 128138818356928 Error updating J.R.R. Tolkien row: No row was found when one was required
2024-10-23T20:57:46.247705+0100 INFO 128138839328448 Successfully fetched the page
2024-10-23T20:57:46.267431+0100 ERROR 128138839328448 Error updating Alfred Tennyson row: No row was found when one was required
2024-10-23T20:57:46.291246+0100 INFO 128138986129088 Successfully fetched the page
2024-10-23T20:57:46.299508+0100 INFO 128138860299968 Successfully fetched the page
2024-10-23T20:57:46.320624+0100 ERROR 128138860299968 Error updating J.D. Salinger row: No row was found when one was required
2024-10-23T20:57:46.321784+0100 ERROR 128138986129088 Error updating Terry Pratchett row: No row was found when one was required
2024-10-23T20:57:46.355171+0100 INFO 128138658973376 Successfully fetched the page
2024-10-23T20:57:46.357843+0100 INFO 128138975643328 Successfully fetched the page
2024-10-23T20:57:46.365833+0100 INFO 128138669459136 Successfully fetched the page
2024-10-23T20:57:46.377948+0100 INFO 128138954671808 Successfully fetched the page
2024-10-23T20:57:46.379675+0100 INFO 128138828842688 Successfully fetched the page
2024-10-23T20:57:46.381970+0100 INFO 128138849814208 Successfully fetched the page
2024-10-23T20:57:46.383462+0100 INFO 128138870785728 Successfully fetched the page
2024-10-23T20:57:46.390900+0100 INFO 128138965157568 Successfully fetched the page
2024-10-23T20:57:46.465586+0100 ERROR 128138828842688 Error updating Ayn Rand row: No row was found when one was required
2024-10-23T20:57:46.476078+0100 ERROR 128138954671808 Error updating W.C. Fields row: No row was found when one was required
2024-10-23T20:57:46.485136+0100 ERROR 128138658973376 Error updating John Lennon row: No row was found when one was required
2024-10-23T20:57:46.487106+0100 ERROR 128138975643328 Error updating George Carlin row: No row was found when one was required
2024-10-23T20:57:46.491369+0100 ERROR 128138669459136 Error updating Jimi Hendrix row: No row was found when one was required
2024-10-23T20:57:46.500956+0100 ERROR 128138965157568 Error updating E.E. Cummings row: No row was found when one was required
2024-10-23T20:57:46.506508+0100 ERROR 128138849814208 Error updating Khaled Hosseini row: No row was found when one was required
2024-10-23T20:57:46.507195+0100 ERROR 128138870785728 Error updating J.M. Barrie row: No row was found when one was required
2024-10-23T20:57:46.874841+0100 INFO 128138818356928 Successfully fetched the page
2024-10-23T20:57:46.906484+0100 INFO 128138839328448 Successfully fetched the page
2024-10-23T20:57:46.922898+0100 ERROR 128138818356928 Error updating Harper Lee row: No row was found when one was required
2024-10-23T20:57:46.936943+0100 ERROR 128138839328448 Error updating Madeleine L'Engle row: No row was found when one was required
