2024-10-23T20:39:47.665051+0100 INFO 131515574546560 Ensured data directory exists at /home/daxo/code/scraping_quotes/scraping_quotes/data
2024-10-23T20:39:47.694425+0100 INFO 131515574546560 Created database engine for /home/daxo/code/scraping_quotes/scraping_quotes/data/quotes.db
2024-10-23T20:39:47.721525+0100 INFO 131515574546560 Database schema initialized successfully.
2024-10-23T20:39:47.723347+0100 INFO 131515574546560 Tables in the database: ['TestTable', 'authors', 'quotes', 'quotes_tags_link', 'tags']
2024-10-23T20:39:47.723459+0100 ERROR 131515574546560 Not all required tables were created.
2024-10-23T20:39:47.731407+0100 INFO 131515574546560 Database schema initialized successfully.
2024-10-23T20:39:47.733344+0100 INFO 131515574546560 Tables in the database: ['TestTable', 'authors', 'quotes', 'quotes_tags_link', 'tags']
2024-10-23T20:39:47.733458+0100 ERROR 131515574546560 Not all required tables were created.
2024-10-23T20:39:47.749637+0100 INFO 131515574546560 All tables truncated successfully.
2024-10-23T20:39:47.750197+0100 INFO 131515574546560 Database initialized successfully with new records.
2024-10-23T20:39:48.557185+0100 INFO 131515574546560 Successfully fetched the page
2024-10-23T20:39:49.176647+0100 INFO 131515574546560 Successfully fetched the page
2024-10-23T20:39:49.842816+0100 INFO 131514998195904 Successfully fetched the page
2024-10-23T20:39:49.850211+0100 INFO 131514838812352 Successfully fetched the page
2024-10-23T20:39:49.851827+0100 INFO 131514849298112 Successfully fetched the page
2024-10-23T20:39:49.859138+0100 INFO 131515149190848 Successfully fetched the page
2024-10-23T20:39:49.866934+0100 INFO 131515040138944 Successfully fetched the page
2024-10-23T20:39:49.868678+0100 INFO 131515029653184 Successfully fetched the page
2024-10-23T20:39:49.913322+0100 INFO 131515008681664 Successfully fetched the page
2024-10-23T20:39:49.918817+0100 INFO 131515050624704 Successfully fetched the page
2024-10-23T20:39:49.920644+0100 INFO 131515019167424 Successfully fetched the page
2024-10-23T20:39:50.011420+0100 INFO 131515138705088 Successfully fetched the page
2024-10-23T20:39:50.123505+0100 INFO 131514998195904 Row inserted successfully into tags.
2024-10-23T20:39:50.296839+0100 INFO 131514849298112 Row inserted successfully into tags.
2024-10-23T20:39:50.307176+0100 INFO 131515149190848 Row inserted successfully into tags.
2024-10-23T20:39:50.316341+0100 INFO 131515050624704 Row inserted successfully into tags.
2024-10-23T20:39:50.318183+0100 INFO 131514838812352 Row inserted successfully into tags.
2024-10-23T20:39:50.326800+0100 INFO 131515029653184 Row inserted successfully into tags.
2024-10-23T20:39:50.335486+0100 INFO 131515040138944 Row inserted successfully into tags.
2024-10-23T20:39:50.341397+0100 INFO 131515008681664 Row inserted successfully into tags.
2024-10-23T20:39:50.343275+0100 INFO 131514998195904 Row inserted successfully into tags.
2024-10-23T20:39:50.344858+0100 INFO 131515019167424 Row inserted successfully into tags.
2024-10-23T20:39:50.358033+0100 INFO 131515050624704 Row inserted successfully into tags.
2024-10-23T20:39:50.366633+0100 INFO 131514849298112 Row inserted successfully into authors.
2024-10-23T20:39:50.368072+0100 INFO 131515149190848 Row inserted successfully into tags.
2024-10-23T20:39:50.371207+0100 INFO 131515138705088 Row inserted successfully into tags.
2024-10-23T20:39:50.379556+0100 INFO 131514838812352 Row inserted successfully into authors.
2024-10-23T20:39:50.384168+0100 INFO 131515029653184 Row inserted successfully into tags.
2024-10-23T20:39:50.398933+0100 INFO 131515040138944 Row inserted successfully into tags.
2024-10-23T20:39:50.404645+0100 INFO 131515008681664 Row inserted successfully into authors.
2024-10-23T20:39:50.413967+0100 INFO 131514998195904 Row inserted successfully into authors.
2024-10-23T20:39:50.415326+0100 INFO 131515019167424 Row inserted successfully into tags.
2024-10-23T20:39:50.417340+0100 INFO 131515050624704 Row inserted successfully into authors.
2024-10-23T20:39:50.424904+0100 INFO 131514849298112 Row inserted successfully into quotes.
2024-10-23T20:39:50.427491+0100 INFO 131515149190848 Row inserted successfully into tags.
2024-10-23T20:39:50.435771+0100 INFO 131515138705088 Row inserted successfully into tags.
2024-10-23T20:39:50.443955+0100 INFO 131515029653184 Row inserted successfully into tags.
2024-10-23T20:39:50.452469+0100 INFO 131514838812352 Row inserted successfully into quotes.
2024-10-23T20:39:50.476385+0100 INFO 131515008681664 Row inserted successfully into quotes.
2024-10-23T20:39:50.482936+0100 INFO 131514849298112 Row inserted successfully into quotes_tags_link.
2024-10-23T20:39:50.486944+0100 ERROR 131515050624704 Error inserting row into quotes: (pymysql.err.DataError) (1406, "Data too long for column 'text' at row 1")
[SQL: INSERT INTO quotes (id, text, author) VALUES (%(id)s, %(text)s, %(author)s)]
[parameters: {'id': '8755958f-8504-42c5-837a-49e5a8d28f6b', 'text': '“I love you without knowing how, or when, or from where. I love you simply, without problems or pride: I love you in this way because I do not know a ... (21 characters truncated) ... g but this, in which there is no I or you, so intimate that your hand upon my chest is my hand, so intimate that when I fall asleep your eyes close.”', 'author': 'Pablo Neruda'}]
(Background on this error at: https://sqlalche.me/e/20/9h9h)
2024-10-23T20:39:50.490572+0100 INFO 131514998195904 Row inserted successfully into quotes.
2024-10-23T20:39:50.492581+0100 INFO 131515019167424 Row inserted successfully into authors.
2024-10-23T20:39:50.493889+0100 INFO 131515040138944 Row inserted successfully into tags.
2024-10-23T20:39:50.503257+0100 INFO 131514838812352 Row inserted successfully into quotes_tags_link.
2024-10-23T20:39:50.507855+0100 INFO 131515149190848 Row inserted successfully into tags.
2024-10-23T20:39:50.509199+0100 INFO 131515138705088 Row inserted successfully into tags.
2024-10-23T20:39:50.520334+0100 INFO 131515029653184 Row inserted successfully into tags.
2024-10-23T20:39:50.522651+0100 INFO 131514849298112 Row inserted successfully into tags.
2024-10-23T20:39:50.534761+0100 INFO 131514998195904 Row inserted successfully into quotes_tags_link.
2024-10-23T20:39:50.542233+0100 INFO 131515019167424 Row inserted successfully into quotes.
2024-10-23T20:39:50.548160+0100 INFO 131515008681664 Row inserted successfully into quotes_tags_link.
2024-10-23T20:39:50.552187+0100 INFO 131515040138944 Row inserted successfully into authors.
2024-10-23T20:39:50.553433+0100 INFO 131515149190848 Row inserted successfully into authors.
2024-10-23T20:39:50.561364+0100 INFO 131514838812352 Row inserted successfully into tags.
2024-10-23T20:39:50.563175+0100 INFO 131515138705088 Row inserted successfully into tags.
2024-10-23T20:39:50.570331+0100 INFO 131515029653184 Row inserted successfully into authors.
2024-10-23T20:39:50.573335+0100 INFO 131514998195904 Row inserted successfully into tags.
2024-10-23T20:39:50.580293+0100 INFO 131514849298112 Row inserted successfully into tags.
2024-10-23T20:39:50.591436+0100 INFO 131515008681664 Row inserted successfully into tags.
2024-10-23T20:39:50.600174+0100 INFO 131515149190848 Row inserted successfully into quotes.
2024-10-23T20:39:50.601207+0100 INFO 131515019167424 Row inserted successfully into quotes_tags_link.
2024-10-23T20:39:50.610757+0100 INFO 131515040138944 Row inserted successfully into quotes.
2024-10-23T20:39:50.618161+0100 INFO 131514838812352 Row inserted successfully into tags.
2024-10-23T20:39:50.620276+0100 INFO 131515029653184 Row inserted successfully into quotes.
2024-10-23T20:39:50.621203+0100 INFO 131515138705088 Row inserted successfully into tags.
2024-10-23T20:39:50.637119+0100 INFO 131515019167424 Row inserted successfully into tags.
2024-10-23T20:39:50.640383+0100 INFO 131514998195904 Row inserted successfully into authors.
2024-10-23T20:39:50.641548+0100 INFO 131514849298112 Row inserted successfully into tags.
2024-10-23T20:39:50.645114+0100 INFO 131515008681664 Row inserted successfully into authors.
2024-10-23T20:39:50.649773+0100 INFO 131515040138944 Row inserted successfully into quotes_tags_link.
2024-10-23T20:39:50.653346+0100 INFO 131515149190848 Row inserted successfully into quotes_tags_link.
2024-10-23T20:39:50.665190+0100 INFO 131515029653184 Row inserted successfully into quotes_tags_link.
2024-10-23T20:39:50.666252+0100 INFO 131514838812352 Row inserted successfully into authors.
2024-10-23T20:39:50.670350+0100 INFO 131515019167424 Row inserted successfully into tags.
2024-10-23T20:39:50.680901+0100 INFO 131514998195904 Row inserted successfully into quotes.
2024-10-23T20:39:50.683288+0100 INFO 131515138705088 Row inserted successfully into tags.
2024-10-23T20:39:50.684469+0100 INFO 131514849298112 Row inserted successfully into tags.
2024-10-23T20:39:50.685352+0100 INFO 131515008681664 Row inserted successfully into quotes.
2024-10-23T20:39:50.694369+0100 INFO 131515040138944 Row inserted successfully into tags.
2024-10-23T20:39:50.712437+0100 INFO 131515149190848 Row inserted successfully into tags.
2024-10-23T20:39:50.713635+0100 INFO 131514838812352 Row inserted successfully into quotes.
2024-10-23T20:39:50.717515+0100 INFO 131515029653184 Row inserted successfully into tags.
2024-10-23T20:39:50.730230+0100 INFO 131514998195904 Row inserted successfully into quotes_tags_link.
2024-10-23T20:39:50.731585+0100 INFO 131515138705088 Row inserted successfully into authors.
2024-10-23T20:39:50.737011+0100 INFO 131515019167424 Row inserted successfully into tags.
2024-10-23T20:39:50.745339+0100 INFO 131514849298112 Row inserted successfully into authors.
2024-10-23T20:39:50.747713+0100 INFO 131515149190848 Row inserted successfully into tags.
2024-10-23T20:39:50.748834+0100 INFO 131515040138944 Row inserted successfully into authors.
2024-10-23T20:39:50.752629+0100 INFO 131515008681664 Row inserted successfully into quotes_tags_link.
2024-10-23T20:39:50.760356+0100 INFO 131514838812352 Row inserted successfully into quotes_tags_link.
2024-10-23T20:39:50.764376+0100 INFO 131514998195904 Row inserted successfully into tags.
2024-10-23T20:39:50.785412+0100 INFO 131515029653184 Row inserted successfully into tags.
2024-10-23T20:39:50.793258+0100 INFO 131514838812352 Row inserted successfully into tags.
2024-10-23T20:39:50.794312+0100 INFO 131515149190848 Row inserted successfully into authors.
2024-10-23T20:39:50.795800+0100 ERROR 131515138705088 Error inserting row into quotes: (pymysql.err.DataError) (1406, "Data too long for column 'text' at row 1")
[SQL: INSERT INTO quotes (id, text, author) VALUES (%(id)s, %(text)s, %(author)s)]
[parameters: {'id': 'eee495d5-6e9f-415f-aad0-bf7ed372df97', 'text': "“This life is what you make it. No matter what, you're going to mess up sometimes, it's a universal truth. But the good part is you get to decide how ... (786 characters truncated) ...  So keep your head high, keep your chin up, and most importantly, keep smiling, because life's a beautiful thing and there's so much to smile about.”", 'author': 'Marilyn Monroe'}]
(Background on this error at: https://sqlalche.me/e/20/9h9h)
2024-10-23T20:39:50.803520+0100 INFO 131514998195904 Row inserted successfully into tags.
2024-10-23T20:39:50.809209+0100 INFO 131515019167424 Row inserted successfully into authors.
2024-10-23T20:39:50.811513+0100 INFO 131514849298112 Row inserted successfully into quotes.
2024-10-23T20:39:50.814565+0100 INFO 131515040138944 Row inserted successfully into quotes.
2024-10-23T20:39:50.820233+0100 INFO 131515008681664 Row inserted successfully into tags.
2024-10-23T20:39:50.834196+0100 INFO 131515019167424 Row inserted successfully into quotes.
2024-10-23T20:39:50.837838+0100 INFO 131514838812352 Row inserted successfully into tags.
2024-10-23T20:39:50.842587+0100 INFO 131515149190848 Row inserted successfully into quotes.
2024-10-23T20:39:50.843813+0100 INFO 131515029653184 Row inserted successfully into tags.
2024-10-23T20:39:50.848477+0100 INFO 131514849298112 Row inserted successfully into quotes_tags_link.
2024-10-23T20:39:50.857806+0100 INFO 131514998195904 Row inserted successfully into tags.
2024-10-23T20:39:50.862379+0100 INFO 131515008681664 Row inserted successfully into authors.
2024-10-23T20:39:50.870167+0100 INFO 131515019167424 Row inserted successfully into quotes_tags_link.
2024-10-23T20:39:50.871531+0100 INFO 131515040138944 Row inserted successfully into quotes_tags_link.
2024-10-23T20:39:50.883323+0100 INFO 131514849298112 Row inserted successfully into tags.
2024-10-23T20:39:50.886099+0100 INFO 131515029653184 Row inserted successfully into tags.
2024-10-23T20:39:50.889981+0100 INFO 131514838812352 Row inserted successfully into authors.
2024-10-23T20:39:50.896572+0100 INFO 131515149190848 Row inserted successfully into quotes_tags_link.
2024-10-23T20:39:50.903327+0100 INFO 131515008681664 Row inserted successfully into quotes.
2024-10-23T20:39:50.910824+0100 INFO 131514849298112 Row inserted successfully into authors.
2024-10-23T20:39:50.912480+0100 INFO 131515019167424 Row inserted successfully into tags.
2024-10-23T20:39:50.917623+0100 INFO 131514838812352 Row inserted successfully into quotes.
2024-10-23T20:39:50.923185+0100 INFO 131514998195904 Row inserted successfully into authors.
2024-10-23T20:39:50.926402+0100 INFO 131515040138944 Row inserted successfully into tags.
2024-10-23T20:39:50.936086+0100 INFO 131515149190848 Row inserted successfully into tags.
2024-10-23T20:39:50.937909+0100 INFO 131515029653184 Row inserted successfully into authors.
2024-10-23T20:39:50.952092+0100 INFO 131515008681664 Row inserted successfully into quotes_tags_link.
2024-10-23T20:39:50.953863+0100 INFO 131514849298112 Row inserted successfully into quotes.
2024-10-23T20:39:50.956894+0100 INFO 131515019167424 Row inserted successfully into authors.
2024-10-23T20:39:50.965931+0100 INFO 131514998195904 Row inserted successfully into quotes.
2024-10-23T20:39:50.968993+0100 INFO 131515040138944 Row inserted successfully into authors.
2024-10-23T20:39:50.972690+0100 INFO 131515029653184 Row inserted successfully into quotes.
2024-10-23T20:39:50.979010+0100 INFO 131514838812352 Row inserted successfully into quotes_tags_link.
2024-10-23T20:39:50.991763+0100 INFO 131515149190848 Row inserted successfully into tags.
2024-10-23T20:39:50.997353+0100 INFO 131514998195904 Row inserted successfully into quotes_tags_link.
2024-10-23T20:39:51.001296+0100 INFO 131514849298112 Row inserted successfully into quotes_tags_link.
2024-10-23T20:39:51.005543+0100 INFO 131515008681664 Row inserted successfully into tags.
2024-10-23T20:39:51.008445+0100 INFO 131515029653184 Row inserted successfully into quotes_tags_link.
2024-10-23T20:39:51.011965+0100 INFO 131515040138944 Row inserted successfully into quotes.
2024-10-23T20:39:51.014419+0100 INFO 131514838812352 Row inserted successfully into tags.
2024-10-23T20:39:51.019056+0100 INFO 131515019167424 Row inserted successfully into quotes.
2024-10-23T20:39:51.023926+0100 INFO 131514998195904 Row inserted successfully into tags.
2024-10-23T20:39:51.036961+0100 INFO 131515149190848 Row inserted successfully into tags.
2024-10-23T20:39:51.048661+0100 INFO 131514849298112 Row inserted successfully into tags.
2024-10-23T20:39:51.056933+0100 INFO 131514838812352 Row inserted successfully into authors.
2024-10-23T20:39:51.061288+0100 INFO 131515040138944 Row inserted successfully into quotes_tags_link.
2024-10-23T20:39:51.062067+0100 INFO 131515008681664 Row inserted successfully into authors.
2024-10-23T20:39:51.063782+0100 INFO 131515029653184 Row inserted successfully into tags.
2024-10-23T20:39:51.074640+0100 INFO 131514998195904 Row inserted successfully into tags.
2024-10-23T20:39:51.080495+0100 INFO 131515019167424 Row inserted successfully into quotes_tags_link.
2024-10-23T20:39:51.091925+0100 INFO 131515149190848 Row inserted successfully into tags.
2024-10-23T20:39:51.095983+0100 INFO 131514838812352 Row inserted successfully into quotes.
2024-10-23T20:39:51.100268+0100 ERROR 131515008681664 Error inserting row into quotes: (pymysql.err.DataError) (1406, "Data too long for column 'text' at row 1")
[SQL: INSERT INTO quotes (id, text, author) VALUES (%(id)s, %(text)s, %(author)s)]
[parameters: {'id': '7886eaad-9de3-4d20-8c9e-6e109f62bb06', 'text': '“To love at all is to be vulnerable. Love anything and your heart will be wrung and possibly broken. If you want to make sure of keeping it intact yo ... (218 characters truncated) ... rk, motionless, airless, it will change. It will not be broken; it will become unbreakable, impenetrable, irredeemable. To love is to be vulnerable.”', 'author': 'C.S. Lewis'}]
(Background on this error at: https://sqlalche.me/e/20/9h9h)
2024-10-23T20:39:51.104150+0100 INFO 131515040138944 Row inserted successfully into tags.
2024-10-23T20:39:51.109081+0100 INFO 131514998195904 Row inserted successfully into authors.
2024-10-23T20:39:51.114051+0100 INFO 131515029653184 Row inserted successfully into authors.
2024-10-23T20:39:51.116134+0100 INFO 131514849298112 Row inserted successfully into tags.
2024-10-23T20:39:51.121191+0100 INFO 131515019167424 Row inserted successfully into tags.
2024-10-23T20:39:51.132479+0100 INFO 131514838812352 Row inserted successfully into quotes_tags_link.
2024-10-23T20:39:51.135834+0100 INFO 131515149190848 Row inserted successfully into tags.
2024-10-23T20:39:51.142544+0100 INFO 131514998195904 Row inserted successfully into quotes.
2024-10-23T20:39:51.148239+0100 INFO 131515040138944 Row inserted successfully into tags.
2024-10-23T20:39:51.149308+0100 INFO 131515029653184 Row inserted successfully into quotes.
2024-10-23T20:39:51.160250+0100 INFO 131514838812352 Row inserted successfully into tags.
2024-10-23T20:39:51.165693+0100 INFO 131514849298112 Row inserted successfully into tags.
2024-10-23T20:39:51.167273+0100 INFO 131515019167424 Row inserted successfully into authors.
2024-10-23T20:39:51.177681+0100 INFO 131515149190848 Row inserted successfully into authors.
2024-10-23T20:39:51.184189+0100 INFO 131514998195904 Row inserted successfully into quotes_tags_link.
2024-10-23T20:39:51.185438+0100 INFO 131515029653184 Row inserted successfully into quotes_tags_link.
2024-10-23T20:39:51.193186+0100 INFO 131515040138944 Row inserted successfully into authors.
2024-10-23T20:39:51.203799+0100 INFO 131514838812352 Row inserted successfully into authors.
2024-10-23T20:39:51.205201+0100 INFO 131515149190848 Row inserted successfully into quotes.
2024-10-23T20:39:51.212648+0100 INFO 131515019167424 Row inserted successfully into quotes.
2024-10-23T20:39:51.215990+0100 INFO 131515040138944 Row inserted successfully into quotes.
2024-10-23T20:39:51.223411+0100 INFO 131514998195904 Row inserted successfully into tags.
2024-10-23T20:39:51.224655+0100 INFO 131515029653184 Row inserted successfully into tags.
2024-10-23T20:39:51.225999+0100 INFO 131514849298112 Row inserted successfully into authors.
2024-10-23T20:39:51.233581+0100 INFO 131515149190848 Row inserted successfully into quotes_tags_link.
2024-10-23T20:39:51.237040+0100 INFO 131514838812352 Row inserted successfully into quotes.
2024-10-23T20:39:51.250454+0100 INFO 131515019167424 Row inserted successfully into quotes_tags_link.
2024-10-23T20:39:51.255133+0100 INFO 131514998195904 Row inserted successfully into tags.
2024-10-23T20:39:51.269891+0100 INFO 131515149190848 Row inserted successfully into tags.
2024-10-23T20:39:51.274529+0100 INFO 131515029653184 Row inserted successfully into tags.
2024-10-23T20:39:51.280354+0100 INFO 131514998195904 Row inserted successfully into tags.
2024-10-23T20:39:51.281307+0100 INFO 131514849298112 Row inserted successfully into quotes.
2024-10-23T20:39:51.283490+0100 INFO 131514838812352 Row inserted successfully into quotes_tags_link.
2024-10-23T20:39:51.286664+0100 INFO 131515019167424 Row inserted successfully into tags.
2024-10-23T20:39:51.288071+0100 INFO 131515040138944 Row inserted successfully into quotes_tags_link.
2024-10-23T20:39:51.308328+0100 INFO 131515029653184 Row inserted successfully into authors.
2024-10-23T20:39:51.310858+0100 INFO 131515149190848 Row inserted successfully into tags.
2024-10-23T20:39:51.313070+0100 INFO 131514998195904 Row inserted successfully into tags.
2024-10-23T20:39:51.318172+0100 INFO 131514849298112 Row inserted successfully into quotes_tags_link.
2024-10-23T20:39:51.325144+0100 INFO 131514838812352 Row inserted successfully into tags.
2024-10-23T20:39:51.335043+0100 INFO 131515019167424 Row inserted successfully into tags.
2024-10-23T20:39:51.338883+0100 INFO 131515040138944 Row inserted successfully into tags.
2024-10-23T20:39:51.340259+0100 INFO 131514849298112 Row inserted successfully into tags.
2024-10-23T20:39:51.345825+0100 INFO 131515029653184 Row inserted successfully into quotes.
2024-10-23T20:39:51.347234+0100 INFO 131515149190848 Row inserted successfully into tags.
2024-10-23T20:39:51.362931+0100 INFO 131515019167424 Row inserted successfully into authors.
2024-10-23T20:39:51.374194+0100 INFO 131514998195904 Row inserted successfully into tags.
2024-10-23T20:39:51.375513+0100 INFO 131514838812352 Row inserted successfully into authors.
2024-10-23T20:39:51.377062+0100 INFO 131515040138944 Row inserted successfully into tags.
2024-10-23T20:39:51.383756+0100 INFO 131515149190848 Row inserted successfully into tags.
2024-10-23T20:39:51.385812+0100 INFO 131514849298112 Row inserted successfully into tags.
2024-10-23T20:39:51.393252+0100 INFO 131515029653184 Row inserted successfully into quotes_tags_link.
2024-10-23T20:39:51.402979+0100 INFO 131515019167424 Row inserted successfully into quotes.
2024-10-23T20:39:51.403889+0100 INFO 131515040138944 Row inserted successfully into authors.
2024-10-23T20:39:51.412388+0100 INFO 131514998195904 Row inserted successfully into authors.
2024-10-23T20:39:51.421007+0100 INFO 131515149190848 Row inserted successfully into authors.
2024-10-23T20:39:51.422020+0100 INFO 131514838812352 Row inserted successfully into quotes.
2024-10-23T20:39:51.428373+0100 INFO 131515029653184 Row inserted successfully into tags.
2024-10-23T20:39:51.433212+0100 INFO 131515040138944 Row inserted successfully into quotes.
2024-10-23T20:39:51.434379+0100 INFO 131514849298112 Row inserted successfully into authors.
2024-10-23T20:39:51.442607+0100 INFO 131514998195904 Row inserted successfully into quotes.
2024-10-23T20:39:51.453209+0100 INFO 131515019167424 Row inserted successfully into quotes_tags_link.
2024-10-23T20:39:51.460383+0100 INFO 131514838812352 Row inserted successfully into quotes_tags_link.
2024-10-23T20:39:51.461586+0100 INFO 131515029653184 Row inserted successfully into tags.
2024-10-23T20:39:51.465776+0100 INFO 131514998195904 Row inserted successfully into quotes_tags_link.
2024-10-23T20:39:51.473678+0100 INFO 131515149190848 Row inserted successfully into quotes.
2024-10-23T20:39:51.481377+0100 INFO 131515040138944 Row inserted successfully into quotes_tags_link.
2024-10-23T20:39:51.491439+0100 ERROR 131514849298112 Error inserting row into quotes: (pymysql.err.DataError) (1406, "Data too long for column 'text' at row 1")
[SQL: INSERT INTO quotes (id, text, author) VALUES (%(id)s, %(text)s, %(author)s)]
[parameters: {'id': '48f4c3aa-7b22-458b-b9a8-1d091ff6cc33', 'text': '“There are few people whom I really love, and still fewer of whom I think well. The more I see of the world, the more am I dissatisfied with it; and  ... (11 characters truncated) ... onfirms my belief of the inconsistency of all human characters, and of the little dependence that can be placed on the appearance of merit or sense.”', 'author': 'Jane Austen'}]
(Background on this error at: https://sqlalche.me/e/20/9h9h)
2024-10-23T20:39:51.493789+0100 INFO 131515029653184 Row inserted successfully into authors.
2024-10-23T20:39:51.502661+0100 INFO 131515149190848 Row inserted successfully into quotes_tags_link.
2024-10-23T20:39:51.504148+0100 INFO 131515019167424 Row inserted successfully into tags.
2024-10-23T20:39:51.511316+0100 INFO 131514838812352 Row inserted successfully into tags.
2024-10-23T20:39:51.512661+0100 INFO 131514998195904 Row inserted successfully into tags.
2024-10-23T20:39:51.529402+0100 INFO 131515019167424 Row inserted successfully into authors.
2024-10-23T20:39:51.531380+0100 INFO 131515040138944 Row inserted successfully into tags.
2024-10-23T20:39:51.536684+0100 INFO 131515149190848 Row inserted successfully into tags.
2024-10-23T20:39:51.537496+0100 INFO 131515029653184 Row inserted successfully into quotes.
2024-10-23T20:39:51.545539+0100 INFO 131514838812352 Row inserted successfully into tags.
2024-10-23T20:39:51.547639+0100 INFO 131514998195904 Row inserted successfully into tags.
2024-10-23T20:39:51.558443+0100 INFO 131515040138944 Row inserted successfully into tags.
2024-10-23T20:39:51.567370+0100 INFO 131515029653184 Row inserted successfully into quotes_tags_link.
2024-10-23T20:39:51.569852+0100 INFO 131515019167424 Row inserted successfully into quotes.
2024-10-23T20:39:51.576502+0100 INFO 131514998195904 Row inserted successfully into tags.
2024-10-23T20:39:51.579046+0100 INFO 131515149190848 Row inserted successfully into tags.
2024-10-23T20:39:51.588660+0100 INFO 131514838812352 Row inserted successfully into tags.
2024-10-23T20:39:51.589551+0100 INFO 131515040138944 Row inserted successfully into tags.
2024-10-23T20:39:51.603454+0100 INFO 131515029653184 Row inserted successfully into tags.
2024-10-23T20:39:51.608240+0100 INFO 131515019167424 Row inserted successfully into quotes_tags_link.
2024-10-23T20:39:51.609438+0100 INFO 131515149190848 Row inserted successfully into authors.
2024-10-23T20:39:51.616518+0100 INFO 131514838812352 Row inserted successfully into tags.
2024-10-23T20:39:51.622399+0100 INFO 131514998195904 Row inserted successfully into tags.
2024-10-23T20:39:51.626947+0100 INFO 131515040138944 Row inserted successfully into authors.
2024-10-23T20:39:51.633373+0100 INFO 131515029653184 Row inserted successfully into authors.
2024-10-23T20:39:51.642165+0100 INFO 131515149190848 Row inserted successfully into quotes.
2024-10-23T20:39:51.644551+0100 INFO 131515019167424 Row inserted successfully into tags.
2024-10-23T20:39:51.650626+0100 INFO 131514838812352 Row inserted successfully into tags.
2024-10-23T20:39:51.657557+0100 INFO 131515040138944 Row inserted successfully into quotes.
2024-10-23T20:39:51.659446+0100 INFO 131514998195904 Row inserted successfully into tags.
2024-10-23T20:39:51.670217+0100 INFO 131515029653184 Row inserted successfully into quotes.
2024-10-23T20:39:51.675936+0100 INFO 131515149190848 Row inserted successfully into quotes_tags_link.
2024-10-23T20:39:51.683353+0100 INFO 131514838812352 Row inserted successfully into tags.
2024-10-23T20:39:51.684578+0100 INFO 131515040138944 Row inserted successfully into quotes_tags_link.
2024-10-23T20:39:51.696457+0100 INFO 131515019167424 Row inserted successfully into tags.
2024-10-23T20:39:51.698889+0100 INFO 131514998195904 Row inserted successfully into tags.
2024-10-23T20:39:51.707362+0100 INFO 131514838812352 Row inserted successfully into tags.
2024-10-23T20:39:51.708770+0100 INFO 131515029653184 Row inserted successfully into quotes_tags_link.
2024-10-23T20:39:51.717664+0100 INFO 131515149190848 Row inserted successfully into tags.
2024-10-23T20:39:51.720032+0100 INFO 131515040138944 Row inserted successfully into tags.
2024-10-23T20:39:51.724108+0100 INFO 131515019167424 Row inserted successfully into tags.
2024-10-23T20:39:51.725047+0100 INFO 131514998195904 Row inserted successfully into authors.
2024-10-23T20:39:51.733296+0100 INFO 131514838812352 Row inserted successfully into authors.
2024-10-23T20:39:51.738623+0100 INFO 131515029653184 Row inserted successfully into tags.
2024-10-23T20:39:51.747521+0100 INFO 131515040138944 Row inserted successfully into tags.
2024-10-23T20:39:51.751440+0100 INFO 131515149190848 Row inserted successfully into tags.
2024-10-23T20:39:51.759613+0100 INFO 131515019167424 Row inserted successfully into authors.
2024-10-23T20:39:51.764837+0100 INFO 131514838812352 Row inserted successfully into quotes.
2024-10-23T20:39:51.772570+0100 INFO 131515029653184 Row inserted successfully into authors.
2024-10-23T20:39:51.773587+0100 INFO 131514998195904 Row inserted successfully into quotes.
2024-10-23T20:39:51.783899+0100 INFO 131515040138944 Row inserted successfully into authors.
2024-10-23T20:39:51.790087+0100 INFO 131515149190848 Row inserted successfully into tags.
2024-10-23T20:39:51.797281+0100 INFO 131515019167424 Row inserted successfully into quotes.
2024-10-23T20:39:51.798594+0100 INFO 131515029653184 Row inserted successfully into quotes.
2024-10-23T20:39:51.806986+0100 INFO 131514998195904 Row inserted successfully into quotes_tags_link.
2024-10-23T20:39:51.809553+0100 INFO 131514838812352 Row inserted successfully into quotes_tags_link.
2024-10-23T20:39:51.813715+0100 INFO 131515040138944 Row inserted successfully into quotes.
2024-10-23T20:39:51.820556+0100 INFO 131515149190848 Row inserted successfully into authors.
2024-10-23T20:39:51.831818+0100 INFO 131515029653184 Row inserted successfully into quotes_tags_link.
2024-10-23T20:39:51.836093+0100 INFO 131515019167424 Row inserted successfully into quotes_tags_link.
2024-10-23T20:39:51.841578+0100 INFO 131515040138944 Row inserted successfully into quotes_tags_link.
2024-10-23T20:39:51.849436+0100 INFO 131514998195904 Row inserted successfully into tags.
2024-10-23T20:39:51.858814+0100 INFO 131514838812352 Row inserted successfully into tags.
2024-10-23T20:39:51.860465+0100 INFO 131515149190848 Row inserted successfully into quotes.
2024-10-23T20:39:51.872666+0100 INFO 131515029653184 Row inserted successfully into tags.
2024-10-23T20:39:51.875166+0100 INFO 131514998195904 Row inserted successfully into tags.
2024-10-23T20:39:51.878929+0100 INFO 131515040138944 Row inserted successfully into tags.
2024-10-23T20:39:51.880342+0100 INFO 131515019167424 Row inserted successfully into tags.
2024-10-23T20:39:51.892716+0100 INFO 131515149190848 Row inserted successfully into quotes_tags_link.
2024-10-23T20:39:51.898243+0100 INFO 131515029653184 Row inserted successfully into tags.
2024-10-23T20:39:51.902689+0100 INFO 131514838812352 Row inserted successfully into authors.
2024-10-23T20:39:51.904333+0100 INFO 131514998195904 Row inserted successfully into tags.
2024-10-23T20:39:51.916978+0100 INFO 131515040138944 Row inserted successfully into tags.
2024-10-23T20:39:51.923977+0100 INFO 131515019167424 Row inserted successfully into tags.
2024-10-23T20:39:51.928278+0100 INFO 131515029653184 Row inserted successfully into authors.
2024-10-23T20:39:51.929788+0100 INFO 131514838812352 Row inserted successfully into quotes.
2024-10-23T20:39:51.939021+0100 INFO 131514998195904 Row inserted successfully into tags.
2024-10-23T20:39:51.940566+0100 INFO 131515149190848 Row inserted successfully into tags.
2024-10-23T20:39:51.941482+0100 INFO 131515040138944 Row inserted successfully into tags.
2024-10-23T20:39:51.950153+0100 INFO 131515019167424 Row inserted successfully into tags.
2024-10-23T20:39:51.959072+0100 INFO 131515029653184 Row inserted successfully into quotes.
2024-10-23T20:39:51.965704+0100 INFO 131514998195904 Row inserted successfully into tags.
2024-10-23T20:39:51.973249+0100 INFO 131514838812352 Row inserted successfully into quotes_tags_link.
2024-10-23T20:39:51.975920+0100 INFO 131515040138944 Row inserted successfully into tags.
2024-10-23T20:39:51.979229+0100 INFO 131515019167424 Row inserted successfully into authors.
2024-10-23T20:39:51.987646+0100 INFO 131515149190848 Row inserted successfully into tags.
2024-10-23T20:39:51.997682+0100 INFO 131515029653184 Row inserted successfully into quotes_tags_link.
2024-10-23T20:39:51.998944+0100 INFO 131514998195904 Row inserted successfully into tags.
2024-10-23T20:39:52.003637+0100 INFO 131514838812352 Row inserted successfully into tags.
2024-10-23T20:39:52.005583+0100 INFO 131515040138944 Row inserted successfully into authors.
2024-10-23T20:39:52.016779+0100 INFO 131515019167424 Row inserted successfully into quotes.
2024-10-23T20:39:52.024272+0100 INFO 131515029653184 Row inserted successfully into tags.
2024-10-23T20:39:52.025685+0100 INFO 131514998195904 Row inserted successfully into tags.
2024-10-23T20:39:52.034608+0100 INFO 131515149190848 Row inserted successfully into authors.
2024-10-23T20:39:52.041266+0100 INFO 131515040138944 Row inserted successfully into quotes.
2024-10-23T20:39:52.043153+0100 INFO 131515019167424 Row inserted successfully into quotes_tags_link.
2024-10-23T20:39:52.051884+0100 INFO 131515029653184 Row inserted successfully into authors.
2024-10-23T20:39:52.053020+0100 INFO 131514838812352 Row inserted successfully into authors.
2024-10-23T20:39:52.057006+0100 INFO 131514998195904 Row inserted successfully into tags.
2024-10-23T20:39:52.069191+0100 INFO 131515040138944 Row inserted successfully into quotes_tags_link.
2024-10-23T20:39:52.073031+0100 INFO 131515149190848 Row inserted successfully into quotes.
2024-10-23T20:39:52.079379+0100 INFO 131514838812352 Row inserted successfully into quotes.
2024-10-23T20:39:52.080205+0100 INFO 131515019167424 Row inserted successfully into tags.
2024-10-23T20:39:52.081586+0100 INFO 131515029653184 Row inserted successfully into quotes.
2024-10-23T20:39:52.087989+0100 INFO 131514998195904 Row inserted successfully into authors.
2024-10-23T20:39:52.095898+0100 INFO 131515040138944 Row inserted successfully into tags.
2024-10-23T20:39:52.107438+0100 INFO 131515149190848 Row inserted successfully into quotes_tags_link.
2024-10-23T20:39:52.112526+0100 INFO 131514838812352 Row inserted successfully into quotes_tags_link.
2024-10-23T20:39:52.117504+0100 INFO 131514998195904 Row inserted successfully into quotes.
2024-10-23T20:39:52.118841+0100 INFO 131515029653184 Row inserted successfully into quotes_tags_link.
2024-10-23T20:39:52.119839+0100 INFO 131515019167424 Row inserted successfully into authors.
2024-10-23T20:39:52.125865+0100 INFO 131515040138944 Row inserted successfully into tags.
2024-10-23T20:39:52.141019+0100 INFO 131515149190848 Row inserted successfully into tags.
2024-10-23T20:39:52.142264+0100 INFO 131515040138944 Row inserted successfully into authors.
2024-10-23T20:39:52.147641+0100 INFO 131515019167424 Row inserted successfully into quotes.
2024-10-23T20:39:52.150156+0100 INFO 131514838812352 Row inserted successfully into tags.
2024-10-23T20:39:52.151076+0100 INFO 131514998195904 Row inserted successfully into quotes_tags_link.
2024-10-23T20:39:52.152205+0100 INFO 131515029653184 Row inserted successfully into tags.
2024-10-23T20:39:52.173342+0100 INFO 131515149190848 Row inserted successfully into tags.
2024-10-23T20:39:52.174517+0100 INFO 131515040138944 Row inserted successfully into quotes.
2024-10-23T20:39:52.176449+0100 INFO 131515029653184 Row inserted successfully into authors.
2024-10-23T20:39:52.179354+0100 INFO 131514998195904 Row inserted successfully into tags.
2024-10-23T20:39:52.182107+0100 INFO 131514838812352 Row inserted successfully into tags.
2024-10-23T20:39:52.192022+0100 INFO 131515019167424 Row inserted successfully into quotes_tags_link.
2024-10-23T20:39:52.198252+0100 INFO 131514998195904 Row inserted successfully into tags.
2024-10-23T20:39:52.204103+0100 INFO 131515149190848 Row inserted successfully into tags.
2024-10-23T20:39:52.207640+0100 INFO 131515029653184 Row inserted successfully into quotes.
2024-10-23T20:39:52.215074+0100 INFO 131515019167424 Row inserted successfully into tags.
2024-10-23T20:39:52.216332+0100 INFO 131515040138944 Row inserted successfully into quotes_tags_link.
2024-10-23T20:39:52.217456+0100 INFO 131514838812352 Row inserted successfully into authors.
2024-10-23T20:39:52.227629+0100 INFO 131515149190848 Row inserted successfully into tags.
2024-10-23T20:39:52.229072+0100 INFO 131514998195904 Row inserted successfully into authors.
2024-10-23T20:39:52.235762+0100 INFO 131515040138944 Row inserted successfully into tags.
2024-10-23T20:39:52.243901+0100 INFO 131515029653184 Row inserted successfully into quotes_tags_link.
2024-10-23T20:39:52.258042+0100 INFO 131515019167424 Row inserted successfully into tags.
2024-10-23T20:39:52.260898+0100 INFO 131514838812352 Row inserted successfully into quotes.
2024-10-23T20:39:52.261946+0100 INFO 131515149190848 Row inserted successfully into authors.
2024-10-23T20:39:52.263232+0100 INFO 131514998195904 Row inserted successfully into quotes.
2024-10-23T20:39:52.264546+0100 INFO 131515040138944 Row inserted successfully into authors.
2024-10-23T20:39:52.275603+0100 INFO 131515019167424 Row inserted successfully into tags.
2024-10-23T20:39:52.282902+0100 INFO 131514838812352 Row inserted successfully into quotes_tags_link.
2024-10-23T20:39:52.289969+0100 INFO 131515149190848 Row inserted successfully into quotes.
2024-10-23T20:39:52.294322+0100 INFO 131515040138944 Row inserted successfully into quotes.
2024-10-23T20:39:52.304078+0100 INFO 131515019167424 Row inserted successfully into authors.
2024-10-23T20:39:52.305266+0100 INFO 131514998195904 Row inserted successfully into quotes_tags_link.
2024-10-23T20:39:52.312614+0100 INFO 131515149190848 Row inserted successfully into quotes_tags_link.
2024-10-23T20:39:52.319406+0100 INFO 131515040138944 Row inserted successfully into quotes_tags_link.
2024-10-23T20:39:52.333871+0100 INFO 131514998195904 Row inserted successfully into tags.
2024-10-23T20:39:52.335148+0100 INFO 131515019167424 Row inserted successfully into quotes.
2024-10-23T20:39:52.338906+0100 INFO 131515149190848 Row inserted successfully into tags.
2024-10-23T20:39:52.348710+0100 INFO 131514998195904 Row inserted successfully into authors.
2024-10-23T20:39:52.352091+0100 INFO 131515019167424 Row inserted successfully into quotes_tags_link.
2024-10-23T20:39:52.357583+0100 INFO 131515149190848 Row inserted successfully into authors.
2024-10-23T20:39:52.368126+0100 INFO 131514998195904 Row inserted successfully into quotes.
2024-10-23T20:39:52.373289+0100 INFO 131515149190848 Row inserted successfully into quotes.
2024-10-23T20:39:52.382882+0100 INFO 131514998195904 Row inserted successfully into quotes_tags_link.
2024-10-23T20:39:52.389603+0100 INFO 131515149190848 Row inserted successfully into quotes_tags_link.
2024-10-23T20:39:52.400658+0100 INFO 131514998195904 Row inserted successfully into tags.
2024-10-23T20:39:52.407278+0100 INFO 131515149190848 Row inserted successfully into tags.
2024-10-23T20:39:52.418215+0100 INFO 131514998195904 Row inserted successfully into tags.
2024-10-23T20:39:52.422215+0100 INFO 131515149190848 Row inserted successfully into tags.
2024-10-23T20:39:52.433247+0100 INFO 131514998195904 Row inserted successfully into tags.
2024-10-23T20:39:52.436685+0100 INFO 131515149190848 Row inserted successfully into tags.
2024-10-23T20:39:52.447216+0100 INFO 131514998195904 Row inserted successfully into authors.
2024-10-23T20:39:52.450103+0100 INFO 131515149190848 Row inserted successfully into authors.
2024-10-23T20:39:52.459939+0100 INFO 131514998195904 Row inserted successfully into quotes.
2024-10-23T20:39:52.462991+0100 INFO 131515149190848 Row inserted successfully into quotes.
2024-10-23T20:39:52.471961+0100 INFO 131514998195904 Row inserted successfully into quotes_tags_link.
2024-10-23T20:39:52.475524+0100 INFO 131515149190848 Row inserted successfully into quotes_tags_link.
