2024-10-23T20:43:02.626584+0100 INFO 138448834216064 Ensured data directory exists at /home/daxo/code/scraping_quotes/scraping_quotes/data
2024-10-23T20:43:02.654818+0100 INFO 138448834216064 Created database engine for /home/daxo/code/scraping_quotes/scraping_quotes/data/quotes.db
2024-10-23T20:43:02.683115+0100 INFO 138448834216064 Database schema initialized successfully.
2024-10-23T20:43:02.684942+0100 INFO 138448834216064 Tables in the database: ['TestTable', 'authors', 'quotes', 'quotes_tags_link', 'tags']
2024-10-23T20:43:02.685056+0100 ERROR 138448834216064 Not all required tables were created.
2024-10-23T20:43:02.692975+0100 INFO 138448834216064 Database schema initialized successfully.
2024-10-23T20:43:02.694775+0100 INFO 138448834216064 Tables in the database: ['TestTable', 'authors', 'quotes', 'quotes_tags_link', 'tags']
2024-10-23T20:43:02.694887+0100 ERROR 138448834216064 Not all required tables were created.
2024-10-23T20:43:02.711139+0100 INFO 138448834216064 All tables truncated successfully.
2024-10-23T20:43:02.711676+0100 INFO 138448834216064 Database initialized successfully with new records.
2024-10-23T20:43:03.436544+0100 INFO 138448834216064 Successfully fetched the page
2024-10-23T20:43:04.252834+0100 INFO 138448834216064 Successfully fetched the page
2024-10-23T20:43:04.895134+0100 INFO 138448377743040 Successfully fetched the page
2024-10-23T20:43:04.896897+0100 INFO 138448367257280 Successfully fetched the page
2024-10-23T20:43:04.949985+0100 INFO 138448356771520 Successfully fetched the page
2024-10-23T20:43:04.956063+0100 INFO 138448388228800 Successfully fetched the page
2024-10-23T20:43:05.002689+0100 INFO 138448258205376 Successfully fetched the page
2024-10-23T20:43:05.004231+0100 INFO 138448247719616 Successfully fetched the page
2024-10-23T20:43:05.005675+0100 INFO 138448237233856 Successfully fetched the page
2024-10-23T20:43:05.027191+0100 INFO 138448398714560 Successfully fetched the page
2024-10-23T20:43:05.037231+0100 INFO 138448409200320 Successfully fetched the page
2024-10-23T20:43:05.054877+0100 INFO 138448268691136 Successfully fetched the page
2024-10-23T20:43:05.112953+0100 INFO 138448377743040 Row inserted successfully into tags.
2024-10-23T20:43:05.325239+0100 INFO 138448247719616 Row inserted successfully into tags.
2024-10-23T20:43:05.354272+0100 INFO 138448356771520 Row inserted successfully into tags.
2024-10-23T20:43:05.358686+0100 INFO 138448388228800 Row inserted successfully into tags.
2024-10-23T20:43:05.368092+0100 INFO 138448377743040 Row inserted successfully into tags.
2024-10-23T20:43:05.374506+0100 INFO 138448258205376 Row inserted successfully into tags.
2024-10-23T20:43:05.377013+0100 INFO 138448367257280 Row inserted successfully into tags.
2024-10-23T20:43:05.406006+0100 INFO 138448258205376 Row inserted successfully into tags.
2024-10-23T20:43:05.409118+0100 INFO 138448247719616 Row inserted successfully into authors.
2024-10-23T20:43:05.410432+0100 INFO 138448398714560 Row inserted successfully into tags.
2024-10-23T20:43:05.412088+0100 INFO 138448237233856 Row inserted successfully into tags.
2024-10-23T20:43:05.422052+0100 INFO 138448356771520 Row inserted successfully into tags.
2024-10-23T20:43:05.423019+0100 INFO 138448409200320 Row inserted successfully into tags.
2024-10-23T20:43:05.426407+0100 INFO 138448388228800 Row inserted successfully into tags.
2024-10-23T20:43:05.432215+0100 INFO 138448367257280 Row inserted successfully into tags.
2024-10-23T20:43:05.435551+0100 INFO 138448377743040 Row inserted successfully into tags.
2024-10-23T20:43:05.443638+0100 INFO 138448398714560 Row inserted successfully into tags.
2024-10-23T20:43:05.453890+0100 INFO 138448237233856 Row inserted successfully into authors.
2024-10-23T20:43:05.455658+0100 INFO 138448356771520 Row inserted successfully into authors.
2024-10-23T20:43:05.457313+0100 INFO 138448258205376 Row inserted successfully into authors.
2024-10-23T20:43:05.462302+0100 INFO 138448268691136 Row inserted successfully into tags.
2024-10-23T20:43:05.464974+0100 INFO 138448247719616 Row inserted successfully into quotes.
2024-10-23T20:43:05.485293+0100 INFO 138448398714560 Row inserted successfully into tags.
2024-10-23T20:43:05.488065+0100 INFO 138448367257280 Row inserted successfully into tags.
2024-10-23T20:43:05.491844+0100 INFO 138448388228800 Row inserted successfully into authors.
2024-10-23T20:43:05.496075+0100 INFO 138448409200320 Row inserted successfully into tags.
2024-10-23T20:43:05.505702+0100 INFO 138448356771520 Row inserted successfully into quotes.
2024-10-23T20:43:05.509928+0100 INFO 138448237233856 Row inserted successfully into quotes.
2024-10-23T20:43:05.521988+0100 INFO 138448377743040 Row inserted successfully into authors.
2024-10-23T20:43:05.526764+0100 INFO 138448247719616 Row inserted successfully into quotes_tags_link.
2024-10-23T20:43:05.528155+0100 INFO 138448398714560 Row inserted successfully into tags.
2024-10-23T20:43:05.537474+0100 INFO 138448268691136 Row inserted successfully into authors.
2024-10-23T20:43:05.543012+0100 INFO 138448237233856 Row inserted successfully into quotes_tags_link.
2024-10-23T20:43:05.550042+0100 INFO 138448258205376 Row inserted successfully into quotes.
2024-10-23T20:43:05.555342+0100 INFO 138448356771520 Row inserted successfully into quotes_tags_link.
2024-10-23T20:43:05.561301+0100 INFO 138448409200320 Row inserted successfully into tags.
2024-10-23T20:43:05.567316+0100 INFO 138448367257280 Row inserted successfully into tags.
2024-10-23T20:43:05.570052+0100 INFO 138448377743040 Row inserted successfully into quotes.
2024-10-23T20:43:05.576762+0100 ERROR 138448388228800 Error inserting row into quotes: (pymysql.err.DataError) (1406, "Data too long for column 'text' at row 1")
[SQL: INSERT INTO quotes (id, text, author) VALUES (%(id)s, %(text)s, %(author)s)]
[parameters: {'id': 'd74e0c02-174c-4f4f-a8fe-4343129cefee', 'text': '“I love you without knowing how, or when, or from where. I love you simply, without problems or pride: I love you in this way because I do not know a ... (21 characters truncated) ... g but this, in which there is no I or you, so intimate that your hand upon my chest is my hand, so intimate that when I fall asleep your eyes close.”', 'author': 'Pablo Neruda'}]
(Background on this error at: https://sqlalche.me/e/20/9h9h)
2024-10-23T20:43:05.586193+0100 INFO 138448237233856 Row inserted successfully into tags.
2024-10-23T20:43:05.594531+0100 INFO 138448268691136 Row inserted successfully into quotes.
2024-10-23T20:43:05.595852+0100 INFO 138448398714560 Row inserted successfully into tags.
2024-10-23T20:43:05.598385+0100 INFO 138448247719616 Row inserted successfully into tags.
2024-10-23T20:43:05.605160+0100 INFO 138448377743040 Row inserted successfully into quotes_tags_link.
2024-10-23T20:43:05.606322+0100 INFO 138448409200320 Row inserted successfully into tags.
2024-10-23T20:43:05.607332+0100 INFO 138448258205376 Row inserted successfully into quotes_tags_link.
2024-10-23T20:43:05.613205+0100 INFO 138448356771520 Row inserted successfully into tags.
2024-10-23T20:43:05.614422+0100 INFO 138448367257280 Row inserted successfully into authors.
2024-10-23T20:43:05.623714+0100 INFO 138448398714560 Row inserted successfully into tags.
2024-10-23T20:43:05.631546+0100 INFO 138448237233856 Row inserted successfully into tags.
2024-10-23T20:43:05.639799+0100 INFO 138448247719616 Row inserted successfully into tags.
2024-10-23T20:43:05.648841+0100 INFO 138448356771520 Row inserted successfully into tags.
2024-10-23T20:43:05.649872+0100 INFO 138448258205376 Row inserted successfully into tags.
2024-10-23T20:43:05.657667+0100 INFO 138448268691136 Row inserted successfully into quotes_tags_link.
2024-10-23T20:43:05.658993+0100 INFO 138448409200320 Row inserted successfully into authors.
2024-10-23T20:43:05.665421+0100 INFO 138448377743040 Row inserted successfully into tags.
2024-10-23T20:43:05.666766+0100 INFO 138448367257280 Row inserted successfully into quotes.
2024-10-23T20:43:05.679674+0100 INFO 138448398714560 Row inserted successfully into authors.
2024-10-23T20:43:05.687235+0100 INFO 138448409200320 Row inserted successfully into quotes.
2024-10-23T20:43:05.691364+0100 INFO 138448237233856 Row inserted successfully into authors.
2024-10-23T20:43:05.693882+0100 INFO 138448258205376 Row inserted successfully into authors.
2024-10-23T20:43:05.709245+0100 INFO 138448367257280 Row inserted successfully into quotes_tags_link.
2024-10-23T20:43:05.710455+0100 INFO 138448356771520 Row inserted successfully into tags.
2024-10-23T20:43:05.713840+0100 INFO 138448268691136 Row inserted successfully into tags.
2024-10-23T20:43:05.723834+0100 INFO 138448258205376 Row inserted successfully into quotes.
2024-10-23T20:43:05.727684+0100 INFO 138448377743040 Row inserted successfully into authors.
2024-10-23T20:43:05.729208+0100 INFO 138448247719616 Row inserted successfully into tags.
2024-10-23T20:43:05.736693+0100 INFO 138448356771520 Row inserted successfully into authors.
2024-10-23T20:43:05.746762+0100 INFO 138448268691136 Row inserted successfully into authors.
2024-10-23T20:43:05.751149+0100 INFO 138448367257280 Row inserted successfully into tags.
2024-10-23T20:43:05.755378+0100 INFO 138448409200320 Row inserted successfully into quotes_tags_link.
2024-10-23T20:43:05.757913+0100 INFO 138448237233856 Row inserted successfully into quotes.
2024-10-23T20:43:05.768304+0100 INFO 138448258205376 Row inserted successfully into quotes_tags_link.
2024-10-23T20:43:05.770207+0100 ERROR 138448398714560 Error inserting row into quotes: (pymysql.err.DataError) (1406, "Data too long for column 'text' at row 1")
[SQL: INSERT INTO quotes (id, text, author) VALUES (%(id)s, %(text)s, %(author)s)]
[parameters: {'id': 'f51a5bec-7805-4ae3-af5a-cc3acffd2270', 'text': "“This life is what you make it. No matter what, you're going to mess up sometimes, it's a universal truth. But the good part is you get to decide how ... (786 characters truncated) ...  So keep your head high, keep your chin up, and most importantly, keep smiling, because life's a beautiful thing and there's so much to smile about.”", 'author': 'Marilyn Monroe'}]
(Background on this error at: https://sqlalche.me/e/20/9h9h)
2024-10-23T20:43:05.775218+0100 INFO 138448356771520 Row inserted successfully into quotes.
2024-10-23T20:43:05.787321+0100 INFO 138448377743040 Row inserted successfully into quotes.
2024-10-23T20:43:05.791677+0100 INFO 138448409200320 Row inserted successfully into tags.
2024-10-23T20:43:05.798628+0100 INFO 138448247719616 Row inserted successfully into tags.
2024-10-23T20:43:05.799944+0100 INFO 138448237233856 Row inserted successfully into quotes_tags_link.
2024-10-23T20:43:05.801231+0100 INFO 138448268691136 Row inserted successfully into quotes.
2024-10-23T20:43:05.809160+0100 INFO 138448258205376 Row inserted successfully into tags.
2024-10-23T20:43:05.814981+0100 INFO 138448356771520 Row inserted successfully into quotes_tags_link.
2024-10-23T20:43:05.819040+0100 INFO 138448367257280 Row inserted successfully into tags.
2024-10-23T20:43:05.840097+0100 INFO 138448409200320 Row inserted successfully into tags.
2024-10-23T20:43:05.841018+0100 INFO 138448247719616 Row inserted successfully into authors.
2024-10-23T20:43:05.846068+0100 INFO 138448237233856 Row inserted successfully into tags.
2024-10-23T20:43:05.850017+0100 INFO 138448268691136 Row inserted successfully into quotes_tags_link.
2024-10-23T20:43:05.852585+0100 INFO 138448258205376 Row inserted successfully into tags.
2024-10-23T20:43:05.855910+0100 INFO 138448377743040 Row inserted successfully into quotes_tags_link.
2024-10-23T20:43:05.858898+0100 INFO 138448356771520 Row inserted successfully into tags.
2024-10-23T20:43:05.866436+0100 INFO 138448367257280 Row inserted successfully into tags.
2024-10-23T20:43:05.871200+0100 INFO 138448409200320 Row inserted successfully into authors.
2024-10-23T20:43:05.872239+0100 INFO 138448237233856 Row inserted successfully into tags.
2024-10-23T20:43:05.879424+0100 INFO 138448247719616 Row inserted successfully into quotes.
2024-10-23T20:43:05.887854+0100 INFO 138448258205376 Row inserted successfully into tags.
2024-10-23T20:43:05.896025+0100 INFO 138448268691136 Row inserted successfully into tags.
2024-10-23T20:43:05.903171+0100 INFO 138448377743040 Row inserted successfully into tags.
2024-10-23T20:43:05.910596+0100 INFO 138448367257280 Row inserted successfully into tags.
2024-10-23T20:43:05.915314+0100 INFO 138448356771520 Row inserted successfully into authors.
2024-10-23T20:43:05.921995+0100 INFO 138448237233856 Row inserted successfully into authors.
2024-10-23T20:43:05.929228+0100 INFO 138448377743040 Row inserted successfully into authors.
2024-10-23T20:43:05.931020+0100 INFO 138448409200320 Row inserted successfully into quotes.
2024-10-23T20:43:05.937903+0100 INFO 138448247719616 Row inserted successfully into quotes_tags_link.
2024-10-23T20:43:05.948085+0100 INFO 138448268691136 Row inserted successfully into authors.
2024-10-23T20:43:05.951758+0100 INFO 138448258205376 Row inserted successfully into authors.
2024-10-23T20:43:05.956918+0100 INFO 138448356771520 Row inserted successfully into quotes.
2024-10-23T20:43:05.961914+0100 INFO 138448377743040 Row inserted successfully into quotes.
2024-10-23T20:43:05.966774+0100 INFO 138448237233856 Row inserted successfully into quotes.
2024-10-23T20:43:05.975302+0100 INFO 138448409200320 Row inserted successfully into quotes_tags_link.
2024-10-23T20:43:05.980964+0100 INFO 138448258205376 Row inserted successfully into quotes.
2024-10-23T20:43:05.985966+0100 INFO 138448367257280 Row inserted successfully into authors.
2024-10-23T20:43:05.992482+0100 INFO 138448356771520 Row inserted successfully into quotes_tags_link.
2024-10-23T20:43:05.995339+0100 INFO 138448268691136 Row inserted successfully into quotes.
2024-10-23T20:43:06.001262+0100 INFO 138448247719616 Row inserted successfully into tags.
2024-10-23T20:43:06.004413+0100 INFO 138448237233856 Row inserted successfully into quotes_tags_link.
2024-10-23T20:43:06.005758+0100 INFO 138448377743040 Row inserted successfully into quotes_tags_link.
2024-10-23T20:43:06.017850+0100 INFO 138448367257280 Row inserted successfully into quotes.
2024-10-23T20:43:06.018891+0100 INFO 138448258205376 Row inserted successfully into quotes_tags_link.
2024-10-23T20:43:06.025187+0100 INFO 138448409200320 Row inserted successfully into tags.
2024-10-23T20:43:06.026004+0100 INFO 138448268691136 Row inserted successfully into quotes_tags_link.
2024-10-23T20:43:06.036115+0100 INFO 138448247719616 Row inserted successfully into authors.
2024-10-23T20:43:06.042838+0100 INFO 138448356771520 Row inserted successfully into tags.
2024-10-23T20:43:06.057609+0100 INFO 138448258205376 Row inserted successfully into tags.
2024-10-23T20:43:06.058818+0100 INFO 138448367257280 Row inserted successfully into quotes_tags_link.
2024-10-23T20:43:06.063009+0100 INFO 138448237233856 Row inserted successfully into tags.
2024-10-23T20:43:06.074152+0100 INFO 138448409200320 Row inserted successfully into tags.
2024-10-23T20:43:06.075591+0100 INFO 138448377743040 Row inserted successfully into tags.
2024-10-23T20:43:06.085647+0100 INFO 138448268691136 Row inserted successfully into tags.
2024-10-23T20:43:06.088316+0100 INFO 138448258205376 Row inserted successfully into tags.
2024-10-23T20:43:06.094282+0100 INFO 138448237233856 Row inserted successfully into authors.
2024-10-23T20:43:06.104413+0100 INFO 138448356771520 Row inserted successfully into authors.
2024-10-23T20:43:06.111598+0100 INFO 138448409200320 Row inserted successfully into tags.
2024-10-23T20:43:06.114297+0100 INFO 138448367257280 Row inserted successfully into tags.
2024-10-23T20:43:06.122217+0100 INFO 138448247719616 Row inserted successfully into quotes.
2024-10-23T20:43:06.124596+0100 INFO 138448268691136 Row inserted successfully into authors.
2024-10-23T20:43:06.132461+0100 INFO 138448237233856 Row inserted successfully into quotes.
2024-10-23T20:43:06.135620+0100 INFO 138448377743040 Row inserted successfully into tags.
2024-10-23T20:43:06.138880+0100 INFO 138448409200320 Row inserted successfully into tags.
2024-10-23T20:43:06.149213+0100 INFO 138448258205376 Row inserted successfully into authors.
2024-10-23T20:43:06.151034+0100 INFO 138448356771520 Row inserted successfully into quotes.
2024-10-23T20:43:06.160057+0100 INFO 138448237233856 Row inserted successfully into quotes_tags_link.
2024-10-23T20:43:06.161058+0100 INFO 138448367257280 Row inserted successfully into authors.
2024-10-23T20:43:06.162894+0100 INFO 138448247719616 Row inserted successfully into quotes_tags_link.
2024-10-23T20:43:06.179840+0100 INFO 138448409200320 Row inserted successfully into tags.
2024-10-23T20:43:06.185871+0100 INFO 138448258205376 Row inserted successfully into quotes.
2024-10-23T20:43:06.187899+0100 ERROR 138448268691136 Error inserting row into quotes: (pymysql.err.DataError) (1406, "Data too long for column 'text' at row 1")
[SQL: INSERT INTO quotes (id, text, author) VALUES (%(id)s, %(text)s, %(author)s)]
[parameters: {'id': '43da2d52-73b4-480f-8981-efb0456e334e', 'text': '“To love at all is to be vulnerable. Love anything and your heart will be wrung and possibly broken. If you want to make sure of keeping it intact yo ... (218 characters truncated) ... rk, motionless, airless, it will change. It will not be broken; it will become unbreakable, impenetrable, irredeemable. To love is to be vulnerable.”', 'author': 'C.S. Lewis'}]
(Background on this error at: https://sqlalche.me/e/20/9h9h)
2024-10-23T20:43:06.191460+0100 INFO 138448247719616 Row inserted successfully into tags.
2024-10-23T20:43:06.196443+0100 INFO 138448377743040 Row inserted successfully into authors.
2024-10-23T20:43:06.204403+0100 INFO 138448367257280 Row inserted successfully into quotes.
2024-10-23T20:43:06.210028+0100 INFO 138448356771520 Row inserted successfully into quotes_tags_link.
2024-10-23T20:43:06.211756+0100 INFO 138448237233856 Row inserted successfully into tags.
2024-10-23T20:43:06.214985+0100 INFO 138448247719616 Row inserted successfully into tags.
2024-10-23T20:43:06.226964+0100 INFO 138448258205376 Row inserted successfully into quotes_tags_link.
2024-10-23T20:43:06.230997+0100 INFO 138448367257280 Row inserted successfully into quotes_tags_link.
2024-10-23T20:43:06.236698+0100 INFO 138448409200320 Row inserted successfully into authors.
2024-10-23T20:43:06.237554+0100 INFO 138448377743040 Row inserted successfully into quotes.
2024-10-23T20:43:06.246189+0100 INFO 138448356771520 Row inserted successfully into tags.
2024-10-23T20:43:06.253464+0100 INFO 138448247719616 Row inserted successfully into tags.
2024-10-23T20:43:06.262428+0100 INFO 138448377743040 Row inserted successfully into quotes_tags_link.
2024-10-23T20:43:06.267915+0100 INFO 138448258205376 Row inserted successfully into tags.
2024-10-23T20:43:06.273339+0100 INFO 138448409200320 Row inserted successfully into quotes.
2024-10-23T20:43:06.274583+0100 INFO 138448237233856 Row inserted successfully into authors.
2024-10-23T20:43:06.286604+0100 INFO 138448247719616 Row inserted successfully into authors.
2024-10-23T20:43:06.288125+0100 INFO 138448367257280 Row inserted successfully into tags.
2024-10-23T20:43:06.290311+0100 INFO 138448356771520 Row inserted successfully into tags.
2024-10-23T20:43:06.297524+0100 INFO 138448258205376 Row inserted successfully into tags.
2024-10-23T20:43:06.303112+0100 INFO 138448377743040 Row inserted successfully into tags.
2024-10-23T20:43:06.311382+0100 INFO 138448237233856 Row inserted successfully into quotes.
2024-10-23T20:43:06.319036+0100 INFO 138448409200320 Row inserted successfully into quotes_tags_link.
2024-10-23T20:43:06.322285+0100 INFO 138448367257280 Row inserted successfully into tags.
2024-10-23T20:43:06.331991+0100 INFO 138448258205376 Row inserted successfully into tags.
2024-10-23T20:43:06.334416+0100 INFO 138448356771520 Row inserted successfully into authors.
2024-10-23T20:43:06.342400+0100 INFO 138448247719616 Row inserted successfully into quotes.
2024-10-23T20:43:06.343630+0100 INFO 138448409200320 Row inserted successfully into tags.
2024-10-23T20:43:06.344452+0100 INFO 138448377743040 Row inserted successfully into tags.
2024-10-23T20:43:06.351683+0100 INFO 138448237233856 Row inserted successfully into quotes_tags_link.
2024-10-23T20:43:06.363308+0100 INFO 138448247719616 Row inserted successfully into quotes_tags_link.
2024-10-23T20:43:06.367561+0100 INFO 138448356771520 Row inserted successfully into quotes.
2024-10-23T20:43:06.376918+0100 INFO 138448377743040 Row inserted successfully into authors.
2024-10-23T20:43:06.377945+0100 INFO 138448258205376 Row inserted successfully into tags.
2024-10-23T20:43:06.380615+0100 INFO 138448367257280 Row inserted successfully into authors.
2024-10-23T20:43:06.397308+0100 INFO 138448247719616 Row inserted successfully into tags.
2024-10-23T20:43:06.398694+0100 INFO 138448237233856 Row inserted successfully into tags.
2024-10-23T20:43:06.405427+0100 INFO 138448409200320 Row inserted successfully into tags.
2024-10-23T20:43:06.406815+0100 INFO 138448258205376 Row inserted successfully into tags.
2024-10-23T20:43:06.410158+0100 INFO 138448356771520 Row inserted successfully into quotes_tags_link.
2024-10-23T20:43:06.415488+0100 INFO 138448367257280 Row inserted successfully into quotes.
2024-10-23T20:43:06.427051+0100 INFO 138448377743040 Row inserted successfully into quotes.
2024-10-23T20:43:06.436913+0100 INFO 138448237233856 Row inserted successfully into authors.
2024-10-23T20:43:06.439819+0100 INFO 138448247719616 Row inserted successfully into tags.
2024-10-23T20:43:06.441418+0100 INFO 138448409200320 Row inserted successfully into tags.
2024-10-23T20:43:06.445910+0100 INFO 138448258205376 Row inserted successfully into authors.
2024-10-23T20:43:06.451713+0100 INFO 138448356771520 Row inserted successfully into tags.
2024-10-23T20:43:06.456857+0100 INFO 138448377743040 Row inserted successfully into quotes_tags_link.
2024-10-23T20:43:06.464507+0100 INFO 138448367257280 Row inserted successfully into quotes_tags_link.
2024-10-23T20:43:06.474471+0100 INFO 138448409200320 Row inserted successfully into tags.
2024-10-23T20:43:06.481648+0100 INFO 138448377743040 Row inserted successfully into tags.
2024-10-23T20:43:06.484750+0100 INFO 138448247719616 Row inserted successfully into authors.
2024-10-23T20:43:06.492759+0100 INFO 138448237233856 Row inserted successfully into quotes.
2024-10-23T20:43:06.494645+0100 INFO 138448258205376 Row inserted successfully into quotes.
2024-10-23T20:43:06.497977+0100 INFO 138448356771520 Row inserted successfully into authors.
2024-10-23T20:43:06.509871+0100 INFO 138448367257280 Row inserted successfully into tags.
2024-10-23T20:43:06.522292+0100 INFO 138448237233856 Row inserted successfully into quotes_tags_link.
2024-10-23T20:43:06.523243+0100 INFO 138448258205376 Row inserted successfully into quotes_tags_link.
2024-10-23T20:43:06.524684+0100 INFO 138448377743040 Row inserted successfully into tags.
2024-10-23T20:43:06.525318+0100 ERROR 138448247719616 Error inserting row into quotes: (pymysql.err.DataError) (1406, "Data too long for column 'text' at row 1")
[SQL: INSERT INTO quotes (id, text, author) VALUES (%(id)s, %(text)s, %(author)s)]
[parameters: {'id': 'beff921b-5072-4c0c-a172-c1b1e79d02cd', 'text': '“There are few people whom I really love, and still fewer of whom I think well. The more I see of the world, the more am I dissatisfied with it; and  ... (11 characters truncated) ... onfirms my belief of the inconsistency of all human characters, and of the little dependence that can be placed on the appearance of merit or sense.”', 'author': 'Jane Austen'}]
(Background on this error at: https://sqlalche.me/e/20/9h9h)
2024-10-23T20:43:06.532106+0100 INFO 138448409200320 Row inserted successfully into authors.
2024-10-23T20:43:06.537519+0100 INFO 138448367257280 Row inserted successfully into tags.
2024-10-23T20:43:06.539946+0100 INFO 138448356771520 Row inserted successfully into quotes.
2024-10-23T20:43:06.547578+0100 INFO 138448237233856 Row inserted successfully into tags.
2024-10-23T20:43:06.552602+0100 INFO 138448258205376 Row inserted successfully into tags.
2024-10-23T20:43:06.561475+0100 INFO 138448377743040 Row inserted successfully into tags.
2024-10-23T20:43:06.567216+0100 INFO 138448409200320 Row inserted successfully into quotes.
2024-10-23T20:43:06.570625+0100 INFO 138448367257280 Row inserted successfully into authors.
2024-10-23T20:43:06.577116+0100 INFO 138448237233856 Row inserted successfully into tags.
2024-10-23T20:43:06.584880+0100 INFO 138448258205376 Row inserted successfully into tags.
2024-10-23T20:43:06.589878+0100 INFO 138448356771520 Row inserted successfully into quotes_tags_link.
2024-10-23T20:43:06.597920+0100 INFO 138448409200320 Row inserted successfully into quotes_tags_link.
2024-10-23T20:43:06.599226+0100 INFO 138448377743040 Row inserted successfully into authors.
2024-10-23T20:43:06.605119+0100 INFO 138448367257280 Row inserted successfully into quotes.
2024-10-23T20:43:06.612346+0100 INFO 138448237233856 Row inserted successfully into tags.
2024-10-23T20:43:06.621585+0100 INFO 138448258205376 Row inserted successfully into tags.
2024-10-23T20:43:06.624663+0100 INFO 138448356771520 Row inserted successfully into tags.
2024-10-23T20:43:06.634380+0100 INFO 138448367257280 Row inserted successfully into quotes_tags_link.
2024-10-23T20:43:06.635484+0100 INFO 138448409200320 Row inserted successfully into tags.
2024-10-23T20:43:06.643631+0100 INFO 138448237233856 Row inserted successfully into tags.
2024-10-23T20:43:06.648470+0100 INFO 138448377743040 Row inserted successfully into quotes.
2024-10-23T20:43:06.654002+0100 INFO 138448356771520 Row inserted successfully into tags.
2024-10-23T20:43:06.656111+0100 INFO 138448258205376 Row inserted successfully into tags.
2024-10-23T20:43:06.662703+0100 INFO 138448367257280 Row inserted successfully into tags.
2024-10-23T20:43:06.675234+0100 INFO 138448356771520 Row inserted successfully into tags.
2024-10-23T20:43:06.679012+0100 INFO 138448237233856 Row inserted successfully into tags.
2024-10-23T20:43:06.680832+0100 INFO 138448409200320 Row inserted successfully into tags.
2024-10-23T20:43:06.688657+0100 INFO 138448377743040 Row inserted successfully into quotes_tags_link.
2024-10-23T20:43:06.691120+0100 INFO 138448367257280 Row inserted successfully into authors.
2024-10-23T20:43:06.697124+0100 INFO 138448258205376 Row inserted successfully into tags.
2024-10-23T20:43:06.707318+0100 INFO 138448409200320 Row inserted successfully into authors.
2024-10-23T20:43:06.713087+0100 INFO 138448237233856 Row inserted successfully into tags.
2024-10-23T20:43:06.718765+0100 INFO 138448367257280 Row inserted successfully into quotes.
2024-10-23T20:43:06.720334+0100 INFO 138448356771520 Row inserted successfully into authors.
2024-10-23T20:43:06.727095+0100 INFO 138448377743040 Row inserted successfully into tags.
2024-10-23T20:43:06.734112+0100 INFO 138448237233856 Row inserted successfully into tags.
2024-10-23T20:43:06.742225+0100 INFO 138448409200320 Row inserted successfully into quotes.
2024-10-23T20:43:06.744801+0100 INFO 138448258205376 Row inserted successfully into tags.
2024-10-23T20:43:06.753181+0100 INFO 138448377743040 Row inserted successfully into tags.
2024-10-23T20:43:06.761069+0100 INFO 138448367257280 Row inserted successfully into quotes_tags_link.
2024-10-23T20:43:06.764534+0100 INFO 138448356771520 Row inserted successfully into quotes.
2024-10-23T20:43:06.765364+0100 INFO 138448237233856 Row inserted successfully into authors.
2024-10-23T20:43:06.772026+0100 INFO 138448409200320 Row inserted successfully into quotes_tags_link.
2024-10-23T20:43:06.778179+0100 INFO 138448258205376 Row inserted successfully into authors.
2024-10-23T20:43:06.787693+0100 INFO 138448367257280 Row inserted successfully into tags.
2024-10-23T20:43:06.790606+0100 INFO 138448377743040 Row inserted successfully into authors.
2024-10-23T20:43:06.797696+0100 INFO 138448356771520 Row inserted successfully into quotes_tags_link.
2024-10-23T20:43:06.803762+0100 INFO 138448237233856 Row inserted successfully into quotes.
2024-10-23T20:43:06.806026+0100 INFO 138448409200320 Row inserted successfully into tags.
2024-10-23T20:43:06.816516+0100 INFO 138448377743040 Row inserted successfully into quotes.
2024-10-23T20:43:06.821383+0100 INFO 138448258205376 Row inserted successfully into quotes.
2024-10-23T20:43:06.827571+0100 INFO 138448356771520 Row inserted successfully into tags.
2024-10-23T20:43:06.831066+0100 INFO 138448409200320 Row inserted successfully into tags.
2024-10-23T20:43:06.836528+0100 INFO 138448367257280 Row inserted successfully into authors.
2024-10-23T20:43:06.843121+0100 INFO 138448237233856 Row inserted successfully into quotes_tags_link.
2024-10-23T20:43:06.846241+0100 INFO 138448377743040 Row inserted successfully into quotes_tags_link.
2024-10-23T20:43:06.862239+0100 INFO 138448367257280 Row inserted successfully into quotes.
2024-10-23T20:43:06.863954+0100 INFO 138448409200320 Row inserted successfully into tags.
2024-10-23T20:43:06.864866+0100 INFO 138448258205376 Row inserted successfully into quotes_tags_link.
2024-10-23T20:43:06.872835+0100 INFO 138448377743040 Row inserted successfully into tags.
2024-10-23T20:43:06.874455+0100 INFO 138448356771520 Row inserted successfully into tags.
2024-10-23T20:43:06.879028+0100 INFO 138448237233856 Row inserted successfully into tags.
2024-10-23T20:43:06.896898+0100 INFO 138448258205376 Row inserted successfully into tags.
2024-10-23T20:43:06.898776+0100 INFO 138448367257280 Row inserted successfully into quotes_tags_link.
2024-10-23T20:43:06.902821+0100 INFO 138448356771520 Row inserted successfully into tags.
2024-10-23T20:43:06.903585+0100 INFO 138448237233856 Row inserted successfully into authors.
2024-10-23T20:43:06.906692+0100 INFO 138448409200320 Row inserted successfully into authors.
2024-10-23T20:43:06.916124+0100 INFO 138448377743040 Row inserted successfully into tags.
2024-10-23T20:43:06.923959+0100 INFO 138448367257280 Row inserted successfully into tags.
2024-10-23T20:43:06.933516+0100 INFO 138448237233856 Row inserted successfully into quotes.
2024-10-23T20:43:06.936631+0100 INFO 138448258205376 Row inserted successfully into tags.
2024-10-23T20:43:06.937713+0100 INFO 138448356771520 Row inserted successfully into authors.
2024-10-23T20:43:06.944561+0100 INFO 138448377743040 Row inserted successfully into tags.
2024-10-23T20:43:06.946365+0100 INFO 138448409200320 Row inserted successfully into quotes.
2024-10-23T20:43:06.953024+0100 INFO 138448367257280 Row inserted successfully into tags.
2024-10-23T20:43:06.968415+0100 INFO 138448258205376 Row inserted successfully into tags.
2024-10-23T20:43:06.970650+0100 INFO 138448356771520 Row inserted successfully into quotes.
2024-10-23T20:43:06.972429+0100 INFO 138448237233856 Row inserted successfully into quotes_tags_link.
2024-10-23T20:43:06.975831+0100 INFO 138448377743040 Row inserted successfully into tags.
2024-10-23T20:43:06.986259+0100 INFO 138448356771520 Row inserted successfully into quotes_tags_link.
2024-10-23T20:43:06.991250+0100 INFO 138448409200320 Row inserted successfully into quotes_tags_link.
2024-10-23T20:43:07.000984+0100 INFO 138448258205376 Row inserted successfully into tags.
2024-10-23T20:43:07.006683+0100 INFO 138448237233856 Row inserted successfully into tags.
2024-10-23T20:43:07.007676+0100 INFO 138448367257280 Row inserted successfully into authors.
2024-10-23T20:43:07.011742+0100 INFO 138448377743040 Row inserted successfully into authors.
2024-10-23T20:43:07.016306+0100 INFO 138448356771520 Row inserted successfully into tags.
2024-10-23T20:43:07.024845+0100 INFO 138448409200320 Row inserted successfully into tags.
2024-10-23T20:43:07.033693+0100 INFO 138448367257280 Row inserted successfully into quotes.
2024-10-23T20:43:07.038896+0100 INFO 138448237233856 Row inserted successfully into authors.
2024-10-23T20:43:07.041637+0100 INFO 138448258205376 Row inserted successfully into tags.
2024-10-23T20:43:07.045456+0100 INFO 138448377743040 Row inserted successfully into quotes.
2024-10-23T20:43:07.050077+0100 INFO 138448356771520 Row inserted successfully into authors.
2024-10-23T20:43:07.055251+0100 INFO 138448409200320 Row inserted successfully into tags.
2024-10-23T20:43:07.058965+0100 INFO 138448367257280 Row inserted successfully into quotes_tags_link.
2024-10-23T20:43:07.063624+0100 INFO 138448237233856 Row inserted successfully into quotes.
2024-10-23T20:43:07.070236+0100 INFO 138448377743040 Row inserted successfully into quotes_tags_link.
2024-10-23T20:43:07.086131+0100 INFO 138448409200320 Row inserted successfully into authors.
2024-10-23T20:43:07.088661+0100 INFO 138448237233856 Row inserted successfully into quotes_tags_link.
2024-10-23T20:43:07.094290+0100 INFO 138448356771520 Row inserted successfully into quotes.
2024-10-23T20:43:07.095412+0100 INFO 138448258205376 Row inserted successfully into tags.
2024-10-23T20:43:07.104781+0100 INFO 138448367257280 Row inserted successfully into tags.
2024-10-23T20:43:07.106181+0100 INFO 138448377743040 Row inserted successfully into tags.
2024-10-23T20:43:07.119103+0100 INFO 138448237233856 Row inserted successfully into tags.
2024-10-23T20:43:07.126349+0100 INFO 138448409200320 Row inserted successfully into quotes.
2024-10-23T20:43:07.128360+0100 INFO 138448258205376 Row inserted successfully into tags.
2024-10-23T20:43:07.134679+0100 INFO 138448356771520 Row inserted successfully into quotes_tags_link.
2024-10-23T20:43:07.141014+0100 INFO 138448377743040 Row inserted successfully into tags.
2024-10-23T20:43:07.144905+0100 INFO 138448237233856 Row inserted successfully into tags.
2024-10-23T20:43:07.148596+0100 INFO 138448367257280 Row inserted successfully into authors.
2024-10-23T20:43:07.163520+0100 INFO 138448258205376 Row inserted successfully into tags.
2024-10-23T20:43:07.165469+0100 INFO 138448409200320 Row inserted successfully into quotes_tags_link.
2024-10-23T20:43:07.169303+0100 INFO 138448356771520 Row inserted successfully into tags.
2024-10-23T20:43:07.178527+0100 INFO 138448237233856 Row inserted successfully into authors.
2024-10-23T20:43:07.183950+0100 INFO 138448377743040 Row inserted successfully into authors.
2024-10-23T20:43:07.185114+0100 INFO 138448367257280 Row inserted successfully into quotes.
2024-10-23T20:43:07.194038+0100 INFO 138448258205376 Row inserted successfully into authors.
2024-10-23T20:43:07.199471+0100 INFO 138448409200320 Row inserted successfully into tags.
2024-10-23T20:43:07.210266+0100 INFO 138448356771520 Row inserted successfully into tags.
2024-10-23T20:43:07.215063+0100 INFO 138448237233856 Row inserted successfully into quotes.
2024-10-23T20:43:07.218673+0100 INFO 138448367257280 Row inserted successfully into quotes_tags_link.
2024-10-23T20:43:07.223921+0100 INFO 138448377743040 Row inserted successfully into quotes.
2024-10-23T20:43:07.227991+0100 INFO 138448258205376 Row inserted successfully into quotes.
2024-10-23T20:43:07.237867+0100 INFO 138448409200320 Row inserted successfully into tags.
2024-10-23T20:43:07.245640+0100 INFO 138448237233856 Row inserted successfully into quotes_tags_link.
2024-10-23T20:43:07.247477+0100 INFO 138448356771520 Row inserted successfully into tags.
2024-10-23T20:43:07.251027+0100 INFO 138448367257280 Row inserted successfully into tags.
2024-10-23T20:43:07.261167+0100 INFO 138448377743040 Row inserted successfully into quotes_tags_link.
2024-10-23T20:43:07.265669+0100 INFO 138448258205376 Row inserted successfully into quotes_tags_link.
2024-10-23T20:43:07.273776+0100 INFO 138448409200320 Row inserted successfully into tags.
2024-10-23T20:43:07.275064+0100 INFO 138448356771520 Row inserted successfully into authors.
2024-10-23T20:43:07.280379+0100 INFO 138448367257280 Row inserted successfully into authors.
2024-10-23T20:43:07.294467+0100 INFO 138448377743040 Row inserted successfully into tags.
2024-10-23T20:43:07.300176+0100 INFO 138448367257280 Row inserted successfully into quotes.
2024-10-23T20:43:07.302707+0100 INFO 138448356771520 Row inserted successfully into quotes.
2024-10-23T20:43:07.308417+0100 INFO 138448409200320 Row inserted successfully into tags.
2024-10-23T20:43:07.313241+0100 INFO 138448258205376 Row inserted successfully into tags.
2024-10-23T20:43:07.319871+0100 INFO 138448377743040 Row inserted successfully into authors.
2024-10-23T20:43:07.336930+0100 INFO 138448367257280 Row inserted successfully into quotes_tags_link.
2024-10-23T20:43:07.341290+0100 INFO 138448409200320 Row inserted successfully into authors.
2024-10-23T20:43:07.342421+0100 INFO 138448258205376 Row inserted successfully into tags.
2024-10-23T20:43:07.343986+0100 INFO 138448356771520 Row inserted successfully into quotes_tags_link.
2024-10-23T20:43:07.350065+0100 INFO 138448377743040 Row inserted successfully into quotes.
2024-10-23T20:43:07.362071+0100 INFO 138448258205376 Row inserted successfully into authors.
2024-10-23T20:43:07.363227+0100 INFO 138448409200320 Row inserted successfully into quotes.
2024-10-23T20:43:07.368608+0100 INFO 138448377743040 Row inserted successfully into quotes_tags_link.
2024-10-23T20:43:07.378643+0100 INFO 138448258205376 Row inserted successfully into quotes.
2024-10-23T20:43:07.380095+0100 INFO 138448409200320 Row inserted successfully into quotes_tags_link.
2024-10-23T20:43:07.395522+0100 INFO 138448409200320 Row inserted successfully into tags.
2024-10-23T20:43:07.398959+0100 INFO 138448258205376 Row inserted successfully into quotes_tags_link.
2024-10-23T20:43:07.409698+0100 INFO 138448409200320 Row inserted successfully into authors.
2024-10-23T20:43:07.413802+0100 INFO 138448258205376 Row inserted successfully into tags.
2024-10-23T20:43:07.423979+0100 INFO 138448409200320 Row inserted successfully into quotes.
2024-10-23T20:43:07.429261+0100 INFO 138448258205376 Row inserted successfully into authors.
2024-10-23T20:43:07.438397+0100 INFO 138448409200320 Row inserted successfully into quotes_tags_link.
2024-10-23T20:43:07.441946+0100 INFO 138448258205376 Row inserted successfully into quotes.
2024-10-23T20:43:07.452343+0100 INFO 138448409200320 Row inserted successfully into tags.
2024-10-23T20:43:07.455301+0100 INFO 138448258205376 Row inserted successfully into quotes_tags_link.
2024-10-23T20:43:07.465083+0100 INFO 138448409200320 Row inserted successfully into tags.
2024-10-23T20:43:07.469202+0100 INFO 138448258205376 Row inserted successfully into tags.
2024-10-23T20:43:07.477389+0100 INFO 138448409200320 Row inserted successfully into tags.
2024-10-23T20:43:07.482982+0100 INFO 138448258205376 Row inserted successfully into tags.
2024-10-23T20:43:07.490357+0100 INFO 138448409200320 Row inserted successfully into authors.
2024-10-23T20:43:07.494221+0100 INFO 138448258205376 Row inserted successfully into tags.
2024-10-23T20:43:07.501161+0100 INFO 138448409200320 Row inserted successfully into quotes.
2024-10-23T20:43:07.506858+0100 INFO 138448258205376 Row inserted successfully into authors.
2024-10-23T20:43:07.513319+0100 INFO 138448409200320 Row inserted successfully into quotes_tags_link.
2024-10-23T20:43:07.519627+0100 INFO 138448258205376 Row inserted successfully into quotes.
2024-10-23T20:43:07.530710+0100 INFO 138448258205376 Row inserted successfully into quotes_tags_link.
