2024-10-23T20:33:27.660381+0100 INFO 133693854986368 Ensured data directory exists at /home/daxo/code/scraping_quotes/scraping_quotes/data
2024-10-23T20:33:27.689231+0100 INFO 133693854986368 Created database engine for /home/daxo/code/scraping_quotes/scraping_quotes/data/quotes.db
2024-10-23T20:33:27.718894+0100 INFO 133693854986368 Database schema initialized successfully.
2024-10-23T20:33:27.720713+0100 INFO 133693854986368 Tables in the database: ['TestTable', 'authors', 'quotes', 'quotes_tags_link', 'tags']
2024-10-23T20:33:27.720852+0100 ERROR 133693854986368 Not all required tables were created.
2024-10-23T20:33:27.728980+0100 INFO 133693854986368 Database schema initialized successfully.
2024-10-23T20:33:27.730773+0100 INFO 133693854986368 Tables in the database: ['TestTable', 'authors', 'quotes', 'quotes_tags_link', 'tags']
2024-10-23T20:33:27.730892+0100 ERROR 133693854986368 Not all required tables were created.
2024-10-23T20:33:27.747784+0100 INFO 133693854986368 All tables truncated successfully.
2024-10-23T20:33:27.755001+0100 INFO 133693854986368 Database initialized successfully with new records.
2024-10-23T20:33:28.536201+0100 INFO 133693854986368 Successfully fetched the page
2024-10-23T20:33:29.197815+0100 INFO 133693854986368 Successfully fetched the page
2024-10-23T20:33:29.855945+0100 INFO 133693125428928 Successfully fetched the page
2024-10-23T20:33:29.865363+0100 INFO 133693305784000 Successfully fetched the page
2024-10-23T20:33:29.867340+0100 INFO 133693326755520 Successfully fetched the page
2024-10-23T20:33:29.876181+0100 INFO 133693295298240 Successfully fetched the page
2024-10-23T20:33:29.885136+0100 INFO 133693135914688 Successfully fetched the page
2024-10-23T20:33:29.886798+0100 INFO 133693284812480 Successfully fetched the page
2024-10-23T20:33:29.893649+0100 INFO 133693316269760 Successfully fetched the page
2024-10-23T20:33:29.903406+0100 INFO 133693429515968 Successfully fetched the page
2024-10-23T20:33:29.906382+0100 INFO 133693337241280 Successfully fetched the page
2024-10-23T20:33:29.964096+0100 INFO 133693419030208 Successfully fetched the page
2024-10-23T20:33:30.079676+0100 INFO 133693125428928 Row inserted successfully into tags.
2024-10-23T20:33:30.288456+0100 INFO 133693316269760 Row inserted successfully into tags.
2024-10-23T20:33:30.290698+0100 INFO 133693305784000 Row inserted successfully into tags.
2024-10-23T20:33:30.299756+0100 INFO 133693326755520 Row inserted successfully into tags.
2024-10-23T20:33:30.310126+0100 INFO 133693135914688 Row inserted successfully into tags.
2024-10-23T20:33:30.311752+0100 INFO 133693295298240 Row inserted successfully into tags.
2024-10-23T20:33:30.312419+0100 ERROR 133693284812480 Error inserting row into tags: (pymysql.err.IntegrityError) (1062, "Duplicate entry 'friendship' for key 'tags.PRIMARY'")
[SQL: INSERT INTO tags (tag) VALUES (%(tag)s)]
[parameters: {'tag': 'friendship'}]
(Background on this error at: https://sqlalche.me/e/20/gkpj)
2024-10-23T20:33:30.316361+0100 INFO 133693316269760 Row inserted successfully into tags.
2024-10-23T20:33:30.321525+0100 INFO 133693326755520 Row inserted successfully into tags.
2024-10-23T20:33:30.325095+0100 ERROR 133693305784000 Error inserting row into tags: (pymysql.err.IntegrityError) (1062, "Duplicate entry 'love' for key 'tags.PRIMARY'")
[SQL: INSERT INTO tags (tag) VALUES (%(tag)s)]
[parameters: {'tag': 'love'}]
(Background on this error at: https://sqlalche.me/e/20/gkpj)
2024-10-23T20:33:30.327755+0100 INFO 133693337241280 Row inserted successfully into tags.
2024-10-23T20:33:30.328434+0100 INFO 133693125428928 Row inserted successfully into authors.
2024-10-23T20:33:30.332272+0100 INFO 133693135914688 Row inserted successfully into authors.
2024-10-23T20:33:30.334535+0100 INFO 133693429515968 Row inserted successfully into tags.
2024-10-23T20:33:30.335138+0100 ERROR 133693316269760 Error inserting row into tags: (pymysql.err.IntegrityError) (1062, "Duplicate entry 'reading' for key 'tags.PRIMARY'")
[SQL: INSERT INTO tags (tag) VALUES (%(tag)s)]
[parameters: {'tag': 'reading'}]
(Background on this error at: https://sqlalche.me/e/20/gkpj)
2024-10-23T20:33:30.342502+0100 INFO 133693295298240 Row inserted successfully into authors.
2024-10-23T20:33:30.344173+0100 INFO 133693326755520 Row inserted successfully into tags.
2024-10-23T20:33:30.346464+0100 INFO 133693337241280 Row inserted successfully into tags.
2024-10-23T20:33:30.346745+0100 INFO 133693419030208 Row inserted successfully into tags.
2024-10-23T20:33:30.353500+0100 INFO 133693135914688 Row inserted successfully into quotes.
2024-10-23T20:33:30.360638+0100 INFO 133693429515968 Row inserted successfully into tags.
2024-10-23T20:33:30.362893+0100 INFO 133693125428928 Row inserted successfully into quotes.
2024-10-23T20:33:30.367686+0100 INFO 133693326755520 Row inserted successfully into authors.
2024-10-23T20:33:30.367966+0100 INFO 133693295298240 Row inserted successfully into quotes.
2024-10-23T20:33:30.369595+0100 INFO 133693135914688 Row inserted successfully into quotes_tags_link.
2024-10-23T20:33:30.372285+0100 INFO 133693337241280 Row inserted successfully into authors.
2024-10-23T20:33:30.374987+0100 INFO 133693419030208 Row inserted successfully into tags.
2024-10-23T20:33:30.378285+0100 INFO 133693429515968 Row inserted successfully into tags.
2024-10-23T20:33:30.382712+0100 INFO 133693125428928 Row inserted successfully into quotes_tags_link.
2024-10-23T20:33:30.391019+0100 INFO 133693135914688 Row inserted successfully into tags.
2024-10-23T20:33:30.391922+0100 INFO 133693326755520 Row inserted successfully into quotes.
2024-10-23T20:33:30.392402+0100 INFO 133693295298240 Row inserted successfully into quotes_tags_link.
2024-10-23T20:33:30.393554+0100 ERROR 133693337241280 Error inserting row into quotes: (pymysql.err.DataError) (1406, "Data too long for column 'text' at row 1")
[SQL: INSERT INTO quotes (id, text, author) VALUES (%(id)s, %(text)s, %(author)s)]
[parameters: {'id': '5787a64d-145b-4f3e-9f73-52c5e7aa4f6c', 'text': '“I love you without knowing how, or when, or from where. I love you simply, without problems or pride: I love you in this way because I do not know a ... (21 characters truncated) ... g but this, in which there is no I or you, so intimate that your hand upon my chest is my hand, so intimate that when I fall asleep your eyes close.”', 'author': 'Pablo Neruda'}]
(Background on this error at: https://sqlalche.me/e/20/9h9h)
2024-10-23T20:33:30.397807+0100 INFO 133693419030208 Row inserted successfully into tags.
2024-10-23T20:33:30.401387+0100 ERROR 133693135914688 Error inserting row into tags: (pymysql.err.IntegrityError) (1062, "Duplicate entry 'love' for key 'tags.PRIMARY'")
[SQL: INSERT INTO tags (tag) VALUES (%(tag)s)]
[parameters: {'tag': 'love'}]
(Background on this error at: https://sqlalche.me/e/20/gkpj)
2024-10-23T20:33:30.401848+0100 INFO 133693429515968 Row inserted successfully into tags.
2024-10-23T20:33:30.404373+0100 INFO 133693125428928 Row inserted successfully into tags.
2024-10-23T20:33:30.407091+0100 INFO 133693326755520 Row inserted successfully into quotes_tags_link.
2024-10-23T20:33:30.411037+0100 INFO 133693295298240 Row inserted successfully into tags.
2024-10-23T20:33:30.413502+0100 ERROR 133693429515968 Error inserting row into authors: (pymysql.err.IntegrityError) (1062, "Duplicate entry 'Albert Einstein' for key 'authors.PRIMARY'")
[SQL: INSERT INTO authors (author, about) VALUES (%(author)s, %(about)s)]
[parameters: {'author': 'Albert Einstein', 'about': '/author/Albert-Einstein'}]
(Background on this error at: https://sqlalche.me/e/20/gkpj)
2024-10-23T20:33:30.416473+0100 ERROR 133693125428928 Error inserting row into tags: (pymysql.err.IntegrityError) (1062, "Duplicate entry 'life' for key 'tags.PRIMARY'")
[SQL: INSERT INTO tags (tag) VALUES (%(tag)s)]
[parameters: {'tag': 'life'}]
(Background on this error at: https://sqlalche.me/e/20/gkpj)
2024-10-23T20:33:30.417237+0100 INFO 133693419030208 Row inserted successfully into tags.
2024-10-23T20:33:30.420560+0100 INFO 133693326755520 Row inserted successfully into tags.
2024-10-23T20:33:30.422671+0100 ERROR 133693419030208 Error inserting row into tags: (pymysql.err.IntegrityError) (1062, "Duplicate entry 'love' for key 'tags.PRIMARY'")
[SQL: INSERT INTO tags (tag) VALUES (%(tag)s)]
[parameters: {'tag': 'love'}]
(Background on this error at: https://sqlalche.me/e/20/gkpj)
2024-10-23T20:33:30.425948+0100 ERROR 133693326755520 Error inserting row into authors: (pymysql.err.IntegrityError) (1062, "Duplicate entry 'J.K. Rowling' for key 'authors.PRIMARY'")
[SQL: INSERT INTO authors (author, about) VALUES (%(author)s, %(about)s)]
[parameters: {'author': 'J.K. Rowling', 'about': '/author/J-K-Rowling'}]
(Background on this error at: https://sqlalche.me/e/20/gkpj)
2024-10-23T20:33:30.426535+0100 INFO 133693295298240 Row inserted successfully into authors.
2024-10-23T20:33:30.435261+0100 INFO 133693295298240 Row inserted successfully into quotes.
2024-10-23T20:33:30.444121+0100 INFO 133693295298240 Row inserted successfully into quotes_tags_link.
2024-10-23T20:33:30.448819+0100 ERROR 133693295298240 Error inserting row into tags: (pymysql.err.IntegrityError) (1062, "Duplicate entry 'humor' for key 'tags.PRIMARY'")
[SQL: INSERT INTO tags (tag) VALUES (%(tag)s)]
[parameters: {'tag': 'humor'}]
(Background on this error at: https://sqlalche.me/e/20/gkpj)
