2024-10-23T20:30:14.448067+0100 INFO 135862892593280 Ensured data directory exists at /home/daxo/code/scraping_quotes/scraping_quotes/data
2024-10-23T20:30:14.476623+0100 INFO 135862892593280 Created database engine for /home/daxo/code/scraping_quotes/scraping_quotes/data/quotes.db
2024-10-23T20:30:14.506263+0100 INFO 135862892593280 Database schema initialized successfully.
2024-10-23T20:30:14.508070+0100 INFO 135862892593280 Tables in the database: ['TestTable', 'authors', 'quotes', 'quotes_tags_link', 'tags']
2024-10-23T20:30:14.508190+0100 ERROR 135862892593280 Not all required tables were created.
2024-10-23T20:30:14.516171+0100 INFO 135862892593280 Database schema initialized successfully.
2024-10-23T20:30:14.517927+0100 INFO 135862892593280 Tables in the database: ['TestTable', 'authors', 'quotes', 'quotes_tags_link', 'tags']
2024-10-23T20:30:14.518040+0100 ERROR 135862892593280 Not all required tables were created.
2024-10-23T20:30:14.534538+0100 INFO 135862892593280 All tables truncated successfully.
2024-10-23T20:30:14.546139+0100 INFO 135862892593280 Database initialized successfully with new records.
2024-10-23T20:30:15.607168+0100 INFO 135862892593280 Successfully fetched the page
2024-10-23T20:30:16.633260+0100 INFO 135862892593280 Successfully fetched the page
2024-10-23T20:30:17.266704+0100 INFO 135862362834624 Successfully fetched the page
2024-10-23T20:30:17.280377+0100 INFO 135862320891584 Successfully fetched the page
2024-10-23T20:30:17.287976+0100 INFO 135862446720704 Successfully fetched the page
2024-10-23T20:30:17.289509+0100 INFO 135862467692224 Successfully fetched the page
2024-10-23T20:30:17.299486+0100 INFO 135862352348864 Successfully fetched the page
2024-10-23T20:30:17.301178+0100 INFO 135862331377344 Successfully fetched the page
2024-10-23T20:30:17.313010+0100 INFO 135862310405824 Successfully fetched the page
2024-10-23T20:30:17.313718+0100 INFO 135862341863104 Successfully fetched the page
2024-10-23T20:30:17.406829+0100 INFO 135862161508032 Successfully fetched the page
2024-10-23T20:30:17.559661+0100 INFO 135862362834624 Row inserted successfully into tags.
2024-10-23T20:30:17.564220+0100 INFO 135862457206464 Successfully fetched the page
2024-10-23T20:30:17.715923+0100 INFO 135862362834624 Row inserted successfully into tags.
2024-10-23T20:30:17.733500+0100 INFO 135862352348864 Row inserted successfully into tags.
2024-10-23T20:30:17.734559+0100 INFO 135862320891584 Row inserted successfully into tags.
2024-10-23T20:30:17.738021+0100 INFO 135862362834624 Row inserted successfully into tags.
2024-10-23T20:30:17.738602+0100 ERROR 135862341863104 Error inserting row into tags: (pymysql.err.IntegrityError) (1062, "Duplicate entry 'friendship' for key 'tags.PRIMARY'")
[SQL: INSERT INTO tags (tag) VALUES (%(tag)s)]
[parameters: {'tag': 'friendship'}]
(Background on this error at: https://sqlalche.me/e/20/gkpj)
2024-10-23T20:30:17.747808+0100 INFO 135862446720704 Row inserted successfully into tags.
2024-10-23T20:30:17.749556+0100 INFO 135862331377344 Row inserted successfully into tags.
2024-10-23T20:30:17.750975+0100 INFO 135862310405824 Row inserted successfully into tags.
2024-10-23T20:30:17.752798+0100 ERROR 135862320891584 Error inserting row into tags: (pymysql.err.IntegrityError) (1062, "Duplicate entry 'love' for key 'tags.PRIMARY'")
[SQL: INSERT INTO tags (tag) VALUES (%(tag)s)]
[parameters: {'tag': 'love'}]
(Background on this error at: https://sqlalche.me/e/20/gkpj)
2024-10-23T20:30:17.755033+0100 INFO 135862467692224 Row inserted successfully into tags.
2024-10-23T20:30:17.764141+0100 INFO 135862457206464 Row inserted successfully into tags.
2024-10-23T20:30:17.765823+0100 INFO 135862352348864 Row inserted successfully into tags.
2024-10-23T20:30:17.770041+0100 INFO 135862161508032 Row inserted successfully into tags.
2024-10-23T20:30:17.775495+0100 INFO 135862362834624 Row inserted successfully into authors.
2024-10-23T20:30:17.778198+0100 INFO 135862446720704 Row inserted successfully into tags.
2024-10-23T20:30:17.779013+0100 INFO 135862310405824 Row inserted successfully into authors.
2024-10-23T20:30:17.780123+0100 ERROR 135862352348864 Error inserting row into tags: (pymysql.err.IntegrityError) (1062, "Duplicate entry 'reading' for key 'tags.PRIMARY'")
[SQL: INSERT INTO tags (tag) VALUES (%(tag)s)]
[parameters: {'tag': 'reading'}]
(Background on this error at: https://sqlalche.me/e/20/gkpj)
2024-10-23T20:30:17.786783+0100 INFO 135862331377344 Row inserted successfully into authors.
2024-10-23T20:30:17.787164+0100 INFO 135862467692224 Row inserted successfully into tags.
2024-10-23T20:30:17.789529+0100 INFO 135862457206464 Row inserted successfully into tags.
2024-10-23T20:30:17.797167+0100 INFO 135862161508032 Row inserted successfully into authors.
2024-10-23T20:30:17.801859+0100 INFO 135862362834624 Row inserted successfully into quotes.
2024-10-23T20:30:17.805004+0100 INFO 135862310405824 Row inserted successfully into quotes.
2024-10-23T20:30:17.807266+0100 INFO 135862446720704 Row inserted successfully into authors.
2024-10-23T20:30:17.807559+0100 INFO 135862331377344 Row inserted successfully into quotes.
2024-10-23T20:30:17.809450+0100 INFO 135862467692224 Row inserted successfully into tags.
2024-10-23T20:30:17.814078+0100 INFO 135862161508032 Row inserted successfully into quotes.
2024-10-23T20:30:17.815981+0100 INFO 135862457206464 Row inserted successfully into tags.
2024-10-23T20:30:17.821480+0100 INFO 135862310405824 Row inserted successfully into quotes_tags_link.
2024-10-23T20:30:17.823859+0100 ERROR 135862446720704 Error inserting row into quotes: (pymysql.err.DataError) (1406, "Data too long for column 'text' at row 1")
[SQL: INSERT INTO quotes (id, text, author) VALUES (%(id)s, %(text)s, %(author)s)]
[parameters: {'id': '57b04cd1-a209-4e89-a217-b9363bd1403a', 'text': '“I love you without knowing how, or when, or from where. I love you simply, without problems or pride: I love you in this way because I do not know a ... (21 characters truncated) ... g but this, in which there is no I or you, so intimate that your hand upon my chest is my hand, so intimate that when I fall asleep your eyes close.”', 'author': 'Pablo Neruda'}]
(Background on this error at: https://sqlalche.me/e/20/9h9h)
2024-10-23T20:30:17.827552+0100 INFO 135862362834624 Row inserted successfully into quotes_tags_link.
2024-10-23T20:30:17.835709+0100 INFO 135862467692224 Row inserted successfully into tags.
2024-10-23T20:30:17.837649+0100 INFO 135862457206464 Row inserted successfully into tags.
2024-10-23T20:30:17.840988+0100 ERROR 135862467692224 Error inserting row into authors: (pymysql.err.IntegrityError) (1062, "Duplicate entry 'Albert Einstein' for key 'authors.PRIMARY'")
[SQL: INSERT INTO authors (author, about) VALUES (%(author)s, %(about)s)]
[parameters: {'author': 'Albert Einstein', 'about': '/author/Albert-Einstein'}]
(Background on this error at: https://sqlalche.me/e/20/gkpj)
2024-10-23T20:30:17.843929+0100 INFO 135862310405824 Row inserted successfully into tags.
2024-10-23T20:30:17.844395+0100 INFO 135862161508032 Row inserted successfully into quotes_tags_link.
2024-10-23T20:30:17.845456+0100 ERROR 135862457206464 Error inserting row into tags: (pymysql.err.IntegrityError) (1062, "Duplicate entry 'love' for key 'tags.PRIMARY'")
[SQL: INSERT INTO tags (tag) VALUES (%(tag)s)]
[parameters: {'tag': 'love'}]
(Background on this error at: https://sqlalche.me/e/20/gkpj)
2024-10-23T20:30:17.845705+0100 INFO 135862331377344 Row inserted successfully into quotes_tags_link.
2024-10-23T20:30:17.846684+0100 INFO 135862362834624 Row inserted successfully into tags.
2024-10-23T20:30:17.857064+0100 ERROR 135862362834624 Error inserting row into authors: (pymysql.err.IntegrityError) (1062, "Duplicate entry 'J.K. Rowling' for key 'authors.PRIMARY'")
[SQL: INSERT INTO authors (author, about) VALUES (%(author)s, %(about)s)]
[parameters: {'author': 'J.K. Rowling', 'about': '/author/J-K-Rowling'}]
(Background on this error at: https://sqlalche.me/e/20/gkpj)
2024-10-23T20:30:17.858383+0100 ERROR 135862310405824 Error inserting row into tags: (pymysql.err.IntegrityError) (1062, "Duplicate entry 'love' for key 'tags.PRIMARY'")
[SQL: INSERT INTO tags (tag) VALUES (%(tag)s)]
[parameters: {'tag': 'love'}]
(Background on this error at: https://sqlalche.me/e/20/gkpj)
2024-10-23T20:30:17.858883+0100 INFO 135862161508032 Row inserted successfully into tags.
2024-10-23T20:30:17.863411+0100 INFO 135862331377344 Row inserted successfully into tags.
2024-10-23T20:30:17.864748+0100 ERROR 135862161508032 Error inserting row into tags: (pymysql.err.IntegrityError) (1062, "Duplicate entry 'life' for key 'tags.PRIMARY'")
[SQL: INSERT INTO tags (tag) VALUES (%(tag)s)]
[parameters: {'tag': 'life'}]
(Background on this error at: https://sqlalche.me/e/20/gkpj)
2024-10-23T20:30:17.873762+0100 INFO 135862331377344 Row inserted successfully into authors.
2024-10-23T20:30:17.883487+0100 INFO 135862331377344 Row inserted successfully into quotes.
2024-10-23T20:30:17.894071+0100 INFO 135862331377344 Row inserted successfully into quotes_tags_link.
2024-10-23T20:30:17.898812+0100 ERROR 135862331377344 Error inserting row into tags: (pymysql.err.IntegrityError) (1062, "Duplicate entry 'humor' for key 'tags.PRIMARY'")
[SQL: INSERT INTO tags (tag) VALUES (%(tag)s)]
[parameters: {'tag': 'humor'}]
(Background on this error at: https://sqlalche.me/e/20/gkpj)
