2024-10-23T20:50:24.007486+0100 INFO 133945423941760 Ensured data directory exists at /home/daxo/code/scraping_quotes/scraping_quotes/data
2024-10-23T20:50:24.048844+0100 INFO 133945423941760 Created database engine for /home/daxo/code/scraping_quotes/scraping_quotes/data/quotes.db
2024-10-23T20:50:24.094705+0100 INFO 133945423941760 Database schema initialized successfully.
2024-10-23T20:50:24.097188+0100 INFO 133945423941760 Tables in the database: ['TestTable', 'authors', 'quotes', 'quotes_tags_link', 'tags']
2024-10-23T20:50:24.097346+0100 ERROR 133945423941760 Not all required tables were created.
2024-10-23T20:50:24.110472+0100 INFO 133945423941760 Database schema initialized successfully.
2024-10-23T20:50:24.112843+0100 INFO 133945423941760 Tables in the database: ['TestTable', 'authors', 'quotes', 'quotes_tags_link', 'tags']
2024-10-23T20:50:24.112996+0100 ERROR 133945423941760 Not all required tables were created.
2024-10-23T20:50:24.141527+0100 INFO 133945423941760 All tables truncated successfully.
2024-10-23T20:50:24.142578+0100 INFO 133945423941760 Database initialized successfully with new records.
2024-10-23T20:50:24.897086+0100 INFO 133945423941760 Successfully fetched the page
2024-10-23T20:50:25.552631+0100 INFO 133945423941760 Successfully fetched the page
2024-10-23T20:50:26.184276+0100 INFO 133944840292032 Successfully fetched the page
2024-10-23T20:50:26.194101+0100 INFO 133944957732544 Successfully fetched the page
2024-10-23T20:50:26.240023+0100 INFO 133944850777792 Successfully fetched the page
2024-10-23T20:50:26.245837+0100 INFO 133944978704064 Successfully fetched the page
2024-10-23T20:50:26.247520+0100 INFO 133944829806272 Successfully fetched the page
2024-10-23T20:50:26.281329+0100 INFO 133944968218304 Successfully fetched the page
2024-10-23T20:50:26.283088+0100 INFO 133944999675584 Successfully fetched the page
2024-10-23T20:50:26.284449+0100 INFO 133944861263552 Successfully fetched the page
2024-10-23T20:50:26.286819+0100 INFO 133944947246784 Successfully fetched the page
2024-10-23T20:50:26.377816+0100 INFO 133944989189824 Successfully fetched the page
2024-10-23T20:50:26.610535+0100 INFO 133944840292032 Row inserted successfully into tags.
2024-10-23T20:50:26.614716+0100 INFO 133944957732544 Row inserted successfully into tags.
2024-10-23T20:50:26.627418+0100 INFO 133944968218304 Row inserted successfully into tags.
2024-10-23T20:50:26.628673+0100 INFO 133944978704064 Row inserted successfully into tags.
2024-10-23T20:50:26.639183+0100 INFO 133944850777792 Row inserted successfully into tags.
2024-10-23T20:50:26.639884+0100 INFO 133944829806272 Row inserted successfully into tags.
2024-10-23T20:50:26.654392+0100 INFO 133944947246784 Row inserted successfully into tags.
2024-10-23T20:50:26.656540+0100 INFO 133944968218304 Row inserted successfully into tags.
2024-10-23T20:50:26.658878+0100 INFO 133944840292032 Row inserted successfully into authors.
2024-10-23T20:50:26.660686+0100 INFO 133944989189824 Row inserted successfully into tags.
2024-10-23T20:50:26.664703+0100 INFO 133944999675584 Row inserted successfully into tags.
2024-10-23T20:50:26.666031+0100 INFO 133944978704064 Row inserted successfully into tags.
2024-10-23T20:50:26.666868+0100 INFO 133944861263552 Row inserted successfully into tags.
2024-10-23T20:50:26.668157+0100 INFO 133944850777792 Row inserted successfully into tags.
2024-10-23T20:50:26.672387+0100 INFO 133944829806272 Row inserted successfully into authors.
2024-10-23T20:50:26.674773+0100 INFO 133944957732544 Row inserted successfully into tags.
2024-10-23T20:50:26.686633+0100 INFO 133944947246784 Row inserted successfully into tags.
2024-10-23T20:50:26.690586+0100 INFO 133944968218304 Row inserted successfully into tags.
2024-10-23T20:50:26.697296+0100 INFO 133944840292032 Row inserted successfully into quotes.
2024-10-23T20:50:26.704181+0100 INFO 133944989189824 Row inserted successfully into tags.
2024-10-23T20:50:26.708221+0100 INFO 133944829806272 Row inserted successfully into quotes.
2024-10-23T20:50:26.709069+0100 INFO 133944999675584 Row inserted successfully into tags.
2024-10-23T20:50:26.712931+0100 INFO 133944947246784 Row inserted successfully into authors.
2024-10-23T20:50:26.716600+0100 INFO 133944861263552 Row inserted successfully into authors.
2024-10-23T20:50:26.720672+0100 INFO 133944978704064 Row inserted successfully into authors.
2024-10-23T20:50:26.721877+0100 INFO 133944850777792 Row inserted successfully into authors.
2024-10-23T20:50:26.724833+0100 INFO 133944968218304 Row inserted successfully into authors.
2024-10-23T20:50:26.726238+0100 INFO 133944957732544 Row inserted successfully into tags.
2024-10-23T20:50:26.730685+0100 INFO 133944840292032 Row inserted successfully into quotes_tags_link.
2024-10-23T20:50:26.737387+0100 INFO 133944989189824 Row inserted successfully into tags.
2024-10-23T20:50:26.742376+0100 INFO 133944999675584 Row inserted successfully into tags.
2024-10-23T20:50:26.751532+0100 INFO 133944829806272 Row inserted successfully into quotes_tags_link.
2024-10-23T20:50:26.757050+0100 INFO 133944978704064 Row inserted successfully into quotes.
2024-10-23T20:50:26.760961+0100 INFO 133944968218304 Row inserted successfully into quotes.
2024-10-23T20:50:26.763898+0100 INFO 133944947246784 Row inserted successfully into quotes.
2024-10-23T20:50:26.764642+0100 INFO 133944957732544 Row inserted successfully into tags.
2024-10-23T20:50:26.765273+0100 INFO 133944861263552 Row inserted successfully into quotes.
2024-10-23T20:50:26.768341+0100 INFO 133944850777792 Row inserted successfully into quotes.
2024-10-23T20:50:26.784902+0100 INFO 133944989189824 Row inserted successfully into tags.
2024-10-23T20:50:26.785975+0100 INFO 133944999675584 Row inserted successfully into tags.
2024-10-23T20:50:26.787025+0100 INFO 133944829806272 Row inserted successfully into tags.
2024-10-23T20:50:26.790804+0100 INFO 133944978704064 Row inserted successfully into quotes_tags_link.
2024-10-23T20:50:26.793498+0100 INFO 133944840292032 Row inserted successfully into tags.
2024-10-23T20:50:26.798091+0100 INFO 133944968218304 Row inserted successfully into quotes_tags_link.
2024-10-23T20:50:26.805957+0100 INFO 133944947246784 Row inserted successfully into quotes_tags_link.
2024-10-23T20:50:26.810001+0100 INFO 133944829806272 Row inserted successfully into tags.
2024-10-23T20:50:26.814289+0100 INFO 133944957732544 Row inserted successfully into authors.
2024-10-23T20:50:26.823097+0100 INFO 133944999675584 Row inserted successfully into authors.
2024-10-23T20:50:26.825644+0100 INFO 133944850777792 Row inserted successfully into quotes_tags_link.
2024-10-23T20:50:26.826328+0100 INFO 133944978704064 Row inserted successfully into tags.
2024-10-23T20:50:26.829907+0100 INFO 133944840292032 Row inserted successfully into tags.
2024-10-23T20:50:26.830583+0100 INFO 133944861263552 Row inserted successfully into quotes_tags_link.
2024-10-23T20:50:26.835531+0100 INFO 133944989189824 Row inserted successfully into tags.
2024-10-23T20:50:26.844313+0100 INFO 133944968218304 Row inserted successfully into tags.
2024-10-23T20:50:26.849021+0100 INFO 133944957732544 Row inserted successfully into quotes.
2024-10-23T20:50:26.851363+0100 INFO 133944947246784 Row inserted successfully into tags.
2024-10-23T20:50:26.853335+0100 INFO 133944829806272 Row inserted successfully into authors.
2024-10-23T20:50:26.858102+0100 INFO 133944861263552 Row inserted successfully into tags.
2024-10-23T20:50:26.866122+0100 INFO 133944999675584 Row inserted successfully into quotes.
2024-10-23T20:50:26.866814+0100 INFO 133944850777792 Row inserted successfully into tags.
2024-10-23T20:50:26.870525+0100 INFO 133944989189824 Row inserted successfully into tags.
2024-10-23T20:50:26.871966+0100 INFO 133944840292032 Row inserted successfully into tags.
2024-10-23T20:50:26.880002+0100 INFO 133944978704064 Row inserted successfully into authors.
2024-10-23T20:50:26.884320+0100 INFO 133944947246784 Row inserted successfully into tags.
2024-10-23T20:50:26.889559+0100 INFO 133944957732544 Row inserted successfully into quotes_tags_link.
2024-10-23T20:50:26.890617+0100 INFO 133944968218304 Row inserted successfully into authors.
2024-10-23T20:50:26.897682+0100 INFO 133944829806272 Row inserted successfully into quotes.
2024-10-23T20:50:26.900435+0100 INFO 133944999675584 Row inserted successfully into quotes_tags_link.
2024-10-23T20:50:26.909115+0100 INFO 133944840292032 Row inserted successfully into tags.
2024-10-23T20:50:26.911223+0100 INFO 133944850777792 Row inserted successfully into authors.
2024-10-23T20:50:26.912456+0100 INFO 133944989189824 Row inserted successfully into authors.
2024-10-23T20:50:26.914318+0100 INFO 133944861263552 Row inserted successfully into authors.
2024-10-23T20:50:26.925648+0100 INFO 133944968218304 Row inserted successfully into quotes.
2024-10-23T20:50:26.928454+0100 INFO 133944978704064 Row inserted successfully into quotes.
2024-10-23T20:50:26.929668+0100 INFO 133944829806272 Row inserted successfully into quotes_tags_link.
2024-10-23T20:50:26.931803+0100 INFO 133944957732544 Row inserted successfully into tags.
2024-10-23T20:50:26.932422+0100 INFO 133944999675584 Row inserted successfully into tags.
2024-10-23T20:50:26.934113+0100 INFO 133944947246784 Row inserted successfully into tags.
2024-10-23T20:50:26.941161+0100 INFO 133944850777792 Row inserted successfully into quotes.
2024-10-23T20:50:26.941846+0100 INFO 133944989189824 Row inserted successfully into quotes.
2024-10-23T20:50:26.942716+0100 INFO 133944840292032 Row inserted successfully into authors.
2024-10-23T20:50:26.950035+0100 INFO 133944861263552 Row inserted successfully into quotes.
2024-10-23T20:50:26.959281+0100 INFO 133944968218304 Row inserted successfully into quotes_tags_link.
2024-10-23T20:50:26.963967+0100 INFO 133944978704064 Row inserted successfully into quotes_tags_link.
2024-10-23T20:50:26.973667+0100 INFO 133944999675584 Row inserted successfully into tags.
2024-10-23T20:50:26.975090+0100 INFO 133944989189824 Row inserted successfully into quotes_tags_link.
2024-10-23T20:50:26.977403+0100 INFO 133944850777792 Row inserted successfully into quotes_tags_link.
2024-10-23T20:50:26.981089+0100 INFO 133944947246784 Row inserted successfully into authors.
2024-10-23T20:50:26.982041+0100 INFO 133944957732544 Row inserted successfully into tags.
2024-10-23T20:50:26.989809+0100 INFO 133944829806272 Row inserted successfully into tags.
2024-10-23T20:50:26.992388+0100 INFO 133944861263552 Row inserted successfully into quotes_tags_link.
2024-10-23T20:50:26.998442+0100 INFO 133944968218304 Row inserted successfully into tags.
2024-10-23T20:50:27.005010+0100 INFO 133944989189824 Row inserted successfully into tags.
2024-10-23T20:50:27.006060+0100 INFO 133944978704064 Row inserted successfully into tags.
2024-10-23T20:50:27.013115+0100 INFO 133944840292032 Row inserted successfully into quotes.
2024-10-23T20:50:27.016196+0100 INFO 133944850777792 Row inserted successfully into tags.
2024-10-23T20:50:27.022493+0100 INFO 133944999675584 Row inserted successfully into authors.
2024-10-23T20:50:27.023408+0100 INFO 133944829806272 Row inserted successfully into tags.
2024-10-23T20:50:27.026465+0100 INFO 133944947246784 Row inserted successfully into quotes.
2024-10-23T20:50:27.028295+0100 INFO 133944957732544 Row inserted successfully into tags.
2024-10-23T20:50:27.030059+0100 INFO 133944968218304 Row inserted successfully into authors.
2024-10-23T20:50:27.042149+0100 INFO 133944861263552 Row inserted successfully into tags.
2024-10-23T20:50:27.053513+0100 INFO 133944989189824 Row inserted successfully into tags.
2024-10-23T20:50:27.054848+0100 INFO 133944978704064 Row inserted successfully into authors.
2024-10-23T20:50:27.059434+0100 INFO 133944850777792 Row inserted successfully into tags.
2024-10-23T20:50:27.060945+0100 INFO 133944840292032 Row inserted successfully into quotes_tags_link.
2024-10-23T20:50:27.068442+0100 INFO 133944947246784 Row inserted successfully into quotes_tags_link.
2024-10-23T20:50:27.070528+0100 INFO 133944957732544 Row inserted successfully into tags.
2024-10-23T20:50:27.080800+0100 INFO 133944829806272 Row inserted successfully into authors.
2024-10-23T20:50:27.083871+0100 INFO 133944999675584 Row inserted successfully into quotes.
2024-10-23T20:50:27.090599+0100 INFO 133944978704064 Row inserted successfully into quotes.
2024-10-23T20:50:27.091457+0100 INFO 133944968218304 Row inserted successfully into quotes.
2024-10-23T20:50:27.097879+0100 INFO 133944989189824 Row inserted successfully into authors.
2024-10-23T20:50:27.100126+0100 INFO 133944861263552 Row inserted successfully into authors.
2024-10-23T20:50:27.108585+0100 INFO 133944850777792 Row inserted successfully into tags.
2024-10-23T20:50:27.115254+0100 INFO 133944840292032 Row inserted successfully into tags.
2024-10-23T20:50:27.119204+0100 INFO 133944947246784 Row inserted successfully into tags.
2024-10-23T20:50:27.130512+0100 INFO 133944957732544 Row inserted successfully into authors.
2024-10-23T20:50:27.139325+0100 INFO 133944999675584 Row inserted successfully into quotes_tags_link.
2024-10-23T20:50:27.145746+0100 INFO 133944989189824 Row inserted successfully into quotes.
2024-10-23T20:50:27.152492+0100 INFO 133944829806272 Row inserted successfully into quotes.
2024-10-23T20:50:27.154277+0100 INFO 133944968218304 Row inserted successfully into quotes_tags_link.
2024-10-23T20:50:27.163251+0100 INFO 133944850777792 Row inserted successfully into authors.
2024-10-23T20:50:27.165634+0100 INFO 133944861263552 Row inserted successfully into quotes.
2024-10-23T20:50:27.181571+0100 INFO 133944999675584 Row inserted successfully into tags.
2024-10-23T20:50:27.182971+0100 INFO 133944840292032 Row inserted successfully into authors.
2024-10-23T20:50:27.185555+0100 INFO 133944978704064 Row inserted successfully into quotes_tags_link.
2024-10-23T20:50:27.186570+0100 INFO 133944947246784 Row inserted successfully into authors.
2024-10-23T20:50:27.190576+0100 INFO 133944989189824 Row inserted successfully into quotes_tags_link.
2024-10-23T20:50:27.194425+0100 INFO 133944829806272 Row inserted successfully into quotes_tags_link.
2024-10-23T20:50:27.198101+0100 INFO 133944957732544 Row inserted successfully into quotes.
2024-10-23T20:50:27.210978+0100 INFO 133944850777792 Row inserted successfully into quotes.
2024-10-23T20:50:27.223661+0100 INFO 133944968218304 Row inserted successfully into tags.
2024-10-23T20:50:27.225464+0100 INFO 133944978704064 Row inserted successfully into tags.
2024-10-23T20:50:27.229246+0100 INFO 133944999675584 Row inserted successfully into tags.
2024-10-23T20:50:27.235180+0100 INFO 133944861263552 Row inserted successfully into quotes_tags_link.
2024-10-23T20:50:27.242441+0100 INFO 133944947246784 Row inserted successfully into quotes.
2024-10-23T20:50:27.244600+0100 INFO 133944840292032 Row inserted successfully into quotes.
2024-10-23T20:50:27.253208+0100 INFO 133944829806272 Row inserted successfully into tags.
2024-10-23T20:50:27.262613+0100 INFO 133944957732544 Row inserted successfully into quotes_tags_link.
2024-10-23T20:50:27.267673+0100 INFO 133944850777792 Row inserted successfully into quotes_tags_link.
2024-10-23T20:50:27.269372+0100 INFO 133944968218304 Row inserted successfully into tags.
2024-10-23T20:50:27.273209+0100 INFO 133944989189824 Row inserted successfully into tags.
2024-10-23T20:50:27.278845+0100 INFO 133944947246784 Row inserted successfully into quotes_tags_link.
2024-10-23T20:50:27.280567+0100 INFO 133944978704064 Row inserted successfully into tags.
2024-10-23T20:50:27.284948+0100 INFO 133944861263552 Row inserted successfully into tags.
2024-10-23T20:50:27.287967+0100 INFO 133944999675584 Row inserted successfully into tags.
2024-10-23T20:50:27.292059+0100 INFO 133944829806272 Row inserted successfully into authors.
2024-10-23T20:50:27.299448+0100 INFO 133944840292032 Row inserted successfully into quotes_tags_link.
2024-10-23T20:50:27.311958+0100 INFO 133944957732544 Row inserted successfully into tags.
2024-10-23T20:50:27.318181+0100 INFO 133944968218304 Row inserted successfully into authors.
2024-10-23T20:50:27.332141+0100 INFO 133944978704064 Row inserted successfully into authors.
2024-10-23T20:50:27.338141+0100 INFO 133944850777792 Row inserted successfully into tags.
2024-10-23T20:50:27.340083+0100 INFO 133944989189824 Row inserted successfully into tags.
2024-10-23T20:50:27.345797+0100 INFO 133944829806272 Row inserted successfully into quotes.
2024-10-23T20:50:27.346585+0100 INFO 133944999675584 Row inserted successfully into tags.
2024-10-23T20:50:27.357703+0100 INFO 133944861263552 Row inserted successfully into authors.
2024-10-23T20:50:27.358536+0100 INFO 133944840292032 Row inserted successfully into tags.
2024-10-23T20:50:27.360663+0100 INFO 133944947246784 Row inserted successfully into tags.
2024-10-23T20:50:27.362583+0100 INFO 133944957732544 Row inserted successfully into authors.
2024-10-23T20:50:27.367154+0100 INFO 133944850777792 Row inserted successfully into tags.
2024-10-23T20:50:27.370471+0100 INFO 133944968218304 Row inserted successfully into quotes.
2024-10-23T20:50:27.374334+0100 INFO 133944978704064 Row inserted successfully into quotes.
2024-10-23T20:50:27.400528+0100 INFO 133944999675584 Row inserted successfully into tags.
2024-10-23T20:50:27.402716+0100 INFO 133944989189824 Row inserted successfully into authors.
2024-10-23T20:50:27.409975+0100 INFO 133944829806272 Row inserted successfully into quotes_tags_link.
2024-10-23T20:50:27.411254+0100 INFO 133944947246784 Row inserted successfully into authors.
2024-10-23T20:50:27.417987+0100 INFO 133944840292032 Row inserted successfully into tags.
2024-10-23T20:50:27.419124+0100 INFO 133944850777792 Row inserted successfully into authors.
2024-10-23T20:50:27.420112+0100 INFO 133944861263552 Row inserted successfully into quotes.
2024-10-23T20:50:27.429325+0100 INFO 133944957732544 Row inserted successfully into quotes.
2024-10-23T20:50:27.431941+0100 INFO 133944968218304 Row inserted successfully into quotes_tags_link.
2024-10-23T20:50:27.440515+0100 INFO 133944989189824 Row inserted successfully into quotes.
2024-10-23T20:50:27.461452+0100 INFO 133944840292032 Row inserted successfully into tags.
2024-10-23T20:50:27.462789+0100 INFO 133944978704064 Row inserted successfully into quotes_tags_link.
2024-10-23T20:50:27.463764+0100 INFO 133944829806272 Row inserted successfully into tags.
2024-10-23T20:50:27.482095+0100 INFO 133944947246784 Row inserted successfully into quotes.
2024-10-23T20:50:27.483150+0100 INFO 133944861263552 Row inserted successfully into quotes_tags_link.
2024-10-23T20:50:27.486394+0100 INFO 133944850777792 Row inserted successfully into quotes.
2024-10-23T20:50:27.490640+0100 INFO 133944999675584 Row inserted successfully into authors.
2024-10-23T20:50:27.502388+0100 INFO 133944957732544 Row inserted successfully into quotes_tags_link.
2024-10-23T20:50:27.505622+0100 INFO 133944968218304 Row inserted successfully into tags.
2024-10-23T20:50:27.512488+0100 INFO 133944989189824 Row inserted successfully into quotes_tags_link.
2024-10-23T20:50:27.515704+0100 INFO 133944978704064 Row inserted successfully into tags.
2024-10-23T20:50:27.527104+0100 INFO 133944829806272 Row inserted successfully into authors.
2024-10-23T20:50:27.540131+0100 INFO 133944861263552 Row inserted successfully into tags.
2024-10-23T20:50:27.541613+0100 INFO 133944999675584 Row inserted successfully into quotes.
2024-10-23T20:50:27.542699+0100 INFO 133944840292032 Row inserted successfully into authors.
2024-10-23T20:50:27.543996+0100 INFO 133944947246784 Row inserted successfully into quotes_tags_link.
2024-10-23T20:50:27.551095+0100 INFO 133944957732544 Row inserted successfully into tags.
2024-10-23T20:50:27.552250+0100 INFO 133944850777792 Row inserted successfully into quotes_tags_link.
2024-10-23T20:50:27.575062+0100 INFO 133944968218304 Row inserted successfully into tags.
2024-10-23T20:50:27.588227+0100 INFO 133944989189824 Row inserted successfully into tags.
2024-10-23T20:50:27.598978+0100 INFO 133944861263552 Row inserted successfully into tags.
2024-10-23T20:50:27.600022+0100 INFO 133944829806272 Row inserted successfully into quotes.
2024-10-23T20:50:27.601210+0100 INFO 133944978704064 Row inserted successfully into authors.
2024-10-23T20:50:27.612658+0100 INFO 133944840292032 Row inserted successfully into quotes.
2024-10-23T20:50:27.615958+0100 INFO 133944999675584 Row inserted successfully into quotes_tags_link.
2024-10-23T20:50:27.619164+0100 INFO 133944957732544 Row inserted successfully into tags.
2024-10-23T20:50:27.620055+0100 INFO 133944968218304 Row inserted successfully into authors.
2024-10-23T20:50:27.625528+0100 INFO 133944850777792 Row inserted successfully into tags.
2024-10-23T20:50:27.635803+0100 INFO 133944947246784 Row inserted successfully into tags.
2024-10-23T20:50:27.640448+0100 INFO 133944829806272 Row inserted successfully into quotes_tags_link.
2024-10-23T20:50:27.641760+0100 INFO 133944861263552 Row inserted successfully into tags.
2024-10-23T20:50:27.651501+0100 INFO 133944978704064 Row inserted successfully into quotes.
2024-10-23T20:50:27.653127+0100 INFO 133944989189824 Row inserted successfully into authors.
2024-10-23T20:50:27.662698+0100 INFO 133944957732544 Row inserted successfully into authors.
2024-10-23T20:50:27.664299+0100 INFO 133944840292032 Row inserted successfully into quotes_tags_link.
2024-10-23T20:50:27.671233+0100 INFO 133944999675584 Row inserted successfully into tags.
2024-10-23T20:50:27.673664+0100 INFO 133944850777792 Row inserted successfully into tags.
2024-10-23T20:50:27.685846+0100 INFO 133944947246784 Row inserted successfully into tags.
2024-10-23T20:50:27.686884+0100 INFO 133944968218304 Row inserted successfully into quotes.
2024-10-23T20:50:27.694424+0100 INFO 133944829806272 Row inserted successfully into tags.
2024-10-23T20:50:27.704970+0100 INFO 133944989189824 Row inserted successfully into quotes.
2024-10-23T20:50:27.706238+0100 INFO 133944978704064 Row inserted successfully into quotes_tags_link.
2024-10-23T20:50:27.707893+0100 INFO 133944861263552 Row inserted successfully into tags.
2024-10-23T20:50:27.717870+0100 INFO 133944957732544 Row inserted successfully into quotes.
2024-10-23T20:50:27.720102+0100 INFO 133944999675584 Row inserted successfully into tags.
2024-10-23T20:50:27.734486+0100 INFO 133944850777792 Row inserted successfully into tags.
2024-10-23T20:50:27.736258+0100 INFO 133944968218304 Row inserted successfully into quotes_tags_link.
2024-10-23T20:50:27.748162+0100 INFO 133944989189824 Row inserted successfully into quotes_tags_link.
2024-10-23T20:50:27.749516+0100 INFO 133944947246784 Row inserted successfully into authors.
2024-10-23T20:50:27.755604+0100 INFO 133944840292032 Row inserted successfully into tags.
2024-10-23T20:50:27.766331+0100 INFO 133944829806272 Row inserted successfully into authors.
2024-10-23T20:50:27.767539+0100 INFO 133944957732544 Row inserted successfully into quotes_tags_link.
2024-10-23T20:50:27.772876+0100 INFO 133944861263552 Row inserted successfully into tags.
2024-10-23T20:50:27.774929+0100 INFO 133944978704064 Row inserted successfully into tags.
2024-10-23T20:50:27.779212+0100 INFO 133944999675584 Row inserted successfully into tags.
2024-10-23T20:50:27.786492+0100 INFO 133944968218304 Row inserted successfully into tags.
2024-10-23T20:50:27.787666+0100 INFO 133944850777792 Row inserted successfully into tags.
2024-10-23T20:50:27.788833+0100 INFO 133944989189824 Row inserted successfully into tags.
2024-10-23T20:50:27.801921+0100 INFO 133944840292032 Row inserted successfully into tags.
2024-10-23T20:50:27.806525+0100 INFO 133944829806272 Row inserted successfully into quotes.
2024-10-23T20:50:27.815203+0100 INFO 133944947246784 Row inserted successfully into quotes.
2024-10-23T20:50:27.821485+0100 INFO 133944957732544 Row inserted successfully into tags.
2024-10-23T20:50:27.823948+0100 INFO 133944861263552 Row inserted successfully into tags.
2024-10-23T20:50:27.836653+0100 INFO 133944999675584 Row inserted successfully into tags.
2024-10-23T20:50:27.839226+0100 INFO 133944968218304 Row inserted successfully into tags.
2024-10-23T20:50:27.844182+0100 INFO 133944850777792 Row inserted successfully into tags.
2024-10-23T20:50:27.849035+0100 INFO 133944989189824 Row inserted successfully into authors.
2024-10-23T20:50:27.854299+0100 INFO 133944978704064 Row inserted successfully into tags.
2024-10-23T20:50:27.869619+0100 INFO 133944957732544 Row inserted successfully into tags.
2024-10-23T20:50:27.872920+0100 INFO 133944861263552 Row inserted successfully into authors.
2024-10-23T20:50:27.876922+0100 INFO 133944947246784 Row inserted successfully into quotes_tags_link.
2024-10-23T20:50:27.881836+0100 INFO 133944840292032 Row inserted successfully into authors.
2024-10-23T20:50:27.886581+0100 INFO 133944989189824 Row inserted successfully into quotes.
2024-10-23T20:50:27.887877+0100 INFO 133944999675584 Row inserted successfully into authors.
2024-10-23T20:50:27.895927+0100 INFO 133944850777792 Row inserted successfully into authors.
2024-10-23T20:50:27.904214+0100 INFO 133944978704064 Row inserted successfully into tags.
2024-10-23T20:50:27.912233+0100 INFO 133944968218304 Row inserted successfully into tags.
2024-10-23T20:50:27.914388+0100 INFO 133944861263552 Row inserted successfully into quotes.
2024-10-23T20:50:27.916764+0100 INFO 133944829806272 Row inserted successfully into quotes_tags_link.
2024-10-23T20:50:27.923624+0100 INFO 133944957732544 Row inserted successfully into authors.
2024-10-23T20:50:27.924623+0100 INFO 133944840292032 Row inserted successfully into quotes.
2024-10-23T20:50:27.927533+0100 INFO 133944947246784 Row inserted successfully into tags.
2024-10-23T20:50:27.944516+0100 INFO 133944989189824 Row inserted successfully into quotes_tags_link.
2024-10-23T20:50:27.949356+0100 INFO 133944999675584 Row inserted successfully into quotes.
2024-10-23T20:50:27.953864+0100 INFO 133944850777792 Row inserted successfully into quotes.
2024-10-23T20:50:27.956204+0100 INFO 133944829806272 Row inserted successfully into tags.
2024-10-23T20:50:27.957422+0100 INFO 133944978704064 Row inserted successfully into authors.
2024-10-23T20:50:27.972671+0100 INFO 133944861263552 Row inserted successfully into quotes_tags_link.
2024-10-23T20:50:27.974406+0100 INFO 133944968218304 Row inserted successfully into authors.
2024-10-23T20:50:27.984138+0100 INFO 133944957732544 Row inserted successfully into quotes.
2024-10-23T20:50:27.988659+0100 INFO 133944840292032 Row inserted successfully into quotes_tags_link.
2024-10-23T20:50:27.990092+0100 INFO 133944947246784 Row inserted successfully into authors.
2024-10-23T20:50:27.992973+0100 INFO 133944989189824 Row inserted successfully into tags.
2024-10-23T20:50:27.993656+0100 INFO 133944829806272 Row inserted successfully into tags.
2024-10-23T20:50:28.007957+0100 INFO 133944861263552 Row inserted successfully into tags.
2024-10-23T20:50:28.011971+0100 INFO 133944978704064 Row inserted successfully into quotes.
2024-10-23T20:50:28.013460+0100 INFO 133944850777792 Row inserted successfully into quotes_tags_link.
2024-10-23T20:50:28.018380+0100 INFO 133944999675584 Row inserted successfully into quotes_tags_link.
2024-10-23T20:50:28.030258+0100 INFO 133944968218304 Row inserted successfully into quotes.
2024-10-23T20:50:28.036156+0100 INFO 133944957732544 Row inserted successfully into quotes_tags_link.
2024-10-23T20:50:28.046368+0100 INFO 133944947246784 Row inserted successfully into quotes.
2024-10-23T20:50:28.047683+0100 INFO 133944989189824 Row inserted successfully into tags.
2024-10-23T20:50:28.053961+0100 INFO 133944829806272 Row inserted successfully into tags.
2024-10-23T20:50:28.054843+0100 INFO 133944861263552 Row inserted successfully into authors.
2024-10-23T20:50:28.062019+0100 INFO 133944840292032 Row inserted successfully into tags.
2024-10-23T20:50:28.076002+0100 INFO 133944978704064 Row inserted successfully into quotes_tags_link.
2024-10-23T20:50:28.080103+0100 INFO 133944850777792 Row inserted successfully into tags.
2024-10-23T20:50:28.085322+0100 INFO 133944968218304 Row inserted successfully into quotes_tags_link.
2024-10-23T20:50:28.091564+0100 INFO 133944947246784 Row inserted successfully into quotes_tags_link.
2024-10-23T20:50:28.096532+0100 INFO 133944957732544 Row inserted successfully into tags.
2024-10-23T20:50:28.097520+0100 INFO 133944999675584 Row inserted successfully into tags.
2024-10-23T20:50:28.108319+0100 INFO 133944989189824 Row inserted successfully into authors.
2024-10-23T20:50:28.116186+0100 INFO 133944861263552 Row inserted successfully into quotes.
2024-10-23T20:50:28.117357+0100 INFO 133944829806272 Row inserted successfully into tags.
2024-10-23T20:50:28.120927+0100 INFO 133944840292032 Row inserted successfully into tags.
2024-10-23T20:50:28.133048+0100 INFO 133944947246784 Row inserted successfully into tags.
2024-10-23T20:50:28.134972+0100 INFO 133944957732544 Row inserted successfully into authors.
2024-10-23T20:50:28.136778+0100 INFO 133944968218304 Row inserted successfully into tags.
2024-10-23T20:50:28.137710+0100 INFO 133944850777792 Row inserted successfully into tags.
2024-10-23T20:50:28.143218+0100 INFO 133944999675584 Row inserted successfully into tags.
2024-10-23T20:50:28.150685+0100 INFO 133944978704064 Row inserted successfully into tags.
2024-10-23T20:50:28.165185+0100 INFO 133944829806272 Row inserted successfully into tags.
2024-10-23T20:50:28.167552+0100 INFO 133944861263552 Row inserted successfully into quotes_tags_link.
2024-10-23T20:50:28.181286+0100 INFO 133944968218304 Row inserted successfully into tags.
2024-10-23T20:50:28.185543+0100 INFO 133944989189824 Row inserted successfully into quotes.
2024-10-23T20:50:28.186483+0100 INFO 133944999675584 Row inserted successfully into authors.
2024-10-23T20:50:28.187396+0100 INFO 133944850777792 Row inserted successfully into tags.
2024-10-23T20:50:28.192950+0100 INFO 133944947246784 Row inserted successfully into tags.
2024-10-23T20:50:28.194199+0100 INFO 133944840292032 Row inserted successfully into tags.
2024-10-23T20:50:28.195117+0100 INFO 133944957732544 Row inserted successfully into quotes.
2024-10-23T20:50:28.197298+0100 INFO 133944978704064 Row inserted successfully into tags.
2024-10-23T20:50:28.203763+0100 INFO 133944829806272 Row inserted successfully into tags.
2024-10-23T20:50:28.216800+0100 INFO 133944861263552 Row inserted successfully into tags.
2024-10-23T20:50:28.218342+0100 INFO 133944968218304 Row inserted successfully into authors.
2024-10-23T20:50:28.229573+0100 INFO 133944999675584 Row inserted successfully into quotes.
2024-10-23T20:50:28.234235+0100 INFO 133944989189824 Row inserted successfully into quotes_tags_link.
2024-10-23T20:50:28.243283+0100 INFO 133944850777792 Row inserted successfully into tags.
2024-10-23T20:50:28.244955+0100 INFO 133944840292032 Row inserted successfully into authors.
2024-10-23T20:50:28.245789+0100 INFO 133944947246784 Row inserted successfully into tags.
2024-10-23T20:50:28.257029+0100 INFO 133944978704064 Row inserted successfully into authors.
2024-10-23T20:50:28.258302+0100 INFO 133944957732544 Row inserted successfully into quotes_tags_link.
2024-10-23T20:50:28.273794+0100 INFO 133944829806272 Row inserted successfully into tags.
2024-10-23T20:50:28.279554+0100 INFO 133944999675584 Row inserted successfully into quotes_tags_link.
2024-10-23T20:50:28.287854+0100 INFO 133944968218304 Row inserted successfully into quotes.
2024-10-23T20:50:28.290885+0100 INFO 133944978704064 Row inserted successfully into quotes.
2024-10-23T20:50:28.296153+0100 INFO 133944947246784 Row inserted successfully into authors.
2024-10-23T20:50:28.297849+0100 INFO 133944840292032 Row inserted successfully into quotes.
2024-10-23T20:50:28.307283+0100 INFO 133944829806272 Row inserted successfully into authors.
2024-10-23T20:50:28.310001+0100 INFO 133944850777792 Row inserted successfully into tags.
2024-10-23T20:50:28.313573+0100 INFO 133944861263552 Row inserted successfully into tags.
2024-10-23T20:50:28.315431+0100 INFO 133944989189824 Row inserted successfully into tags.
2024-10-23T20:50:28.317700+0100 INFO 133944957732544 Row inserted successfully into tags.
2024-10-23T20:50:28.327661+0100 INFO 133944999675584 Row inserted successfully into tags.
2024-10-23T20:50:28.339818+0100 INFO 133944947246784 Row inserted successfully into quotes.
2024-10-23T20:50:28.347650+0100 INFO 133944861263552 Row inserted successfully into authors.
2024-10-23T20:50:28.349913+0100 INFO 133944840292032 Row inserted successfully into quotes_tags_link.
2024-10-23T20:50:28.351796+0100 INFO 133944968218304 Row inserted successfully into quotes_tags_link.
2024-10-23T20:50:28.355086+0100 INFO 133944829806272 Row inserted successfully into quotes.
2024-10-23T20:50:28.365029+0100 INFO 133944850777792 Row inserted successfully into tags.
2024-10-23T20:50:28.369939+0100 INFO 133944957732544 Row inserted successfully into authors.
2024-10-23T20:50:28.375495+0100 INFO 133944978704064 Row inserted successfully into quotes_tags_link.
2024-10-23T20:50:28.377098+0100 INFO 133944840292032 Row inserted successfully into tags.
2024-10-23T20:50:28.389606+0100 INFO 133944989189824 Row inserted successfully into tags.
2024-10-23T20:50:28.393470+0100 INFO 133944968218304 Row inserted successfully into tags.
2024-10-23T20:50:28.394186+0100 INFO 133944861263552 Row inserted successfully into quotes.
2024-10-23T20:50:28.397427+0100 INFO 133944947246784 Row inserted successfully into quotes_tags_link.
2024-10-23T20:50:28.402284+0100 INFO 133944999675584 Row inserted successfully into tags.
2024-10-23T20:50:28.406087+0100 INFO 133944829806272 Row inserted successfully into quotes_tags_link.
2024-10-23T20:50:28.406984+0100 INFO 133944850777792 Row inserted successfully into authors.
2024-10-23T20:50:28.421789+0100 INFO 133944989189824 Row inserted successfully into tags.
2024-10-23T20:50:28.423083+0100 INFO 133944957732544 Row inserted successfully into quotes.
2024-10-23T20:50:28.433327+0100 INFO 133944947246784 Row inserted successfully into tags.
2024-10-23T20:50:28.440219+0100 INFO 133944968218304 Row inserted successfully into tags.
2024-10-23T20:50:28.441273+0100 INFO 133944840292032 Row inserted successfully into authors.
2024-10-23T20:50:28.442843+0100 INFO 133944978704064 Row inserted successfully into tags.
2024-10-23T20:50:28.446256+0100 INFO 133944829806272 Row inserted successfully into tags.
2024-10-23T20:50:28.454762+0100 INFO 133944861263552 Row inserted successfully into quotes_tags_link.
2024-10-23T20:50:28.459637+0100 INFO 133944850777792 Row inserted successfully into quotes.
2024-10-23T20:50:28.463322+0100 INFO 133944999675584 Row inserted successfully into tags.
2024-10-23T20:50:28.471893+0100 INFO 133944989189824 Row inserted successfully into tags.
2024-10-23T20:50:28.480923+0100 INFO 133944947246784 Row inserted successfully into tags.
2024-10-23T20:50:28.481878+0100 INFO 133944957732544 Row inserted successfully into quotes_tags_link.
2024-10-23T20:50:28.492967+0100 INFO 133944978704064 Row inserted successfully into authors.
2024-10-23T20:50:28.495619+0100 INFO 133944968218304 Row inserted successfully into tags.
2024-10-23T20:50:28.502102+0100 INFO 133944829806272 Row inserted successfully into authors.
2024-10-23T20:50:28.509762+0100 INFO 133944989189824 Row inserted successfully into tags.
2024-10-23T20:50:28.512097+0100 INFO 133944999675584 Row inserted successfully into authors.
2024-10-23T20:50:28.515503+0100 INFO 133944861263552 Row inserted successfully into tags.
2024-10-23T20:50:28.518831+0100 INFO 133944850777792 Row inserted successfully into quotes_tags_link.
2024-10-23T20:50:28.519887+0100 INFO 133944840292032 Row inserted successfully into quotes.
2024-10-23T20:50:28.522001+0100 INFO 133944947246784 Row inserted successfully into tags.
2024-10-23T20:50:28.534486+0100 INFO 133944957732544 Row inserted successfully into tags.
2024-10-23T20:50:28.548590+0100 INFO 133944968218304 Row inserted successfully into tags.
2024-10-23T20:50:28.553806+0100 INFO 133944829806272 Row inserted successfully into quotes.
2024-10-23T20:50:28.557375+0100 INFO 133944999675584 Row inserted successfully into quotes.
2024-10-23T20:50:28.569639+0100 INFO 133944957732544 Row inserted successfully into tags.
2024-10-23T20:50:28.571469+0100 INFO 133944840292032 Row inserted successfully into quotes_tags_link.
2024-10-23T20:50:28.572542+0100 INFO 133944978704064 Row inserted successfully into quotes.
2024-10-23T20:50:28.578798+0100 INFO 133944850777792 Row inserted successfully into tags.
2024-10-23T20:50:28.584176+0100 INFO 133944861263552 Row inserted successfully into tags.
2024-10-23T20:50:28.584988+0100 INFO 133944829806272 Row inserted successfully into quotes_tags_link.
2024-10-23T20:50:28.585770+0100 INFO 133944947246784 Row inserted successfully into authors.
2024-10-23T20:50:28.592860+0100 INFO 133944989189824 Row inserted successfully into tags.
2024-10-23T20:50:28.593674+0100 INFO 133944968218304 Row inserted successfully into authors.
2024-10-23T20:50:28.605767+0100 INFO 133944999675584 Row inserted successfully into quotes_tags_link.
2024-10-23T20:50:28.620683+0100 INFO 133944840292032 Row inserted successfully into tags.
2024-10-23T20:50:28.626898+0100 INFO 133944978704064 Row inserted successfully into quotes_tags_link.
2024-10-23T20:50:28.629258+0100 INFO 133944947246784 Row inserted successfully into quotes.
2024-10-23T20:50:28.633900+0100 INFO 133944957732544 Row inserted successfully into authors.
2024-10-23T20:50:28.638535+0100 INFO 133944829806272 Row inserted successfully into tags.
2024-10-23T20:50:28.642406+0100 INFO 133944850777792 Row inserted successfully into tags.
2024-10-23T20:50:28.657100+0100 INFO 133944999675584 Row inserted successfully into tags.
2024-10-23T20:50:28.658333+0100 INFO 133944989189824 Row inserted successfully into tags.
2024-10-23T20:50:28.659906+0100 INFO 133944861263552 Row inserted successfully into authors.
2024-10-23T20:50:28.663674+0100 INFO 133944968218304 Row inserted successfully into quotes.
2024-10-23T20:50:28.670316+0100 INFO 133944840292032 Row inserted successfully into tags.
2024-10-23T20:50:28.680941+0100 INFO 133944978704064 Row inserted successfully into tags.
2024-10-23T20:50:28.682291+0100 INFO 133944829806272 Row inserted successfully into authors.
2024-10-23T20:50:28.688184+0100 INFO 133944957732544 Row inserted successfully into quotes.
2024-10-23T20:50:28.692095+0100 INFO 133944989189824 Row inserted successfully into tags.
2024-10-23T20:50:28.696574+0100 INFO 133944850777792 Row inserted successfully into tags.
2024-10-23T20:50:28.703808+0100 INFO 133944947246784 Row inserted successfully into quotes_tags_link.
2024-10-23T20:50:28.705072+0100 INFO 133944840292032 Row inserted successfully into authors.
2024-10-23T20:50:28.720771+0100 INFO 133944968218304 Row inserted successfully into quotes_tags_link.
2024-10-23T20:50:28.721854+0100 INFO 133944999675584 Row inserted successfully into tags.
2024-10-23T20:50:28.743132+0100 INFO 133944947246784 Row inserted successfully into tags.
2024-10-23T20:50:28.744363+0100 INFO 133944861263552 Row inserted successfully into quotes.
2024-10-23T20:50:28.745174+0100 INFO 133944978704064 Row inserted successfully into authors.
2024-10-23T20:50:28.748204+0100 INFO 133944957732544 Row inserted successfully into quotes_tags_link.
2024-10-23T20:50:28.749145+0100 INFO 133944840292032 Row inserted successfully into quotes.
2024-10-23T20:50:28.751468+0100 INFO 133944850777792 Row inserted successfully into tags.
2024-10-23T20:50:28.757886+0100 INFO 133944829806272 Row inserted successfully into quotes.
2024-10-23T20:50:28.759199+0100 INFO 133944989189824 Row inserted successfully into authors.
2024-10-23T20:50:28.768710+0100 INFO 133944968218304 Row inserted successfully into tags.
2024-10-23T20:50:28.776457+0100 INFO 133944947246784 Row inserted successfully into authors.
2024-10-23T20:50:28.781912+0100 INFO 133944999675584 Row inserted successfully into authors.
2024-10-23T20:50:28.783508+0100 INFO 133944978704064 Row inserted successfully into quotes.
2024-10-23T20:50:28.790881+0100 INFO 133944850777792 Row inserted successfully into tags.
2024-10-23T20:50:28.793523+0100 INFO 133944861263552 Row inserted successfully into quotes_tags_link.
2024-10-23T20:50:28.802358+0100 INFO 133944840292032 Row inserted successfully into quotes_tags_link.
2024-10-23T20:50:28.810203+0100 INFO 133944957732544 Row inserted successfully into tags.
2024-10-23T20:50:28.821329+0100 INFO 133944989189824 Row inserted successfully into quotes.
2024-10-23T20:50:28.822107+0100 INFO 133944947246784 Row inserted successfully into quotes.
2024-10-23T20:50:28.828129+0100 INFO 133944968218304 Row inserted successfully into tags.
2024-10-23T20:50:28.839129+0100 INFO 133944829806272 Row inserted successfully into quotes_tags_link.
2024-10-23T20:50:28.841360+0100 INFO 133944999675584 Row inserted successfully into quotes.
2024-10-23T20:50:28.842945+0100 INFO 133944861263552 Row inserted successfully into tags.
2024-10-23T20:50:28.847479+0100 INFO 133944978704064 Row inserted successfully into quotes_tags_link.
2024-10-23T20:50:28.855624+0100 INFO 133944850777792 Row inserted successfully into tags.
2024-10-23T20:50:28.858913+0100 INFO 133944947246784 Row inserted successfully into quotes_tags_link.
2024-10-23T20:50:28.862675+0100 INFO 133944840292032 Row inserted successfully into tags.
2024-10-23T20:50:28.866999+0100 INFO 133944957732544 Row inserted successfully into authors.
2024-10-23T20:50:28.872826+0100 INFO 133944968218304 Row inserted successfully into authors.
2024-10-23T20:50:28.884143+0100 INFO 133944999675584 Row inserted successfully into quotes_tags_link.
2024-10-23T20:50:28.890432+0100 INFO 133944829806272 Row inserted successfully into tags.
2024-10-23T20:50:28.892334+0100 INFO 133944861263552 Row inserted successfully into authors.
2024-10-23T20:50:28.893974+0100 INFO 133944989189824 Row inserted successfully into quotes_tags_link.
2024-10-23T20:50:28.897261+0100 INFO 133944978704064 Row inserted successfully into tags.
2024-10-23T20:50:28.905776+0100 INFO 133944850777792 Row inserted successfully into tags.
2024-10-23T20:50:28.917379+0100 INFO 133944947246784 Row inserted successfully into tags.
2024-10-23T20:50:28.922299+0100 INFO 133944968218304 Row inserted successfully into quotes.
2024-10-23T20:50:28.931334+0100 INFO 133944840292032 Row inserted successfully into tags.
2024-10-23T20:50:28.933367+0100 INFO 133944957732544 Row inserted successfully into quotes.
2024-10-23T20:50:28.942510+0100 INFO 133944861263552 Row inserted successfully into quotes.
2024-10-23T20:50:28.945305+0100 INFO 133944947246784 Row inserted successfully into tags.
2024-10-23T20:50:28.947804+0100 INFO 133944999675584 Row inserted successfully into tags.
2024-10-23T20:50:28.951355+0100 INFO 133944968218304 Row inserted successfully into quotes_tags_link.
2024-10-23T20:50:28.957070+0100 INFO 133944829806272 Row inserted successfully into tags.
2024-10-23T20:50:28.958051+0100 INFO 133944989189824 Row inserted successfully into tags.
2024-10-23T20:50:28.958808+0100 INFO 133944850777792 Row inserted successfully into tags.
2024-10-23T20:50:28.963280+0100 INFO 133944978704064 Row inserted successfully into authors.
2024-10-23T20:50:28.969455+0100 INFO 133944840292032 Row inserted successfully into authors.
2024-10-23T20:50:28.970306+0100 INFO 133944957732544 Row inserted successfully into quotes_tags_link.
2024-10-23T20:50:28.977464+0100 INFO 133944861263552 Row inserted successfully into quotes_tags_link.
2024-10-23T20:50:28.986622+0100 INFO 133944999675584 Row inserted successfully into tags.
2024-10-23T20:50:28.989329+0100 INFO 133944829806272 Row inserted successfully into authors.
2024-10-23T20:50:29.000566+0100 INFO 133944947246784 Row inserted successfully into tags.
2024-10-23T20:50:29.001352+0100 INFO 133944989189824 Row inserted successfully into tags.
2024-10-23T20:50:29.002396+0100 INFO 133944968218304 Row inserted successfully into tags.
2024-10-23T20:50:29.011052+0100 INFO 133944850777792 Row inserted successfully into authors.
2024-10-23T20:50:29.021869+0100 INFO 133944978704064 Row inserted successfully into quotes.
2024-10-23T20:50:29.031459+0100 INFO 133944840292032 Row inserted successfully into quotes.
2024-10-23T20:50:29.032340+0100 INFO 133944957732544 Row inserted successfully into tags.
2024-10-23T20:50:29.033208+0100 INFO 133944999675584 Row inserted successfully into tags.
2024-10-23T20:50:29.037329+0100 INFO 133944947246784 Row inserted successfully into authors.
2024-10-23T20:50:29.047905+0100 INFO 133944861263552 Row inserted successfully into tags.
2024-10-23T20:50:29.051993+0100 INFO 133944989189824 Row inserted successfully into tags.
2024-10-23T20:50:29.063191+0100 INFO 133944978704064 Row inserted successfully into quotes_tags_link.
2024-10-23T20:50:29.066138+0100 INFO 133944840292032 Row inserted successfully into quotes_tags_link.
2024-10-23T20:50:29.066872+0100 INFO 133944829806272 Row inserted successfully into quotes.
2024-10-23T20:50:29.068215+0100 INFO 133944957732544 Row inserted successfully into authors.
2024-10-23T20:50:29.074180+0100 INFO 133944968218304 Row inserted successfully into authors.
2024-10-23T20:50:29.075118+0100 INFO 133944850777792 Row inserted successfully into quotes.
2024-10-23T20:50:29.084586+0100 INFO 133944947246784 Row inserted successfully into quotes.
2024-10-23T20:50:29.095958+0100 INFO 133944999675584 Row inserted successfully into tags.
2024-10-23T20:50:29.097062+0100 INFO 133944861263552 Row inserted successfully into authors.
2024-10-23T20:50:29.113151+0100 INFO 133944829806272 Row inserted successfully into quotes_tags_link.
2024-10-23T20:50:29.116376+0100 INFO 133944989189824 Row inserted successfully into tags.
2024-10-23T20:50:29.117915+0100 INFO 133944840292032 Row inserted successfully into tags.
2024-10-23T20:50:29.128392+0100 INFO 133944947246784 Row inserted successfully into quotes_tags_link.
2024-10-23T20:50:29.134317+0100 INFO 133944968218304 Row inserted successfully into quotes.
2024-10-23T20:50:29.145220+0100 INFO 133944861263552 Row inserted successfully into quotes.
2024-10-23T20:50:29.146939+0100 INFO 133944850777792 Row inserted successfully into quotes_tags_link.
2024-10-23T20:50:29.149142+0100 INFO 133944957732544 Row inserted successfully into quotes.
2024-10-23T20:50:29.157461+0100 INFO 133944840292032 Row inserted successfully into tags.
2024-10-23T20:50:29.166820+0100 INFO 133944989189824 Row inserted successfully into tags.
2024-10-23T20:50:29.168797+0100 INFO 133944999675584 Row inserted successfully into authors.
2024-10-23T20:50:29.184708+0100 INFO 133944968218304 Row inserted successfully into quotes_tags_link.
2024-10-23T20:50:29.186842+0100 INFO 133944861263552 Row inserted successfully into quotes_tags_link.
2024-10-23T20:50:29.191259+0100 INFO 133944850777792 Row inserted successfully into tags.
2024-10-23T20:50:29.202425+0100 INFO 133944840292032 Row inserted successfully into tags.
2024-10-23T20:50:29.206585+0100 INFO 133944957732544 Row inserted successfully into quotes_tags_link.
2024-10-23T20:50:29.217649+0100 INFO 133944989189824 Row inserted successfully into tags.
2024-10-23T20:50:29.219639+0100 INFO 133944999675584 Row inserted successfully into quotes.
2024-10-23T20:50:29.227432+0100 INFO 133944850777792 Row inserted successfully into tags.
2024-10-23T20:50:29.235394+0100 INFO 133944840292032 Row inserted successfully into tags.
2024-10-23T20:50:29.244791+0100 INFO 133944989189824 Row inserted successfully into authors.
2024-10-23T20:50:29.247174+0100 INFO 133944999675584 Row inserted successfully into quotes_tags_link.
2024-10-23T20:50:29.255230+0100 INFO 133944850777792 Row inserted successfully into authors.
2024-10-23T20:50:29.267458+0100 INFO 133944840292032 Row inserted successfully into authors.
2024-10-23T20:50:29.269107+0100 INFO 133944989189824 Row inserted successfully into quotes.
2024-10-23T20:50:29.272942+0100 INFO 133944999675584 Row inserted successfully into tags.
2024-10-23T20:50:29.286633+0100 INFO 133944850777792 Row inserted successfully into quotes.
2024-10-23T20:50:29.291856+0100 INFO 133944989189824 Row inserted successfully into quotes_tags_link.
2024-10-23T20:50:29.294432+0100 INFO 133944840292032 Row inserted successfully into quotes.
2024-10-23T20:50:29.295468+0100 INFO 133944999675584 Row inserted successfully into authors.
2024-10-23T20:50:29.310085+0100 INFO 133944850777792 Row inserted successfully into quotes_tags_link.
2024-10-23T20:50:29.311296+0100 INFO 133944989189824 Row inserted successfully into tags.
2024-10-23T20:50:29.321105+0100 INFO 133944999675584 Row inserted successfully into quotes.
2024-10-23T20:50:29.322407+0100 INFO 133944840292032 Row inserted successfully into quotes_tags_link.
2024-10-23T20:50:29.330151+0100 INFO 133944850777792 Row inserted successfully into tags.
2024-10-23T20:50:29.332233+0100 INFO 133944989189824 Row inserted successfully into tags.
2024-10-23T20:50:29.342384+0100 INFO 133944999675584 Row inserted successfully into quotes_tags_link.
2024-10-23T20:50:29.346623+0100 INFO 133944850777792 Row inserted successfully into authors.
2024-10-23T20:50:29.351570+0100 INFO 133944989189824 Row inserted successfully into tags.
2024-10-23T20:50:29.360616+0100 INFO 133944999675584 Row inserted successfully into tags.
2024-10-23T20:50:29.364148+0100 INFO 133944850777792 Row inserted successfully into quotes.
2024-10-23T20:50:29.369235+0100 INFO 133944989189824 Row inserted successfully into tags.
2024-10-23T20:50:29.378840+0100 INFO 133944850777792 Row inserted successfully into quotes_tags_link.
2024-10-23T20:50:29.386037+0100 INFO 133944999675584 Row inserted successfully into tags.
2024-10-23T20:50:29.387449+0100 INFO 133944989189824 Row inserted successfully into tags.
2024-10-23T20:50:29.397571+0100 INFO 133944850777792 Row inserted successfully into tags.
2024-10-23T20:50:29.403779+0100 INFO 133944999675584 Row inserted successfully into tags.
2024-10-23T20:50:29.404780+0100 INFO 133944989189824 Row inserted successfully into authors.
2024-10-23T20:50:29.413306+0100 INFO 133944850777792 Row inserted successfully into tags.
2024-10-23T20:50:29.424959+0100 INFO 133944989189824 Row inserted successfully into quotes.
2024-10-23T20:50:29.426472+0100 INFO 133944999675584 Row inserted successfully into authors.
2024-10-23T20:50:29.429624+0100 INFO 133944850777792 Row inserted successfully into tags.
2024-10-23T20:50:29.440183+0100 INFO 133944989189824 Row inserted successfully into quotes_tags_link.
2024-10-23T20:50:29.445611+0100 INFO 133944999675584 Row inserted successfully into quotes.
2024-10-23T20:50:29.447016+0100 INFO 133944850777792 Row inserted successfully into authors.
2024-10-23T20:50:29.458194+0100 INFO 133944989189824 Row inserted successfully into tags.
2024-10-23T20:50:29.462761+0100 INFO 133944999675584 Row inserted successfully into quotes_tags_link.
2024-10-23T20:50:29.466876+0100 INFO 133944850777792 Row inserted successfully into quotes.
2024-10-23T20:50:29.473693+0100 INFO 133944989189824 Row inserted successfully into tags.
2024-10-23T20:50:29.484258+0100 INFO 133944850777792 Row inserted successfully into quotes_tags_link.
2024-10-23T20:50:29.487496+0100 INFO 133944989189824 Row inserted successfully into tags.
2024-10-23T20:50:29.502165+0100 INFO 133944989189824 Row inserted successfully into tags.
2024-10-23T20:50:29.512932+0100 INFO 133944989189824 Row inserted successfully into tags.
2024-10-23T20:50:29.524962+0100 INFO 133944989189824 Row inserted successfully into authors.
2024-10-23T20:50:29.536598+0100 INFO 133944989189824 Row inserted successfully into quotes.
2024-10-23T20:50:29.548231+0100 INFO 133944989189824 Row inserted successfully into quotes_tags_link.
2024-10-23T20:50:30.181550+0100 INFO 133944968218304 Successfully fetched the page
2024-10-23T20:50:30.190374+0100 INFO 133944829806272 Successfully fetched the page
2024-10-23T20:50:30.191920+0100 INFO 133944947246784 Successfully fetched the page
2024-10-23T20:50:30.193293+0100 INFO 133944840292032 Successfully fetched the page
2024-10-23T20:50:30.194764+0100 INFO 133944999675584 Successfully fetched the page
2024-10-23T20:50:30.200574+0100 INFO 133944989189824 Successfully fetched the page
2024-10-23T20:50:30.202095+0100 INFO 133944808834752 Successfully fetched the page
2024-10-23T20:50:30.215384+0100 INFO 133944861263552 Successfully fetched the page
2024-10-23T20:50:30.216919+0100 INFO 133944659936960 Successfully fetched the page
2024-10-23T20:50:30.229402+0100 INFO 133944957732544 Successfully fetched the page
2024-10-23T20:50:30.231429+0100 INFO 133944819320512 Successfully fetched the page
2024-10-23T20:50:30.277950+0100 INFO 133944850777792 Successfully fetched the page
2024-10-23T20:50:30.308944+0100 ERROR 133944840292032 Error updating Marilyn Monroe row: No row was found when one was required
2024-10-23T20:50:30.326045+0100 ERROR 133944968218304 Error updating Andr Gide row: No row was found when one was required
2024-10-23T20:50:30.332066+0100 ERROR 133944808834752 Error updating Douglas Adams row: No row was found when one was required
2024-10-23T20:50:30.335551+0100 ERROR 133944829806272 Error updating Bob Marley row: No row was found when one was required
2024-10-23T20:50:30.341833+0100 ERROR 133944659936960 Error updating Elie Wiesel row: No row was found when one was required
2024-10-23T20:50:30.357246+0100 ERROR 133944819320512 Error updating Dr. Seuss row: No row was found when one was required
2024-10-23T20:50:30.368385+0100 ERROR 133944989189824 Error updating Albert Einstein row: No row was found when one was required
2024-10-23T20:50:30.383930+0100 ERROR 133944947246784 Error updating Eleanor Roosevelt row: No row was found when one was required
2024-10-23T20:50:30.393651+0100 ERROR 133944999675584 Error updating Jane Austen row: No row was found when one was required
2024-10-23T20:50:30.402667+0100 ERROR 133944861263552 Error updating Steve Martin row: No row was found when one was required
2024-10-23T20:50:30.409444+0100 ERROR 133944957732544 Error updating Thomas A. Edison row: No row was found when one was required
2024-10-23T20:50:30.414313+0100 ERROR 133944850777792 Error updating J.K. Rowling row: No row was found when one was required
2024-10-23T20:50:30.945590+0100 INFO 133944659936960 Successfully fetched the page
2024-10-23T20:50:30.954202+0100 INFO 133944968218304 Successfully fetched the page
2024-10-23T20:50:30.960794+0100 INFO 133944840292032 Successfully fetched the page
2024-10-23T20:50:30.970499+0100 INFO 133944829806272 Successfully fetched the page
2024-10-23T20:50:30.976477+0100 INFO 133944808834752 Successfully fetched the page
2024-10-23T20:50:30.984217+0100 INFO 133944819320512 Successfully fetched the page
2024-10-23T20:50:30.994286+0100 INFO 133944947246784 Successfully fetched the page
2024-10-23T20:50:31.011965+0100 INFO 133944850777792 Successfully fetched the page
2024-10-23T20:50:31.013799+0100 INFO 133944999675584 Successfully fetched the page
2024-10-23T20:50:31.016315+0100 INFO 133944989189824 Successfully fetched the page
2024-10-23T20:50:31.023614+0100 INFO 133944861263552 Successfully fetched the page
2024-10-23T20:50:31.026634+0100 INFO 133944957732544 Successfully fetched the page
2024-10-23T20:50:31.076578+0100 ERROR 133944968218304 Error updating Mark Twain row: No row was found when one was required
2024-10-23T20:50:31.089754+0100 ERROR 133944819320512 Error updating Mother Teresa row: No row was found when one was required
2024-10-23T20:50:31.093531+0100 ERROR 133944840292032 Error updating Friedrich Nietzsche row: No row was found when one was required
2024-10-23T20:50:31.099761+0100 ERROR 133944659936960 Error updating Ralph Waldo Emerson row: No row was found when one was required
2024-10-23T20:50:31.119449+0100 ERROR 133944808834752 Error updating Allen Saunders row: No row was found when one was required
2024-10-23T20:50:31.151033+0100 ERROR 133944829806272 Error updating Pablo Neruda row: No row was found when one was required
2024-10-23T20:50:31.163019+0100 ERROR 133944957732544 Error updating Jorge Luis Borges row: No row was found when one was required
2024-10-23T20:50:31.171364+0100 ERROR 133944947246784 Error updating Jim Henson row: No row was found when one was required
2024-10-23T20:50:31.182217+0100 ERROR 133944999675584 Error updating Charles M. Schulz row: No row was found when one was required
2024-10-23T20:50:31.190653+0100 ERROR 133944989189824 Error updating Garrison Keillor row: No row was found when one was required
2024-10-23T20:50:31.198943+0100 ERROR 133944850777792 Error updating George Eliot row: No row was found when one was required
2024-10-23T20:50:31.206373+0100 ERROR 133944861263552 Error updating William Nicholson row: No row was found when one was required
2024-10-23T20:50:31.700619+0100 INFO 133944808834752 Successfully fetched the page
2024-10-23T20:50:31.711276+0100 INFO 133944840292032 Successfully fetched the page
2024-10-23T20:50:31.712806+0100 INFO 133944968218304 Successfully fetched the page
2024-10-23T20:50:31.715132+0100 INFO 133944659936960 Successfully fetched the page
2024-10-23T20:50:31.717118+0100 INFO 133944819320512 Successfully fetched the page
2024-10-23T20:50:31.758132+0100 ERROR 133944819320512 Error updating C.S. Lewis row: No row was found when one was required
2024-10-23T20:50:31.769261+0100 INFO 133944829806272 Successfully fetched the page
2024-10-23T20:50:31.770082+0100 ERROR 133944808834752 Error updating Haruki Murakami row: No row was found when one was required
2024-10-23T20:50:31.776934+0100 ERROR 133944659936960 Error updating James Baldwin row: No row was found when one was required
2024-10-23T20:50:31.781558+0100 ERROR 133944840292032 Error updating Martin Luther King Jr. row: No row was found when one was required
2024-10-23T20:50:31.789663+0100 INFO 133944989189824 Successfully fetched the page
2024-10-23T20:50:31.803872+0100 INFO 133944957732544 Successfully fetched the page
2024-10-23T20:50:31.809164+0100 INFO 133944861263552 Successfully fetched the page
2024-10-23T20:50:31.809922+0100 INFO 133944999675584 Successfully fetched the page
2024-10-23T20:50:31.822370+0100 INFO 133944947246784 Successfully fetched the page
2024-10-23T20:50:31.823841+0100 INFO 133944850777792 Successfully fetched the page
2024-10-23T20:50:31.824964+0100 ERROR 133944968218304 Error updating George R.R. Martin row: No row was found when one was required
2024-10-23T20:50:31.891765+0100 ERROR 133944989189824 Error updating George Bernard Shaw row: No row was found when one was required
2024-10-23T20:50:31.894322+0100 ERROR 133944829806272 Error updating Alexandre Dumas fils row: No row was found when one was required
2024-10-23T20:50:31.899791+0100 ERROR 133944999675584 Error updating Helen Keller row: No row was found when one was required
2024-10-23T20:50:31.907787+0100 ERROR 133944957732544 Error updating Stephenie Meyer row: No row was found when one was required
2024-10-23T20:50:31.928039+0100 ERROR 133944861263552 Error updating Suzanne Collins row: No row was found when one was required
2024-10-23T20:50:31.937633+0100 ERROR 133944947246784 Error updating Ernest Hemingway row: No row was found when one was required
2024-10-23T20:50:31.943648+0100 ERROR 133944850777792 Error updating Charles Bukowski row: No row was found when one was required
2024-10-23T20:50:32.440603+0100 INFO 133944659936960 Successfully fetched the page
2024-10-23T20:50:32.442460+0100 INFO 133944840292032 Successfully fetched the page
2024-10-23T20:50:32.444592+0100 INFO 133944819320512 Successfully fetched the page
2024-10-23T20:50:32.484862+0100 ERROR 133944840292032 Error updating J.D. Salinger row: No row was found when one was required
2024-10-23T20:50:32.495337+0100 ERROR 133944659936960 Error updating Terry Pratchett row: No row was found when one was required
2024-10-23T20:50:32.500694+0100 ERROR 133944819320512 Error updating J.R.R. Tolkien row: No row was found when one was required
2024-10-23T20:50:32.539996+0100 INFO 133944829806272 Successfully fetched the page
2024-10-23T20:50:32.552166+0100 INFO 133944999675584 Successfully fetched the page
2024-10-23T20:50:32.553756+0100 INFO 133944957732544 Successfully fetched the page
2024-10-23T20:50:32.555933+0100 INFO 133944968218304 Successfully fetched the page
2024-10-23T20:50:32.558017+0100 INFO 133944808834752 Successfully fetched the page
2024-10-23T20:50:32.558842+0100 INFO 133944989189824 Successfully fetched the page
2024-10-23T20:50:32.600317+0100 INFO 133944861263552 Successfully fetched the page
2024-10-23T20:50:32.604975+0100 INFO 133944850777792 Successfully fetched the page
2024-10-23T20:50:32.621234+0100 ERROR 133944829806272 Error updating W.C. Fields row: No row was found when one was required
2024-10-23T20:50:32.624220+0100 INFO 133944947246784 Successfully fetched the page
2024-10-23T20:50:32.624998+0100 ERROR 133944999675584 Error updating Ayn Rand row: No row was found when one was required
2024-10-23T20:50:32.671587+0100 ERROR 133944968218304 Error updating George Carlin row: No row was found when one was required
2024-10-23T20:50:32.680305+0100 ERROR 133944957732544 Error updating Jimi Hendrix row: No row was found when one was required
2024-10-23T20:50:32.730922+0100 ERROR 133944808834752 Error updating Alfred Tennyson row: No row was found when one was required
2024-10-23T20:50:32.708289+0100 ERROR 133944861263552 Error updating J.M. Barrie row: No row was found when one was required
2024-10-23T20:50:32.719624+0100 ERROR 133944989189824 Error updating John Lennon row: No row was found when one was required
2024-10-23T20:50:32.747390+0100 ERROR 133944850777792 Error updating Khaled Hosseini row: No row was found when one was required
2024-10-23T20:50:32.754626+0100 ERROR 133944947246784 Error updating E.E. Cummings row: No row was found when one was required
2024-10-23T20:50:33.192395+0100 INFO 133944659936960 Successfully fetched the page
2024-10-23T20:50:33.194205+0100 INFO 133944840292032 Successfully fetched the page
2024-10-23T20:50:33.222280+0100 ERROR 133944840292032 Error updating Harper Lee row: No row was found when one was required
2024-10-23T20:50:33.222994+0100 ERROR 133944659936960 Error updating Madeleine L'Engle row: No row was found when one was required
