2024-10-24T16:18:52.964608+0100 INFO 137970963849344 Ensured data directory exists at /home/daxo/code/scraping_quotes/scraping_quotes/data
2024-10-24T16:18:52.993723+0100 INFO 137970963849344 Created database engine for /home/daxo/code/scraping_quotes/scraping_quotes/data/quotes.db
2024-10-24T16:18:53.021220+0100 INFO 137970963849344 Database schema initialized successfully.
2024-10-24T16:18:53.023066+0100 INFO 137970963849344 Tables in the database: ['TestTable', 'authors', 'quotes', 'quotes_tags_link', 'tags']
2024-10-24T16:18:53.023192+0100 ERROR 137970963849344 Not all required tables were created.
2024-10-24T16:18:53.031095+0100 INFO 137970963849344 Database schema initialized successfully.
2024-10-24T16:18:53.032852+0100 INFO 137970963849344 Tables in the database: ['TestTable', 'authors', 'quotes', 'quotes_tags_link', 'tags']
2024-10-24T16:18:53.032962+0100 ERROR 137970963849344 Not all required tables were created.
2024-10-24T16:18:53.052684+0100 INFO 137970963849344 All tables truncated successfully.
2024-10-24T16:18:53.117031+0100 INFO 137970963849344 Database initialized successfully with new records.
2024-10-24T16:18:53.698958+0100 INFO 137970963849344 Successfully fetched the page
2024-10-24T16:18:54.297867+0100 INFO 137970963849344 Successfully fetched the page
2024-10-24T16:18:54.919833+0100 INFO 137970539562688 Successfully fetched the page
2024-10-24T16:18:54.928001+0100 INFO 137970443093696 Successfully fetched the page
2024-10-24T16:18:54.938346+0100 INFO 137970432607936 Successfully fetched the page
2024-10-24T16:18:54.961434+0100 INFO 137970411636416 Successfully fetched the page
2024-10-24T16:18:55.005582+0100 INFO 137970298390208 Successfully fetched the page
2024-10-24T16:18:55.038437+0100 INFO 137970401150656 Successfully fetched the page
2024-10-24T16:18:55.040165+0100 INFO 137970308875968 Successfully fetched the page
2024-10-24T16:18:55.040834+0100 INFO 137970453579456 Successfully fetched the page
2024-10-24T16:18:55.073480+0100 INFO 137970422122176 Successfully fetched the page
2024-10-24T16:18:55.105690+0100 INFO 137970319361728 Successfully fetched the page
2024-10-24T16:18:55.349293+0100 INFO 137970539562688 Row inserted successfully into tags.
2024-10-24T16:18:55.395593+0100 INFO 137970298390208 Row inserted successfully into tags.
2024-10-24T16:18:55.397425+0100 INFO 137970539562688 Row inserted successfully into tags.
2024-10-24T16:18:55.400227+0100 INFO 137970432607936 Row inserted successfully into tags.
2024-10-24T16:18:55.407713+0100 INFO 137970443093696 Row inserted successfully into tags.
2024-10-24T16:18:55.410471+0100 INFO 137970422122176 Row inserted successfully into tags.
2024-10-24T16:18:55.412244+0100 INFO 137970401150656 Row inserted successfully into tags.
2024-10-24T16:18:55.431063+0100 INFO 137970453579456 Row inserted successfully into tags.
2024-10-24T16:18:55.435245+0100 INFO 137970308875968 Row inserted successfully into tags.
2024-10-24T16:18:55.442218+0100 INFO 137970432607936 Row inserted successfully into tags.
2024-10-24T16:18:55.452400+0100 INFO 137970298390208 Row inserted successfully into authors.
2024-10-24T16:18:55.454463+0100 INFO 137970539562688 Row inserted successfully into tags.
2024-10-24T16:18:55.457507+0100 INFO 137970443093696 Row inserted successfully into tags.
2024-10-24T16:18:55.458920+0100 ERROR 137970319361728 Integrity error (probably normal behaviour): (pymysql.err.IntegrityError) (1062, "Duplicate entry 'friendship' for key 'tags.PRIMARY'")
[SQL: INSERT INTO tags (tag) VALUES (%(tag)s)]
[parameters: {'tag': 'friendship'}]
(Background on this error at: https://sqlalche.me/e/20/gkpj)
2024-10-24T16:18:55.465741+0100 INFO 137970411636416 Row inserted successfully into tags.
2024-10-24T16:18:55.475743+0100 INFO 137970422122176 Row inserted successfully into tags.
2024-10-24T16:18:55.487729+0100 INFO 137970432607936 Row inserted successfully into tags.
2024-10-24T16:18:55.501064+0100 INFO 137970539562688 Row inserted successfully into tags.
2024-10-24T16:18:55.501811+0100 INFO 137970308875968 Row inserted successfully into authors.
2024-10-24T16:18:55.507732+0100 INFO 137970401150656 Row inserted successfully into authors.
2024-10-24T16:18:55.509782+0100 ERROR 137970411636416 Integrity error (probably normal behaviour): (pymysql.err.IntegrityError) (1062, "Duplicate entry 'love' for key 'tags.PRIMARY'")
[SQL: INSERT INTO tags (tag) VALUES (%(tag)s)]
[parameters: {'tag': 'love'}]
(Background on this error at: https://sqlalche.me/e/20/gkpj)
2024-10-24T16:18:55.517476+0100 ERROR 137970319361728 Integrity error (probably normal behaviour): (pymysql.err.IntegrityError) (1062, "Duplicate entry 'love' for key 'tags.PRIMARY'")
[SQL: INSERT INTO tags (tag) VALUES (%(tag)s)]
[parameters: {'tag': 'love'}]
(Background on this error at: https://sqlalche.me/e/20/gkpj)
2024-10-24T16:18:55.520214+0100 INFO 137970443093696 Row inserted successfully into authors.
2024-10-24T16:18:55.521299+0100 INFO 137970453579456 Row inserted successfully into tags.
2024-10-24T16:18:55.526980+0100 INFO 137970298390208 Row inserted successfully into quotes.
2024-10-24T16:18:55.529239+0100 ERROR 137970422122176 Integrity error (probably normal behaviour): (pymysql.err.IntegrityError) (1062, "Duplicate entry 'reading' for key 'tags.PRIMARY'")
[SQL: INSERT INTO tags (tag) VALUES (%(tag)s)]
[parameters: {'tag': 'reading'}]
(Background on this error at: https://sqlalche.me/e/20/gkpj)
2024-10-24T16:18:55.538414+0100 INFO 137970432607936 Row inserted successfully into authors.
2024-10-24T16:18:55.552041+0100 ERROR 137970539562688 Integrity error (probably normal behaviour): (pymysql.err.IntegrityError) (1062, "Duplicate entry 'Albert Einstein' for key 'authors.PRIMARY'")
[SQL: INSERT INTO authors (author, about) VALUES (%(author)s, %(about)s)]
[parameters: {'author': 'Albert Einstein', 'about': '/author/Albert-Einstein'}]
(Background on this error at: https://sqlalche.me/e/20/gkpj)
2024-10-24T16:18:55.554188+0100 INFO 137970308875968 Row inserted successfully into quotes.
2024-10-24T16:18:55.572980+0100 INFO 137970401150656 Row inserted successfully into quotes.
2024-10-24T16:18:55.583957+0100 INFO 137970411636416 Row inserted successfully into authors.
2024-10-24T16:18:55.590740+0100 INFO 137970443093696 Row inserted successfully into quotes.
2024-10-24T16:18:55.596006+0100 INFO 137970319361728 Row inserted successfully into authors.
2024-10-24T16:18:55.601711+0100 INFO 137970453579456 Row inserted successfully into tags.
2024-10-24T16:18:55.613694+0100 INFO 137970298390208 Row inserted successfully into quotes_tags_link.
2024-10-24T16:18:55.615694+0100 INFO 137970422122176 Row inserted successfully into tags.
2024-10-24T16:18:55.621868+0100 INFO 137970539562688 Row inserted successfully into quotes.
2024-10-24T16:18:55.642564+0100 INFO 137970432607936 Row inserted successfully into quotes.
2024-10-24T16:18:55.643708+0100 INFO 137970411636416 Row inserted successfully into quotes.
2024-10-24T16:18:55.647695+0100 INFO 137970308875968 Row inserted successfully into quotes_tags_link.
2024-10-24T16:18:55.655980+0100 INFO 137970443093696 Row inserted successfully into quotes_tags_link.
2024-10-24T16:18:55.658456+0100 INFO 137970401150656 Row inserted successfully into quotes_tags_link.
2024-10-24T16:18:55.679498+0100 INFO 137970319361728 Row inserted successfully into quotes.
2024-10-24T16:18:55.680538+0100 INFO 137970453579456 Row inserted successfully into tags.
2024-10-24T16:18:55.683803+0100 INFO 137970422122176 Row inserted successfully into authors.
2024-10-24T16:18:55.686205+0100 INFO 137970298390208 Row inserted successfully into tags.
2024-10-24T16:18:55.694980+0100 INFO 137970539562688 Row inserted successfully into quotes_tags_link.
2024-10-24T16:18:55.715158+0100 INFO 137970308875968 Row inserted successfully into tags.
2024-10-24T16:18:55.721677+0100 INFO 137970422122176 Row inserted successfully into quotes.
2024-10-24T16:18:55.723048+0100 ERROR 137970453579456 Integrity error (probably normal behaviour): (pymysql.err.IntegrityError) (1062, "Duplicate entry 'love' for key 'tags.PRIMARY'")
[SQL: INSERT INTO tags (tag) VALUES (%(tag)s)]
[parameters: {'tag': 'love'}]
(Background on this error at: https://sqlalche.me/e/20/gkpj)
2024-10-24T16:18:55.725854+0100 INFO 137970443093696 Row inserted successfully into tags.
2024-10-24T16:18:55.733805+0100 INFO 137970432607936 Row inserted successfully into quotes_tags_link.
2024-10-24T16:18:55.735389+0100 INFO 137970319361728 Row inserted successfully into quotes_tags_link.
2024-10-24T16:18:55.740940+0100 ERROR 137970298390208 Integrity error (probably normal behaviour): (pymysql.err.IntegrityError) (1062, "Duplicate entry 'life' for key 'tags.PRIMARY'")
[SQL: INSERT INTO tags (tag) VALUES (%(tag)s)]
[parameters: {'tag': 'life'}]
(Background on this error at: https://sqlalche.me/e/20/gkpj)
2024-10-24T16:18:55.751140+0100 ERROR 137970308875968 Integrity error (probably normal behaviour): (pymysql.err.IntegrityError) (1062, "Duplicate entry 'love' for key 'tags.PRIMARY'")
[SQL: INSERT INTO tags (tag) VALUES (%(tag)s)]
[parameters: {'tag': 'love'}]
(Background on this error at: https://sqlalche.me/e/20/gkpj)
2024-10-24T16:18:55.754639+0100 INFO 137970411636416 Row inserted successfully into quotes_tags_link.
2024-10-24T16:18:55.770865+0100 INFO 137970401150656 Row inserted successfully into tags.
2024-10-24T16:18:55.772720+0100 INFO 137970422122176 Row inserted successfully into quotes_tags_link.
2024-10-24T16:18:55.781177+0100 INFO 137970539562688 Row inserted successfully into tags.
2024-10-24T16:18:55.784555+0100 ERROR 137970319361728 Integrity error (probably normal behaviour): (pymysql.err.IntegrityError) (1062, "Duplicate entry 'humor' for key 'tags.PRIMARY'")
[SQL: INSERT INTO tags (tag) VALUES (%(tag)s)]
[parameters: {'tag': 'humor'}]
(Background on this error at: https://sqlalche.me/e/20/gkpj)
2024-10-24T16:18:55.785591+0100 INFO 137970453579456 Row inserted successfully into tags.
2024-10-24T16:18:55.795794+0100 INFO 137970432607936 Row inserted successfully into tags.
2024-10-24T16:18:55.808849+0100 INFO 137970308875968 Row inserted successfully into tags.
2024-10-24T16:18:55.816930+0100 INFO 137970443093696 Row inserted successfully into authors.
2024-10-24T16:18:55.823996+0100 INFO 137970411636416 Row inserted successfully into tags.
2024-10-24T16:18:55.846726+0100 INFO 137970298390208 Row inserted successfully into authors.
2024-10-24T16:18:55.869796+0100 INFO 137970401150656 Row inserted successfully into authors.
2024-10-24T16:18:55.881616+0100 ERROR 137970319361728 Integrity error (probably normal behaviour): (pymysql.err.IntegrityError) (1062, "Duplicate entry 'Charles Bukowski' for key 'authors.PRIMARY'")
[SQL: INSERT INTO authors (author, about) VALUES (%(author)s, %(about)s)]
[parameters: {'author': 'Charles Bukowski', 'about': '/author/Charles-Bukowski'}]
(Background on this error at: https://sqlalche.me/e/20/gkpj)
2024-10-24T16:18:55.882377+0100 INFO 137970453579456 Row inserted successfully into authors.
2024-10-24T16:18:55.884640+0100 INFO 137970539562688 Row inserted successfully into tags.
2024-10-24T16:18:55.885678+0100 ERROR 137970432607936 Integrity error (probably normal behaviour): (pymysql.err.IntegrityError) (1062, "Duplicate entry 'J.K. Rowling' for key 'authors.PRIMARY'")
[SQL: INSERT INTO authors (author, about) VALUES (%(author)s, %(about)s)]
[parameters: {'author': 'J.K. Rowling', 'about': '/author/J-K-Rowling'}]
(Background on this error at: https://sqlalche.me/e/20/gkpj)
2024-10-24T16:18:55.886327+0100 INFO 137970422122176 Row inserted successfully into tags.
2024-10-24T16:18:55.898886+0100 INFO 137970411636416 Row inserted successfully into tags.
2024-10-24T16:18:55.901198+0100 INFO 137970308875968 Row inserted successfully into tags.
2024-10-24T16:18:55.913499+0100 INFO 137970443093696 Row inserted successfully into quotes.
2024-10-24T16:18:55.921725+0100 INFO 137970298390208 Row inserted successfully into quotes.
2024-10-24T16:18:55.922578+0100 INFO 137970401150656 Row inserted successfully into quotes.
2024-10-24T16:18:55.949920+0100 INFO 137970453579456 Row inserted successfully into quotes.
2024-10-24T16:18:55.954458+0100 INFO 137970319361728 Row inserted successfully into quotes.
2024-10-24T16:18:55.968027+0100 INFO 137970432607936 Row inserted successfully into quotes.
2024-10-24T16:18:55.975573+0100 ERROR 137970539562688 Integrity error (probably normal behaviour): (pymysql.err.IntegrityError) (1062, "Duplicate entry 'J.K. Rowling' for key 'authors.PRIMARY'")
[SQL: INSERT INTO authors (author, about) VALUES (%(author)s, %(about)s)]
[parameters: {'author': 'J.K. Rowling', 'about': '/author/J-K-Rowling'}]
(Background on this error at: https://sqlalche.me/e/20/gkpj)
2024-10-24T16:18:55.978148+0100 ERROR 137970308875968 Integrity error (probably normal behaviour): (pymysql.err.IntegrityError) (1062, "Duplicate entry 'Jane Austen' for key 'authors.PRIMARY'")
[SQL: INSERT INTO authors (author, about) VALUES (%(author)s, %(about)s)]
[parameters: {'author': 'Jane Austen', 'about': '/author/Jane-Austen'}]
(Background on this error at: https://sqlalche.me/e/20/gkpj)
2024-10-24T16:18:55.978676+0100 INFO 137970411636416 Row inserted successfully into tags.
2024-10-24T16:18:55.981469+0100 ERROR 137970422122176 Integrity error (probably normal behaviour): (pymysql.err.IntegrityError) (1062, "Duplicate entry 'inspirational' for key 'tags.PRIMARY'")
[SQL: INSERT INTO tags (tag) VALUES (%(tag)s)]
[parameters: {'tag': 'inspirational'}]
(Background on this error at: https://sqlalche.me/e/20/gkpj)
2024-10-24T16:18:55.981779+0100 INFO 137970443093696 Row inserted successfully into quotes_tags_link.
2024-10-24T16:18:55.987987+0100 INFO 137970401150656 Row inserted successfully into quotes_tags_link.
2024-10-24T16:18:55.991116+0100 INFO 137970298390208 Row inserted successfully into quotes_tags_link.
2024-10-24T16:18:56.004194+0100 INFO 137970453579456 Row inserted successfully into quotes_tags_link.
2024-10-24T16:18:56.004577+0100 INFO 137970432607936 Row inserted successfully into quotes_tags_link.
2024-10-24T16:18:56.008843+0100 INFO 137970308875968 Row inserted successfully into quotes.
2024-10-24T16:18:56.010987+0100 INFO 137970319361728 Row inserted successfully into quotes_tags_link.
2024-10-24T16:18:56.011970+0100 INFO 137970411636416 Row inserted successfully into authors.
2024-10-24T16:18:56.013479+0100 INFO 137970443093696 Row inserted successfully into tags.
2024-10-24T16:18:56.018666+0100 INFO 137970539562688 Row inserted successfully into quotes.
2024-10-24T16:18:56.019374+0100 ERROR 137970422122176 Integrity error (probably normal behaviour): (pymysql.err.IntegrityError) (1062, "Duplicate entry 'reading' for key 'tags.PRIMARY'")
[SQL: INSERT INTO tags (tag) VALUES (%(tag)s)]
[parameters: {'tag': 'reading'}]
(Background on this error at: https://sqlalche.me/e/20/gkpj)
2024-10-24T16:18:56.032650+0100 INFO 137970298390208 Row inserted successfully into tags.
2024-10-24T16:18:56.037177+0100 ERROR 137970401150656 Integrity error (probably normal behaviour): (pymysql.err.IntegrityError) (1062, "Duplicate entry 'humor' for key 'tags.PRIMARY'")
[SQL: INSERT INTO tags (tag) VALUES (%(tag)s)]
[parameters: {'tag': 'humor'}]
(Background on this error at: https://sqlalche.me/e/20/gkpj)
2024-10-24T16:18:56.042430+0100 ERROR 137970432607936 Integrity error (probably normal behaviour): (pymysql.err.IntegrityError) (1062, "Duplicate entry 'friendship' for key 'tags.PRIMARY'")
[SQL: INSERT INTO tags (tag) VALUES (%(tag)s)]
[parameters: {'tag': 'friendship'}]
(Background on this error at: https://sqlalche.me/e/20/gkpj)
2024-10-24T16:18:56.043658+0100 INFO 137970453579456 Row inserted successfully into tags.
2024-10-24T16:18:56.057988+0100 INFO 137970308875968 Row inserted successfully into quotes_tags_link.
2024-10-24T16:18:56.059452+0100 ERROR 137970319361728 Integrity error (probably normal behaviour): (pymysql.err.IntegrityError) (1062, "Duplicate entry 'humor' for key 'tags.PRIMARY'")
[SQL: INSERT INTO tags (tag) VALUES (%(tag)s)]
[parameters: {'tag': 'humor'}]
(Background on this error at: https://sqlalche.me/e/20/gkpj)
2024-10-24T16:18:56.066922+0100 INFO 137970411636416 Row inserted successfully into quotes.
2024-10-24T16:18:56.074352+0100 INFO 137970539562688 Row inserted successfully into quotes_tags_link.
2024-10-24T16:18:56.078005+0100 INFO 137970422122176 Row inserted successfully into tags.
2024-10-24T16:18:56.081963+0100 ERROR 137970453579456 Integrity error (probably normal behaviour): (pymysql.err.IntegrityError) (1062, "Duplicate entry 'friends' for key 'tags.PRIMARY'")
[SQL: INSERT INTO tags (tag) VALUES (%(tag)s)]
[parameters: {'tag': 'friends'}]
(Background on this error at: https://sqlalche.me/e/20/gkpj)
2024-10-24T16:18:56.083437+0100 INFO 137970443093696 Row inserted successfully into authors.
2024-10-24T16:18:56.093930+0100 ERROR 137970298390208 Integrity error (probably normal behaviour): (pymysql.err.IntegrityError) (1062, "Duplicate entry 'love' for key 'tags.PRIMARY'")
[SQL: INSERT INTO tags (tag) VALUES (%(tag)s)]
[parameters: {'tag': 'love'}]
(Background on this error at: https://sqlalche.me/e/20/gkpj)
2024-10-24T16:18:56.096523+0100 ERROR 137970401150656 Integrity error (probably normal behaviour): (pymysql.err.IntegrityError) (1062, "Duplicate entry 'Suzanne Collins' for key 'authors.PRIMARY'")
[SQL: INSERT INTO authors (author, about) VALUES (%(author)s, %(about)s)]
[parameters: {'author': 'Suzanne Collins', 'about': '/author/Suzanne-Collins'}]
(Background on this error at: https://sqlalche.me/e/20/gkpj)
2024-10-24T16:18:56.099534+0100 INFO 137970308875968 Row inserted successfully into tags.
2024-10-24T16:18:56.099977+0100 ERROR 137970539562688 Integrity error (probably normal behaviour): (pymysql.err.IntegrityError) (1062, "Duplicate entry 'inspirational' for key 'tags.PRIMARY'")
[SQL: INSERT INTO tags (tag) VALUES (%(tag)s)]
[parameters: {'tag': 'inspirational'}]
(Background on this error at: https://sqlalche.me/e/20/gkpj)
2024-10-24T16:18:56.104615+0100 INFO 137970411636416 Row inserted successfully into quotes_tags_link.
2024-10-24T16:18:56.106250+0100 INFO 137970319361728 Row inserted successfully into tags.
2024-10-24T16:18:56.108771+0100 ERROR 137970453579456 Integrity error (probably normal behaviour): (pymysql.err.IntegrityError) (1062, "Duplicate entry 'J.K. Rowling' for key 'authors.PRIMARY'")
[SQL: INSERT INTO authors (author, about) VALUES (%(author)s, %(about)s)]
[parameters: {'author': 'J.K. Rowling', 'about': '/author/J-K-Rowling'}]
(Background on this error at: https://sqlalche.me/e/20/gkpj)
2024-10-24T16:18:56.114854+0100 INFO 137970422122176 Row inserted successfully into authors.
2024-10-24T16:18:56.130200+0100 ERROR 137970411636416 Integrity error (probably normal behaviour): (pymysql.err.IntegrityError) (1062, "Duplicate entry 'attributed-no-source' for key 'tags.PRIMARY'")
[SQL: INSERT INTO tags (tag) VALUES (%(tag)s)]
[parameters: {'tag': 'attributed-no-source'}]
(Background on this error at: https://sqlalche.me/e/20/gkpj)
2024-10-24T16:18:56.133467+0100 INFO 137970298390208 Row inserted successfully into authors.
2024-10-24T16:18:56.137463+0100 INFO 137970443093696 Row inserted successfully into quotes.
2024-10-24T16:18:56.138494+0100 INFO 137970432607936 Row inserted successfully into authors.
2024-10-24T16:18:56.144730+0100 ERROR 137970319361728 Integrity error (probably normal behaviour): (pymysql.err.IntegrityError) (1062, "Duplicate entry 'thinking' for key 'tags.PRIMARY'")
[SQL: INSERT INTO tags (tag) VALUES (%(tag)s)]
[parameters: {'tag': 'thinking'}]
(Background on this error at: https://sqlalche.me/e/20/gkpj)
2024-10-24T16:18:56.146282+0100 INFO 137970401150656 Row inserted successfully into quotes.
2024-10-24T16:18:56.146797+0100 ERROR 137970308875968 Integrity error (probably normal behaviour): (pymysql.err.IntegrityError) (1062, "Duplicate entry 'J.K. Rowling' for key 'authors.PRIMARY'")
[SQL: INSERT INTO authors (author, about) VALUES (%(author)s, %(about)s)]
[parameters: {'author': 'J.K. Rowling', 'about': '/author/J-K-Rowling'}]
(Background on this error at: https://sqlalche.me/e/20/gkpj)
2024-10-24T16:18:56.164838+0100 ERROR 137970539562688 Integrity error (probably normal behaviour): (pymysql.err.IntegrityError) (1062, "Duplicate entry 'life' for key 'tags.PRIMARY'")
[SQL: INSERT INTO tags (tag) VALUES (%(tag)s)]
[parameters: {'tag': 'life'}]
(Background on this error at: https://sqlalche.me/e/20/gkpj)
2024-10-24T16:18:56.167177+0100 INFO 137970422122176 Row inserted successfully into quotes.
2024-10-24T16:18:56.167642+0100 ERROR 137970411636416 Integrity error (probably normal behaviour): (pymysql.err.IntegrityError) (1062, "Duplicate entry 'Marilyn Monroe' for key 'authors.PRIMARY'")
[SQL: INSERT INTO authors (author, about) VALUES (%(author)s, %(about)s)]
[parameters: {'author': 'Marilyn Monroe', 'about': '/author/Marilyn-Monroe'}]
(Background on this error at: https://sqlalche.me/e/20/gkpj)
2024-10-24T16:18:56.175992+0100 INFO 137970298390208 Row inserted successfully into quotes.
2024-10-24T16:18:56.183352+0100 INFO 137970401150656 Row inserted successfully into quotes_tags_link.
2024-10-24T16:18:56.184836+0100 INFO 137970453579456 Row inserted successfully into quotes.
2024-10-24T16:18:56.187633+0100 INFO 137970443093696 Row inserted successfully into quotes_tags_link.
2024-10-24T16:18:56.200112+0100 INFO 137970308875968 Row inserted successfully into quotes.
2024-10-24T16:18:56.205955+0100 INFO 137970539562688 Row inserted successfully into tags.
2024-10-24T16:18:56.208333+0100 INFO 137970319361728 Row inserted successfully into authors.
2024-10-24T16:18:56.211219+0100 INFO 137970422122176 Row inserted successfully into quotes_tags_link.
2024-10-24T16:18:56.216025+0100 INFO 137970411636416 Row inserted successfully into quotes.
2024-10-24T16:18:56.219758+0100 INFO 137970432607936 Row inserted successfully into quotes.
2024-10-24T16:18:56.229755+0100 ERROR 137970401150656 Integrity error (probably normal behaviour): (pymysql.err.IntegrityError) (1062, "Duplicate entry 'love' for key 'tags.PRIMARY'")
[SQL: INSERT INTO tags (tag) VALUES (%(tag)s)]
[parameters: {'tag': 'love'}]
(Background on this error at: https://sqlalche.me/e/20/gkpj)
2024-10-24T16:18:56.240368+0100 INFO 137970298390208 Row inserted successfully into quotes_tags_link.
2024-10-24T16:18:56.243779+0100 ERROR 137970443093696 Integrity error (probably normal behaviour): (pymysql.err.IntegrityError) (1062, "Duplicate entry 'humor' for key 'tags.PRIMARY'")
[SQL: INSERT INTO tags (tag) VALUES (%(tag)s)]
[parameters: {'tag': 'humor'}]
(Background on this error at: https://sqlalche.me/e/20/gkpj)
2024-10-24T16:18:56.256466+0100 INFO 137970308875968 Row inserted successfully into quotes_tags_link.
2024-10-24T16:18:56.261120+0100 INFO 137970539562688 Row inserted successfully into tags.
2024-10-24T16:18:56.262990+0100 INFO 137970453579456 Row inserted successfully into quotes_tags_link.
2024-10-24T16:18:56.279988+0100 INFO 137970319361728 Row inserted successfully into quotes.
2024-10-24T16:18:56.284455+0100 INFO 137970411636416 Row inserted successfully into quotes_tags_link.
2024-10-24T16:18:56.298561+0100 INFO 137970432607936 Row inserted successfully into quotes_tags_link.
2024-10-24T16:18:56.300053+0100 ERROR 137970298390208 Integrity error (probably normal behaviour): (pymysql.err.IntegrityError) (1062, "Duplicate entry 'courage' for key 'tags.PRIMARY'")
[SQL: INSERT INTO tags (tag) VALUES (%(tag)s)]
[parameters: {'tag': 'courage'}]
(Background on this error at: https://sqlalche.me/e/20/gkpj)
2024-10-24T16:18:56.306754+0100 ERROR 137970401150656 Integrity error (probably normal behaviour): (pymysql.err.IntegrityError) (1062, "Duplicate entry 'C.S. Lewis' for key 'authors.PRIMARY'")
[SQL: INSERT INTO authors (author, about) VALUES (%(author)s, %(about)s)]
[parameters: {'author': 'C.S. Lewis', 'about': '/author/C-S-Lewis'}]
(Background on this error at: https://sqlalche.me/e/20/gkpj)
2024-10-24T16:18:56.310334+0100 ERROR 137970308875968 Integrity error (probably normal behaviour): (pymysql.err.IntegrityError) (1062, "Duplicate entry 'books' for key 'tags.PRIMARY'")
[SQL: INSERT INTO tags (tag) VALUES (%(tag)s)]
[parameters: {'tag': 'books'}]
(Background on this error at: https://sqlalche.me/e/20/gkpj)
2024-10-24T16:18:56.310893+0100 INFO 137970422122176 Row inserted successfully into tags.
2024-10-24T16:18:56.317904+0100 INFO 137970443093696 Row inserted successfully into tags.
2024-10-24T16:18:56.326178+0100 INFO 137970319361728 Row inserted successfully into quotes_tags_link.
2024-10-24T16:18:56.337443+0100 INFO 137970411636416 Row inserted successfully into tags.
2024-10-24T16:18:56.341779+0100 INFO 137970539562688 Row inserted successfully into tags.
2024-10-24T16:18:56.348867+0100 INFO 137970432607936 Row inserted successfully into tags.
2024-10-24T16:18:56.368444+0100 INFO 137970453579456 Row inserted successfully into tags.
2024-10-24T16:18:56.369004+0100 INFO 137970298390208 Row inserted successfully into authors.
2024-10-24T16:18:56.382205+0100 ERROR 137970422122176 Integrity error (probably normal behaviour): (pymysql.err.IntegrityError) (1062, "Duplicate entry 'Marilyn Monroe' for key 'authors.PRIMARY'")
[SQL: INSERT INTO authors (author, about) VALUES (%(author)s, %(about)s)]
[parameters: {'author': 'Marilyn Monroe', 'about': '/author/Marilyn-Monroe'}]
(Background on this error at: https://sqlalche.me/e/20/gkpj)
2024-10-24T16:18:56.385816+0100 ERROR 137970411636416 Integrity error (probably normal behaviour): (pymysql.err.IntegrityError) (1062, "Duplicate entry 'Albert Einstein' for key 'authors.PRIMARY'")
[SQL: INSERT INTO authors (author, about) VALUES (%(author)s, %(about)s)]
[parameters: {'author': 'Albert Einstein', 'about': '/author/Albert-Einstein'}]
(Background on this error at: https://sqlalche.me/e/20/gkpj)
2024-10-24T16:18:56.388749+0100 INFO 137970443093696 Row inserted successfully into authors.
2024-10-24T16:18:56.402488+0100 INFO 137970308875968 Row inserted successfully into tags.
2024-10-24T16:18:56.404603+0100 ERROR 137970319361728 Integrity error (probably normal behaviour): (pymysql.err.IntegrityError) (1062, "Duplicate entry 'humor' for key 'tags.PRIMARY'")
[SQL: INSERT INTO tags (tag) VALUES (%(tag)s)]
[parameters: {'tag': 'humor'}]
(Background on this error at: https://sqlalche.me/e/20/gkpj)
2024-10-24T16:18:56.405286+0100 INFO 137970401150656 Row inserted successfully into quotes.
2024-10-24T16:18:56.413979+0100 INFO 137970453579456 Row inserted successfully into tags.
2024-10-24T16:18:56.415869+0100 ERROR 137970539562688 Integrity error (probably normal behaviour): (pymysql.err.IntegrityError) (1062, "Duplicate entry 'Albert Einstein' for key 'authors.PRIMARY'")
[SQL: INSERT INTO authors (author, about) VALUES (%(author)s, %(about)s)]
[parameters: {'author': 'Albert Einstein', 'about': '/author/Albert-Einstein'}]
(Background on this error at: https://sqlalche.me/e/20/gkpj)
2024-10-24T16:18:56.424611+0100 INFO 137970298390208 Row inserted successfully into quotes.
2024-10-24T16:18:56.434118+0100 INFO 137970422122176 Row inserted successfully into quotes.
2024-10-24T16:18:56.453310+0100 ERROR 137970308875968 Integrity error (probably normal behaviour): (pymysql.err.IntegrityError) (1062, "Duplicate entry 'reading' for key 'tags.PRIMARY'")
[SQL: INSERT INTO tags (tag) VALUES (%(tag)s)]
[parameters: {'tag': 'reading'}]
(Background on this error at: https://sqlalche.me/e/20/gkpj)
2024-10-24T16:18:56.468865+0100 INFO 137970411636416 Row inserted successfully into quotes.
2024-10-24T16:18:56.473389+0100 ERROR 137970453579456 Integrity error (probably normal behaviour): (pymysql.err.IntegrityError) (1062, "Duplicate entry 'Albert Einstein' for key 'authors.PRIMARY'")
[SQL: INSERT INTO authors (author, about) VALUES (%(author)s, %(about)s)]
[parameters: {'author': 'Albert Einstein', 'about': '/author/Albert-Einstein'}]
(Background on this error at: https://sqlalche.me/e/20/gkpj)
2024-10-24T16:18:56.477760+0100 INFO 137970432607936 Row inserted successfully into tags.
2024-10-24T16:18:56.483808+0100 INFO 137970443093696 Row inserted successfully into quotes.
2024-10-24T16:18:56.485293+0100 INFO 137970401150656 Row inserted successfully into quotes_tags_link.
2024-10-24T16:18:56.491254+0100 INFO 137970539562688 Row inserted successfully into quotes.
2024-10-24T16:18:56.499741+0100 INFO 137970298390208 Row inserted successfully into quotes_tags_link.
2024-10-24T16:18:56.501043+0100 INFO 137970319361728 Row inserted successfully into tags.
2024-10-24T16:18:56.514021+0100 ERROR 137970308875968 Integrity error (probably normal behaviour): (pymysql.err.IntegrityError) (1062, "Duplicate entry 'Jane Austen' for key 'authors.PRIMARY'")
[SQL: INSERT INTO authors (author, about) VALUES (%(author)s, %(about)s)]
[parameters: {'author': 'Jane Austen', 'about': '/author/Jane-Austen'}]
(Background on this error at: https://sqlalche.me/e/20/gkpj)
2024-10-24T16:18:56.519886+0100 INFO 137970422122176 Row inserted successfully into quotes_tags_link.
2024-10-24T16:18:56.520563+0100 ERROR 137970432607936 Integrity error (probably normal behaviour): (pymysql.err.IntegrityError) (1062, "Duplicate entry 'Mother Teresa' for key 'authors.PRIMARY'")
[SQL: INSERT INTO authors (author, about) VALUES (%(author)s, %(about)s)]
[parameters: {'author': 'Mother Teresa', 'about': '/author/Mother-Teresa'}]
(Background on this error at: https://sqlalche.me/e/20/gkpj)
2024-10-24T16:18:56.526906+0100 INFO 137970453579456 Row inserted successfully into quotes.
2024-10-24T16:18:56.530060+0100 INFO 137970411636416 Row inserted successfully into quotes_tags_link.
2024-10-24T16:18:56.547617+0100 INFO 137970443093696 Row inserted successfully into quotes_tags_link.
2024-10-24T16:18:56.556467+0100 INFO 137970539562688 Row inserted successfully into quotes_tags_link.
2024-10-24T16:18:56.561127+0100 ERROR 137970319361728 Integrity error (probably normal behaviour): (pymysql.err.IntegrityError) (1062, "Duplicate entry 'Dr. Seuss' for key 'authors.PRIMARY'")
[SQL: INSERT INTO authors (author, about) VALUES (%(author)s, %(about)s)]
[parameters: {'author': 'Dr. Seuss', 'about': '/author/Dr-Seuss'}]
(Background on this error at: https://sqlalche.me/e/20/gkpj)
2024-10-24T16:18:56.572553+0100 INFO 137970401150656 Row inserted successfully into tags.
2024-10-24T16:18:56.582776+0100 ERROR 137970298390208 Integrity error (probably normal behaviour): (pymysql.err.IntegrityError) (1062, "Duplicate entry 'life' for key 'tags.PRIMARY'")
[SQL: INSERT INTO tags (tag) VALUES (%(tag)s)]
[parameters: {'tag': 'life'}]
(Background on this error at: https://sqlalche.me/e/20/gkpj)
2024-10-24T16:18:56.593578+0100 INFO 137970422122176 Row inserted successfully into tags.
2024-10-24T16:18:56.596056+0100 INFO 137970453579456 Row inserted successfully into quotes_tags_link.
2024-10-24T16:18:56.601126+0100 INFO 137970432607936 Row inserted successfully into quotes.
2024-10-24T16:18:56.607266+0100 INFO 137970308875968 Row inserted successfully into quotes.
2024-10-24T16:18:56.609625+0100 ERROR 137970443093696 Integrity error (probably normal behaviour): (pymysql.err.IntegrityError) (1062, "Duplicate entry 'humor' for key 'tags.PRIMARY'")
[SQL: INSERT INTO tags (tag) VALUES (%(tag)s)]
[parameters: {'tag': 'humor'}]
(Background on this error at: https://sqlalche.me/e/20/gkpj)
2024-10-24T16:18:56.632874+0100 ERROR 137970411636416 Integrity error (probably normal behaviour): (pymysql.err.IntegrityError) (1062, "Duplicate entry 'books' for key 'tags.PRIMARY'")
[SQL: INSERT INTO tags (tag) VALUES (%(tag)s)]
[parameters: {'tag': 'books'}]
(Background on this error at: https://sqlalche.me/e/20/gkpj)
2024-10-24T16:18:56.634129+0100 INFO 137970539562688 Row inserted successfully into tags.
2024-10-24T16:18:56.638155+0100 INFO 137970401150656 Row inserted successfully into tags.
2024-10-24T16:18:56.640150+0100 INFO 137970298390208 Row inserted successfully into authors.
2024-10-24T16:18:56.642401+0100 ERROR 137970422122176 Integrity error (probably normal behaviour): (pymysql.err.IntegrityError) (1062, "Duplicate entry 'love' for key 'tags.PRIMARY'")
[SQL: INSERT INTO tags (tag) VALUES (%(tag)s)]
[parameters: {'tag': 'love'}]
(Background on this error at: https://sqlalche.me/e/20/gkpj)
2024-10-24T16:18:56.654513+0100 INFO 137970432607936 Row inserted successfully into quotes_tags_link.
2024-10-24T16:18:56.657310+0100 INFO 137970308875968 Row inserted successfully into quotes_tags_link.
2024-10-24T16:18:56.669511+0100 ERROR 137970453579456 Integrity error (probably normal behaviour): (pymysql.err.IntegrityError) (1062, "Duplicate entry 'love' for key 'tags.PRIMARY'")
[SQL: INSERT INTO tags (tag) VALUES (%(tag)s)]
[parameters: {'tag': 'love'}]
(Background on this error at: https://sqlalche.me/e/20/gkpj)
2024-10-24T16:18:56.679105+0100 INFO 137970319361728 Row inserted successfully into quotes.
2024-10-24T16:18:56.699602+0100 ERROR 137970432607936 Integrity error (probably normal behaviour): (pymysql.err.IntegrityError) (1062, "Duplicate entry 'death' for key 'tags.PRIMARY'")
[SQL: INSERT INTO tags (tag) VALUES (%(tag)s)]
[parameters: {'tag': 'death'}]
(Background on this error at: https://sqlalche.me/e/20/gkpj)
2024-10-24T16:18:56.701553+0100 INFO 137970443093696 Row inserted successfully into authors.
2024-10-24T16:18:56.707688+0100 INFO 137970411636416 Row inserted successfully into tags.
2024-10-24T16:18:56.709931+0100 ERROR 137970539562688 Integrity error (probably normal behaviour): (pymysql.err.IntegrityError) (1062, "Duplicate entry 'books' for key 'tags.PRIMARY'")
[SQL: INSERT INTO tags (tag) VALUES (%(tag)s)]
[parameters: {'tag': 'books'}]
(Background on this error at: https://sqlalche.me/e/20/gkpj)
2024-10-24T16:18:56.724196+0100 INFO 137970298390208 Row inserted successfully into quotes.
2024-10-24T16:18:56.729764+0100 ERROR 137970422122176 Integrity error (probably normal behaviour): (pymysql.err.IntegrityError) (1062, "Duplicate entry 'Marilyn Monroe' for key 'authors.PRIMARY'")
[SQL: INSERT INTO authors (author, about) VALUES (%(author)s, %(about)s)]
[parameters: {'author': 'Marilyn Monroe', 'about': '/author/Marilyn-Monroe'}]
(Background on this error at: https://sqlalche.me/e/20/gkpj)
2024-10-24T16:18:56.737894+0100 INFO 137970319361728 Row inserted successfully into quotes_tags_link.
2024-10-24T16:18:56.739430+0100 ERROR 137970453579456 Integrity error (probably normal behaviour): (pymysql.err.IntegrityError) (1062, "Duplicate entry 'Bob Marley' for key 'authors.PRIMARY'")
[SQL: INSERT INTO authors (author, about) VALUES (%(author)s, %(about)s)]
[parameters: {'author': 'Bob Marley', 'about': '/author/Bob-Marley'}]
(Background on this error at: https://sqlalche.me/e/20/gkpj)
2024-10-24T16:18:56.739984+0100 INFO 137970401150656 Row inserted successfully into tags.
2024-10-24T16:18:56.741002+0100 INFO 137970308875968 Row inserted successfully into tags.
2024-10-24T16:18:56.748397+0100 INFO 137970443093696 Row inserted successfully into quotes.
2024-10-24T16:18:56.762269+0100 INFO 137970411636416 Row inserted successfully into authors.
2024-10-24T16:18:56.771492+0100 INFO 137970539562688 Row inserted successfully into tags.
2024-10-24T16:18:56.772255+0100 ERROR 137970432607936 Integrity error (probably normal behaviour): (pymysql.err.IntegrityError) (1062, "Duplicate entry 'inspirational' for key 'tags.PRIMARY'")
[SQL: INSERT INTO tags (tag) VALUES (%(tag)s)]
[parameters: {'tag': 'inspirational'}]
(Background on this error at: https://sqlalche.me/e/20/gkpj)
2024-10-24T16:18:56.780323+0100 INFO 137970422122176 Row inserted successfully into quotes.
2024-10-24T16:18:56.789435+0100 INFO 137970298390208 Row inserted successfully into quotes_tags_link.
2024-10-24T16:18:56.797526+0100 INFO 137970319361728 Row inserted successfully into tags.
2024-10-24T16:18:56.799542+0100 INFO 137970401150656 Row inserted successfully into tags.
2024-10-24T16:18:56.807824+0100 INFO 137970453579456 Row inserted successfully into quotes.
2024-10-24T16:18:56.820887+0100 ERROR 137970539562688 Integrity error (probably normal behaviour): (pymysql.err.IntegrityError) (1062, "Duplicate entry 'humor' for key 'tags.PRIMARY'")
[SQL: INSERT INTO tags (tag) VALUES (%(tag)s)]
[parameters: {'tag': 'humor'}]
(Background on this error at: https://sqlalche.me/e/20/gkpj)
2024-10-24T16:18:56.828406+0100 INFO 137970411636416 Row inserted successfully into quotes.
2024-10-24T16:18:56.833586+0100 ERROR 137970432607936 Integrity error (probably normal behaviour): (pymysql.err.IntegrityError) (1062, "Duplicate entry 'J.K. Rowling' for key 'authors.PRIMARY'")
[SQL: INSERT INTO authors (author, about) VALUES (%(author)s, %(about)s)]
[parameters: {'author': 'J.K. Rowling', 'about': '/author/J-K-Rowling'}]
(Background on this error at: https://sqlalche.me/e/20/gkpj)
2024-10-24T16:18:56.834988+0100 INFO 137970443093696 Row inserted successfully into quotes_tags_link.
2024-10-24T16:18:56.848479+0100 INFO 137970308875968 Row inserted successfully into tags.
2024-10-24T16:18:56.853212+0100 INFO 137970298390208 Row inserted successfully into tags.
2024-10-24T16:18:56.858853+0100 ERROR 137970319361728 Integrity error (probably normal behaviour): (pymysql.err.IntegrityError) (1062, "Duplicate entry 'books' for key 'tags.PRIMARY'")
[SQL: INSERT INTO tags (tag) VALUES (%(tag)s)]
[parameters: {'tag': 'books'}]
(Background on this error at: https://sqlalche.me/e/20/gkpj)
2024-10-24T16:18:56.865638+0100 INFO 137970422122176 Row inserted successfully into quotes_tags_link.
2024-10-24T16:18:56.882117+0100 ERROR 137970539562688 Integrity error (probably normal behaviour): (pymysql.err.IntegrityError) (1062, "Duplicate entry 'Jane Austen' for key 'authors.PRIMARY'")
[SQL: INSERT INTO authors (author, about) VALUES (%(author)s, %(about)s)]
[parameters: {'author': 'Jane Austen', 'about': '/author/Jane-Austen'}]
(Background on this error at: https://sqlalche.me/e/20/gkpj)
2024-10-24T16:18:56.887029+0100 INFO 137970432607936 Row inserted successfully into quotes.
2024-10-24T16:18:56.903990+0100 INFO 137970443093696 Row inserted successfully into tags.
2024-10-24T16:18:56.904944+0100 INFO 137970453579456 Row inserted successfully into quotes_tags_link.
2024-10-24T16:18:56.909615+0100 INFO 137970401150656 Row inserted successfully into tags.
2024-10-24T16:18:56.916722+0100 INFO 137970411636416 Row inserted successfully into quotes_tags_link.
2024-10-24T16:18:56.919970+0100 ERROR 137970308875968 Integrity error (probably normal behaviour): (pymysql.err.IntegrityError) (1062, "Duplicate entry 'Jane Austen' for key 'authors.PRIMARY'")
[SQL: INSERT INTO authors (author, about) VALUES (%(author)s, %(about)s)]
[parameters: {'author': 'Jane Austen', 'about': '/author/Jane-Austen'}]
(Background on this error at: https://sqlalche.me/e/20/gkpj)
2024-10-24T16:18:56.938222+0100 INFO 137970298390208 Row inserted successfully into authors.
2024-10-24T16:18:56.939803+0100 INFO 137970319361728 Row inserted successfully into tags.
2024-10-24T16:18:56.948681+0100 ERROR 137970443093696 Integrity error (probably normal behaviour): (pymysql.err.IntegrityError) (1062, "Duplicate entry 'life' for key 'tags.PRIMARY'")
[SQL: INSERT INTO tags (tag) VALUES (%(tag)s)]
[parameters: {'tag': 'life'}]
(Background on this error at: https://sqlalche.me/e/20/gkpj)
2024-10-24T16:18:56.949499+0100 ERROR 137970422122176 Integrity error (probably normal behaviour): (pymysql.err.IntegrityError) (1062, "Duplicate entry 'life' for key 'tags.PRIMARY'")
[SQL: INSERT INTO tags (tag) VALUES (%(tag)s)]
[parameters: {'tag': 'life'}]
(Background on this error at: https://sqlalche.me/e/20/gkpj)
2024-10-24T16:18:56.958731+0100 INFO 137970453579456 Row inserted successfully into tags.
2024-10-24T16:18:56.960454+0100 INFO 137970539562688 Row inserted successfully into quotes.
2024-10-24T16:18:56.975911+0100 ERROR 137970319361728 Integrity error (probably normal behaviour): (pymysql.err.IntegrityError) (1062, "Duplicate entry 'reading' for key 'tags.PRIMARY'")
[SQL: INSERT INTO tags (tag) VALUES (%(tag)s)]
[parameters: {'tag': 'reading'}]
(Background on this error at: https://sqlalche.me/e/20/gkpj)
2024-10-24T16:18:56.984248+0100 INFO 137970401150656 Row inserted successfully into tags.
2024-10-24T16:18:56.996847+0100 INFO 137970298390208 Row inserted successfully into quotes.
2024-10-24T16:18:56.997617+0100 INFO 137970308875968 Row inserted successfully into quotes.
2024-10-24T16:18:57.002599+0100 INFO 137970411636416 Row inserted successfully into tags.
2024-10-24T16:18:57.017534+0100 INFO 137970443093696 Row inserted successfully into tags.
2024-10-24T16:18:57.023706+0100 INFO 137970422122176 Row inserted successfully into tags.
2024-10-24T16:18:57.025475+0100 ERROR 137970453579456 Integrity error (probably normal behaviour): (pymysql.err.IntegrityError) (1062, "Duplicate entry 'Dr. Seuss' for key 'authors.PRIMARY'")
[SQL: INSERT INTO authors (author, about) VALUES (%(author)s, %(about)s)]
[parameters: {'author': 'Dr. Seuss', 'about': '/author/Dr-Seuss'}]
(Background on this error at: https://sqlalche.me/e/20/gkpj)
2024-10-24T16:18:57.030594+0100 INFO 137970432607936 Row inserted successfully into quotes_tags_link.
2024-10-24T16:18:57.035303+0100 INFO 137970401150656 Row inserted successfully into authors.
2024-10-24T16:18:57.038988+0100 INFO 137970319361728 Row inserted successfully into tags.
2024-10-24T16:18:57.042513+0100 INFO 137970539562688 Row inserted successfully into quotes_tags_link.
2024-10-24T16:18:57.044180+0100 INFO 137970298390208 Row inserted successfully into quotes_tags_link.
2024-10-24T16:18:57.060952+0100 INFO 137970308875968 Row inserted successfully into quotes_tags_link.
2024-10-24T16:18:57.064020+0100 ERROR 137970443093696 Integrity error (probably normal behaviour): (pymysql.err.IntegrityError) (1062, "Duplicate entry 'Dr. Seuss' for key 'authors.PRIMARY'")
[SQL: INSERT INTO authors (author, about) VALUES (%(author)s, %(about)s)]
[parameters: {'author': 'Dr. Seuss', 'about': '/author/Dr-Seuss'}]
(Background on this error at: https://sqlalche.me/e/20/gkpj)
2024-10-24T16:18:57.071144+0100 ERROR 137970422122176 Integrity error (probably normal behaviour): (pymysql.err.IntegrityError) (1062, "Duplicate entry 'Albert Einstein' for key 'authors.PRIMARY'")
[SQL: INSERT INTO authors (author, about) VALUES (%(author)s, %(about)s)]
[parameters: {'author': 'Albert Einstein', 'about': '/author/Albert-Einstein'}]
(Background on this error at: https://sqlalche.me/e/20/gkpj)
2024-10-24T16:18:57.072631+0100 INFO 137970411636416 Row inserted successfully into authors.
2024-10-24T16:18:57.082616+0100 INFO 137970432607936 Row inserted successfully into tags.
2024-10-24T16:18:57.085548+0100 INFO 137970453579456 Row inserted successfully into quotes.
2024-10-24T16:18:57.096393+0100 INFO 137970401150656 Row inserted successfully into quotes.
2024-10-24T16:18:57.105176+0100 INFO 137970319361728 Row inserted successfully into authors.
2024-10-24T16:18:57.134211+0100 INFO 137970411636416 Row inserted successfully into quotes.
2024-10-24T16:18:57.134801+0100 INFO 137970308875968 Row inserted successfully into tags.
2024-10-24T16:18:57.135392+0100 ERROR 137970298390208 Integrity error (probably normal behaviour): (pymysql.err.IntegrityError) (1062, "Duplicate entry 'books' for key 'tags.PRIMARY'")
[SQL: INSERT INTO tags (tag) VALUES (%(tag)s)]
[parameters: {'tag': 'books'}]
(Background on this error at: https://sqlalche.me/e/20/gkpj)
2024-10-24T16:18:57.143312+0100 INFO 137970422122176 Row inserted successfully into quotes.
2024-10-24T16:18:57.144712+0100 INFO 137970539562688 Row inserted successfully into tags.
2024-10-24T16:18:57.146989+0100 INFO 137970443093696 Row inserted successfully into quotes.
2024-10-24T16:18:57.150435+0100 INFO 137970453579456 Row inserted successfully into quotes_tags_link.
2024-10-24T16:18:57.163957+0100 INFO 137970432607936 Row inserted successfully into tags.
2024-10-24T16:18:57.170262+0100 INFO 137970401150656 Row inserted successfully into quotes_tags_link.
2024-10-24T16:18:57.177206+0100 INFO 137970319361728 Row inserted successfully into quotes.
2024-10-24T16:18:57.193046+0100 INFO 137970422122176 Row inserted successfully into quotes_tags_link.
2024-10-24T16:18:57.203016+0100 INFO 137970298390208 Row inserted successfully into tags.
2024-10-24T16:18:57.204292+0100 INFO 137970443093696 Row inserted successfully into quotes_tags_link.
2024-10-24T16:18:57.208047+0100 ERROR 137970432607936 Integrity error (probably normal behaviour): (pymysql.err.IntegrityError) (1062, "Duplicate entry 'humor' for key 'tags.PRIMARY'")
[SQL: INSERT INTO tags (tag) VALUES (%(tag)s)]
[parameters: {'tag': 'humor'}]
(Background on this error at: https://sqlalche.me/e/20/gkpj)
2024-10-24T16:18:57.209168+0100 INFO 137970308875968 Row inserted successfully into tags.
2024-10-24T16:18:57.217309+0100 INFO 137970411636416 Row inserted successfully into quotes_tags_link.
2024-10-24T16:18:57.219061+0100 ERROR 137970453579456 Integrity error (probably normal behaviour): (pymysql.err.IntegrityError) (1062, "Duplicate entry 'life' for key 'tags.PRIMARY'")
[SQL: INSERT INTO tags (tag) VALUES (%(tag)s)]
[parameters: {'tag': 'life'}]
(Background on this error at: https://sqlalche.me/e/20/gkpj)
2024-10-24T16:18:57.222488+0100 ERROR 137970539562688 Integrity error (probably normal behaviour): (pymysql.err.IntegrityError) (1062, "Duplicate entry 'inspirational' for key 'tags.PRIMARY'")
[SQL: INSERT INTO tags (tag) VALUES (%(tag)s)]
[parameters: {'tag': 'inspirational'}]
(Background on this error at: https://sqlalche.me/e/20/gkpj)
2024-10-24T16:18:57.222984+0100 INFO 137970401150656 Row inserted successfully into tags.
2024-10-24T16:18:57.258554+0100 INFO 137970298390208 Row inserted successfully into tags.
2024-10-24T16:18:57.259479+0100 ERROR 137970422122176 Integrity error (probably normal behaviour): (pymysql.err.IntegrityError) (1062, "Duplicate entry 'love' for key 'tags.PRIMARY'")
[SQL: INSERT INTO tags (tag) VALUES (%(tag)s)]
[parameters: {'tag': 'love'}]
(Background on this error at: https://sqlalche.me/e/20/gkpj)
2024-10-24T16:18:57.264950+0100 ERROR 137970443093696 Integrity error (probably normal behaviour): (pymysql.err.IntegrityError) (1062, "Duplicate entry 'children' for key 'tags.PRIMARY'")
[SQL: INSERT INTO tags (tag) VALUES (%(tag)s)]
[parameters: {'tag': 'children'}]
(Background on this error at: https://sqlalche.me/e/20/gkpj)
2024-10-24T16:18:57.268131+0100 INFO 137970432607936 Row inserted successfully into authors.
2024-10-24T16:18:57.269402+0100 INFO 137970411636416 Row inserted successfully into tags.
2024-10-24T16:18:57.279811+0100 ERROR 137970539562688 Integrity error (probably normal behaviour): (pymysql.err.IntegrityError) (1062, "Duplicate entry 'Marilyn Monroe' for key 'authors.PRIMARY'")
[SQL: INSERT INTO authors (author, about) VALUES (%(author)s, %(about)s)]
[parameters: {'author': 'Marilyn Monroe', 'about': '/author/Marilyn-Monroe'}]
(Background on this error at: https://sqlalche.me/e/20/gkpj)
2024-10-24T16:18:57.281393+0100 INFO 137970308875968 Row inserted successfully into tags.
2024-10-24T16:18:57.307262+0100 INFO 137970319361728 Row inserted successfully into quotes_tags_link.
2024-10-24T16:18:57.333489+0100 ERROR 137970401150656 Integrity error (probably normal behaviour): (pymysql.err.IntegrityError) (1062, "Duplicate entry 'J.K. Rowling' for key 'authors.PRIMARY'")
[SQL: INSERT INTO authors (author, about) VALUES (%(author)s, %(about)s)]
[parameters: {'author': 'J.K. Rowling', 'about': '/author/J-K-Rowling'}]
(Background on this error at: https://sqlalche.me/e/20/gkpj)
2024-10-24T16:18:57.314383+0100 ERROR 137970422122176 Integrity error (probably normal behaviour): (pymysql.err.IntegrityError) (1062, "Duplicate entry 'Marilyn Monroe' for key 'authors.PRIMARY'")
[SQL: INSERT INTO authors (author, about) VALUES (%(author)s, %(about)s)]
[parameters: {'author': 'Marilyn Monroe', 'about': '/author/Marilyn-Monroe'}]
(Background on this error at: https://sqlalche.me/e/20/gkpj)
2024-10-24T16:18:57.315957+0100 INFO 137970298390208 Row inserted successfully into tags.
2024-10-24T16:18:57.318591+0100 INFO 137970453579456 Row inserted successfully into tags.
2024-10-24T16:18:57.366305+0100 ERROR 137970308875968 Integrity error (probably normal behaviour): (pymysql.err.IntegrityError) (1062, "Duplicate entry 'C.S. Lewis' for key 'authors.PRIMARY'")
[SQL: INSERT INTO authors (author, about) VALUES (%(author)s, %(about)s)]
[parameters: {'author': 'C.S. Lewis', 'about': '/author/C-S-Lewis'}]
(Background on this error at: https://sqlalche.me/e/20/gkpj)
2024-10-24T16:18:57.384064+0100 INFO 137970411636416 Row inserted successfully into tags.
2024-10-24T16:18:57.385382+0100 INFO 137970443093696 Row inserted successfully into tags.
2024-10-24T16:18:57.391874+0100 INFO 137970432607936 Row inserted successfully into quotes.
2024-10-24T16:18:57.410722+0100 INFO 137970422122176 Row inserted successfully into quotes.
2024-10-24T16:18:57.415586+0100 INFO 137970539562688 Row inserted successfully into quotes.
2024-10-24T16:18:57.416495+0100 ERROR 137970319361728 Integrity error (probably normal behaviour): (pymysql.err.IntegrityError) (1062, "Duplicate entry 'humor' for key 'tags.PRIMARY'")
[SQL: INSERT INTO tags (tag) VALUES (%(tag)s)]
[parameters: {'tag': 'humor'}]
(Background on this error at: https://sqlalche.me/e/20/gkpj)
2024-10-24T16:18:57.429709+0100 INFO 137970401150656 Row inserted successfully into quotes.
2024-10-24T16:18:57.447445+0100 ERROR 137970443093696 Integrity error (probably normal behaviour): (pymysql.err.IntegrityError) (1062, "Duplicate entry 'Albert Einstein' for key 'authors.PRIMARY'")
[SQL: INSERT INTO authors (author, about) VALUES (%(author)s, %(about)s)]
[parameters: {'author': 'Albert Einstein', 'about': '/author/Albert-Einstein'}]
(Background on this error at: https://sqlalche.me/e/20/gkpj)
2024-10-24T16:18:57.440146+0100 INFO 137970298390208 Row inserted successfully into tags.
2024-10-24T16:18:57.463596+0100 INFO 137970308875968 Row inserted successfully into quotes.
2024-10-24T16:18:57.464274+0100 INFO 137970432607936 Row inserted successfully into quotes_tags_link.
2024-10-24T16:18:57.464653+0100 ERROR 137970411636416 Integrity error (probably normal behaviour): (pymysql.err.IntegrityError) (1062, "Duplicate entry 'simile' for key 'tags.PRIMARY'")
[SQL: INSERT INTO tags (tag) VALUES (%(tag)s)]
[parameters: {'tag': 'simile'}]
(Background on this error at: https://sqlalche.me/e/20/gkpj)
2024-10-24T16:18:57.479731+0100 INFO 137970453579456 Row inserted successfully into authors.
2024-10-24T16:18:57.487782+0100 INFO 137970401150656 Row inserted successfully into quotes_tags_link.
2024-10-24T16:18:57.489777+0100 INFO 137970422122176 Row inserted successfully into quotes_tags_link.
2024-10-24T16:18:57.493034+0100 INFO 137970539562688 Row inserted successfully into quotes_tags_link.
2024-10-24T16:18:57.494560+0100 INFO 137970443093696 Row inserted successfully into quotes.
2024-10-24T16:18:57.499461+0100 INFO 137970298390208 Row inserted successfully into tags.
2024-10-24T16:18:57.511773+0100 INFO 137970319361728 Row inserted successfully into tags.
2024-10-24T16:18:57.512130+0100 INFO 137970308875968 Row inserted successfully into quotes_tags_link.
2024-10-24T16:18:57.525005+0100 INFO 137970411636416 Row inserted successfully into authors.
2024-10-24T16:18:57.525949+0100 INFO 137970432607936 Row inserted successfully into tags.
2024-10-24T16:18:57.531344+0100 ERROR 137970422122176 Integrity error (probably normal behaviour): (pymysql.err.IntegrityError) (1062, "Duplicate entry 'attributed-no-source' for key 'tags.PRIMARY'")
[SQL: INSERT INTO tags (tag) VALUES (%(tag)s)]
[parameters: {'tag': 'attributed-no-source'}]
(Background on this error at: https://sqlalche.me/e/20/gkpj)
2024-10-24T16:18:57.535148+0100 INFO 137970401150656 Row inserted successfully into tags.
2024-10-24T16:18:57.545874+0100 INFO 137970443093696 Row inserted successfully into quotes_tags_link.
2024-10-24T16:18:57.549937+0100 INFO 137970539562688 Row inserted successfully into tags.
2024-10-24T16:18:57.553559+0100 INFO 137970308875968 Row inserted successfully into tags.
2024-10-24T16:18:57.557013+0100 ERROR 137970432607936 Integrity error (probably normal behaviour): (pymysql.err.IntegrityError) (1062, "Duplicate entry 'reading' for key 'tags.PRIMARY'")
[SQL: INSERT INTO tags (tag) VALUES (%(tag)s)]
[parameters: {'tag': 'reading'}]
(Background on this error at: https://sqlalche.me/e/20/gkpj)
2024-10-24T16:18:57.557829+0100 INFO 137970319361728 Row inserted successfully into tags.
2024-10-24T16:18:57.558223+0100 ERROR 137970298390208 Integrity error (probably normal behaviour): (pymysql.err.IntegrityError) (1062, "Duplicate entry 'writing' for key 'tags.PRIMARY'")
[SQL: INSERT INTO tags (tag) VALUES (%(tag)s)]
[parameters: {'tag': 'writing'}]
(Background on this error at: https://sqlalche.me/e/20/gkpj)
2024-10-24T16:18:57.559376+0100 INFO 137970453579456 Row inserted successfully into quotes.
2024-10-24T16:18:57.565688+0100 INFO 137970411636416 Row inserted successfully into quotes.
2024-10-24T16:18:57.567888+0100 ERROR 137970401150656 Integrity error (probably normal behaviour): (pymysql.err.IntegrityError) (1062, "Duplicate entry 'writing' for key 'tags.PRIMARY'")
[SQL: INSERT INTO tags (tag) VALUES (%(tag)s)]
[parameters: {'tag': 'writing'}]
(Background on this error at: https://sqlalche.me/e/20/gkpj)
2024-10-24T16:18:57.569670+0100 ERROR 137970422122176 Integrity error (probably normal behaviour): (pymysql.err.IntegrityError) (1062, "Duplicate entry 'Marilyn Monroe' for key 'authors.PRIMARY'")
[SQL: INSERT INTO authors (author, about) VALUES (%(author)s, %(about)s)]
[parameters: {'author': 'Marilyn Monroe', 'about': '/author/Marilyn-Monroe'}]
(Background on this error at: https://sqlalche.me/e/20/gkpj)
2024-10-24T16:18:57.574835+0100 ERROR 137970443093696 Integrity error (probably normal behaviour): (pymysql.err.IntegrityError) (1062, "Duplicate entry '' for key 'tags.PRIMARY'")
[SQL: INSERT INTO tags (tag) VALUES (%(tag)s)]
[parameters: {'tag': ''}]
(Background on this error at: https://sqlalche.me/e/20/gkpj)
2024-10-24T16:18:57.586825+0100 INFO 137970432607936 Row inserted successfully into authors.
2024-10-24T16:18:57.590801+0100 ERROR 137970308875968 Integrity error (probably normal behaviour): (pymysql.err.IntegrityError) (1062, "Duplicate entry 'C.S. Lewis' for key 'authors.PRIMARY'")
[SQL: INSERT INTO authors (author, about) VALUES (%(author)s, %(about)s)]
[parameters: {'author': 'C.S. Lewis', 'about': '/author/C-S-Lewis'}]
(Background on this error at: https://sqlalche.me/e/20/gkpj)
2024-10-24T16:18:57.591128+0100 INFO 137970539562688 Row inserted successfully into tags.
2024-10-24T16:18:57.595037+0100 INFO 137970319361728 Row inserted successfully into tags.
2024-10-24T16:18:57.598314+0100 INFO 137970298390208 Row inserted successfully into authors.
2024-10-24T16:18:57.601726+0100 INFO 137970411636416 Row inserted successfully into quotes_tags_link.
2024-10-24T16:18:57.606417+0100 INFO 137970453579456 Row inserted successfully into quotes_tags_link.
2024-10-24T16:18:57.607465+0100 INFO 137970422122176 Row inserted successfully into quotes.
2024-10-24T16:18:57.607784+0100 ERROR 137970443093696 Integrity error (probably normal behaviour): (pymysql.err.IntegrityError) (1062, "Duplicate entry 'J.K. Rowling' for key 'authors.PRIMARY'")
[SQL: INSERT INTO authors (author, about) VALUES (%(author)s, %(about)s)]
[parameters: {'author': 'J.K. Rowling', 'about': '/author/J-K-Rowling'}]
(Background on this error at: https://sqlalche.me/e/20/gkpj)
2024-10-24T16:18:57.615948+0100 INFO 137970401150656 Row inserted successfully into authors.
2024-10-24T16:18:57.620989+0100 INFO 137970432607936 Row inserted successfully into quotes.
2024-10-24T16:18:57.621992+0100 INFO 137970319361728 Row inserted successfully into tags.
2024-10-24T16:18:57.624269+0100 INFO 137970539562688 Row inserted successfully into tags.
2024-10-24T16:18:57.630559+0100 ERROR 137970411636416 Integrity error (probably normal behaviour): (pymysql.err.IntegrityError) (1062, "Duplicate entry 'books' for key 'tags.PRIMARY'")
[SQL: INSERT INTO tags (tag) VALUES (%(tag)s)]
[parameters: {'tag': 'books'}]
(Background on this error at: https://sqlalche.me/e/20/gkpj)
2024-10-24T16:18:57.632223+0100 INFO 137970308875968 Row inserted successfully into quotes.
2024-10-24T16:18:57.633133+0100 INFO 137970298390208 Row inserted successfully into quotes.
2024-10-24T16:18:57.636651+0100 INFO 137970453579456 Row inserted successfully into tags.
2024-10-24T16:18:57.637646+0100 INFO 137970422122176 Row inserted successfully into quotes_tags_link.
2024-10-24T16:18:57.649070+0100 INFO 137970443093696 Row inserted successfully into quotes.
2024-10-24T16:18:57.650004+0100 ERROR 137970539562688 Integrity error (probably normal behaviour): (pymysql.err.IntegrityError) (1062, "Duplicate entry 'Albert Einstein' for key 'authors.PRIMARY'")
[SQL: INSERT INTO authors (author, about) VALUES (%(author)s, %(about)s)]
[parameters: {'author': 'Albert Einstein', 'about': '/author/Albert-Einstein'}]
(Background on this error at: https://sqlalche.me/e/20/gkpj)
2024-10-24T16:18:57.653960+0100 INFO 137970432607936 Row inserted successfully into quotes_tags_link.
2024-10-24T16:18:57.654939+0100 ERROR 137970319361728 Integrity error (probably normal behaviour): (pymysql.err.IntegrityError) (1062, "Duplicate entry 'truth' for key 'tags.PRIMARY'")
[SQL: INSERT INTO tags (tag) VALUES (%(tag)s)]
[parameters: {'tag': 'truth'}]
(Background on this error at: https://sqlalche.me/e/20/gkpj)
2024-10-24T16:18:57.655832+0100 ERROR 137970411636416 Integrity error (probably normal behaviour): (pymysql.err.IntegrityError) (1062, "Duplicate entry 'friends' for key 'tags.PRIMARY'")
[SQL: INSERT INTO tags (tag) VALUES (%(tag)s)]
[parameters: {'tag': 'friends'}]
(Background on this error at: https://sqlalche.me/e/20/gkpj)
2024-10-24T16:18:57.660789+0100 INFO 137970308875968 Row inserted successfully into quotes_tags_link.
2024-10-24T16:18:57.662038+0100 INFO 137970401150656 Row inserted successfully into quotes.
2024-10-24T16:18:57.667833+0100 INFO 137970298390208 Row inserted successfully into quotes_tags_link.
2024-10-24T16:18:57.678539+0100 INFO 137970453579456 Row inserted successfully into tags.
2024-10-24T16:18:57.680871+0100 INFO 137970422122176 Row inserted successfully into tags.
2024-10-24T16:18:57.684484+0100 INFO 137970443093696 Row inserted successfully into quotes_tags_link.
2024-10-24T16:18:57.685920+0100 ERROR 137970308875968 Integrity error (probably normal behaviour): (pymysql.err.IntegrityError) (1062, "Duplicate entry 'death' for key 'tags.PRIMARY'")
[SQL: INSERT INTO tags (tag) VALUES (%(tag)s)]
[parameters: {'tag': 'death'}]
(Background on this error at: https://sqlalche.me/e/20/gkpj)
2024-10-24T16:18:57.690196+0100 INFO 137970411636416 Row inserted successfully into tags.
2024-10-24T16:18:57.691958+0100 INFO 137970401150656 Row inserted successfully into quotes_tags_link.
2024-10-24T16:18:57.701885+0100 ERROR 137970298390208 Integrity error (probably normal behaviour): (pymysql.err.IntegrityError) (1062, "Duplicate entry 'truth' for key 'tags.PRIMARY'")
[SQL: INSERT INTO tags (tag) VALUES (%(tag)s)]
[parameters: {'tag': 'truth'}]
(Background on this error at: https://sqlalche.me/e/20/gkpj)
2024-10-24T16:18:57.702195+0100 ERROR 137970422122176 Integrity error (probably normal behaviour): (pymysql.err.IntegrityError) (1062, "Duplicate entry 'inspirational' for key 'tags.PRIMARY'")
[SQL: INSERT INTO tags (tag) VALUES (%(tag)s)]
[parameters: {'tag': 'inspirational'}]
(Background on this error at: https://sqlalche.me/e/20/gkpj)
2024-10-24T16:18:57.703466+0100 INFO 137970319361728 Row inserted successfully into authors.
2024-10-24T16:18:57.707136+0100 INFO 137970539562688 Row inserted successfully into quotes.
2024-10-24T16:18:57.714815+0100 ERROR 137970411636416 Integrity error (probably normal behaviour): (pymysql.err.IntegrityError) (1062, "Duplicate entry 'Ernest Hemingway' for key 'authors.PRIMARY'")
[SQL: INSERT INTO authors (author, about) VALUES (%(author)s, %(about)s)]
[parameters: {'author': 'Ernest Hemingway', 'about': '/author/Ernest-Hemingway'}]
(Background on this error at: https://sqlalche.me/e/20/gkpj)
2024-10-24T16:18:57.715637+0100 INFO 137970432607936 Row inserted successfully into tags.
2024-10-24T16:18:57.717669+0100 INFO 137970453579456 Row inserted successfully into tags.
2024-10-24T16:18:57.722804+0100 INFO 137970443093696 Row inserted successfully into tags.
2024-10-24T16:18:57.725899+0100 ERROR 137970308875968 Integrity error (probably normal behaviour): (pymysql.err.IntegrityError) (1062, "Duplicate entry 'life' for key 'tags.PRIMARY'")
[SQL: INSERT INTO tags (tag) VALUES (%(tag)s)]
[parameters: {'tag': 'life'}]
(Background on this error at: https://sqlalche.me/e/20/gkpj)
2024-10-24T16:18:57.731259+0100 ERROR 137970401150656 Integrity error (probably normal behaviour): (pymysql.err.IntegrityError) (1062, "Duplicate entry 'life' for key 'tags.PRIMARY'")
[SQL: INSERT INTO tags (tag) VALUES (%(tag)s)]
[parameters: {'tag': 'life'}]
(Background on this error at: https://sqlalche.me/e/20/gkpj)
2024-10-24T16:18:57.741919+0100 INFO 137970298390208 Row inserted successfully into authors.
2024-10-24T16:18:57.754816+0100 INFO 137970422122176 Row inserted successfully into authors.
2024-10-24T16:18:57.765332+0100 INFO 137970319361728 Row inserted successfully into quotes.
2024-10-24T16:18:57.768554+0100 INFO 137970539562688 Row inserted successfully into quotes_tags_link.
2024-10-24T16:18:57.770899+0100 ERROR 137970432607936 Integrity error (probably normal behaviour): (pymysql.err.IntegrityError) (1062, "Duplicate entry 'learning' for key 'tags.PRIMARY'")
[SQL: INSERT INTO tags (tag) VALUES (%(tag)s)]
[parameters: {'tag': 'learning'}]
(Background on this error at: https://sqlalche.me/e/20/gkpj)
2024-10-24T16:18:57.790463+0100 INFO 137970411636416 Row inserted successfully into quotes.
2024-10-24T16:18:57.791409+0100 INFO 137970453579456 Row inserted successfully into tags.
2024-10-24T16:18:57.793652+0100 INFO 137970422122176 Row inserted successfully into quotes.
2024-10-24T16:18:57.808306+0100 INFO 137970298390208 Row inserted successfully into quotes.
2024-10-24T16:18:57.815644+0100 ERROR 137970443093696 Integrity error (probably normal behaviour): (pymysql.err.IntegrityError) (1062, "Duplicate entry 'Albert Einstein' for key 'authors.PRIMARY'")
[SQL: INSERT INTO authors (author, about) VALUES (%(author)s, %(about)s)]
[parameters: {'author': 'Albert Einstein', 'about': '/author/Albert-Einstein'}]
(Background on this error at: https://sqlalche.me/e/20/gkpj)
2024-10-24T16:18:57.820017+0100 INFO 137970401150656 Row inserted successfully into tags.
2024-10-24T16:18:57.837837+0100 ERROR 137970539562688 Integrity error (probably normal behaviour): (pymysql.err.IntegrityError) (1062, "Duplicate entry 'life' for key 'tags.PRIMARY'")
[SQL: INSERT INTO tags (tag) VALUES (%(tag)s)]
[parameters: {'tag': 'life'}]
(Background on this error at: https://sqlalche.me/e/20/gkpj)
2024-10-24T16:18:57.842955+0100 ERROR 137970453579456 Integrity error (probably normal behaviour): (pymysql.err.IntegrityError) (1062, "Duplicate entry 'inspirational' for key 'tags.PRIMARY'")
[SQL: INSERT INTO tags (tag) VALUES (%(tag)s)]
[parameters: {'tag': 'inspirational'}]
(Background on this error at: https://sqlalche.me/e/20/gkpj)
2024-10-24T16:18:57.853181+0100 INFO 137970298390208 Row inserted successfully into quotes_tags_link.
2024-10-24T16:18:57.853876+0100 INFO 137970422122176 Row inserted successfully into quotes_tags_link.
2024-10-24T16:18:57.856200+0100 ERROR 137970401150656 Integrity error (probably normal behaviour): (pymysql.err.IntegrityError) (1062, "Duplicate entry 'Ralph Waldo Emerson' for key 'authors.PRIMARY'")
[SQL: INSERT INTO authors (author, about) VALUES (%(author)s, %(about)s)]
[parameters: {'author': 'Ralph Waldo Emerson', 'about': '/author/Ralph-Waldo-Emerson'}]
(Background on this error at: https://sqlalche.me/e/20/gkpj)
2024-10-24T16:18:57.862255+0100 INFO 137970319361728 Row inserted successfully into quotes_tags_link.
2024-10-24T16:18:57.865832+0100 INFO 137970411636416 Row inserted successfully into quotes_tags_link.
2024-10-24T16:18:57.871229+0100 ERROR 137970308875968 Integrity error (probably normal behaviour): (pymysql.err.IntegrityError) (1062, "Duplicate entry 'Mark Twain' for key 'authors.PRIMARY'")
[SQL: INSERT INTO authors (author, about) VALUES (%(author)s, %(about)s)]
[parameters: {'author': 'Mark Twain', 'about': '/author/Mark-Twain'}]
(Background on this error at: https://sqlalche.me/e/20/gkpj)
2024-10-24T16:18:57.893311+0100 ERROR 137970453579456 Integrity error (probably normal behaviour): (pymysql.err.IntegrityError) (1062, "Duplicate entry 'love' for key 'tags.PRIMARY'")
[SQL: INSERT INTO tags (tag) VALUES (%(tag)s)]
[parameters: {'tag': 'love'}]
(Background on this error at: https://sqlalche.me/e/20/gkpj)
2024-10-24T16:18:57.902790+0100 INFO 137970432607936 Row inserted successfully into tags.
2024-10-24T16:18:57.906795+0100 ERROR 137970539562688 Integrity error (probably normal behaviour): (pymysql.err.IntegrityError) (1062, "Duplicate entry 'love' for key 'tags.PRIMARY'")
[SQL: INSERT INTO tags (tag) VALUES (%(tag)s)]
[parameters: {'tag': 'love'}]
(Background on this error at: https://sqlalche.me/e/20/gkpj)
2024-10-24T16:18:57.911941+0100 ERROR 137970422122176 Integrity error (probably normal behaviour): (pymysql.err.IntegrityError) (1062, "Duplicate entry 'dumbledore' for key 'tags.PRIMARY'")
[SQL: INSERT INTO tags (tag) VALUES (%(tag)s)]
[parameters: {'tag': 'dumbledore'}]
(Background on this error at: https://sqlalche.me/e/20/gkpj)
2024-10-24T16:18:57.913848+0100 ERROR 137970298390208 Integrity error (probably normal behaviour): (pymysql.err.IntegrityError) (1062, "Duplicate entry 'inspirational' for key 'tags.PRIMARY'")
[SQL: INSERT INTO tags (tag) VALUES (%(tag)s)]
[parameters: {'tag': 'inspirational'}]
(Background on this error at: https://sqlalche.me/e/20/gkpj)
2024-10-24T16:18:57.914643+0100 INFO 137970443093696 Row inserted successfully into quotes.
2024-10-24T16:18:57.930821+0100 INFO 137970401150656 Row inserted successfully into quotes.
2024-10-24T16:18:57.940793+0100 INFO 137970319361728 Row inserted successfully into tags.
2024-10-24T16:18:57.943431+0100 ERROR 137970411636416 Integrity error (probably normal behaviour): (pymysql.err.IntegrityError) (1062, "Duplicate entry 'inspirational' for key 'tags.PRIMARY'")
[SQL: INSERT INTO tags (tag) VALUES (%(tag)s)]
[parameters: {'tag': 'inspirational'}]
(Background on this error at: https://sqlalche.me/e/20/gkpj)
2024-10-24T16:18:57.954467+0100 INFO 137970308875968 Row inserted successfully into quotes.
2024-10-24T16:18:57.966810+0100 ERROR 137970298390208 Integrity error (probably normal behaviour): (pymysql.err.IntegrityError) (1062, "Duplicate entry 'Dr. Seuss' for key 'authors.PRIMARY'")
[SQL: INSERT INTO authors (author, about) VALUES (%(author)s, %(about)s)]
[parameters: {'author': 'Dr. Seuss', 'about': '/author/Dr-Seuss'}]
(Background on this error at: https://sqlalche.me/e/20/gkpj)
2024-10-24T16:18:57.967469+0100 INFO 137970453579456 Row inserted successfully into tags.
2024-10-24T16:18:57.980068+0100 INFO 137970539562688 Row inserted successfully into authors.
2024-10-24T16:18:57.985303+0100 ERROR 137970422122176 Integrity error (probably normal behaviour): (pymysql.err.IntegrityError) (1062, "Duplicate entry 'J.K. Rowling' for key 'authors.PRIMARY'")
[SQL: INSERT INTO authors (author, about) VALUES (%(author)s, %(about)s)]
[parameters: {'author': 'J.K. Rowling', 'about': '/author/J-K-Rowling'}]
(Background on this error at: https://sqlalche.me/e/20/gkpj)
2024-10-24T16:18:57.986260+0100 INFO 137970401150656 Row inserted successfully into quotes_tags_link.
2024-10-24T16:18:58.020148+0100 ERROR 137970453579456 Integrity error (probably normal behaviour): (pymysql.err.IntegrityError) (1062, "Duplicate entry 'philosophy' for key 'tags.PRIMARY'")
[SQL: INSERT INTO tags (tag) VALUES (%(tag)s)]
[parameters: {'tag': 'philosophy'}]
(Background on this error at: https://sqlalche.me/e/20/gkpj)
2024-10-24T16:18:58.022439+0100 INFO 137970298390208 Row inserted successfully into quotes.
2024-10-24T16:18:58.025793+0100 INFO 137970443093696 Row inserted successfully into quotes_tags_link.
2024-10-24T16:18:58.026443+0100 INFO 137970432607936 Row inserted successfully into tags.
2024-10-24T16:18:58.029736+0100 INFO 137970411636416 Row inserted successfully into authors.
2024-10-24T16:18:58.041561+0100 INFO 137970422122176 Row inserted successfully into quotes.
2024-10-24T16:18:58.047349+0100 INFO 137970539562688 Row inserted successfully into quotes.
2024-10-24T16:18:58.055669+0100 INFO 137970401150656 Row inserted successfully into tags.
2024-10-24T16:18:58.056363+0100 INFO 137970308875968 Row inserted successfully into quotes_tags_link.
2024-10-24T16:18:58.067746+0100 INFO 137970319361728 Row inserted successfully into tags.
2024-10-24T16:18:58.073976+0100 ERROR 137970432607936 Integrity error (probably normal behaviour): (pymysql.err.IntegrityError) (1062, "Duplicate entry 'Albert Einstein' for key 'authors.PRIMARY'")
[SQL: INSERT INTO authors (author, about) VALUES (%(author)s, %(about)s)]
[parameters: {'author': 'Albert Einstein', 'about': '/author/Albert-Einstein'}]
(Background on this error at: https://sqlalche.me/e/20/gkpj)
2024-10-24T16:18:58.076655+0100 INFO 137970453579456 Row inserted successfully into authors.
2024-10-24T16:18:58.080537+0100 ERROR 137970443093696 Integrity error (probably normal behaviour): (pymysql.err.IntegrityError) (1062, "Duplicate entry 'music' for key 'tags.PRIMARY'")
[SQL: INSERT INTO tags (tag) VALUES (%(tag)s)]
[parameters: {'tag': 'music'}]
(Background on this error at: https://sqlalche.me/e/20/gkpj)
2024-10-24T16:18:58.083298+0100 INFO 137970298390208 Row inserted successfully into quotes_tags_link.
2024-10-24T16:18:58.089792+0100 INFO 137970422122176 Row inserted successfully into quotes_tags_link.
2024-10-24T16:18:58.101317+0100 INFO 137970411636416 Row inserted successfully into quotes.
2024-10-24T16:18:58.122591+0100 INFO 137970539562688 Row inserted successfully into quotes_tags_link.
2024-10-24T16:18:58.123864+0100 INFO 137970308875968 Row inserted successfully into tags.
2024-10-24T16:18:58.136954+0100 ERROR 137970401150656 Integrity error (probably normal behaviour): (pymysql.err.IntegrityError) (1062, "Duplicate entry 'Mark Twain' for key 'authors.PRIMARY'")
[SQL: INSERT INTO authors (author, about) VALUES (%(author)s, %(about)s)]
[parameters: {'author': 'Mark Twain', 'about': '/author/Mark-Twain'}]
(Background on this error at: https://sqlalche.me/e/20/gkpj)
2024-10-24T16:18:58.137482+0100 INFO 137970432607936 Row inserted successfully into quotes.
2024-10-24T16:18:58.138650+0100 INFO 137970319361728 Row inserted successfully into tags.
2024-10-24T16:18:58.144264+0100 ERROR 137970443093696 Integrity error (probably normal behaviour): (pymysql.err.IntegrityError) (1062, "Duplicate entry 'Bob Marley' for key 'authors.PRIMARY'")
[SQL: INSERT INTO authors (author, about) VALUES (%(author)s, %(about)s)]
[parameters: {'author': 'Bob Marley', 'about': '/author/Bob-Marley'}]
(Background on this error at: https://sqlalche.me/e/20/gkpj)
2024-10-24T16:18:58.151499+0100 INFO 137970453579456 Row inserted successfully into quotes.
2024-10-24T16:18:58.181208+0100 INFO 137970539562688 Row inserted successfully into tags.
2024-10-24T16:18:58.186349+0100 ERROR 137970308875968 Integrity error (probably normal behaviour): (pymysql.err.IntegrityError) (1062, "Duplicate entry 'truth' for key 'tags.PRIMARY'")
[SQL: INSERT INTO tags (tag) VALUES (%(tag)s)]
[parameters: {'tag': 'truth'}]
(Background on this error at: https://sqlalche.me/e/20/gkpj)
2024-10-24T16:18:58.190850+0100 INFO 137970432607936 Row inserted successfully into quotes_tags_link.
2024-10-24T16:18:58.194711+0100 INFO 137970411636416 Row inserted successfully into quotes_tags_link.
2024-10-24T16:18:58.202689+0100 INFO 137970401150656 Row inserted successfully into quotes.
2024-10-24T16:18:58.213176+0100 INFO 137970453579456 Row inserted successfully into quotes_tags_link.
2024-10-24T16:18:58.223101+0100 INFO 137970443093696 Row inserted successfully into quotes.
2024-10-24T16:18:58.231173+0100 INFO 137970319361728 Row inserted successfully into tags.
2024-10-24T16:18:58.238928+0100 ERROR 137970422122176 Integrity error (probably normal behaviour): (pymysql.err.IntegrityError) (1062, "Duplicate entry 'love' for key 'tags.PRIMARY'")
[SQL: INSERT INTO tags (tag) VALUES (%(tag)s)]
[parameters: {'tag': 'love'}]
(Background on this error at: https://sqlalche.me/e/20/gkpj)
2024-10-24T16:18:58.241257+0100 ERROR 137970411636416 Integrity error (probably normal behaviour): (pymysql.err.IntegrityError) (1062, "Duplicate entry 'inspirational' for key 'tags.PRIMARY'")
[SQL: INSERT INTO tags (tag) VALUES (%(tag)s)]
[parameters: {'tag': 'inspirational'}]
(Background on this error at: https://sqlalche.me/e/20/gkpj)
2024-10-24T16:18:58.245717+0100 INFO 137970539562688 Row inserted successfully into tags.
2024-10-24T16:18:58.250243+0100 ERROR 137970432607936 Integrity error (probably normal behaviour): (pymysql.err.IntegrityError) (1062, "Duplicate entry 'books' for key 'tags.PRIMARY'")
[SQL: INSERT INTO tags (tag) VALUES (%(tag)s)]
[parameters: {'tag': 'books'}]
(Background on this error at: https://sqlalche.me/e/20/gkpj)
2024-10-24T16:18:58.259380+0100 ERROR 137970298390208 Integrity error (probably normal behaviour): (pymysql.err.IntegrityError) (1062, "Duplicate entry 'books' for key 'tags.PRIMARY'")
[SQL: INSERT INTO tags (tag) VALUES (%(tag)s)]
[parameters: {'tag': 'books'}]
(Background on this error at: https://sqlalche.me/e/20/gkpj)
2024-10-24T16:18:58.260440+0100 ERROR 137970308875968 Integrity error (probably normal behaviour): (pymysql.err.IntegrityError) (1062, "Duplicate entry 'Mark Twain' for key 'authors.PRIMARY'")
[SQL: INSERT INTO authors (author, about) VALUES (%(author)s, %(about)s)]
[parameters: {'author': 'Mark Twain', 'about': '/author/Mark-Twain'}]
(Background on this error at: https://sqlalche.me/e/20/gkpj)
2024-10-24T16:18:58.266015+0100 INFO 137970443093696 Row inserted successfully into quotes_tags_link.
2024-10-24T16:18:58.272017+0100 ERROR 137970453579456 Integrity error (probably normal behaviour): (pymysql.err.IntegrityError) (1062, "Duplicate entry 'friendship' for key 'tags.PRIMARY'")
[SQL: INSERT INTO tags (tag) VALUES (%(tag)s)]
[parameters: {'tag': 'friendship'}]
(Background on this error at: https://sqlalche.me/e/20/gkpj)
2024-10-24T16:18:58.279496+0100 INFO 137970319361728 Row inserted successfully into tags.
2024-10-24T16:18:58.285301+0100 ERROR 137970411636416 Integrity error (probably normal behaviour): (pymysql.err.IntegrityError) (1062, "Duplicate entry 'life' for key 'tags.PRIMARY'")
[SQL: INSERT INTO tags (tag) VALUES (%(tag)s)]
[parameters: {'tag': 'life'}]
(Background on this error at: https://sqlalche.me/e/20/gkpj)
2024-10-24T16:18:58.288868+0100 INFO 137970422122176 Row inserted successfully into authors.
2024-10-24T16:18:58.292148+0100 INFO 137970401150656 Row inserted successfully into quotes_tags_link.
2024-10-24T16:18:58.292852+0100 ERROR 137970539562688 Integrity error (probably normal behaviour): (pymysql.err.IntegrityError) (1062, "Duplicate entry 'inspirational' for key 'tags.PRIMARY'")
[SQL: INSERT INTO tags (tag) VALUES (%(tag)s)]
[parameters: {'tag': 'inspirational'}]
(Background on this error at: https://sqlalche.me/e/20/gkpj)
2024-10-24T16:18:58.314172+0100 ERROR 137970432607936 Integrity error (probably normal behaviour): (pymysql.err.IntegrityError) (1062, "Duplicate entry 'library' for key 'tags.PRIMARY'")
[SQL: INSERT INTO tags (tag) VALUES (%(tag)s)]
[parameters: {'tag': 'library'}]
(Background on this error at: https://sqlalche.me/e/20/gkpj)
2024-10-24T16:18:58.321619+0100 INFO 137970298390208 Row inserted successfully into tags.
2024-10-24T16:18:58.327659+0100 INFO 137970453579456 Row inserted successfully into tags.
2024-10-24T16:18:58.331734+0100 ERROR 137970319361728 Integrity error (probably normal behaviour): (pymysql.err.IntegrityError) (1062, "Duplicate entry 'hope' for key 'tags.PRIMARY'")
[SQL: INSERT INTO tags (tag) VALUES (%(tag)s)]
[parameters: {'tag': 'hope'}]
(Background on this error at: https://sqlalche.me/e/20/gkpj)
2024-10-24T16:18:58.335500+0100 INFO 137970308875968 Row inserted successfully into quotes.
2024-10-24T16:18:58.368197+0100 INFO 137970422122176 Row inserted successfully into quotes.
2024-10-24T16:18:58.373513+0100 INFO 137970432607936 Row inserted successfully into authors.
2024-10-24T16:18:58.376876+0100 ERROR 137970298390208 Integrity error (probably normal behaviour): (pymysql.err.IntegrityError) (1062, "Duplicate entry 'George R.R. Martin' for key 'authors.PRIMARY'")
[SQL: INSERT INTO authors (author, about) VALUES (%(author)s, %(about)s)]
[parameters: {'author': 'George R.R. Martin', 'about': '/author/George-R-R-Martin'}]
(Background on this error at: https://sqlalche.me/e/20/gkpj)
2024-10-24T16:18:58.377697+0100 ERROR 137970539562688 Integrity error (probably normal behaviour): (pymysql.err.IntegrityError) (1062, "Duplicate entry 'paraphrased' for key 'tags.PRIMARY'")
[SQL: INSERT INTO tags (tag) VALUES (%(tag)s)]
[parameters: {'tag': 'paraphrased'}]
(Background on this error at: https://sqlalche.me/e/20/gkpj)
2024-10-24T16:18:58.386883+0100 ERROR 137970411636416 Integrity error (probably normal behaviour): (pymysql.err.IntegrityError) (1062, "Duplicate entry 'yourself' for key 'tags.PRIMARY'")
[SQL: INSERT INTO tags (tag) VALUES (%(tag)s)]
[parameters: {'tag': 'yourself'}]
(Background on this error at: https://sqlalche.me/e/20/gkpj)
2024-10-24T16:18:58.388598+0100 INFO 137970453579456 Row inserted successfully into tags.
2024-10-24T16:18:58.398020+0100 ERROR 137970319361728 Integrity error (probably normal behaviour): (pymysql.err.IntegrityError) (1062, "Duplicate entry 'inspirational' for key 'tags.PRIMARY'")
[SQL: INSERT INTO tags (tag) VALUES (%(tag)s)]
[parameters: {'tag': 'inspirational'}]
(Background on this error at: https://sqlalche.me/e/20/gkpj)
2024-10-24T16:18:58.400220+0100 INFO 137970401150656 Row inserted successfully into tags.
2024-10-24T16:18:58.409122+0100 INFO 137970422122176 Row inserted successfully into quotes_tags_link.
2024-10-24T16:18:58.428149+0100 INFO 137970432607936 Row inserted successfully into quotes.
2024-10-24T16:18:58.436574+0100 ERROR 137970453579456 Integrity error (probably normal behaviour): (pymysql.err.IntegrityError) (1062, "Duplicate entry 'love' for key 'tags.PRIMARY'")
[SQL: INSERT INTO tags (tag) VALUES (%(tag)s)]
[parameters: {'tag': 'love'}]
(Background on this error at: https://sqlalche.me/e/20/gkpj)
2024-10-24T16:18:58.442400+0100 INFO 137970298390208 Row inserted successfully into quotes.
2024-10-24T16:18:58.446971+0100 INFO 137970308875968 Row inserted successfully into quotes_tags_link.
2024-10-24T16:18:58.448478+0100 INFO 137970539562688 Row inserted successfully into authors.
2024-10-24T16:18:58.454067+0100 ERROR 137970401150656 Integrity error (probably normal behaviour): (pymysql.err.IntegrityError) (1062, "Duplicate entry 'Dr. Seuss' for key 'authors.PRIMARY'")
[SQL: INSERT INTO authors (author, about) VALUES (%(author)s, %(about)s)]
[parameters: {'author': 'Dr. Seuss', 'about': '/author/Dr-Seuss'}]
(Background on this error at: https://sqlalche.me/e/20/gkpj)
2024-10-24T16:18:58.460492+0100 INFO 137970411636416 Row inserted successfully into authors.
2024-10-24T16:18:58.462751+0100 INFO 137970319361728 Row inserted successfully into tags.
2024-10-24T16:18:58.486786+0100 INFO 137970453579456 Row inserted successfully into tags.
2024-10-24T16:18:58.492753+0100 INFO 137970539562688 Row inserted successfully into quotes.
2024-10-24T16:18:58.497310+0100 INFO 137970298390208 Row inserted successfully into quotes_tags_link.
2024-10-24T16:18:58.505411+0100 INFO 137970432607936 Row inserted successfully into quotes_tags_link.
2024-10-24T16:18:58.509592+0100 INFO 137970308875968 Row inserted successfully into tags.
2024-10-24T16:18:58.514310+0100 INFO 137970411636416 Row inserted successfully into quotes.
2024-10-24T16:18:58.519912+0100 INFO 137970319361728 Row inserted successfully into authors.
2024-10-24T16:18:58.520576+0100 INFO 137970453579456 Row inserted successfully into tags.
2024-10-24T16:18:58.529850+0100 INFO 137970401150656 Row inserted successfully into quotes.
2024-10-24T16:18:58.551698+0100 INFO 137970539562688 Row inserted successfully into quotes_tags_link.
2024-10-24T16:18:58.554234+0100 INFO 137970319361728 Row inserted successfully into quotes.
2024-10-24T16:18:58.563977+0100 ERROR 137970432607936 Integrity error (probably normal behaviour): (pymysql.err.IntegrityError) (1062, "Duplicate entry 'inspirational' for key 'tags.PRIMARY'")
[SQL: INSERT INTO tags (tag) VALUES (%(tag)s)]
[parameters: {'tag': 'inspirational'}]
(Background on this error at: https://sqlalche.me/e/20/gkpj)
2024-10-24T16:18:58.566935+0100 INFO 137970453579456 Row inserted successfully into authors.
2024-10-24T16:18:58.567954+0100 INFO 137970411636416 Row inserted successfully into quotes_tags_link.
2024-10-24T16:18:58.571894+0100 INFO 137970308875968 Row inserted successfully into tags.
2024-10-24T16:18:58.574927+0100 INFO 137970401150656 Row inserted successfully into quotes_tags_link.
2024-10-24T16:18:58.587738+0100 INFO 137970539562688 Row inserted successfully into tags.
2024-10-24T16:18:58.591444+0100 INFO 137970319361728 Row inserted successfully into quotes_tags_link.
2024-10-24T16:18:58.601956+0100 ERROR 137970308875968 Integrity error (probably normal behaviour): (pymysql.err.IntegrityError) (1062, "Duplicate entry 'religion' for key 'tags.PRIMARY'")
[SQL: INSERT INTO tags (tag) VALUES (%(tag)s)]
[parameters: {'tag': 'religion'}]
(Background on this error at: https://sqlalche.me/e/20/gkpj)
2024-10-24T16:18:58.606229+0100 INFO 137970432607936 Row inserted successfully into authors.
2024-10-24T16:18:58.608510+0100 INFO 137970453579456 Row inserted successfully into quotes.
2024-10-24T16:18:58.614697+0100 ERROR 137970539562688 Integrity error (probably normal behaviour): (pymysql.err.IntegrityError) (1062, "Duplicate entry 'Eleanor Roosevelt' for key 'authors.PRIMARY'")
[SQL: INSERT INTO authors (author, about) VALUES (%(author)s, %(about)s)]
[parameters: {'author': 'Eleanor Roosevelt', 'about': '/author/Eleanor-Roosevelt'}]
(Background on this error at: https://sqlalche.me/e/20/gkpj)
2024-10-24T16:18:58.637496+0100 ERROR 137970319361728 Integrity error (probably normal behaviour): (pymysql.err.IntegrityError) (1062, "Duplicate entry 'humor' for key 'tags.PRIMARY'")
[SQL: INSERT INTO tags (tag) VALUES (%(tag)s)]
[parameters: {'tag': 'humor'}]
(Background on this error at: https://sqlalche.me/e/20/gkpj)
2024-10-24T16:18:58.638767+0100 INFO 137970308875968 Row inserted successfully into tags.
2024-10-24T16:18:58.648666+0100 INFO 137970539562688 Row inserted successfully into quotes.
2024-10-24T16:18:58.649841+0100 INFO 137970432607936 Row inserted successfully into quotes.
2024-10-24T16:18:58.664948+0100 INFO 137970453579456 Row inserted successfully into quotes_tags_link.
2024-10-24T16:18:58.675546+0100 ERROR 137970308875968 Integrity error (probably normal behaviour): (pymysql.err.IntegrityError) (1062, "Duplicate entry 'C.S. Lewis' for key 'authors.PRIMARY'")
[SQL: INSERT INTO authors (author, about) VALUES (%(author)s, %(about)s)]
[parameters: {'author': 'C.S. Lewis', 'about': '/author/C-S-Lewis'}]
(Background on this error at: https://sqlalche.me/e/20/gkpj)
2024-10-24T16:18:58.679948+0100 INFO 137970539562688 Row inserted successfully into quotes_tags_link.
2024-10-24T16:18:58.685178+0100 INFO 137970319361728 Row inserted successfully into tags.
2024-10-24T16:18:58.688717+0100 INFO 137970432607936 Row inserted successfully into quotes_tags_link.
2024-10-24T16:18:58.691804+0100 ERROR 137970453579456 Integrity error (probably normal behaviour): (pymysql.err.IntegrityError) (1062, "Duplicate entry 'books' for key 'tags.PRIMARY'")
[SQL: INSERT INTO tags (tag) VALUES (%(tag)s)]
[parameters: {'tag': 'books'}]
(Background on this error at: https://sqlalche.me/e/20/gkpj)
2024-10-24T16:18:58.702395+0100 ERROR 137970539562688 Integrity error (probably normal behaviour): (pymysql.err.IntegrityError) (1062, "Duplicate entry 'humor' for key 'tags.PRIMARY'")
[SQL: INSERT INTO tags (tag) VALUES (%(tag)s)]
[parameters: {'tag': 'humor'}]
(Background on this error at: https://sqlalche.me/e/20/gkpj)
2024-10-24T16:18:58.715157+0100 INFO 137970308875968 Row inserted successfully into quotes.
2024-10-24T16:18:58.720710+0100 INFO 137970319361728 Row inserted successfully into authors.
2024-10-24T16:18:58.723208+0100 INFO 137970453579456 Row inserted successfully into tags.
2024-10-24T16:18:58.730563+0100 INFO 137970539562688 Row inserted successfully into tags.
2024-10-24T16:18:58.739206+0100 INFO 137970308875968 Row inserted successfully into quotes_tags_link.
2024-10-24T16:18:58.745739+0100 ERROR 137970453579456 Integrity error (probably normal behaviour): (pymysql.err.IntegrityError) (1062, "Duplicate entry 'friends' for key 'tags.PRIMARY'")
[SQL: INSERT INTO tags (tag) VALUES (%(tag)s)]
[parameters: {'tag': 'friends'}]
(Background on this error at: https://sqlalche.me/e/20/gkpj)
2024-10-24T16:18:58.747465+0100 INFO 137970319361728 Row inserted successfully into quotes.
2024-10-24T16:18:58.750520+0100 ERROR 137970539562688 Integrity error (probably normal behaviour): (pymysql.err.IntegrityError) (1062, "Duplicate entry 'simile' for key 'tags.PRIMARY'")
[SQL: INSERT INTO tags (tag) VALUES (%(tag)s)]
[parameters: {'tag': 'simile'}]
(Background on this error at: https://sqlalche.me/e/20/gkpj)
2024-10-24T16:18:58.758114+0100 ERROR 137970453579456 Integrity error (probably normal behaviour): (pymysql.err.IntegrityError) (1062, "Duplicate entry 'friendship' for key 'tags.PRIMARY'")
[SQL: INSERT INTO tags (tag) VALUES (%(tag)s)]
[parameters: {'tag': 'friendship'}]
(Background on this error at: https://sqlalche.me/e/20/gkpj)
2024-10-24T16:18:58.772984+0100 ERROR 137970453579456 Integrity error (probably normal behaviour): (pymysql.err.IntegrityError) (1062, "Duplicate entry 'life' for key 'tags.PRIMARY'")
[SQL: INSERT INTO tags (tag) VALUES (%(tag)s)]
[parameters: {'tag': 'life'}]
(Background on this error at: https://sqlalche.me/e/20/gkpj)
2024-10-24T16:18:58.773967+0100 INFO 137970319361728 Row inserted successfully into quotes_tags_link.
2024-10-24T16:18:58.778975+0100 INFO 137970539562688 Row inserted successfully into authors.
2024-10-24T16:18:58.792801+0100 ERROR 137970319361728 Integrity error (probably normal behaviour): (pymysql.err.IntegrityError) (1062, "Duplicate entry '' for key 'tags.PRIMARY'")
[SQL: INSERT INTO tags (tag) VALUES (%(tag)s)]
[parameters: {'tag': ''}]
(Background on this error at: https://sqlalche.me/e/20/gkpj)
2024-10-24T16:18:58.796851+0100 ERROR 137970453579456 Integrity error (probably normal behaviour): (pymysql.err.IntegrityError) (1062, "Duplicate entry 'Mark Twain' for key 'authors.PRIMARY'")
[SQL: INSERT INTO authors (author, about) VALUES (%(author)s, %(about)s)]
[parameters: {'author': 'Mark Twain', 'about': '/author/Mark-Twain'}]
(Background on this error at: https://sqlalche.me/e/20/gkpj)
2024-10-24T16:18:58.804237+0100 INFO 137970539562688 Row inserted successfully into quotes.
2024-10-24T16:18:58.812999+0100 INFO 137970319361728 Row inserted successfully into authors.
2024-10-24T16:18:58.821331+0100 INFO 137970453579456 Row inserted successfully into quotes.
2024-10-24T16:18:58.827484+0100 INFO 137970539562688 Row inserted successfully into quotes_tags_link.
2024-10-24T16:18:58.832838+0100 INFO 137970319361728 Row inserted successfully into quotes.
2024-10-24T16:18:58.842215+0100 INFO 137970453579456 Row inserted successfully into quotes_tags_link.
2024-10-24T16:18:58.847493+0100 INFO 137970319361728 Row inserted successfully into quotes_tags_link.
2024-10-24T16:18:58.857943+0100 ERROR 137970319361728 Integrity error (probably normal behaviour): (pymysql.err.IntegrityError) (1062, "Duplicate entry 'books' for key 'tags.PRIMARY'")
[SQL: INSERT INTO tags (tag) VALUES (%(tag)s)]
[parameters: {'tag': 'books'}]
(Background on this error at: https://sqlalche.me/e/20/gkpj)
2024-10-24T16:18:58.860725+0100 INFO 137970453579456 Row inserted successfully into tags.
2024-10-24T16:18:58.878123+0100 ERROR 137970319361728 Integrity error (probably normal behaviour): (pymysql.err.IntegrityError) (1062, "Duplicate entry 'classic' for key 'tags.PRIMARY'")
[SQL: INSERT INTO tags (tag) VALUES (%(tag)s)]
[parameters: {'tag': 'classic'}]
(Background on this error at: https://sqlalche.me/e/20/gkpj)
2024-10-24T16:18:58.881292+0100 ERROR 137970453579456 Integrity error (probably normal behaviour): (pymysql.err.IntegrityError) (1062, "Duplicate entry 'life' for key 'tags.PRIMARY'")
[SQL: INSERT INTO tags (tag) VALUES (%(tag)s)]
[parameters: {'tag': 'life'}]
(Background on this error at: https://sqlalche.me/e/20/gkpj)
2024-10-24T16:18:58.889839+0100 ERROR 137970319361728 Integrity error (probably normal behaviour): (pymysql.err.IntegrityError) (1062, "Duplicate entry 'reading' for key 'tags.PRIMARY'")
[SQL: INSERT INTO tags (tag) VALUES (%(tag)s)]
[parameters: {'tag': 'reading'}]
(Background on this error at: https://sqlalche.me/e/20/gkpj)
2024-10-24T16:18:58.897251+0100 INFO 137970453579456 Row inserted successfully into tags.
2024-10-24T16:18:58.902424+0100 ERROR 137970319361728 Integrity error (probably normal behaviour): (pymysql.err.IntegrityError) (1062, "Duplicate entry 'Mark Twain' for key 'authors.PRIMARY'")
[SQL: INSERT INTO authors (author, about) VALUES (%(author)s, %(about)s)]
[parameters: {'author': 'Mark Twain', 'about': '/author/Mark-Twain'}]
(Background on this error at: https://sqlalche.me/e/20/gkpj)
2024-10-24T16:18:58.914761+0100 INFO 137970453579456 Row inserted successfully into tags.
2024-10-24T16:18:58.923133+0100 INFO 137970319361728 Row inserted successfully into quotes.
2024-10-24T16:18:58.933025+0100 INFO 137970453579456 Row inserted successfully into tags.
2024-10-24T16:18:58.939238+0100 INFO 137970319361728 Row inserted successfully into quotes_tags_link.
2024-10-24T16:18:58.949191+0100 INFO 137970453579456 Row inserted successfully into authors.
2024-10-24T16:18:58.964655+0100 INFO 137970453579456 Row inserted successfully into quotes.
2024-10-24T16:18:58.979330+0100 INFO 137970453579456 Row inserted successfully into quotes_tags_link.
2024-10-24T16:18:59.564687+0100 INFO 137970411636416 Successfully fetched the page
2024-10-24T16:18:59.574576+0100 INFO 137970308875968 Successfully fetched the page
2024-10-24T16:18:59.576598+0100 INFO 137970539562688 Successfully fetched the page
2024-10-24T16:18:59.583268+0100 INFO 137970453579456 Successfully fetched the page
2024-10-24T16:18:59.586466+0100 INFO 137970319361728 Successfully fetched the page
2024-10-24T16:18:59.619255+0100 INFO 137970422122176 Successfully fetched the page
2024-10-24T16:18:59.620376+0100 INFO 137970298390208 Successfully fetched the page
2024-10-24T16:18:59.628076+0100 INFO 137970432607936 Successfully fetched the page
2024-10-24T16:18:59.629622+0100 INFO 137970277418688 Successfully fetched the page
2024-10-24T16:18:59.636405+0100 INFO 137970287904448 Successfully fetched the page
2024-10-24T16:18:59.640450+0100 INFO 137970443093696 Successfully fetched the page
2024-10-24T16:18:59.660982+0100 INFO 137970401150656 Successfully fetched the page
2024-10-24T16:18:59.667994+0100 INFO 137970411636416 Row for Steve Martin updated successfully.
2024-10-24T16:18:59.692391+0100 INFO 137970308875968 Row for Marilyn Monroe updated successfully.
2024-10-24T16:18:59.763356+0100 INFO 137970298390208 Row for Dr. Seuss updated successfully.
2024-10-24T16:18:59.769843+0100 INFO 137970453579456 Row for Albert Einstein updated successfully.
2024-10-24T16:18:59.804838+0100 INFO 137970319361728 Row for J.K. Rowling updated successfully.
2024-10-24T16:18:59.823530+0100 INFO 137970277418688 Row for Elie Wiesel updated successfully.
2024-10-24T16:18:59.835392+0100 INFO 137970422122176 Row for Eleanor Roosevelt updated successfully.
2024-10-24T16:18:59.836188+0100 INFO 137970432607936 Row for Thomas A. Edison updated successfully.
2024-10-24T16:18:59.842915+0100 INFO 137970539562688 Row for Jane Austen updated successfully.
2024-10-24T16:18:59.879761+0100 INFO 137970401150656 Row for Bob Marley updated successfully.
2024-10-24T16:18:59.886258+0100 INFO 137970443093696 Row for Andr Gide updated successfully.
2024-10-24T16:18:59.892496+0100 INFO 137970287904448 Row for Douglas Adams updated successfully.
2024-10-24T16:19:00.352783+0100 INFO 137970411636416 Successfully fetched the page
2024-10-24T16:19:00.377840+0100 INFO 137970411636416 Row for Friedrich Nietzsche updated successfully.
2024-10-24T16:19:00.384723+0100 INFO 137970308875968 Successfully fetched the page
2024-10-24T16:19:00.396806+0100 INFO 137970453579456 Successfully fetched the page
2024-10-24T16:19:00.409810+0100 INFO 137970298390208 Successfully fetched the page
2024-10-24T16:19:00.431480+0100 INFO 137970277418688 Successfully fetched the page
2024-10-24T16:19:00.439343+0100 INFO 137970319361728 Successfully fetched the page
2024-10-24T16:19:00.463054+0100 INFO 137970432607936 Successfully fetched the page
2024-10-24T16:19:00.472542+0100 INFO 137970422122176 Successfully fetched the page
2024-10-24T16:19:00.480959+0100 INFO 137970308875968 Row for Mark Twain updated successfully.
2024-10-24T16:19:00.483066+0100 INFO 137970539562688 Successfully fetched the page
2024-10-24T16:19:00.485025+0100 INFO 137970453579456 Row for Pablo Neruda updated successfully.
2024-10-24T16:19:00.486758+0100 INFO 137970443093696 Successfully fetched the page
2024-10-24T16:19:00.494504+0100 INFO 137970401150656 Successfully fetched the page
2024-10-24T16:19:00.497683+0100 INFO 137970287904448 Successfully fetched the page
2024-10-24T16:19:00.504705+0100 INFO 137970298390208 Row for Allen Saunders updated successfully.
2024-10-24T16:19:00.612337+0100 INFO 137970432607936 Row for Jim Henson updated successfully.
2024-10-24T16:19:00.613301+0100 INFO 137970277418688 Row for Mother Teresa updated successfully.
2024-10-24T16:19:00.616910+0100 INFO 137970319361728 Row for Ralph Waldo Emerson updated successfully.
2024-10-24T16:19:00.632463+0100 INFO 137970539562688 Row for Charles M. Schulz updated successfully.
2024-10-24T16:19:00.668748+0100 INFO 137970401150656 Row for William Nicholson updated successfully.
2024-10-24T16:19:00.679191+0100 INFO 137970422122176 Row for Garrison Keillor updated successfully.
2024-10-24T16:19:00.685434+0100 INFO 137970443093696 Row for Jorge Luis Borges updated successfully.
2024-10-24T16:19:00.701545+0100 INFO 137970287904448 Row for George Eliot updated successfully.
2024-10-24T16:19:00.996890+0100 INFO 137970411636416 Successfully fetched the page
2024-10-24T16:19:01.030691+0100 INFO 137970411636416 Row for George R.R. Martin updated successfully.
2024-10-24T16:19:01.125867+0100 INFO 137970308875968 Successfully fetched the page
2024-10-24T16:19:01.150543+0100 INFO 137970453579456 Successfully fetched the page
2024-10-24T16:19:01.151873+0100 INFO 137970308875968 Row for C.S. Lewis updated successfully.
2024-10-24T16:19:01.188035+0100 INFO 137970453579456 Row for Martin Luther King Jr. updated successfully.
2024-10-24T16:19:01.209390+0100 INFO 137970277418688 Successfully fetched the page
2024-10-24T16:19:01.219267+0100 INFO 137970298390208 Successfully fetched the page
2024-10-24T16:19:01.221379+0100 INFO 137970539562688 Successfully fetched the page
2024-10-24T16:19:01.242163+0100 INFO 137970319361728 Successfully fetched the page
2024-10-24T16:19:01.243923+0100 INFO 137970432607936 Successfully fetched the page
2024-10-24T16:19:01.269458+0100 INFO 137970401150656 Successfully fetched the page
2024-10-24T16:19:01.292712+0100 INFO 137970287904448 Successfully fetched the page
2024-10-24T16:19:01.293822+0100 INFO 137970277418688 Row for Alexandre Dumas fils updated successfully.
2024-10-24T16:19:01.317204+0100 INFO 137970422122176 Successfully fetched the page
2024-10-24T16:19:01.318177+0100 INFO 137970539562688 Row for Ernest Hemingway updated successfully.
2024-10-24T16:19:01.346313+0100 INFO 137970432607936 Row for Haruki Murakami updated successfully.
2024-10-24T16:19:01.350820+0100 INFO 137970298390208 Row for James Baldwin updated successfully.
2024-10-24T16:19:01.381121+0100 INFO 137970319361728 Row for Stephenie Meyer updated successfully.
2024-10-24T16:19:01.387811+0100 INFO 137970287904448 Row for Suzanne Collins updated successfully.
2024-10-24T16:19:01.390604+0100 INFO 137970422122176 Row for George Bernard Shaw updated successfully.
2024-10-24T16:19:01.406391+0100 INFO 137970401150656 Row for Helen Keller updated successfully.
2024-10-24T16:19:01.518001+0100 INFO 137970443093696 Successfully fetched the page
2024-10-24T16:19:01.543229+0100 INFO 137970443093696 Row for Charles Bukowski updated successfully.
2024-10-24T16:19:01.741211+0100 INFO 137970411636416 Successfully fetched the page
2024-10-24T16:19:01.767998+0100 INFO 137970411636416 Row for J.R.R. Tolkien updated successfully.
2024-10-24T16:19:01.787745+0100 INFO 137970308875968 Successfully fetched the page
2024-10-24T16:19:01.852291+0100 INFO 137970308875968 Row for Alfred Tennyson updated successfully.
2024-10-24T16:19:01.937546+0100 INFO 137970453579456 Successfully fetched the page
2024-10-24T16:19:01.962981+0100 INFO 137970453579456 Row for Terry Pratchett updated successfully.
2024-10-24T16:19:02.042980+0100 INFO 137970287904448 Successfully fetched the page
2024-10-24T16:19:02.044859+0100 INFO 137970319361728 Successfully fetched the page
2024-10-24T16:19:02.059496+0100 INFO 137970298390208 Successfully fetched the page
2024-10-24T16:19:02.073031+0100 INFO 137970277418688 Successfully fetched the page
2024-10-24T16:19:02.084981+0100 INFO 137970539562688 Successfully fetched the page
2024-10-24T16:19:02.088545+0100 INFO 137970432607936 Successfully fetched the page
2024-10-24T16:19:02.090913+0100 INFO 137970401150656 Successfully fetched the page
2024-10-24T16:19:02.093812+0100 INFO 137970422122176 Successfully fetched the page
2024-10-24T16:19:02.162050+0100 INFO 137970287904448 Row for Jimi Hendrix updated successfully.
2024-10-24T16:19:02.166511+0100 INFO 137970319361728 Row for Ayn Rand updated successfully.
2024-10-24T16:19:02.185451+0100 INFO 137970277418688 Row for J.D. Salinger updated successfully.
2024-10-24T16:19:02.192203+0100 INFO 137970298390208 Row for W.C. Fields updated successfully.
2024-10-24T16:19:02.219633+0100 INFO 137970539562688 Row for George Carlin updated successfully.
2024-10-24T16:19:02.226818+0100 INFO 137970401150656 Row for E.E. Cummings updated successfully.
2024-10-24T16:19:02.231459+0100 INFO 137970443093696 Successfully fetched the page
2024-10-24T16:19:02.232758+0100 INFO 137970432607936 Row for John Lennon updated successfully.
2024-10-24T16:19:02.247340+0100 INFO 137970422122176 Row for J.M. Barrie updated successfully.
2024-10-24T16:19:02.267720+0100 INFO 137970443093696 Row for Khaled Hosseini updated successfully.
2024-10-24T16:19:02.483172+0100 INFO 137970308875968 Successfully fetched the page
2024-10-24T16:19:02.509295+0100 INFO 137970308875968 Row for Madeleine L'Engle updated successfully.
2024-10-24T16:19:02.563709+0100 INFO 137970411636416 Successfully fetched the page
2024-10-24T16:19:02.592188+0100 INFO 137970411636416 Row for Harper Lee updated successfully.
