2024-10-24T15:47:45.459276+0100 INFO 130317224681600 Ensured data directory exists at /home/daxo/code/scraping_quotes/scraping_quotes/data
2024-10-24T15:47:45.513011+0100 INFO 130317224681600 Created database engine for /home/daxo/code/scraping_quotes/scraping_quotes/data/quotes.db
2024-10-24T15:47:45.568558+0100 INFO 130317224681600 Database schema initialized successfully.
2024-10-24T15:47:45.571409+0100 INFO 130317224681600 Tables in the database: ['TestTable', 'authors', 'quotes', 'quotes_tags_link', 'tags']
2024-10-24T15:47:45.571599+0100 ERROR 130317224681600 Not all required tables were created.
2024-10-24T15:47:45.579653+0100 INFO 130317224681600 Database schema initialized successfully.
2024-10-24T15:47:45.581368+0100 INFO 130317224681600 Tables in the database: ['TestTable', 'authors', 'quotes', 'quotes_tags_link', 'tags']
2024-10-24T15:47:45.581480+0100 ERROR 130317224681600 Not all required tables were created.
2024-10-24T15:47:45.615095+0100 INFO 130317224681600 All tables truncated successfully.
2024-10-24T15:47:45.616416+0100 INFO 130317224681600 Database initialized successfully with new records.
2024-10-24T15:47:46.106474+0100 INFO 130317224681600 Successfully fetched the page
2024-10-24T15:47:47.122556+0100 INFO 130317224681600 Successfully fetched the page
2024-10-24T15:47:47.766091+0100 INFO 130316452759232 Successfully fetched the page
2024-10-24T15:47:47.768911+0100 INFO 130316442273472 Successfully fetched the page
2024-10-24T15:47:47.778118+0100 INFO 130316473730752 Successfully fetched the page
2024-10-24T15:47:47.795597+0100 INFO 130316341610176 Successfully fetched the page
2024-10-24T15:47:47.879077+0100 INFO 130316352095936 Successfully fetched the page
2024-10-24T15:47:47.895623+0100 INFO 130316463244992 Successfully fetched the page
2024-10-24T15:47:47.897521+0100 INFO 130316320638656 Successfully fetched the page
2024-10-24T15:47:47.899264+0100 INFO 130316310152896 Successfully fetched the page
2024-10-24T15:47:47.901584+0100 INFO 130316331124416 Successfully fetched the page
2024-10-24T15:47:47.904155+0100 INFO 130316431787712 Successfully fetched the page
2024-10-24T15:47:48.156556+0100 INFO 130316463244992 Row inserted successfully into tags.
2024-10-24T15:47:48.171956+0100 INFO 130316452759232 Row inserted successfully into tags.
2024-10-24T15:47:48.183741+0100 INFO 130316431787712 Row inserted successfully into tags.
2024-10-24T15:47:48.189145+0100 INFO 130316442273472 Row inserted successfully into tags.
2024-10-24T15:47:48.190193+0100 INFO 130316352095936 Row inserted successfully into tags.
2024-10-24T15:47:48.195064+0100 INFO 130316320638656 Row inserted successfully into tags.
2024-10-24T15:47:48.196441+0100 INFO 130316473730752 Row inserted successfully into tags.
2024-10-24T15:47:48.200929+0100 INFO 130316341610176 Row inserted successfully into tags.
2024-10-24T15:47:48.202307+0100 INFO 130316463244992 Row inserted successfully into tags.
2024-10-24T15:47:48.217677+0100 INFO 130316331124416 Row inserted successfully into tags.
2024-10-24T15:47:48.220998+0100 INFO 130316310152896 Row inserted successfully into tags.
2024-10-24T15:47:48.238760+0100 INFO 130316452759232 Row inserted successfully into tags.
2024-10-24T15:47:48.242641+0100 INFO 130316473730752 Row inserted successfully into tags.
2024-10-24T15:47:48.245344+0100 INFO 130316320638656 Row inserted successfully into authors.
2024-10-24T15:47:48.248288+0100 INFO 130316431787712 Row inserted successfully into tags.
2024-10-24T15:47:48.250219+0100 INFO 130316352095936 Row inserted successfully into tags.
2024-10-24T15:47:48.252449+0100 INFO 130316442273472 Row inserted successfully into tags.
2024-10-24T15:47:48.256619+0100 INFO 130316341610176 Row inserted successfully into authors.
2024-10-24T15:47:48.259467+0100 INFO 130316463244992 Row inserted successfully into tags.
2024-10-24T15:47:48.271932+0100 INFO 130316331124416 Row inserted successfully into tags.
2024-10-24T15:47:48.277904+0100 INFO 130316352095936 Row inserted successfully into authors.
2024-10-24T15:47:48.294895+0100 INFO 130316473730752 Row inserted successfully into tags.
2024-10-24T15:47:48.297937+0100 INFO 130316310152896 Row inserted successfully into authors.
2024-10-24T15:47:48.307584+0100 INFO 130316442273472 Row inserted successfully into tags.
2024-10-24T15:47:48.310776+0100 INFO 130316341610176 Row inserted successfully into quotes.
2024-10-24T15:47:48.314042+0100 INFO 130316331124416 Row inserted successfully into authors.
2024-10-24T15:47:48.317917+0100 INFO 130316352095936 Row inserted successfully into quotes.
2024-10-24T15:47:48.322105+0100 INFO 130316320638656 Row inserted successfully into quotes.
2024-10-24T15:47:48.323569+0100 INFO 130316463244992 Row inserted successfully into tags.
2024-10-24T15:47:48.326400+0100 INFO 130316431787712 Row inserted successfully into tags.
2024-10-24T15:47:48.328014+0100 INFO 130316452759232 Row inserted successfully into authors.
2024-10-24T15:47:48.343187+0100 INFO 130316473730752 Row inserted successfully into tags.
2024-10-24T15:47:48.348082+0100 INFO 130316310152896 Row inserted successfully into quotes.
2024-10-24T15:47:48.353927+0100 INFO 130316442273472 Row inserted successfully into authors.
2024-10-24T15:47:48.355660+0100 INFO 130316331124416 Row inserted successfully into quotes.
2024-10-24T15:47:48.367837+0100 INFO 130316320638656 Row inserted successfully into quotes_tags_link.
2024-10-24T15:47:48.370887+0100 INFO 130316341610176 Row inserted successfully into quotes_tags_link.
2024-10-24T15:47:48.375315+0100 INFO 130316352095936 Row inserted successfully into quotes_tags_link.
2024-10-24T15:47:48.382666+0100 INFO 130316463244992 Row inserted successfully into tags.
2024-10-24T15:47:48.390040+0100 INFO 130316431787712 Row inserted successfully into tags.
2024-10-24T15:47:48.394833+0100 INFO 130316452759232 Row inserted successfully into quotes.
2024-10-24T15:47:48.397239+0100 INFO 130316473730752 Row inserted successfully into authors.
2024-10-24T15:47:48.409580+0100 INFO 130316310152896 Row inserted successfully into quotes_tags_link.
2024-10-24T15:47:48.415882+0100 INFO 130316442273472 Row inserted successfully into quotes.
2024-10-24T15:47:48.419404+0100 INFO 130316320638656 Row inserted successfully into tags.
2024-10-24T15:47:48.426566+0100 INFO 130316331124416 Row inserted successfully into quotes_tags_link.
2024-10-24T15:47:48.443129+0100 INFO 130316452759232 Row inserted successfully into quotes_tags_link.
2024-10-24T15:47:48.446979+0100 INFO 130316352095936 Row inserted successfully into tags.
2024-10-24T15:47:48.453755+0100 INFO 130316341610176 Row inserted successfully into tags.
2024-10-24T15:47:48.457330+0100 INFO 130316431787712 Row inserted successfully into authors.
2024-10-24T15:47:48.460429+0100 INFO 130316473730752 Row inserted successfully into quotes.
2024-10-24T15:47:48.463220+0100 INFO 130316463244992 Row inserted successfully into tags.
2024-10-24T15:47:48.465063+0100 INFO 130316442273472 Row inserted successfully into quotes_tags_link.
2024-10-24T15:47:48.469527+0100 INFO 130316310152896 Row inserted successfully into tags.
2024-10-24T15:47:48.473370+0100 INFO 130316320638656 Row inserted successfully into tags.
2024-10-24T15:47:48.483944+0100 INFO 130316331124416 Row inserted successfully into tags.
2024-10-24T15:47:48.494923+0100 INFO 130316341610176 Row inserted successfully into authors.
2024-10-24T15:47:48.500354+0100 INFO 130316352095936 Row inserted successfully into tags.
2024-10-24T15:47:48.504915+0100 INFO 130316452759232 Row inserted successfully into tags.
2024-10-24T15:47:48.513085+0100 INFO 130316431787712 Row inserted successfully into quotes.
2024-10-24T15:47:48.515852+0100 INFO 130316463244992 Row inserted successfully into authors.
2024-10-24T15:47:48.525312+0100 INFO 130316442273472 Row inserted successfully into tags.
2024-10-24T15:47:48.529260+0100 INFO 130316310152896 Row inserted successfully into tags.
2024-10-24T15:47:48.533868+0100 INFO 130316331124416 Row inserted successfully into authors.
2024-10-24T15:47:48.537086+0100 INFO 130316473730752 Row inserted successfully into quotes_tags_link.
2024-10-24T15:47:48.545108+0100 INFO 130316341610176 Row inserted successfully into quotes.
2024-10-24T15:47:48.548899+0100 INFO 130316320638656 Row inserted successfully into tags.
2024-10-24T15:47:48.557776+0100 INFO 130316352095936 Row inserted successfully into tags.
2024-10-24T15:47:48.567478+0100 INFO 130316431787712 Row inserted successfully into quotes_tags_link.
2024-10-24T15:47:48.571937+0100 INFO 130316463244992 Row inserted successfully into quotes.
2024-10-24T15:47:48.578080+0100 INFO 130316442273472 Row inserted successfully into authors.
2024-10-24T15:47:48.579788+0100 INFO 130316310152896 Row inserted successfully into authors.
2024-10-24T15:47:48.580604+0100 INFO 130316452759232 Row inserted successfully into authors.
2024-10-24T15:47:48.590570+0100 INFO 130316320638656 Row inserted successfully into tags.
2024-10-24T15:47:48.592260+0100 INFO 130316473730752 Row inserted successfully into tags.
2024-10-24T15:47:48.602577+0100 INFO 130316341610176 Row inserted successfully into quotes_tags_link.
2024-10-24T15:47:48.605418+0100 INFO 130316331124416 Row inserted successfully into quotes.
2024-10-24T15:47:48.611836+0100 INFO 130316352095936 Row inserted successfully into authors.
2024-10-24T15:47:48.612894+0100 INFO 130316431787712 Row inserted successfully into tags.
2024-10-24T15:47:48.620449+0100 INFO 130316463244992 Row inserted successfully into quotes_tags_link.
2024-10-24T15:47:48.625948+0100 INFO 130316442273472 Row inserted successfully into quotes.
2024-10-24T15:47:48.639252+0100 INFO 130316310152896 Row inserted successfully into quotes.
2024-10-24T15:47:48.640786+0100 INFO 130316452759232 Row inserted successfully into quotes.
2024-10-24T15:47:48.660899+0100 INFO 130316320638656 Row inserted successfully into authors.
2024-10-24T15:47:48.676267+0100 INFO 130316331124416 Row inserted successfully into quotes_tags_link.
2024-10-24T15:47:48.677306+0100 INFO 130316473730752 Row inserted successfully into tags.
2024-10-24T15:47:48.684164+0100 INFO 130316341610176 Row inserted successfully into tags.
2024-10-24T15:47:48.690443+0100 INFO 130316431787712 Row inserted successfully into tags.
2024-10-24T15:47:48.697679+0100 INFO 130316463244992 Row inserted successfully into tags.
2024-10-24T15:47:48.712891+0100 INFO 130316352095936 Row inserted successfully into quotes.
2024-10-24T15:47:48.721176+0100 INFO 130316310152896 Row inserted successfully into quotes_tags_link.
2024-10-24T15:47:48.734053+0100 INFO 130316331124416 Row inserted successfully into tags.
2024-10-24T15:47:48.739732+0100 INFO 130316442273472 Row inserted successfully into quotes_tags_link.
2024-10-24T15:47:48.750007+0100 INFO 130316452759232 Row inserted successfully into quotes_tags_link.
2024-10-24T15:47:48.753769+0100 INFO 130316473730752 Row inserted successfully into authors.
2024-10-24T15:47:48.758169+0100 INFO 130316320638656 Row inserted successfully into quotes.
2024-10-24T15:47:48.763246+0100 INFO 130316341610176 Row inserted successfully into authors.
2024-10-24T15:47:48.774352+0100 INFO 130316463244992 Row inserted successfully into tags.
2024-10-24T15:47:48.775302+0100 INFO 130316431787712 Row inserted successfully into tags.
2024-10-24T15:47:48.777063+0100 INFO 130316310152896 Row inserted successfully into tags.
2024-10-24T15:47:48.789124+0100 INFO 130316352095936 Row inserted successfully into quotes_tags_link.
2024-10-24T15:47:48.790944+0100 INFO 130316331124416 Row inserted successfully into tags.
2024-10-24T15:47:48.798340+0100 INFO 130316473730752 Row inserted successfully into quotes.
2024-10-24T15:47:48.808860+0100 INFO 130316452759232 Row inserted successfully into tags.
2024-10-24T15:47:48.810210+0100 INFO 130316442273472 Row inserted successfully into tags.
2024-10-24T15:47:48.813037+0100 INFO 130316341610176 Row inserted successfully into quotes.
2024-10-24T15:47:48.821972+0100 INFO 130316352095936 Row inserted successfully into tags.
2024-10-24T15:47:48.824841+0100 INFO 130316320638656 Row inserted successfully into quotes_tags_link.
2024-10-24T15:47:48.846352+0100 INFO 130316331124416 Row inserted successfully into tags.
2024-10-24T15:47:48.850889+0100 INFO 130316431787712 Row inserted successfully into tags.
2024-10-24T15:47:48.855096+0100 INFO 130316473730752 Row inserted successfully into quotes_tags_link.
2024-10-24T15:47:48.857187+0100 INFO 130316452759232 Row inserted successfully into authors.
2024-10-24T15:47:48.858319+0100 INFO 130316463244992 Row inserted successfully into authors.
2024-10-24T15:47:48.863756+0100 INFO 130316310152896 Row inserted successfully into tags.
2024-10-24T15:47:48.875858+0100 INFO 130316442273472 Row inserted successfully into authors.
2024-10-24T15:47:48.879669+0100 INFO 130316341610176 Row inserted successfully into quotes_tags_link.
2024-10-24T15:47:48.881079+0100 INFO 130316320638656 Row inserted successfully into tags.
2024-10-24T15:47:48.888603+0100 INFO 130316431787712 Row inserted successfully into authors.
2024-10-24T15:47:48.893751+0100 INFO 130316331124416 Row inserted successfully into authors.
2024-10-24T15:47:48.895113+0100 INFO 130316352095936 Row inserted successfully into authors.
2024-10-24T15:47:48.901134+0100 INFO 130316473730752 Row inserted successfully into tags.
2024-10-24T15:47:48.903047+0100 INFO 130316452759232 Row inserted successfully into quotes.
2024-10-24T15:47:48.915762+0100 INFO 130316463244992 Row inserted successfully into quotes.
2024-10-24T15:47:48.916665+0100 INFO 130316341610176 Row inserted successfully into tags.
2024-10-24T15:47:48.917657+0100 INFO 130316310152896 Row inserted successfully into authors.
2024-10-24T15:47:48.922968+0100 INFO 130316442273472 Row inserted successfully into quotes.
2024-10-24T15:47:48.932456+0100 INFO 130316320638656 Row inserted successfully into authors.
2024-10-24T15:47:48.949078+0100 INFO 130316431787712 Row inserted successfully into quotes.
2024-10-24T15:47:48.962833+0100 INFO 130316352095936 Row inserted successfully into quotes.
2024-10-24T15:47:48.967133+0100 INFO 130316463244992 Row inserted successfully into quotes_tags_link.
2024-10-24T15:47:48.970959+0100 INFO 130316310152896 Row inserted successfully into quotes.
2024-10-24T15:47:48.974676+0100 INFO 130316331124416 Row inserted successfully into quotes.
2024-10-24T15:47:48.976540+0100 INFO 130316341610176 Row inserted successfully into authors.
2024-10-24T15:47:48.979167+0100 INFO 130316473730752 Row inserted successfully into tags.
2024-10-24T15:47:48.984084+0100 INFO 130316442273472 Row inserted successfully into quotes_tags_link.
2024-10-24T15:47:48.985100+0100 INFO 130316320638656 Row inserted successfully into quotes.
2024-10-24T15:47:48.987382+0100 INFO 130316452759232 Row inserted successfully into quotes_tags_link.
2024-10-24T15:47:49.005324+0100 INFO 130316352095936 Row inserted successfully into quotes_tags_link.
2024-10-24T15:47:49.010162+0100 INFO 130316310152896 Row inserted successfully into quotes_tags_link.
2024-10-24T15:47:49.017524+0100 INFO 130316341610176 Row inserted successfully into quotes.
2024-10-24T15:47:49.026105+0100 INFO 130316331124416 Row inserted successfully into quotes_tags_link.
2024-10-24T15:47:49.030558+0100 INFO 130316463244992 Row inserted successfully into tags.
2024-10-24T15:47:49.035300+0100 INFO 130316431787712 Row inserted successfully into quotes_tags_link.
2024-10-24T15:47:49.036609+0100 INFO 130316473730752 Row inserted successfully into tags.
2024-10-24T15:47:49.054400+0100 INFO 130316442273472 Row inserted successfully into tags.
2024-10-24T15:47:49.056533+0100 INFO 130316320638656 Row inserted successfully into quotes_tags_link.
2024-10-24T15:47:49.059188+0100 INFO 130316352095936 Row inserted successfully into tags.
2024-10-24T15:47:49.062847+0100 INFO 130316452759232 Row inserted successfully into tags.
2024-10-24T15:47:49.066789+0100 INFO 130316310152896 Row inserted successfully into tags.
2024-10-24T15:47:49.073766+0100 INFO 130316331124416 Row inserted successfully into tags.
2024-10-24T15:47:49.074685+0100 INFO 130316341610176 Row inserted successfully into quotes_tags_link.
2024-10-24T15:47:49.075623+0100 INFO 130316463244992 Row inserted successfully into tags.
2024-10-24T15:47:49.085431+0100 INFO 130316442273472 Row inserted successfully into tags.
2024-10-24T15:47:49.103728+0100 INFO 130316352095936 Row inserted successfully into authors.
2024-10-24T15:47:49.105338+0100 INFO 130316473730752 Row inserted successfully into tags.
2024-10-24T15:47:49.107522+0100 INFO 130316310152896 Row inserted successfully into authors.
2024-10-24T15:47:49.115887+0100 INFO 130316431787712 Row inserted successfully into tags.
2024-10-24T15:47:49.117639+0100 INFO 130316331124416 Row inserted successfully into tags.
2024-10-24T15:47:49.119387+0100 INFO 130316452759232 Row inserted successfully into tags.
2024-10-24T15:47:49.125913+0100 INFO 130316341610176 Row inserted successfully into tags.
2024-10-24T15:47:49.139300+0100 INFO 130316352095936 Row inserted successfully into quotes.
2024-10-24T15:47:49.140511+0100 INFO 130316463244992 Row inserted successfully into authors.
2024-10-24T15:47:49.152828+0100 INFO 130316442273472 Row inserted successfully into authors.
2024-10-24T15:47:49.159846+0100 INFO 130316473730752 Row inserted successfully into tags.
2024-10-24T15:47:49.161986+0100 INFO 130316331124416 Row inserted successfully into authors.
2024-10-24T15:47:49.164412+0100 INFO 130316310152896 Row inserted successfully into quotes.
2024-10-24T15:47:49.169233+0100 INFO 130316320638656 Row inserted successfully into tags.
2024-10-24T15:47:49.174261+0100 INFO 130316352095936 Row inserted successfully into quotes_tags_link.
2024-10-24T15:47:49.177523+0100 INFO 130316341610176 Row inserted successfully into tags.
2024-10-24T15:47:49.186918+0100 INFO 130316452759232 Row inserted successfully into authors.
2024-10-24T15:47:49.190655+0100 INFO 130316431787712 Row inserted successfully into authors.
2024-10-24T15:47:49.200758+0100 INFO 130316463244992 Row inserted successfully into quotes.
2024-10-24T15:47:49.204246+0100 INFO 130316352095936 Row inserted successfully into tags.
2024-10-24T15:47:49.208794+0100 INFO 130316473730752 Row inserted successfully into authors.
2024-10-24T15:47:49.215104+0100 INFO 130316442273472 Row inserted successfully into quotes.
2024-10-24T15:47:49.221196+0100 INFO 130316341610176 Row inserted successfully into tags.
2024-10-24T15:47:49.228157+0100 INFO 130316310152896 Row inserted successfully into quotes_tags_link.
2024-10-24T15:47:49.228924+0100 INFO 130316331124416 Row inserted successfully into quotes.
2024-10-24T15:47:49.231988+0100 INFO 130316452759232 Row inserted successfully into quotes.
2024-10-24T15:47:49.242941+0100 INFO 130316320638656 Row inserted successfully into tags.
2024-10-24T15:47:49.245027+0100 INFO 130316431787712 Row inserted successfully into quotes.
2024-10-24T15:47:49.246244+0100 INFO 130316463244992 Row inserted successfully into quotes_tags_link.
2024-10-24T15:47:49.248859+0100 INFO 130316352095936 Row inserted successfully into tags.
2024-10-24T15:47:49.255995+0100 INFO 130316473730752 Row inserted successfully into quotes.
2024-10-24T15:47:49.267630+0100 INFO 130316442273472 Row inserted successfully into quotes_tags_link.
2024-10-24T15:47:49.273415+0100 INFO 130316310152896 Row inserted successfully into tags.
2024-10-24T15:47:49.277619+0100 INFO 130316331124416 Row inserted successfully into quotes_tags_link.
2024-10-24T15:47:49.283641+0100 INFO 130316431787712 Row inserted successfully into quotes_tags_link.
2024-10-24T15:47:49.287412+0100 INFO 130316341610176 Row inserted successfully into tags.
2024-10-24T15:47:49.288333+0100 INFO 130316320638656 Row inserted successfully into tags.
2024-10-24T15:47:49.301116+0100 INFO 130316463244992 Row inserted successfully into tags.
2024-10-24T15:47:49.304163+0100 INFO 130316452759232 Row inserted successfully into quotes_tags_link.
2024-10-24T15:47:49.306550+0100 INFO 130316352095936 Row inserted successfully into authors.
2024-10-24T15:47:49.312000+0100 INFO 130316473730752 Row inserted successfully into quotes_tags_link.
2024-10-24T15:47:49.320375+0100 INFO 130316442273472 Row inserted successfully into tags.
2024-10-24T15:47:49.324181+0100 INFO 130316331124416 Row inserted successfully into tags.
2024-10-24T15:47:49.327559+0100 INFO 130316310152896 Row inserted successfully into authors.
2024-10-24T15:47:49.339185+0100 INFO 130316320638656 Row inserted successfully into authors.
2024-10-24T15:47:49.349548+0100 INFO 130316463244992 Row inserted successfully into authors.
2024-10-24T15:47:49.354672+0100 INFO 130316341610176 Row inserted successfully into tags.
2024-10-24T15:47:49.358025+0100 INFO 130316431787712 Row inserted successfully into tags.
2024-10-24T15:47:49.363846+0100 INFO 130316352095936 Row inserted successfully into quotes.
2024-10-24T15:47:49.364763+0100 INFO 130316452759232 Row inserted successfully into tags.
2024-10-24T15:47:49.371848+0100 INFO 130316331124416 Row inserted successfully into tags.
2024-10-24T15:47:49.378249+0100 INFO 130316473730752 Row inserted successfully into tags.
2024-10-24T15:47:49.386164+0100 INFO 130316310152896 Row inserted successfully into quotes.
2024-10-24T15:47:49.386950+0100 INFO 130316442273472 Row inserted successfully into tags.
2024-10-24T15:47:49.393462+0100 INFO 130316463244992 Row inserted successfully into quotes.
2024-10-24T15:47:49.396881+0100 INFO 130316320638656 Row inserted successfully into quotes.
2024-10-24T15:47:49.404411+0100 INFO 130316341610176 Row inserted successfully into tags.
2024-10-24T15:47:49.411282+0100 INFO 130316431787712 Row inserted successfully into tags.
2024-10-24T15:47:49.418170+0100 INFO 130316331124416 Row inserted successfully into tags.
2024-10-24T15:47:49.429625+0100 INFO 130316352095936 Row inserted successfully into quotes_tags_link.
2024-10-24T15:47:49.433296+0100 INFO 130316473730752 Row inserted successfully into tags.
2024-10-24T15:47:49.435215+0100 INFO 130316452759232 Row inserted successfully into authors.
2024-10-24T15:47:49.444056+0100 INFO 130316442273472 Row inserted successfully into authors.
2024-10-24T15:47:49.448163+0100 INFO 130316310152896 Row inserted successfully into quotes_tags_link.
2024-10-24T15:47:49.449424+0100 INFO 130316463244992 Row inserted successfully into quotes_tags_link.
2024-10-24T15:47:49.456471+0100 INFO 130316320638656 Row inserted successfully into quotes_tags_link.
2024-10-24T15:47:49.471961+0100 INFO 130316341610176 Row inserted successfully into authors.
2024-10-24T15:47:49.480950+0100 INFO 130316352095936 Row inserted successfully into tags.
2024-10-24T15:47:49.482080+0100 INFO 130316431787712 Row inserted successfully into authors.
2024-10-24T15:47:49.486188+0100 INFO 130316452759232 Row inserted successfully into quotes.
2024-10-24T15:47:49.491074+0100 INFO 130316473730752 Row inserted successfully into tags.
2024-10-24T15:47:49.496437+0100 INFO 130316310152896 Row inserted successfully into tags.
2024-10-24T15:47:49.502520+0100 INFO 130316331124416 Row inserted successfully into tags.
2024-10-24T15:47:49.512375+0100 INFO 130316442273472 Row inserted successfully into quotes.
2024-10-24T15:47:49.518681+0100 INFO 130316352095936 Row inserted successfully into authors.
2024-10-24T15:47:49.520331+0100 INFO 130316463244992 Row inserted successfully into tags.
2024-10-24T15:47:49.541933+0100 INFO 130316473730752 Row inserted successfully into tags.
2024-10-24T15:47:49.545035+0100 INFO 130316320638656 Row inserted successfully into tags.
2024-10-24T15:47:49.546748+0100 INFO 130316452759232 Row inserted successfully into quotes_tags_link.
2024-10-24T15:47:49.550661+0100 INFO 130316431787712 Row inserted successfully into quotes.
2024-10-24T15:47:49.556022+0100 INFO 130316331124416 Row inserted successfully into tags.
2024-10-24T15:47:49.561502+0100 INFO 130316442273472 Row inserted successfully into quotes_tags_link.
2024-10-24T15:47:49.565116+0100 INFO 130316341610176 Row inserted successfully into quotes.
2024-10-24T15:47:49.566354+0100 INFO 130316352095936 Row inserted successfully into quotes.
2024-10-24T15:47:49.574440+0100 INFO 130316310152896 Row inserted successfully into authors.
2024-10-24T15:47:49.575547+0100 INFO 130316463244992 Row inserted successfully into authors.
2024-10-24T15:47:49.584684+0100 INFO 130316452759232 Row inserted successfully into tags.
2024-10-24T15:47:49.592449+0100 INFO 130316473730752 Row inserted successfully into authors.
2024-10-24T15:47:49.594073+0100 INFO 130316320638656 Row inserted successfully into tags.
2024-10-24T15:47:49.599089+0100 INFO 130316431787712 Row inserted successfully into quotes_tags_link.
2024-10-24T15:47:49.611014+0100 INFO 130316331124416 Row inserted successfully into authors.
2024-10-24T15:47:49.618618+0100 INFO 130316341610176 Row inserted successfully into quotes_tags_link.
2024-10-24T15:47:49.623085+0100 INFO 130316442273472 Row inserted successfully into tags.
2024-10-24T15:47:49.628427+0100 INFO 130316352095936 Row inserted successfully into quotes_tags_link.
2024-10-24T15:47:49.640494+0100 INFO 130316463244992 Row inserted successfully into quotes.
2024-10-24T15:47:49.643852+0100 INFO 130316310152896 Row inserted successfully into quotes.
2024-10-24T15:47:49.644744+0100 INFO 130316473730752 Row inserted successfully into quotes.
2024-10-24T15:47:49.647687+0100 INFO 130316452759232 Row inserted successfully into tags.
2024-10-24T15:47:49.662855+0100 INFO 130316431787712 Row inserted successfully into tags.
2024-10-24T15:47:49.671683+0100 INFO 130316320638656 Row inserted successfully into authors.
2024-10-24T15:47:49.674078+0100 INFO 130316341610176 Row inserted successfully into tags.
2024-10-24T15:47:49.681260+0100 INFO 130316463244992 Row inserted successfully into quotes_tags_link.
2024-10-24T15:47:49.686659+0100 INFO 130316473730752 Row inserted successfully into quotes_tags_link.
2024-10-24T15:47:49.689167+0100 INFO 130316331124416 Row inserted successfully into quotes.
2024-10-24T15:47:49.697479+0100 INFO 130316431787712 Row inserted successfully into tags.
2024-10-24T15:47:49.700053+0100 INFO 130316310152896 Row inserted successfully into quotes_tags_link.
2024-10-24T15:47:49.702434+0100 INFO 130316452759232 Row inserted successfully into tags.
2024-10-24T15:47:49.704632+0100 INFO 130316442273472 Row inserted successfully into tags.
2024-10-24T15:47:49.710758+0100 INFO 130316352095936 Row inserted successfully into tags.
2024-10-24T15:47:49.718894+0100 INFO 130316341610176 Row inserted successfully into authors.
2024-10-24T15:47:49.728318+0100 INFO 130316320638656 Row inserted successfully into quotes.
2024-10-24T15:47:49.734986+0100 INFO 130316431787712 Row inserted successfully into authors.
2024-10-24T15:47:49.740310+0100 INFO 130316473730752 Row inserted successfully into tags.
2024-10-24T15:47:49.743117+0100 INFO 130316331124416 Row inserted successfully into quotes_tags_link.
2024-10-24T15:47:49.744848+0100 INFO 130316310152896 Row inserted successfully into tags.
2024-10-24T15:47:49.760466+0100 INFO 130316463244992 Row inserted successfully into tags.
2024-10-24T15:47:49.761470+0100 INFO 130316452759232 Row inserted successfully into authors.
2024-10-24T15:47:49.763520+0100 INFO 130316320638656 Row inserted successfully into quotes_tags_link.
2024-10-24T15:47:49.770123+0100 INFO 130316341610176 Row inserted successfully into quotes.
2024-10-24T15:47:49.775468+0100 INFO 130316442273472 Row inserted successfully into tags.
2024-10-24T15:47:49.780263+0100 INFO 130316352095936 Row inserted successfully into tags.
2024-10-24T15:47:49.789095+0100 INFO 130316310152896 Row inserted successfully into tags.
2024-10-24T15:47:49.794984+0100 INFO 130316473730752 Row inserted successfully into tags.
2024-10-24T15:47:49.798083+0100 INFO 130316463244992 Row inserted successfully into tags.
2024-10-24T15:47:49.799088+0100 INFO 130316431787712 Row inserted successfully into quotes.
2024-10-24T15:47:49.800193+0100 INFO 130316331124416 Row inserted successfully into tags.
2024-10-24T15:47:49.807097+0100 INFO 130316452759232 Row inserted successfully into quotes.
2024-10-24T15:47:49.820370+0100 INFO 130316442273472 Row inserted successfully into authors.
2024-10-24T15:47:49.823546+0100 INFO 130316320638656 Row inserted successfully into tags.
2024-10-24T15:47:49.827685+0100 INFO 130316341610176 Row inserted successfully into quotes_tags_link.
2024-10-24T15:47:49.829598+0100 INFO 130316352095936 Row inserted successfully into tags.
2024-10-24T15:47:49.835040+0100 INFO 130316473730752 Row inserted successfully into authors.
2024-10-24T15:47:49.836197+0100 INFO 130316463244992 Row inserted successfully into authors.
2024-10-24T15:47:49.837358+0100 INFO 130316310152896 Row inserted successfully into tags.
2024-10-24T15:47:49.844357+0100 INFO 130316431787712 Row inserted successfully into quotes_tags_link.
2024-10-24T15:47:49.850416+0100 INFO 130316331124416 Row inserted successfully into tags.
2024-10-24T15:47:49.865233+0100 INFO 130316442273472 Row inserted successfully into quotes.
2024-10-24T15:47:49.867803+0100 INFO 130316320638656 Row inserted successfully into tags.
2024-10-24T15:47:49.871829+0100 INFO 130316352095936 Row inserted successfully into authors.
2024-10-24T15:47:49.872565+0100 INFO 130316341610176 Row inserted successfully into tags.
2024-10-24T15:47:49.877353+0100 INFO 130316452759232 Row inserted successfully into quotes_tags_link.
2024-10-24T15:47:49.887053+0100 INFO 130316463244992 Row inserted successfully into quotes.
2024-10-24T15:47:49.899426+0100 INFO 130316310152896 Row inserted successfully into tags.
2024-10-24T15:47:49.903095+0100 INFO 130316473730752 Row inserted successfully into quotes.
2024-10-24T15:47:49.905413+0100 INFO 130316331124416 Row inserted successfully into tags.
2024-10-24T15:47:49.907245+0100 INFO 130316431787712 Row inserted successfully into tags.
2024-10-24T15:47:49.914790+0100 INFO 130316442273472 Row inserted successfully into quotes_tags_link.
2024-10-24T15:47:49.921572+0100 INFO 130316320638656 Row inserted successfully into tags.
2024-10-24T15:47:49.927469+0100 INFO 130316452759232 Row inserted successfully into tags.
2024-10-24T15:47:49.934006+0100 INFO 130316310152896 Row inserted successfully into tags.
2024-10-24T15:47:49.934975+0100 INFO 130316463244992 Row inserted successfully into quotes_tags_link.
2024-10-24T15:47:49.937245+0100 INFO 130316352095936 Row inserted successfully into quotes.
2024-10-24T15:47:49.943918+0100 INFO 130316341610176 Row inserted successfully into tags.
2024-10-24T15:47:49.950231+0100 INFO 130316442273472 Row inserted successfully into tags.
2024-10-24T15:47:49.956736+0100 INFO 130316473730752 Row inserted successfully into quotes_tags_link.
2024-10-24T15:47:49.962868+0100 INFO 130316331124416 Row inserted successfully into tags.
2024-10-24T15:47:49.975242+0100 INFO 130316431787712 Row inserted successfully into authors.
2024-10-24T15:47:49.976286+0100 INFO 130316341610176 Row inserted successfully into authors.
2024-10-24T15:47:49.988413+0100 INFO 130316452759232 Row inserted successfully into tags.
2024-10-24T15:47:49.989314+0100 INFO 130316310152896 Row inserted successfully into tags.
2024-10-24T15:47:49.991618+0100 INFO 130316320638656 Row inserted successfully into authors.
2024-10-24T15:47:49.992502+0100 INFO 130316463244992 Row inserted successfully into tags.
2024-10-24T15:47:49.993789+0100 INFO 130316352095936 Row inserted successfully into quotes_tags_link.
2024-10-24T15:47:50.000543+0100 INFO 130316473730752 Row inserted successfully into tags.
2024-10-24T15:47:50.011388+0100 INFO 130316331124416 Row inserted successfully into tags.
2024-10-24T15:47:50.012774+0100 INFO 130316431787712 Row inserted successfully into quotes.
2024-10-24T15:47:50.013619+0100 INFO 130316442273472 Row inserted successfully into tags.
2024-10-24T15:47:50.033898+0100 INFO 130316310152896 Row inserted successfully into tags.
2024-10-24T15:47:50.034881+0100 INFO 130316341610176 Row inserted successfully into quotes.
2024-10-24T15:47:50.036131+0100 INFO 130316452759232 Row inserted successfully into authors.
2024-10-24T15:47:50.037366+0100 INFO 130316463244992 Row inserted successfully into tags.
2024-10-24T15:47:50.046475+0100 INFO 130316431787712 Row inserted successfully into quotes_tags_link.
2024-10-24T15:47:50.049648+0100 INFO 130316352095936 Row inserted successfully into tags.
2024-10-24T15:47:50.053351+0100 INFO 130316320638656 Row inserted successfully into quotes.
2024-10-24T15:47:50.055893+0100 INFO 130316331124416 Row inserted successfully into tags.
2024-10-24T15:47:50.072943+0100 INFO 130316310152896 Row inserted successfully into authors.
2024-10-24T15:47:50.077427+0100 INFO 130316463244992 Row inserted successfully into tags.
2024-10-24T15:47:50.080224+0100 INFO 130316473730752 Row inserted successfully into tags.
2024-10-24T15:47:50.082554+0100 INFO 130316442273472 Row inserted successfully into authors.
2024-10-24T15:47:50.084174+0100 INFO 130316341610176 Row inserted successfully into quotes_tags_link.
2024-10-24T15:47:50.086784+0100 INFO 130316431787712 Row inserted successfully into tags.
2024-10-24T15:47:50.090034+0100 INFO 130316452759232 Row inserted successfully into quotes.
2024-10-24T15:47:50.102524+0100 INFO 130316352095936 Row inserted successfully into tags.
2024-10-24T15:47:50.114479+0100 INFO 130316310152896 Row inserted successfully into quotes.
2024-10-24T15:47:50.128695+0100 INFO 130316473730752 Row inserted successfully into tags.
2024-10-24T15:47:50.129765+0100 INFO 130316463244992 Row inserted successfully into tags.
2024-10-24T15:47:50.132522+0100 INFO 130316320638656 Row inserted successfully into quotes_tags_link.
2024-10-24T15:47:50.133538+0100 INFO 130316431787712 Row inserted successfully into authors.
2024-10-24T15:47:50.139188+0100 INFO 130316331124416 Row inserted successfully into authors.
2024-10-24T15:47:50.143028+0100 INFO 130316452759232 Row inserted successfully into quotes_tags_link.
2024-10-24T15:47:50.144566+0100 INFO 130316442273472 Row inserted successfully into quotes.
2024-10-24T15:47:50.148245+0100 INFO 130316352095936 Row inserted successfully into tags.
2024-10-24T15:47:50.149344+0100 INFO 130316341610176 Row inserted successfully into tags.
2024-10-24T15:47:50.156982+0100 INFO 130316310152896 Row inserted successfully into quotes_tags_link.
2024-10-24T15:47:50.163049+0100 INFO 130316431787712 Row inserted successfully into quotes.
2024-10-24T15:47:50.174914+0100 INFO 130316473730752 Row inserted successfully into authors.
2024-10-24T15:47:50.177857+0100 INFO 130316463244992 Row inserted successfully into tags.
2024-10-24T15:47:50.179523+0100 INFO 130316442273472 Row inserted successfully into quotes_tags_link.
2024-10-24T15:47:50.184187+0100 INFO 130316320638656 Row inserted successfully into tags.
2024-10-24T15:47:50.189090+0100 INFO 130316331124416 Row inserted successfully into quotes.
2024-10-24T15:47:50.199612+0100 INFO 130316310152896 Row inserted successfully into tags.
2024-10-24T15:47:50.207069+0100 INFO 130316431787712 Row inserted successfully into quotes_tags_link.
2024-10-24T15:47:50.212348+0100 INFO 130316452759232 Row inserted successfully into tags.
2024-10-24T15:47:50.217115+0100 INFO 130316463244992 Row inserted successfully into tags.
2024-10-24T15:47:50.217946+0100 INFO 130316473730752 Row inserted successfully into quotes.
2024-10-24T15:47:50.221118+0100 INFO 130316352095936 Row inserted successfully into authors.
2024-10-24T15:47:50.222882+0100 INFO 130316341610176 Row inserted successfully into tags.
2024-10-24T15:47:50.227607+0100 INFO 130316310152896 Row inserted successfully into authors.
2024-10-24T15:47:50.228463+0100 INFO 130316442273472 Row inserted successfully into tags.
2024-10-24T15:47:50.238202+0100 INFO 130316320638656 Row inserted successfully into authors.
2024-10-24T15:47:50.247315+0100 INFO 130316452759232 Row inserted successfully into authors.
2024-10-24T15:47:50.248481+0100 INFO 130316331124416 Row inserted successfully into quotes_tags_link.
2024-10-24T15:47:50.255784+0100 INFO 130316431787712 Row inserted successfully into tags.
2024-10-24T15:47:50.258962+0100 INFO 130316473730752 Row inserted successfully into quotes_tags_link.
2024-10-24T15:47:50.260143+0100 INFO 130316463244992 Row inserted successfully into tags.
2024-10-24T15:47:50.262142+0100 INFO 130316341610176 Row inserted successfully into authors.
2024-10-24T15:47:50.271506+0100 INFO 130316352095936 Row inserted successfully into quotes.
2024-10-24T15:47:50.274673+0100 INFO 130316310152896 Row inserted successfully into quotes.
2024-10-24T15:47:50.280691+0100 INFO 130316320638656 Row inserted successfully into quotes.
2024-10-24T15:47:50.286452+0100 INFO 130316442273472 Row inserted successfully into tags.
2024-10-24T15:47:50.291165+0100 INFO 130316331124416 Row inserted successfully into tags.
2024-10-24T15:47:50.292194+0100 INFO 130316431787712 Row inserted successfully into tags.
2024-10-24T15:47:50.303964+0100 INFO 130316473730752 Row inserted successfully into tags.
2024-10-24T15:47:50.311287+0100 INFO 130316452759232 Row inserted successfully into quotes.
2024-10-24T15:47:50.319898+0100 INFO 130316341610176 Row inserted successfully into quotes.
2024-10-24T15:47:50.323355+0100 INFO 130316352095936 Row inserted successfully into quotes_tags_link.
2024-10-24T15:47:50.326744+0100 INFO 130316320638656 Row inserted successfully into quotes_tags_link.
2024-10-24T15:47:50.327944+0100 INFO 130316463244992 Row inserted successfully into tags.
2024-10-24T15:47:50.328891+0100 INFO 130316310152896 Row inserted successfully into quotes_tags_link.
2024-10-24T15:47:50.333340+0100 INFO 130316442273472 Row inserted successfully into tags.
2024-10-24T15:47:50.344020+0100 INFO 130316331124416 Row inserted successfully into tags.
2024-10-24T15:47:50.354178+0100 INFO 130316431787712 Row inserted successfully into authors.
2024-10-24T15:47:50.355690+0100 INFO 130316452759232 Row inserted successfully into quotes_tags_link.
2024-10-24T15:47:50.364323+0100 INFO 130316473730752 Row inserted successfully into tags.
2024-10-24T15:47:50.367132+0100 INFO 130316341610176 Row inserted successfully into quotes_tags_link.
2024-10-24T15:47:50.373827+0100 INFO 130316320638656 Row inserted successfully into tags.
2024-10-24T15:47:50.375051+0100 INFO 130316352095936 Row inserted successfully into tags.
2024-10-24T15:47:50.386587+0100 INFO 130316431787712 Row inserted successfully into quotes.
2024-10-24T15:47:50.390525+0100 INFO 130316331124416 Row inserted successfully into tags.
2024-10-24T15:47:50.396033+0100 INFO 130316463244992 Row inserted successfully into authors.
2024-10-24T15:47:50.398899+0100 INFO 130316442273472 Row inserted successfully into tags.
2024-10-24T15:47:50.404054+0100 INFO 130316452759232 Row inserted successfully into tags.
2024-10-24T15:47:50.406595+0100 INFO 130316473730752 Row inserted successfully into authors.
2024-10-24T15:47:50.419200+0100 INFO 130316352095936 Row inserted successfully into authors.
2024-10-24T15:47:50.420028+0100 INFO 130316320638656 Row inserted successfully into tags.
2024-10-24T15:47:50.422326+0100 INFO 130316310152896 Row inserted successfully into tags.
2024-10-24T15:47:50.425024+0100 INFO 130316331124416 Row inserted successfully into tags.
2024-10-24T15:47:50.429802+0100 INFO 130316431787712 Row inserted successfully into quotes_tags_link.
2024-10-24T15:47:50.431260+0100 INFO 130316341610176 Row inserted successfully into tags.
2024-10-24T15:47:50.437626+0100 INFO 130316463244992 Row inserted successfully into quotes.
2024-10-24T15:47:50.442321+0100 INFO 130316452759232 Row inserted successfully into authors.
2024-10-24T15:47:50.460346+0100 INFO 130316473730752 Row inserted successfully into quotes.
2024-10-24T15:47:50.461172+0100 INFO 130316320638656 Row inserted successfully into authors.
2024-10-24T15:47:50.464913+0100 INFO 130316331124416 Row inserted successfully into tags.
2024-10-24T15:47:50.471168+0100 INFO 130316442273472 Row inserted successfully into authors.
2024-10-24T15:47:50.472460+0100 INFO 130316310152896 Row inserted successfully into authors.
2024-10-24T15:47:50.474472+0100 INFO 130316352095936 Row inserted successfully into quotes.
2024-10-24T15:47:50.479029+0100 INFO 130316431787712 Row inserted successfully into tags.
2024-10-24T15:47:50.488347+0100 INFO 130316463244992 Row inserted successfully into quotes_tags_link.
2024-10-24T15:47:50.497941+0100 INFO 130316341610176 Row inserted successfully into authors.
2024-10-24T15:47:50.508900+0100 INFO 130316331124416 Row inserted successfully into tags.
2024-10-24T15:47:50.509999+0100 INFO 130316452759232 Row inserted successfully into quotes.
2024-10-24T15:47:50.513684+0100 INFO 130316473730752 Row inserted successfully into quotes_tags_link.
2024-10-24T15:47:50.517585+0100 INFO 130316442273472 Row inserted successfully into quotes.
2024-10-24T15:47:50.518821+0100 INFO 130316310152896 Row inserted successfully into quotes.
2024-10-24T15:47:50.527409+0100 INFO 130316320638656 Row inserted successfully into quotes.
2024-10-24T15:47:50.536194+0100 INFO 130316463244992 Row inserted successfully into tags.
2024-10-24T15:47:50.541501+0100 INFO 130316341610176 Row inserted successfully into quotes.
2024-10-24T15:47:50.552762+0100 INFO 130316331124416 Row inserted successfully into tags.
2024-10-24T15:47:50.555883+0100 INFO 130316452759232 Row inserted successfully into quotes_tags_link.
2024-10-24T15:47:50.556609+0100 INFO 130316352095936 Row inserted successfully into quotes_tags_link.
2024-10-24T15:47:50.557559+0100 INFO 130316431787712 Row inserted successfully into authors.
2024-10-24T15:47:50.563948+0100 INFO 130316320638656 Row inserted successfully into quotes_tags_link.
2024-10-24T15:47:50.564625+0100 INFO 130316310152896 Row inserted successfully into quotes_tags_link.
2024-10-24T15:47:50.567282+0100 INFO 130316442273472 Row inserted successfully into quotes_tags_link.
2024-10-24T15:47:50.575521+0100 INFO 130316473730752 Row inserted successfully into tags.
2024-10-24T15:47:50.577738+0100 INFO 130316463244992 Row inserted successfully into tags.
2024-10-24T15:47:50.588060+0100 INFO 130316341610176 Row inserted successfully into quotes_tags_link.
2024-10-24T15:47:50.588955+0100 INFO 130316331124416 Row inserted successfully into tags.
2024-10-24T15:47:50.593049+0100 INFO 130316452759232 Row inserted successfully into tags.
2024-10-24T15:47:50.604398+0100 INFO 130316352095936 Row inserted successfully into tags.
2024-10-24T15:47:50.610142+0100 INFO 130316431787712 Row inserted successfully into quotes.
2024-10-24T15:47:50.613652+0100 INFO 130316320638656 Row inserted successfully into tags.
2024-10-24T15:47:50.616815+0100 INFO 130316473730752 Row inserted successfully into tags.
2024-10-24T15:47:50.621223+0100 INFO 130316463244992 Row inserted successfully into tags.
2024-10-24T15:47:50.622858+0100 INFO 130316310152896 Row inserted successfully into tags.
2024-10-24T15:47:50.630879+0100 INFO 130316341610176 Row inserted successfully into tags.
2024-10-24T15:47:50.633372+0100 INFO 130316331124416 Row inserted successfully into authors.
2024-10-24T15:47:50.639276+0100 INFO 130316442273472 Row inserted successfully into tags.
2024-10-24T15:47:50.652559+0100 INFO 130316452759232 Row inserted successfully into authors.
2024-10-24T15:47:50.654732+0100 INFO 130316320638656 Row inserted successfully into tags.
2024-10-24T15:47:50.661443+0100 INFO 130316431787712 Row inserted successfully into quotes_tags_link.
2024-10-24T15:47:50.662494+0100 INFO 130316473730752 Row inserted successfully into tags.
2024-10-24T15:47:50.669730+0100 INFO 130316352095936 Row inserted successfully into tags.
2024-10-24T15:47:50.674926+0100 INFO 130316463244992 Row inserted successfully into tags.
2024-10-24T15:47:50.677332+0100 INFO 130316331124416 Row inserted successfully into quotes.
2024-10-24T15:47:50.678165+0100 INFO 130316341610176 Row inserted successfully into authors.
2024-10-24T15:47:50.692032+0100 INFO 130316310152896 Row inserted successfully into tags.
2024-10-24T15:47:50.694505+0100 INFO 130316452759232 Row inserted successfully into quotes.
2024-10-24T15:47:50.703400+0100 INFO 130316442273472 Row inserted successfully into tags.
2024-10-24T15:47:50.704893+0100 INFO 130316320638656 Row inserted successfully into authors.
2024-10-24T15:47:50.714263+0100 INFO 130316463244992 Row inserted successfully into tags.
2024-10-24T15:47:50.715600+0100 INFO 130316473730752 Row inserted successfully into tags.
2024-10-24T15:47:50.723269+0100 INFO 130316331124416 Row inserted successfully into quotes_tags_link.
2024-10-24T15:47:50.727965+0100 INFO 130316352095936 Row inserted successfully into tags.
2024-10-24T15:47:50.728803+0100 INFO 130316431787712 Row inserted successfully into tags.
2024-10-24T15:47:50.732522+0100 INFO 130316341610176 Row inserted successfully into quotes.
2024-10-24T15:47:50.743077+0100 INFO 130316310152896 Row inserted successfully into authors.
2024-10-24T15:47:50.745183+0100 INFO 130316320638656 Row inserted successfully into quotes.
2024-10-24T15:47:50.745933+0100 INFO 130316452759232 Row inserted successfully into quotes_tags_link.
2024-10-24T15:47:50.751372+0100 INFO 130316442273472 Row inserted successfully into authors.
2024-10-24T15:47:50.767178+0100 INFO 130316463244992 Row inserted successfully into tags.
2024-10-24T15:47:50.771982+0100 INFO 130316431787712 Row inserted successfully into authors.
2024-10-24T15:47:50.779940+0100 INFO 130316352095936 Row inserted successfully into authors.
2024-10-24T15:47:50.780896+0100 INFO 130316341610176 Row inserted successfully into quotes_tags_link.
2024-10-24T15:47:50.782873+0100 INFO 130316310152896 Row inserted successfully into quotes.
2024-10-24T15:47:50.785210+0100 INFO 130316331124416 Row inserted successfully into tags.
2024-10-24T15:47:50.790467+0100 INFO 130316473730752 Row inserted successfully into authors.
2024-10-24T15:47:50.800346+0100 INFO 130316442273472 Row inserted successfully into quotes.
2024-10-24T15:47:50.801322+0100 INFO 130316320638656 Row inserted successfully into quotes_tags_link.
2024-10-24T15:47:50.811533+0100 INFO 130316431787712 Row inserted successfully into quotes.
2024-10-24T15:47:50.819698+0100 INFO 130316463244992 Row inserted successfully into authors.
2024-10-24T15:47:50.833732+0100 INFO 130316352095936 Row inserted successfully into quotes.
2024-10-24T15:47:50.841008+0100 INFO 130316473730752 Row inserted successfully into quotes.
2024-10-24T15:47:50.851797+0100 INFO 130316331124416 Row inserted successfully into tags.
2024-10-24T15:47:50.855548+0100 INFO 130316442273472 Row inserted successfully into quotes_tags_link.
2024-10-24T15:47:50.858839+0100 INFO 130316463244992 Row inserted successfully into quotes.
2024-10-24T15:47:50.866463+0100 INFO 130316310152896 Row inserted successfully into quotes_tags_link.
2024-10-24T15:47:50.874154+0100 INFO 130316320638656 Row inserted successfully into tags.
2024-10-24T15:47:50.875241+0100 INFO 130316431787712 Row inserted successfully into quotes_tags_link.
2024-10-24T15:47:50.882940+0100 INFO 130316473730752 Row inserted successfully into quotes_tags_link.
2024-10-24T15:47:50.884501+0100 INFO 130316352095936 Row inserted successfully into quotes_tags_link.
2024-10-24T15:47:50.892143+0100 INFO 130316331124416 Row inserted successfully into authors.
2024-10-24T15:47:50.900497+0100 INFO 130316442273472 Row inserted successfully into tags.
2024-10-24T15:47:50.916469+0100 INFO 130316463244992 Row inserted successfully into quotes_tags_link.
2024-10-24T15:47:50.918540+0100 INFO 130316320638656 Row inserted successfully into tags.
2024-10-24T15:47:50.923994+0100 INFO 130316473730752 Row inserted successfully into tags.
2024-10-24T15:47:50.940206+0100 INFO 130316331124416 Row inserted successfully into quotes.
2024-10-24T15:47:50.941269+0100 INFO 130316442273472 Row inserted successfully into authors.
2024-10-24T15:47:50.942601+0100 INFO 130316463244992 Row inserted successfully into tags.
2024-10-24T15:47:50.951047+0100 INFO 130316473730752 Row inserted successfully into authors.
2024-10-24T15:47:50.955498+0100 INFO 130316320638656 Row inserted successfully into tags.
2024-10-24T15:47:50.963447+0100 INFO 130316463244992 Row inserted successfully into tags.
2024-10-24T15:47:50.965841+0100 INFO 130316442273472 Row inserted successfully into quotes.
2024-10-24T15:47:50.967467+0100 INFO 130316331124416 Row inserted successfully into quotes_tags_link.
2024-10-24T15:47:50.984850+0100 INFO 130316463244992 Row inserted successfully into tags.
2024-10-24T15:47:50.989459+0100 INFO 130316473730752 Row inserted successfully into quotes.
2024-10-24T15:47:50.991110+0100 INFO 130316320638656 Row inserted successfully into tags.
2024-10-24T15:47:50.995969+0100 INFO 130316442273472 Row inserted successfully into quotes_tags_link.
2024-10-24T15:47:50.998608+0100 INFO 130316331124416 Row inserted successfully into tags.
2024-10-24T15:47:51.013902+0100 INFO 130316320638656 Row inserted successfully into authors.
2024-10-24T15:47:51.015663+0100 INFO 130316473730752 Row inserted successfully into quotes_tags_link.
2024-10-24T15:47:51.020550+0100 INFO 130316463244992 Row inserted successfully into tags.
2024-10-24T15:47:51.028750+0100 INFO 130316331124416 Row inserted successfully into authors.
2024-10-24T15:47:51.034893+0100 INFO 130316320638656 Row inserted successfully into quotes.
2024-10-24T15:47:51.041601+0100 INFO 130316463244992 Row inserted successfully into tags.
2024-10-24T15:47:51.044328+0100 INFO 130316473730752 Row inserted successfully into tags.
2024-10-24T15:47:51.049006+0100 INFO 130316331124416 Row inserted successfully into quotes.
2024-10-24T15:47:51.055480+0100 INFO 130316463244992 Row inserted successfully into authors.
2024-10-24T15:47:51.056402+0100 INFO 130316320638656 Row inserted successfully into quotes_tags_link.
2024-10-24T15:47:51.061400+0100 INFO 130316331124416 Row inserted successfully into quotes_tags_link.
2024-10-24T15:47:51.063786+0100 INFO 130316473730752 Row inserted successfully into tags.
2024-10-24T15:47:51.067815+0100 INFO 130316463244992 Row inserted successfully into quotes.
2024-10-24T15:47:51.074342+0100 INFO 130316331124416 Row inserted successfully into tags.
2024-10-24T15:47:51.074954+0100 INFO 130316473730752 Row inserted successfully into tags.
2024-10-24T15:47:51.076329+0100 INFO 130316463244992 Row inserted successfully into quotes_tags_link.
2024-10-24T15:47:51.082120+0100 INFO 130316473730752 Row inserted successfully into authors.
2024-10-24T15:47:51.083631+0100 INFO 130316331124416 Row inserted successfully into tags.
2024-10-24T15:47:51.085119+0100 INFO 130316463244992 Row inserted successfully into tags.
2024-10-24T15:47:51.090095+0100 INFO 130316473730752 Row inserted successfully into quotes.
2024-10-24T15:47:51.092168+0100 INFO 130316463244992 Row inserted successfully into tags.
2024-10-24T15:47:51.093611+0100 INFO 130316331124416 Row inserted successfully into tags.
2024-10-24T15:47:51.096862+0100 INFO 130316473730752 Row inserted successfully into quotes_tags_link.
2024-10-24T15:47:51.099796+0100 INFO 130316463244992 Row inserted successfully into tags.
2024-10-24T15:47:51.101722+0100 INFO 130316331124416 Row inserted successfully into authors.
2024-10-24T15:47:51.106450+0100 INFO 130316463244992 Row inserted successfully into tags.
2024-10-24T15:47:51.110121+0100 INFO 130316331124416 Row inserted successfully into quotes.
2024-10-24T15:47:51.115047+0100 INFO 130316463244992 Row inserted successfully into tags.
2024-10-24T15:47:51.120096+0100 INFO 130316331124416 Row inserted successfully into quotes_tags_link.
2024-10-24T15:47:51.125096+0100 INFO 130316463244992 Row inserted successfully into authors.
2024-10-24T15:47:51.132358+0100 INFO 130316463244992 Row inserted successfully into quotes.
2024-10-24T15:47:51.139081+0100 INFO 130316463244992 Row inserted successfully into quotes_tags_link.
2024-10-24T15:47:51.723604+0100 INFO 130316463244992 Successfully fetched the page
2024-10-24T15:47:51.732172+0100 INFO 130316352095936 Successfully fetched the page
2024-10-24T15:47:51.733985+0100 INFO 130316331124416 Successfully fetched the page
2024-10-24T15:47:51.736106+0100 INFO 130316473730752 Successfully fetched the page
2024-10-24T15:47:51.743339+0100 INFO 130316431787712 Successfully fetched the page
2024-10-24T15:47:51.750466+0100 INFO 130316442273472 Successfully fetched the page
2024-10-24T15:47:51.758694+0100 INFO 130316299667136 Successfully fetched the page
2024-10-24T15:47:51.760282+0100 INFO 130316140283584 Successfully fetched the page
2024-10-24T15:47:51.762174+0100 INFO 130316320638656 Successfully fetched the page
2024-10-24T15:47:51.770772+0100 INFO 130316341610176 Successfully fetched the page
2024-10-24T15:47:51.792829+0100 INFO 130316310152896 Successfully fetched the page
2024-10-24T15:47:51.819409+0100 INFO 130316150769344 Successfully fetched the page
