2024-10-23T20:37:32.264147+0100 INFO 127901460598912 Ensured data directory exists at /home/daxo/code/scraping_quotes/scraping_quotes/data
2024-10-23T20:37:32.292773+0100 INFO 127901460598912 Created database engine for /home/daxo/code/scraping_quotes/scraping_quotes/data/quotes.db
2024-10-23T20:37:32.322169+0100 INFO 127901460598912 Database schema initialized successfully.
2024-10-23T20:37:32.324020+0100 INFO 127901460598912 Tables in the database: ['TestTable', 'authors', 'quotes', 'quotes_tags_link', 'tags']
2024-10-23T20:37:32.324137+0100 ERROR 127901460598912 Not all required tables were created.
2024-10-23T20:37:32.331877+0100 INFO 127901460598912 Database schema initialized successfully.
2024-10-23T20:37:32.333698+0100 INFO 127901460598912 Tables in the database: ['TestTable', 'authors', 'quotes', 'quotes_tags_link', 'tags']
2024-10-23T20:37:32.333827+0100 ERROR 127901460598912 Not all required tables were created.
2024-10-23T20:37:32.350885+0100 INFO 127901460598912 All tables truncated successfully.
2024-10-23T20:37:32.361314+0100 INFO 127901460598912 Database initialized successfully with new records.
2024-10-23T20:37:32.980255+0100 INFO 127901460598912 Successfully fetched the page
2024-10-23T20:37:33.897059+0100 INFO 127901460598912 Successfully fetched the page
2024-10-23T20:37:34.711025+0100 INFO 127901003417280 Successfully fetched the page
2024-10-23T20:37:34.754070+0100 INFO 127901003417280 Row inserted successfully into tags.
2024-10-23T20:37:34.766844+0100 INFO 127901003417280 Row inserted successfully into tags.
2024-10-23T20:37:34.779470+0100 INFO 127901003417280 Row inserted successfully into tags.
2024-10-23T20:37:34.795649+0100 INFO 127901003417280 Row inserted successfully into authors.
2024-10-23T20:37:34.804754+0100 INFO 127901034874560 Successfully fetched the page
2024-10-23T20:37:34.806432+0100 INFO 127900982445760 Successfully fetched the page
2024-10-23T20:37:34.822295+0100 INFO 127900881782464 Successfully fetched the page
2024-10-23T20:37:34.823386+0100 INFO 127900892268224 Successfully fetched the page
2024-10-23T20:37:34.838025+0100 INFO 127900992931520 Successfully fetched the page
2024-10-23T20:37:34.901517+0100 INFO 127900871296704 Successfully fetched the page
2024-10-23T20:37:34.903214+0100 INFO 127900902753984 Successfully fetched the page
2024-10-23T20:37:34.965053+0100 INFO 127901013903040 Successfully fetched the page
2024-10-23T20:37:34.966634+0100 INFO 127901003417280 Row inserted successfully into quotes.
2024-10-23T20:37:34.967563+0100 INFO 127901024388800 Successfully fetched the page
2024-10-23T20:37:35.093271+0100 INFO 127900982445760 Row inserted successfully into tags.
2024-10-23T20:37:35.208130+0100 INFO 127901003417280 Row inserted successfully into quotes_tags_link.
2024-10-23T20:37:35.222565+0100 INFO 127900881782464 Row inserted successfully into tags.
2024-10-23T20:37:35.246910+0100 INFO 127901034874560 Row inserted successfully into tags.
2024-10-23T20:37:35.252342+0100 INFO 127900982445760 Row inserted successfully into tags.
2024-10-23T20:37:35.259176+0100 INFO 127901003417280 Row inserted successfully into tags.
2024-10-23T20:37:35.263446+0100 INFO 127900892268224 Row inserted successfully into tags.
2024-10-23T20:37:35.267083+0100 INFO 127900992931520 Row inserted successfully into tags.
2024-10-23T20:37:35.274531+0100 INFO 127900902753984 Row inserted successfully into tags.
2024-10-23T20:37:35.284316+0100 INFO 127900881782464 Row inserted successfully into authors.
2024-10-23T20:37:35.291453+0100 INFO 127901034874560 Row inserted successfully into tags.
2024-10-23T20:37:35.292599+0100 INFO 127900871296704 Row inserted successfully into tags.
2024-10-23T20:37:35.296777+0100 INFO 127901013903040 Row inserted successfully into tags.
2024-10-23T20:37:35.301421+0100 INFO 127900982445760 Row inserted successfully into authors.
2024-10-23T20:37:35.305119+0100 INFO 127900992931520 Row inserted successfully into tags.
2024-10-23T20:37:35.311958+0100 INFO 127900892268224 Row inserted successfully into tags.
2024-10-23T20:37:35.319207+0100 INFO 127901003417280 Row inserted successfully into authors.
2024-10-23T20:37:35.323128+0100 INFO 127900881782464 Row inserted successfully into quotes.
2024-10-23T20:37:35.331545+0100 INFO 127901013903040 Row inserted successfully into tags.
2024-10-23T20:37:35.338992+0100 INFO 127900902753984 Row inserted successfully into authors.
2024-10-23T20:37:35.345417+0100 INFO 127901034874560 Row inserted successfully into tags.
2024-10-23T20:37:35.361336+0100 INFO 127900992931520 Row inserted successfully into tags.
2024-10-23T20:37:35.362295+0100 INFO 127900881782464 Row inserted successfully into quotes_tags_link.
2024-10-23T20:37:35.363213+0100 INFO 127901003417280 Row inserted successfully into quotes.
2024-10-23T20:37:35.365877+0100 INFO 127900892268224 Row inserted successfully into authors.
2024-10-23T20:37:35.366648+0100 INFO 127900871296704 Row inserted successfully into authors.
2024-10-23T20:37:35.367497+0100 INFO 127900982445760 Row inserted successfully into quotes.
2024-10-23T20:37:35.368317+0100 INFO 127901024388800 Row inserted successfully into tags.
2024-10-23T20:37:35.380399+0100 INFO 127901013903040 Row inserted successfully into authors.
2024-10-23T20:37:35.390804+0100 INFO 127900902753984 Row inserted successfully into quotes.
2024-10-23T20:37:35.399123+0100 INFO 127901034874560 Row inserted successfully into tags.
2024-10-23T20:37:35.400227+0100 INFO 127900992931520 Row inserted successfully into tags.
2024-10-23T20:37:35.405963+0100 INFO 127900892268224 Row inserted successfully into quotes.
2024-10-23T20:37:35.410024+0100 INFO 127900881782464 Row inserted successfully into tags.
2024-10-23T20:37:35.411628+0100 INFO 127900871296704 Row inserted successfully into quotes.
2024-10-23T20:37:35.416004+0100 INFO 127901003417280 Row inserted successfully into quotes_tags_link.
2024-10-23T20:37:35.425445+0100 INFO 127901024388800 Row inserted successfully into tags.
2024-10-23T20:37:35.427886+0100 INFO 127900982445760 Row inserted successfully into quotes_tags_link.
2024-10-23T20:37:35.444813+0100 ERROR 127901013903040 Error inserting row into quotes: (pymysql.err.DataError) (1406, "Data too long for column 'text' at row 1")
[SQL: INSERT INTO quotes (id, text, author) VALUES (%(id)s, %(text)s, %(author)s)]
[parameters: {'id': '8a3338ab-529c-42de-b542-5116430ad7f8', 'text': '“I love you without knowing how, or when, or from where. I love you simply, without problems or pride: I love you in this way because I do not know a ... (21 characters truncated) ... g but this, in which there is no I or you, so intimate that your hand upon my chest is my hand, so intimate that when I fall asleep your eyes close.”', 'author': 'Pablo Neruda'}]
(Background on this error at: https://sqlalche.me/e/20/9h9h)
2024-10-23T20:37:35.448637+0100 INFO 127901034874560 Row inserted successfully into authors.
2024-10-23T20:37:35.451336+0100 INFO 127900902753984 Row inserted successfully into quotes_tags_link.
2024-10-23T20:37:35.464355+0100 INFO 127900992931520 Row inserted successfully into authors.
2024-10-23T20:37:35.466000+0100 INFO 127900892268224 Row inserted successfully into quotes_tags_link.
2024-10-23T20:37:35.475528+0100 INFO 127901024388800 Row inserted successfully into tags.
2024-10-23T20:37:35.481951+0100 INFO 127900881782464 Row inserted successfully into tags.
2024-10-23T20:37:35.488377+0100 INFO 127900982445760 Row inserted successfully into tags.
2024-10-23T20:37:35.499378+0100 INFO 127901034874560 Row inserted successfully into quotes.
2024-10-23T20:37:35.500650+0100 INFO 127900871296704 Row inserted successfully into quotes_tags_link.
2024-10-23T20:37:35.503074+0100 INFO 127901003417280 Row inserted successfully into tags.
2024-10-23T20:37:35.509475+0100 INFO 127900992931520 Row inserted successfully into quotes.
2024-10-23T20:37:35.510541+0100 INFO 127900902753984 Row inserted successfully into tags.
2024-10-23T20:37:35.519823+0100 INFO 127900892268224 Row inserted successfully into tags.
2024-10-23T20:37:35.523546+0100 INFO 127900982445760 Row inserted successfully into tags.
2024-10-23T20:37:35.525756+0100 INFO 127901024388800 Row inserted successfully into tags.
2024-10-23T20:37:35.535129+0100 INFO 127900881782464 Row inserted successfully into tags.
2024-10-23T20:37:35.542779+0100 INFO 127901003417280 Row inserted successfully into authors.
2024-10-23T20:37:35.548889+0100 INFO 127900871296704 Row inserted successfully into tags.
2024-10-23T20:37:35.550079+0100 INFO 127901034874560 Row inserted successfully into quotes_tags_link.
2024-10-23T20:37:35.557978+0100 INFO 127900992931520 Row inserted successfully into quotes_tags_link.
2024-10-23T20:37:35.565230+0100 INFO 127900902753984 Row inserted successfully into authors.
2024-10-23T20:37:35.579665+0100 INFO 127901003417280 Row inserted successfully into quotes.
2024-10-23T20:37:35.583515+0100 INFO 127900881782464 Row inserted successfully into tags.
2024-10-23T20:37:35.585643+0100 INFO 127900892268224 Row inserted successfully into authors.
2024-10-23T20:37:35.589781+0100 INFO 127900871296704 Row inserted successfully into tags.
2024-10-23T20:37:35.592974+0100 INFO 127900982445760 Row inserted successfully into tags.
2024-10-23T20:37:35.594493+0100 INFO 127901034874560 Row inserted successfully into tags.
2024-10-23T20:37:35.603050+0100 INFO 127901024388800 Row inserted successfully into tags.
2024-10-23T20:37:35.614040+0100 INFO 127900992931520 Row inserted successfully into tags.
2024-10-23T20:37:35.618384+0100 INFO 127901003417280 Row inserted successfully into quotes_tags_link.
2024-10-23T20:37:35.624567+0100 INFO 127900881782464 Row inserted successfully into authors.
2024-10-23T20:37:35.625978+0100 INFO 127900892268224 Row inserted successfully into quotes.
2024-10-23T20:37:35.632442+0100 INFO 127900902753984 Row inserted successfully into quotes.
2024-10-23T20:37:35.634151+0100 INFO 127900871296704 Row inserted successfully into authors.
2024-10-23T20:37:35.644020+0100 INFO 127900982445760 Row inserted successfully into authors.
2024-10-23T20:37:35.653965+0100 INFO 127901034874560 Row inserted successfully into tags.
2024-10-23T20:37:35.655824+0100 INFO 127901024388800 Row inserted successfully into tags.
2024-10-23T20:37:35.660049+0100 INFO 127900992931520 Row inserted successfully into tags.
2024-10-23T20:37:35.661642+0100 INFO 127901003417280 Row inserted successfully into tags.
2024-10-23T20:37:35.683202+0100 INFO 127900902753984 Row inserted successfully into quotes_tags_link.
2024-10-23T20:37:35.684435+0100 INFO 127900982445760 Row inserted successfully into quotes.
2024-10-23T20:37:35.692114+0100 INFO 127901034874560 Row inserted successfully into authors.
2024-10-23T20:37:35.693608+0100 INFO 127900881782464 Row inserted successfully into quotes.
2024-10-23T20:37:35.702307+0100 INFO 127901024388800 Row inserted successfully into authors.
2024-10-23T20:37:35.704934+0100 INFO 127900892268224 Row inserted successfully into quotes_tags_link.
2024-10-23T20:37:35.708063+0100 INFO 127900992931520 Row inserted successfully into tags.
2024-10-23T20:37:35.711195+0100 INFO 127900871296704 Row inserted successfully into quotes.
2024-10-23T20:37:35.724055+0100 INFO 127901003417280 Row inserted successfully into tags.
2024-10-23T20:37:35.725239+0100 INFO 127900982445760 Row inserted successfully into quotes_tags_link.
2024-10-23T20:37:35.729550+0100 INFO 127900902753984 Row inserted successfully into tags.
2024-10-23T20:37:35.732627+0100 INFO 127900881782464 Row inserted successfully into quotes_tags_link.
2024-10-23T20:37:35.744470+0100 INFO 127900892268224 Row inserted successfully into tags.
2024-10-23T20:37:35.746341+0100 INFO 127901034874560 Row inserted successfully into quotes.
2024-10-23T20:37:35.760684+0100 INFO 127900982445760 Row inserted successfully into tags.
2024-10-23T20:37:35.770987+0100 INFO 127900881782464 Row inserted successfully into tags.
2024-10-23T20:37:35.780241+0100 INFO 127900902753984 Row inserted successfully into authors.
2024-10-23T20:37:35.781335+0100 ERROR 127901024388800 Error inserting row into quotes: (pymysql.err.DataError) (1406, "Data too long for column 'text' at row 1")
[SQL: INSERT INTO quotes (id, text, author) VALUES (%(id)s, %(text)s, %(author)s)]
[parameters: {'id': '029586a5-8c8f-467f-9e3c-c2d105404b76', 'text': "“This life is what you make it. No matter what, you're going to mess up sometimes, it's a universal truth. But the good part is you get to decide how ... (786 characters truncated) ...  So keep your head high, keep your chin up, and most importantly, keep smiling, because life's a beautiful thing and there's so much to smile about.”", 'author': 'Marilyn Monroe'}]
(Background on this error at: https://sqlalche.me/e/20/9h9h)
2024-10-23T20:37:35.782257+0100 INFO 127900992931520 Row inserted successfully into tags.
2024-10-23T20:37:35.784396+0100 INFO 127901003417280 Row inserted successfully into authors.
2024-10-23T20:37:35.790470+0100 INFO 127901034874560 Row inserted successfully into quotes_tags_link.
2024-10-23T20:37:35.791974+0100 INFO 127900892268224 Row inserted successfully into tags.
2024-10-23T20:37:35.798640+0100 INFO 127900871296704 Row inserted successfully into quotes_tags_link.
2024-10-23T20:37:35.800049+0100 INFO 127900982445760 Row inserted successfully into authors.
2024-10-23T20:37:35.806644+0100 INFO 127900902753984 Row inserted successfully into quotes.
2024-10-23T20:37:35.815764+0100 INFO 127901003417280 Row inserted successfully into quotes.
2024-10-23T20:37:35.818069+0100 INFO 127900881782464 Row inserted successfully into authors.
2024-10-23T20:37:35.832902+0100 INFO 127900992931520 Row inserted successfully into authors.
2024-10-23T20:37:35.834103+0100 INFO 127901034874560 Row inserted successfully into tags.
2024-10-23T20:37:35.840849+0100 INFO 127900982445760 Row inserted successfully into quotes.
2024-10-23T20:37:35.853528+0100 INFO 127900871296704 Row inserted successfully into tags.
2024-10-23T20:37:35.861606+0100 INFO 127900892268224 Row inserted successfully into tags.
2024-10-23T20:37:35.863168+0100 INFO 127900992931520 Row inserted successfully into quotes.
2024-10-23T20:37:35.868635+0100 INFO 127900902753984 Row inserted successfully into quotes_tags_link.
2024-10-23T20:37:35.871100+0100 INFO 127900881782464 Row inserted successfully into quotes.
2024-10-23T20:37:35.880211+0100 INFO 127901003417280 Row inserted successfully into quotes_tags_link.
2024-10-23T20:37:35.884161+0100 INFO 127900982445760 Row inserted successfully into quotes_tags_link.
2024-10-23T20:37:35.887312+0100 INFO 127901034874560 Row inserted successfully into tags.
2024-10-23T20:37:35.898772+0100 INFO 127900892268224 Row inserted successfully into authors.
2024-10-23T20:37:35.905131+0100 INFO 127900992931520 Row inserted successfully into quotes_tags_link.
2024-10-23T20:37:35.907530+0100 INFO 127900881782464 Row inserted successfully into quotes_tags_link.
2024-10-23T20:37:35.910987+0100 INFO 127900871296704 Row inserted successfully into tags.
2024-10-23T20:37:35.913020+0100 INFO 127900982445760 Row inserted successfully into tags.
2024-10-23T20:37:35.918248+0100 INFO 127901003417280 Row inserted successfully into tags.
2024-10-23T20:37:35.919068+0100 INFO 127900902753984 Row inserted successfully into tags.
2024-10-23T20:37:35.937699+0100 INFO 127901034874560 Row inserted successfully into tags.
2024-10-23T20:37:35.943476+0100 INFO 127900892268224 Row inserted successfully into quotes.
2024-10-23T20:37:35.951460+0100 INFO 127900871296704 Row inserted successfully into authors.
2024-10-23T20:37:35.955068+0100 INFO 127900992931520 Row inserted successfully into tags.
2024-10-23T20:37:35.957986+0100 INFO 127900982445760 Row inserted successfully into authors.
2024-10-23T20:37:35.960486+0100 INFO 127901003417280 Row inserted successfully into tags.
2024-10-23T20:37:35.962064+0100 INFO 127900881782464 Row inserted successfully into tags.
2024-10-23T20:37:35.969436+0100 INFO 127900902753984 Row inserted successfully into authors.
2024-10-23T20:37:35.976755+0100 INFO 127900892268224 Row inserted successfully into quotes_tags_link.
2024-10-23T20:37:35.980524+0100 INFO 127901034874560 Row inserted successfully into tags.
2024-10-23T20:37:35.991636+0100 INFO 127900871296704 Row inserted successfully into quotes.
2024-10-23T20:37:35.996044+0100 INFO 127900992931520 Row inserted successfully into authors.
2024-10-23T20:37:36.002022+0100 INFO 127900982445760 Row inserted successfully into quotes.
2024-10-23T20:37:36.008763+0100 INFO 127900892268224 Row inserted successfully into tags.
2024-10-23T20:37:36.013573+0100 INFO 127900881782464 Row inserted successfully into tags.
2024-10-23T20:37:36.022348+0100 ERROR 127900902753984 Error inserting row into quotes: (pymysql.err.DataError) (1406, "Data too long for column 'text' at row 1")
[SQL: INSERT INTO quotes (id, text, author) VALUES (%(id)s, %(text)s, %(author)s)]
[parameters: {'id': '982132fc-dfd4-4c67-9488-5237fb516de0', 'text': '“To love at all is to be vulnerable. Love anything and your heart will be wrung and possibly broken. If you want to make sure of keeping it intact yo ... (218 characters truncated) ... rk, motionless, airless, it will change. It will not be broken; it will become unbreakable, impenetrable, irredeemable. To love is to be vulnerable.”', 'author': 'C.S. Lewis'}]
(Background on this error at: https://sqlalche.me/e/20/9h9h)
2024-10-23T20:37:36.023345+0100 INFO 127901003417280 Row inserted successfully into authors.
2024-10-23T20:37:36.024520+0100 INFO 127901034874560 Row inserted successfully into tags.
2024-10-23T20:37:36.034825+0100 INFO 127900982445760 Row inserted successfully into quotes_tags_link.
2024-10-23T20:37:36.039371+0100 INFO 127900992931520 Row inserted successfully into quotes.
2024-10-23T20:37:36.046543+0100 INFO 127900881782464 Row inserted successfully into tags.
2024-10-23T20:37:36.047907+0100 INFO 127900892268224 Row inserted successfully into tags.
2024-10-23T20:37:36.055218+0100 INFO 127900871296704 Row inserted successfully into quotes_tags_link.
2024-10-23T20:37:36.064513+0100 INFO 127901003417280 Row inserted successfully into quotes.
2024-10-23T20:37:36.068124+0100 INFO 127901034874560 Row inserted successfully into authors.
2024-10-23T20:37:36.079584+0100 INFO 127900992931520 Row inserted successfully into quotes_tags_link.
2024-10-23T20:37:36.082918+0100 INFO 127900982445760 Row inserted successfully into tags.
2024-10-23T20:37:36.093371+0100 INFO 127900892268224 Row inserted successfully into authors.
2024-10-23T20:37:36.099704+0100 INFO 127900871296704 Row inserted successfully into tags.
2024-10-23T20:37:36.100829+0100 INFO 127900881782464 Row inserted successfully into authors.
2024-10-23T20:37:36.101669+0100 INFO 127901034874560 Row inserted successfully into quotes.
2024-10-23T20:37:36.114354+0100 INFO 127900992931520 Row inserted successfully into tags.
2024-10-23T20:37:36.115414+0100 INFO 127900982445760 Row inserted successfully into tags.
2024-10-23T20:37:36.118303+0100 INFO 127901003417280 Row inserted successfully into quotes_tags_link.
2024-10-23T20:37:36.133853+0100 INFO 127900992931520 Row inserted successfully into tags.
2024-10-23T20:37:36.138098+0100 INFO 127900871296704 Row inserted successfully into authors.
2024-10-23T20:37:36.143356+0100 INFO 127900892268224 Row inserted successfully into quotes.
2024-10-23T20:37:36.144714+0100 INFO 127901034874560 Row inserted successfully into quotes_tags_link.
2024-10-23T20:37:36.145664+0100 INFO 127900881782464 Row inserted successfully into quotes.
2024-10-23T20:37:36.155231+0100 INFO 127901003417280 Row inserted successfully into tags.
2024-10-23T20:37:36.163180+0100 INFO 127900982445760 Row inserted successfully into authors.
2024-10-23T20:37:36.164147+0100 INFO 127900871296704 Row inserted successfully into quotes.
2024-10-23T20:37:36.170672+0100 INFO 127900992931520 Row inserted successfully into authors.
2024-10-23T20:37:36.178604+0100 INFO 127900892268224 Row inserted successfully into quotes_tags_link.
2024-10-23T20:37:36.180101+0100 INFO 127901034874560 Row inserted successfully into tags.
2024-10-23T20:37:36.191186+0100 INFO 127901003417280 Row inserted successfully into tags.
2024-10-23T20:37:36.192663+0100 INFO 127900881782464 Row inserted successfully into quotes_tags_link.
2024-10-23T20:37:36.203392+0100 INFO 127900982445760 Row inserted successfully into quotes.
2024-10-23T20:37:36.210630+0100 INFO 127900871296704 Row inserted successfully into quotes_tags_link.
2024-10-23T20:37:36.213185+0100 INFO 127900992931520 Row inserted successfully into quotes.
2024-10-23T20:37:36.219030+0100 INFO 127901034874560 Row inserted successfully into tags.
2024-10-23T20:37:36.228927+0100 INFO 127900892268224 Row inserted successfully into tags.
2024-10-23T20:37:36.231175+0100 INFO 127900881782464 Row inserted successfully into tags.
2024-10-23T20:37:36.239694+0100 INFO 127900982445760 Row inserted successfully into quotes_tags_link.
2024-10-23T20:37:36.245168+0100 INFO 127900871296704 Row inserted successfully into tags.
2024-10-23T20:37:36.247591+0100 INFO 127901003417280 Row inserted successfully into tags.
2024-10-23T20:37:36.252234+0100 INFO 127900992931520 Row inserted successfully into quotes_tags_link.
2024-10-23T20:37:36.270937+0100 INFO 127900892268224 Row inserted successfully into tags.
2024-10-23T20:37:36.274434+0100 INFO 127900881782464 Row inserted successfully into tags.
2024-10-23T20:37:36.275515+0100 INFO 127901034874560 Row inserted successfully into tags.
2024-10-23T20:37:36.277407+0100 INFO 127901003417280 Row inserted successfully into authors.
2024-10-23T20:37:36.280512+0100 INFO 127900982445760 Row inserted successfully into tags.
2024-10-23T20:37:36.286462+0100 INFO 127900871296704 Row inserted successfully into authors.
2024-10-23T20:37:36.297634+0100 INFO 127900992931520 Row inserted successfully into tags.
2024-10-23T20:37:36.299276+0100 INFO 127900892268224 Row inserted successfully into tags.
2024-10-23T20:37:36.312863+0100 INFO 127901034874560 Row inserted successfully into tags.
2024-10-23T20:37:36.315365+0100 INFO 127900871296704 Row inserted successfully into quotes.
2024-10-23T20:37:36.320759+0100 INFO 127900982445760 Row inserted successfully into authors.
2024-10-23T20:37:36.321871+0100 INFO 127900881782464 Row inserted successfully into authors.
2024-10-23T20:37:36.332912+0100 INFO 127901003417280 Row inserted successfully into quotes.
2024-10-23T20:37:36.334586+0100 INFO 127900892268224 Row inserted successfully into tags.
2024-10-23T20:37:36.342111+0100 INFO 127901034874560 Row inserted successfully into authors.
2024-10-23T20:37:36.345679+0100 INFO 127900992931520 Row inserted successfully into tags.
2024-10-23T20:37:36.356906+0100 INFO 127900982445760 Row inserted successfully into quotes.
2024-10-23T20:37:36.357773+0100 INFO 127900871296704 Row inserted successfully into quotes_tags_link.
2024-10-23T20:37:36.362294+0100 ERROR 127900881782464 Error inserting row into quotes: (pymysql.err.DataError) (1406, "Data too long for column 'text' at row 1")
[SQL: INSERT INTO quotes (id, text, author) VALUES (%(id)s, %(text)s, %(author)s)]
[parameters: {'id': '0b838eca-8b32-4e50-a963-a0350decc272', 'text': '“There are few people whom I really love, and still fewer of whom I think well. The more I see of the world, the more am I dissatisfied with it; and  ... (11 characters truncated) ... onfirms my belief of the inconsistency of all human characters, and of the little dependence that can be placed on the appearance of merit or sense.”', 'author': 'Jane Austen'}]
(Background on this error at: https://sqlalche.me/e/20/9h9h)
2024-10-23T20:37:36.363385+0100 INFO 127901003417280 Row inserted successfully into quotes_tags_link.
2024-10-23T20:37:36.382279+0100 INFO 127900871296704 Row inserted successfully into tags.
2024-10-23T20:37:36.383442+0100 INFO 127900892268224 Row inserted successfully into tags.
2024-10-23T20:37:36.387946+0100 INFO 127900992931520 Row inserted successfully into authors.
2024-10-23T20:37:36.389268+0100 INFO 127901003417280 Row inserted successfully into tags.
2024-10-23T20:37:36.391685+0100 INFO 127900982445760 Row inserted successfully into quotes_tags_link.
2024-10-23T20:37:36.397827+0100 INFO 127901034874560 Row inserted successfully into quotes.
2024-10-23T20:37:36.412083+0100 INFO 127900992931520 Row inserted successfully into quotes.
2024-10-23T20:37:36.417293+0100 INFO 127900892268224 Row inserted successfully into authors.
2024-10-23T20:37:36.426090+0100 INFO 127900871296704 Row inserted successfully into authors.
2024-10-23T20:37:36.427391+0100 INFO 127901034874560 Row inserted successfully into quotes_tags_link.
2024-10-23T20:37:36.430238+0100 INFO 127900982445760 Row inserted successfully into tags.
2024-10-23T20:37:36.433388+0100 INFO 127901003417280 Row inserted successfully into tags.
2024-10-23T20:37:36.436637+0100 INFO 127900992931520 Row inserted successfully into quotes_tags_link.
2024-10-23T20:37:36.449904+0100 INFO 127900982445760 Row inserted successfully into tags.
2024-10-23T20:37:36.456269+0100 INFO 127900871296704 Row inserted successfully into quotes.
2024-10-23T20:37:36.460462+0100 INFO 127901034874560 Row inserted successfully into tags.
2024-10-23T20:37:36.461419+0100 INFO 127900892268224 Row inserted successfully into quotes.
2024-10-23T20:37:36.468151+0100 INFO 127900992931520 Row inserted successfully into tags.
2024-10-23T20:37:36.476285+0100 INFO 127901003417280 Row inserted successfully into authors.
2024-10-23T20:37:36.482359+0100 INFO 127900982445760 Row inserted successfully into tags.
2024-10-23T20:37:36.495917+0100 INFO 127900892268224 Row inserted successfully into quotes_tags_link.
2024-10-23T20:37:36.497673+0100 INFO 127900992931520 Row inserted successfully into authors.
2024-10-23T20:37:36.499160+0100 INFO 127900871296704 Row inserted successfully into quotes_tags_link.
2024-10-23T20:37:36.501187+0100 INFO 127901034874560 Row inserted successfully into tags.
2024-10-23T20:37:36.513859+0100 INFO 127901003417280 Row inserted successfully into quotes.
2024-10-23T20:37:36.521925+0100 INFO 127900982445760 Row inserted successfully into authors.
2024-10-23T20:37:36.524783+0100 INFO 127900892268224 Row inserted successfully into tags.
2024-10-23T20:37:36.531853+0100 INFO 127900871296704 Row inserted successfully into tags.
2024-10-23T20:37:36.532884+0100 INFO 127900992931520 Row inserted successfully into quotes.
2024-10-23T20:37:36.537570+0100 INFO 127901034874560 Row inserted successfully into authors.
2024-10-23T20:37:36.546562+0100 INFO 127901003417280 Row inserted successfully into quotes_tags_link.
2024-10-23T20:37:36.554977+0100 INFO 127900982445760 Row inserted successfully into quotes.
2024-10-23T20:37:36.557355+0100 INFO 127900871296704 Row inserted successfully into tags.
2024-10-23T20:37:36.564925+0100 INFO 127900892268224 Row inserted successfully into tags.
2024-10-23T20:37:36.572666+0100 INFO 127900992931520 Row inserted successfully into quotes_tags_link.
2024-10-23T20:37:36.582986+0100 INFO 127901034874560 Row inserted successfully into quotes.
2024-10-23T20:37:36.585124+0100 INFO 127901003417280 Row inserted successfully into tags.
2024-10-23T20:37:36.589043+0100 INFO 127900982445760 Row inserted successfully into quotes_tags_link.
2024-10-23T20:37:36.590202+0100 INFO 127900871296704 Row inserted successfully into tags.
2024-10-23T20:37:36.597897+0100 INFO 127900892268224 Row inserted successfully into tags.
2024-10-23T20:37:36.606996+0100 INFO 127901003417280 Row inserted successfully into tags.
2024-10-23T20:37:36.620701+0100 INFO 127900982445760 Row inserted successfully into tags.
2024-10-23T20:37:36.622062+0100 INFO 127900992931520 Row inserted successfully into tags.
2024-10-23T20:37:36.623645+0100 INFO 127901034874560 Row inserted successfully into quotes_tags_link.
2024-10-23T20:37:36.629950+0100 INFO 127900871296704 Row inserted successfully into tags.
2024-10-23T20:37:36.630886+0100 INFO 127900892268224 Row inserted successfully into tags.
2024-10-23T20:37:36.646240+0100 INFO 127901003417280 Row inserted successfully into tags.
2024-10-23T20:37:36.648960+0100 INFO 127900982445760 Row inserted successfully into tags.
2024-10-23T20:37:36.654607+0100 INFO 127901034874560 Row inserted successfully into tags.
2024-10-23T20:37:36.661174+0100 INFO 127900992931520 Row inserted successfully into authors.
2024-10-23T20:37:36.663864+0100 INFO 127900871296704 Row inserted successfully into tags.
2024-10-23T20:37:36.671712+0100 INFO 127900892268224 Row inserted successfully into tags.
2024-10-23T20:37:36.683465+0100 INFO 127900982445760 Row inserted successfully into tags.
2024-10-23T20:37:36.686615+0100 INFO 127901003417280 Row inserted successfully into tags.
2024-10-23T20:37:36.687572+0100 INFO 127900871296704 Row inserted successfully into tags.
2024-10-23T20:37:36.692234+0100 INFO 127901034874560 Row inserted successfully into tags.
2024-10-23T20:37:36.697211+0100 INFO 127900992931520 Row inserted successfully into quotes.
2024-10-23T20:37:36.706209+0100 INFO 127900892268224 Row inserted successfully into tags.
2024-10-23T20:37:36.718034+0100 INFO 127901034874560 Row inserted successfully into tags.
2024-10-23T20:37:36.719080+0100 INFO 127901003417280 Row inserted successfully into authors.
2024-10-23T20:37:36.723870+0100 INFO 127900982445760 Row inserted successfully into authors.
2024-10-23T20:37:36.725153+0100 INFO 127900992931520 Row inserted successfully into quotes_tags_link.
2024-10-23T20:37:36.728163+0100 INFO 127900871296704 Row inserted successfully into tags.
2024-10-23T20:37:36.744330+0100 INFO 127900892268224 Row inserted successfully into authors.
2024-10-23T20:37:36.750058+0100 INFO 127900982445760 Row inserted successfully into quotes.
2024-10-23T20:37:36.761205+0100 INFO 127900992931520 Row inserted successfully into tags.
2024-10-23T20:37:36.762502+0100 INFO 127900871296704 Row inserted successfully into authors.
2024-10-23T20:37:36.765081+0100 INFO 127901003417280 Row inserted successfully into quotes.
2024-10-23T20:37:36.767329+0100 INFO 127901034874560 Row inserted successfully into authors.
2024-10-23T20:37:36.781266+0100 INFO 127900892268224 Row inserted successfully into quotes.
2024-10-23T20:37:36.786984+0100 INFO 127900982445760 Row inserted successfully into quotes_tags_link.
2024-10-23T20:37:36.795546+0100 INFO 127900992931520 Row inserted successfully into tags.
2024-10-23T20:37:36.797196+0100 INFO 127900871296704 Row inserted successfully into quotes.
2024-10-23T20:37:36.801062+0100 INFO 127901034874560 Row inserted successfully into quotes.
2024-10-23T20:37:36.801958+0100 INFO 127901003417280 Row inserted successfully into quotes_tags_link.
2024-10-23T20:37:36.808601+0100 INFO 127900892268224 Row inserted successfully into quotes_tags_link.
2024-10-23T20:37:36.817142+0100 INFO 127900982445760 Row inserted successfully into tags.
2024-10-23T20:37:36.826284+0100 INFO 127901034874560 Row inserted successfully into quotes_tags_link.
2024-10-23T20:37:36.835278+0100 INFO 127900992931520 Row inserted successfully into authors.
2024-10-23T20:37:36.836114+0100 INFO 127901003417280 Row inserted successfully into tags.
2024-10-23T20:37:36.837460+0100 INFO 127900871296704 Row inserted successfully into quotes_tags_link.
2024-10-23T20:37:36.850841+0100 INFO 127900982445760 Row inserted successfully into authors.
2024-10-23T20:37:36.854625+0100 INFO 127900892268224 Row inserted successfully into tags.
2024-10-23T20:37:36.859040+0100 INFO 127901034874560 Row inserted successfully into tags.
2024-10-23T20:37:36.866714+0100 INFO 127900992931520 Row inserted successfully into quotes.
2024-10-23T20:37:36.867632+0100 INFO 127901003417280 Row inserted successfully into tags.
2024-10-23T20:37:36.877200+0100 INFO 127900982445760 Row inserted successfully into quotes.
2024-10-23T20:37:36.885538+0100 INFO 127900871296704 Row inserted successfully into tags.
2024-10-23T20:37:36.887788+0100 INFO 127900992931520 Row inserted successfully into quotes_tags_link.
2024-10-23T20:37:36.891507+0100 INFO 127901034874560 Row inserted successfully into tags.
2024-10-23T20:37:36.893126+0100 INFO 127900892268224 Row inserted successfully into tags.
2024-10-23T20:37:36.893836+0100 INFO 127901003417280 Row inserted successfully into authors.
2024-10-23T20:37:36.903589+0100 INFO 127900982445760 Row inserted successfully into quotes_tags_link.
2024-10-23T20:37:36.912200+0100 INFO 127900871296704 Row inserted successfully into authors.
2024-10-23T20:37:36.917798+0100 INFO 127900892268224 Row inserted successfully into tags.
2024-10-23T20:37:36.921586+0100 INFO 127900992931520 Row inserted successfully into tags.
2024-10-23T20:37:36.922797+0100 INFO 127901034874560 Row inserted successfully into authors.
2024-10-23T20:37:36.931284+0100 INFO 127901003417280 Row inserted successfully into quotes.
2024-10-23T20:37:36.937409+0100 INFO 127900871296704 Row inserted successfully into quotes.
2024-10-23T20:37:36.944431+0100 INFO 127900992931520 Row inserted successfully into authors.
2024-10-23T20:37:36.946002+0100 INFO 127900982445760 Row inserted successfully into tags.
2024-10-23T20:37:36.949501+0100 INFO 127900892268224 Row inserted successfully into tags.
2024-10-23T20:37:36.959621+0100 INFO 127901034874560 Row inserted successfully into quotes.
2024-10-23T20:37:36.966475+0100 INFO 127900982445760 Row inserted successfully into tags.
2024-10-23T20:37:36.973805+0100 INFO 127900992931520 Row inserted successfully into quotes.
2024-10-23T20:37:36.974919+0100 INFO 127900892268224 Row inserted successfully into tags.
2024-10-23T20:37:36.975711+0100 INFO 127901003417280 Row inserted successfully into quotes_tags_link.
2024-10-23T20:37:36.976597+0100 INFO 127900871296704 Row inserted successfully into quotes_tags_link.
2024-10-23T20:37:36.993601+0100 INFO 127901034874560 Row inserted successfully into quotes_tags_link.
2024-10-23T20:37:36.996940+0100 INFO 127900982445760 Row inserted successfully into tags.
2024-10-23T20:37:36.999836+0100 INFO 127900892268224 Row inserted successfully into tags.
2024-10-23T20:37:37.001895+0100 INFO 127900992931520 Row inserted successfully into quotes_tags_link.
2024-10-23T20:37:37.010235+0100 INFO 127901003417280 Row inserted successfully into tags.
2024-10-23T20:37:37.017248+0100 INFO 127900892268224 Row inserted successfully into tags.
2024-10-23T20:37:37.024685+0100 INFO 127900871296704 Row inserted successfully into tags.
2024-10-23T20:37:37.026023+0100 INFO 127901034874560 Row inserted successfully into tags.
2024-10-23T20:37:37.027483+0100 INFO 127900982445760 Row inserted successfully into authors.
2024-10-23T20:37:37.032030+0100 INFO 127900992931520 Row inserted successfully into tags.
2024-10-23T20:37:37.043078+0100 INFO 127900892268224 Row inserted successfully into tags.
2024-10-23T20:37:37.045512+0100 INFO 127901003417280 Row inserted successfully into authors.
2024-10-23T20:37:37.049488+0100 INFO 127900871296704 Row inserted successfully into authors.
2024-10-23T20:37:37.058193+0100 INFO 127901034874560 Row inserted successfully into tags.
2024-10-23T20:37:37.061302+0100 INFO 127900982445760 Row inserted successfully into quotes.
2024-10-23T20:37:37.066294+0100 INFO 127900892268224 Row inserted successfully into authors.
2024-10-23T20:37:37.068977+0100 INFO 127900992931520 Row inserted successfully into authors.
2024-10-23T20:37:37.073357+0100 INFO 127901003417280 Row inserted successfully into quotes.
2024-10-23T20:37:37.077696+0100 INFO 127900871296704 Row inserted successfully into quotes.
2024-10-23T20:37:37.085767+0100 INFO 127900982445760 Row inserted successfully into quotes_tags_link.
2024-10-23T20:37:37.093065+0100 INFO 127900892268224 Row inserted successfully into quotes.
2024-10-23T20:37:37.093900+0100 INFO 127901034874560 Row inserted successfully into tags.
2024-10-23T20:37:37.105227+0100 INFO 127900871296704 Row inserted successfully into quotes_tags_link.
2024-10-23T20:37:37.106250+0100 INFO 127900992931520 Row inserted successfully into quotes.
2024-10-23T20:37:37.111077+0100 INFO 127901003417280 Row inserted successfully into quotes_tags_link.
2024-10-23T20:37:37.120567+0100 INFO 127900892268224 Row inserted successfully into quotes_tags_link.
2024-10-23T20:37:37.128922+0100 INFO 127901034874560 Row inserted successfully into tags.
2024-10-23T20:37:37.130699+0100 INFO 127900871296704 Row inserted successfully into tags.
2024-10-23T20:37:37.135975+0100 INFO 127900992931520 Row inserted successfully into quotes_tags_link.
2024-10-23T20:37:37.146459+0100 INFO 127900892268224 Row inserted successfully into tags.
2024-10-23T20:37:37.154829+0100 INFO 127900871296704 Row inserted successfully into tags.
2024-10-23T20:37:37.157783+0100 INFO 127901034874560 Row inserted successfully into authors.
2024-10-23T20:37:37.165904+0100 INFO 127900892268224 Row inserted successfully into tags.
2024-10-23T20:37:37.172940+0100 INFO 127900871296704 Row inserted successfully into authors.
2024-10-23T20:37:37.180207+0100 INFO 127901034874560 Row inserted successfully into quotes.
2024-10-23T20:37:37.186366+0100 INFO 127900892268224 Row inserted successfully into authors.
2024-10-23T20:37:37.191607+0100 INFO 127900871296704 Row inserted successfully into quotes.
2024-10-23T20:37:37.198831+0100 INFO 127901034874560 Row inserted successfully into quotes_tags_link.
2024-10-23T20:37:37.206930+0100 INFO 127900892268224 Row inserted successfully into quotes.
2024-10-23T20:37:37.212665+0100 INFO 127900871296704 Row inserted successfully into quotes_tags_link.
2024-10-23T20:37:37.220142+0100 INFO 127901034874560 Row inserted successfully into tags.
2024-10-23T20:37:37.224655+0100 INFO 127900892268224 Row inserted successfully into quotes_tags_link.
2024-10-23T20:37:37.235474+0100 INFO 127901034874560 Row inserted successfully into authors.
2024-10-23T20:37:37.244612+0100 INFO 127900892268224 Row inserted successfully into tags.
2024-10-23T20:37:37.249566+0100 INFO 127901034874560 Row inserted successfully into quotes.
2024-10-23T20:37:37.257966+0100 INFO 127900892268224 Row inserted successfully into authors.
2024-10-23T20:37:37.265930+0100 INFO 127901034874560 Row inserted successfully into quotes_tags_link.
2024-10-23T20:37:37.276812+0100 INFO 127900892268224 Row inserted successfully into quotes.
2024-10-23T20:37:37.279761+0100 INFO 127901034874560 Row inserted successfully into tags.
2024-10-23T20:37:37.291282+0100 INFO 127900892268224 Row inserted successfully into quotes_tags_link.
2024-10-23T20:37:37.294255+0100 INFO 127901034874560 Row inserted successfully into tags.
2024-10-23T20:37:37.303193+0100 INFO 127900892268224 Row inserted successfully into tags.
2024-10-23T20:37:37.309902+0100 INFO 127901034874560 Row inserted successfully into tags.
2024-10-23T20:37:37.316606+0100 INFO 127900892268224 Row inserted successfully into tags.
2024-10-23T20:37:37.325141+0100 INFO 127901034874560 Row inserted successfully into authors.
2024-10-23T20:37:37.329755+0100 INFO 127900892268224 Row inserted successfully into tags.
2024-10-23T20:37:37.338939+0100 INFO 127901034874560 Row inserted successfully into quotes.
2024-10-23T20:37:37.343572+0100 INFO 127900892268224 Row inserted successfully into authors.
2024-10-23T20:37:37.353326+0100 INFO 127901034874560 Row inserted successfully into quotes_tags_link.
2024-10-23T20:37:37.356284+0100 INFO 127900892268224 Row inserted successfully into quotes.
2024-10-23T20:37:37.368238+0100 INFO 127900892268224 Row inserted successfully into quotes_tags_link.
