2024-10-23T18:26:14.550062+0100 INFO 125741216694400 Ensured data directory exists at /home/daxo/code/scraping_quotes/scraping_quotes/data
2024-10-23T18:26:14.584544+0100 INFO 125741216694400 Created database engine for /home/daxo/code/scraping_quotes/scraping_quotes/data/quotes.db
2024-10-23T18:26:14.620704+0100 INFO 125741216694400 Database schema initialized successfully.
2024-10-23T18:26:14.622733+0100 INFO 125741216694400 Tables in the database: ['TestTable', 'authors', 'quotes', 'quotes_tags_link', 'tags']
2024-10-23T18:26:14.622858+0100 ERROR 125741216694400 Not all required tables were created.
2024-10-23T18:26:14.631516+0100 INFO 125741216694400 Database schema initialized successfully.
2024-10-23T18:26:14.633557+0100 INFO 125741216694400 Tables in the database: ['TestTable', 'authors', 'quotes', 'quotes_tags_link', 'tags']
2024-10-23T18:26:14.633705+0100 ERROR 125741216694400 Not all required tables were created.
2024-10-23T18:26:14.663776+0100 INFO 125741216694400 All tables truncated successfully.
2024-10-23T18:26:14.671841+0100 INFO 125741216694400 Database initialized successfully with new records.
2024-10-23T18:26:15.618571+0100 INFO 125741216694400 Successfully fetched the page
2024-10-23T18:26:16.216676+0100 INFO 125741216694400 Successfully fetched the page
2024-10-23T18:26:16.875134+0100 INFO 125740760696512 Successfully fetched the page
2024-10-23T18:26:16.885185+0100 INFO 125740771182272 Successfully fetched the page
2024-10-23T18:26:16.886932+0100 INFO 125740626478784 Successfully fetched the page
2024-10-23T18:26:16.888661+0100 INFO 125740750210752 Successfully fetched the page
2024-10-23T18:26:16.902236+0100 INFO 125740657936064 Successfully fetched the page
2024-10-23T18:26:16.911337+0100 INFO 125740792153792 Successfully fetched the page
2024-10-23T18:26:16.942085+0100 INFO 125740668421824 Successfully fetched the page
2024-10-23T18:26:17.067386+0100 INFO 125740647450304 Successfully fetched the page
2024-10-23T18:26:17.114209+0100 INFO 125740781668032 Successfully fetched the page
2024-10-23T18:26:17.121638+0100 INFO 125740636964544 Successfully fetched the page
2024-10-23T18:26:17.433604+0100 INFO 125740760696512 Row inserted successfully into tags.
2024-10-23T18:26:17.447830+0100 INFO 125740792153792 Row inserted successfully into tags.
2024-10-23T18:26:17.457201+0100 INFO 125740760696512 Row inserted successfully into authors.
2024-10-23T18:26:17.464199+0100 INFO 125740771182272 Row inserted successfully into tags.
2024-10-23T18:26:17.474314+0100 INFO 125740781668032 Row inserted successfully into tags.
2024-10-23T18:26:17.480309+0100 INFO 125740792153792 Row inserted successfully into authors.
2024-10-23T18:26:17.484666+0100 INFO 125740760696512 Row inserted successfully into quotes.
2024-10-23T18:26:17.494523+0100 INFO 125740636964544 Row inserted successfully into tags.
2024-10-23T18:26:17.495304+0100 INFO 125740626478784 Row inserted successfully into tags.
2024-10-23T18:26:17.503579+0100 INFO 125740781668032 Row inserted successfully into authors.
2024-10-23T18:26:17.506815+0100 INFO 125740750210752 Row inserted successfully into tags.
2024-10-23T18:26:17.516234+0100 INFO 125740792153792 Row inserted successfully into quotes.
2024-10-23T18:26:17.520092+0100 INFO 125740771182272 Row inserted successfully into authors.
2024-10-23T18:26:17.523291+0100 INFO 125740760696512 Row inserted successfully into quotes_tags_link.
2024-10-23T18:26:17.523603+0100 INFO 125740668421824 Row inserted successfully into tags.
2024-10-23T18:26:17.524823+0100 INFO 125740657936064 Row inserted successfully into tags.
2024-10-23T18:26:17.527639+0100 INFO 125740636964544 Row inserted successfully into authors.
2024-10-23T18:26:17.531198+0100 INFO 125740626478784 Row inserted successfully into authors.
2024-10-23T18:26:17.532886+0100 INFO 125740781668032 Row inserted successfully into quotes.
2024-10-23T18:26:17.537797+0100 INFO 125740647450304 Row inserted successfully into tags.
2024-10-23T18:26:17.538533+0100 INFO 125740750210752 Row inserted successfully into authors.
2024-10-23T18:26:17.547549+0100 INFO 125740668421824 Row inserted successfully into authors.
2024-10-23T18:26:17.548264+0100 INFO 125740792153792 Row inserted successfully into quotes_tags_link.
2024-10-23T18:26:17.551886+0100 INFO 125740771182272 Row inserted successfully into quotes.
2024-10-23T18:26:17.552925+0100 INFO 125740636964544 Row inserted successfully into quotes.
2024-10-23T18:26:17.561928+0100 INFO 125740657936064 Row inserted successfully into authors.
2024-10-23T18:26:17.567464+0100 INFO 125740647450304 Row inserted successfully into authors.
2024-10-23T18:26:17.577158+0100 INFO 125740781668032 Row inserted successfully into quotes_tags_link.
2024-10-23T18:26:17.580924+0100 INFO 125740668421824 Row inserted successfully into quotes.
2024-10-23T18:26:17.584587+0100 INFO 125740626478784 Row inserted successfully into quotes.
2024-10-23T18:26:17.589227+0100 INFO 125740771182272 Row inserted successfully into quotes_tags_link.
2024-10-23T18:26:17.595634+0100 INFO 125740636964544 Row inserted successfully into quotes_tags_link.
2024-10-23T18:26:17.602215+0100 INFO 125740647450304 Row inserted successfully into quotes.
2024-10-23T18:26:17.605063+0100 INFO 125740750210752 Row inserted successfully into quotes.
2024-10-23T18:26:17.613752+0100 INFO 125740668421824 Row inserted successfully into quotes_tags_link.
2024-10-23T18:26:17.619249+0100 INFO 125740657936064 Row inserted successfully into quotes.
2024-10-23T18:26:17.621506+0100 INFO 125740626478784 Row inserted successfully into quotes_tags_link.
2024-10-23T18:26:17.629329+0100 INFO 125740647450304 Row inserted successfully into quotes_tags_link.
2024-10-23T18:26:17.630766+0100 INFO 125740750210752 Row inserted successfully into quotes_tags_link.
2024-10-23T18:26:17.636474+0100 INFO 125740657936064 Row inserted successfully into quotes_tags_link.
2024-10-23T18:26:18.289127+0100 INFO 125740615993024 Successfully fetched the page
2024-10-23T18:26:18.296821+0100 INFO 125740760696512 Successfully fetched the page
2024-10-23T18:26:18.299038+0100 INFO 125740446123712 Successfully fetched the page
2024-10-23T18:26:18.301876+0100 INFO 125740636964544 Successfully fetched the page
2024-10-23T18:26:18.309202+0100 INFO 125740668421824 Successfully fetched the page
2024-10-23T18:26:18.311387+0100 INFO 125740626478784 Successfully fetched the page
2024-10-23T18:26:18.320014+0100 INFO 125740657936064 Successfully fetched the page
2024-10-23T18:26:18.338161+0100 INFO 125740647450304 Successfully fetched the page
2024-10-23T18:26:18.355268+0100 INFO 125740456609472 Successfully fetched the page
2024-10-23T18:26:18.358577+0100 INFO 125740467095232 Successfully fetched the page
2024-10-23T18:26:18.361572+0100 INFO 125740750210752 Successfully fetched the page
2024-10-23T18:26:18.363662+0100 INFO 125740435637952 Successfully fetched the page
2024-10-23T18:26:18.449573+0100 ERROR 125740446123712 Error updating Douglas Adams row: No row was found when one was required
2024-10-23T18:26:18.450404+0100 ERROR 125740760696512 Error updating André Gide row: No row was found when one was required
2024-10-23T18:26:18.466663+0100 ERROR 125740636964544 Error updating Eleanor Roosevelt row: No row was found when one was required
2024-10-23T18:26:18.468356+0100 ERROR 125740668421824 Error updating Thomas A. Edison row: No row was found when one was required
2024-10-23T18:26:18.516574+0100 INFO 125740615993024 Row for Steve Martin updated successfully.
2024-10-23T18:26:18.560429+0100 ERROR 125740435637952 Error updating Elie Wiesel row: No row was found when one was required
2024-10-23T18:26:18.566668+0100 ERROR 125740657936064 Error updating Albert Einstein row: No row was found when one was required
2024-10-23T18:26:18.591245+0100 INFO 125740467095232 Row for Bob Marley updated successfully.
2024-10-23T18:26:18.605817+0100 ERROR 125740750210752 Error updating J.K. Rowling row: No row was found when one was required
2024-10-23T18:26:18.611415+0100 ERROR 125740626478784 Error updating Marilyn Monroe row: No row was found when one was required
2024-10-23T18:26:18.615006+0100 ERROR 125740647450304 Error updating Jane Austen row: No row was found when one was required
2024-10-23T18:26:18.625139+0100 INFO 125740456609472 Row for Dr. Seuss updated successfully.
2024-10-23T18:26:19.145580+0100 INFO 125740760696512 Successfully fetched the page
2024-10-23T18:26:19.155188+0100 INFO 125740446123712 Successfully fetched the page
2024-10-23T18:26:19.160244+0100 INFO 125740668421824 Successfully fetched the page
2024-10-23T18:26:19.161967+0100 INFO 125740636964544 Successfully fetched the page
2024-10-23T18:26:19.185229+0100 INFO 125740615993024 Successfully fetched the page
2024-10-23T18:26:19.191110+0100 INFO 125740467095232 Successfully fetched the page
2024-10-23T18:26:19.193534+0100 INFO 125740435637952 Successfully fetched the page
2024-10-23T18:26:19.195821+0100 INFO 125740657936064 Successfully fetched the page
2024-10-23T18:26:19.214999+0100 INFO 125740626478784 Successfully fetched the page
2024-10-23T18:26:19.222401+0100 INFO 125740456609472 Successfully fetched the page
2024-10-23T18:26:19.230551+0100 INFO 125740647450304 Successfully fetched the page
2024-10-23T18:26:19.239006+0100 INFO 125740750210752 Successfully fetched the page
2024-10-23T18:26:19.339985+0100 ERROR 125740446123712 Error updating Friedrich Nietzsche row: No row was found when one was required
2024-10-23T18:26:19.346647+0100 ERROR 125740668421824 Error updating Pablo Neruda row: No row was found when one was required
2024-10-23T18:26:19.357582+0100 INFO 125740760696512 Row for Mark Twain updated successfully.
2024-10-23T18:26:19.358882+0100 INFO 125740636964544 Row for Allen Saunders updated successfully.
2024-10-23T18:26:19.429470+0100 ERROR 125740750210752 Error updating Charles M. Schulz row: No row was found when one was required
2024-10-23T18:26:19.432067+0100 ERROR 125740615993024 Error updating Ralph Waldo Emerson row: No row was found when one was required
2024-10-23T18:26:19.437994+0100 ERROR 125740467095232 Error updating Jim Henson row: No row was found when one was required
2024-10-23T18:26:19.438689+0100 ERROR 125740435637952 Error updating Mother Teresa row: No row was found when one was required
2024-10-23T18:26:19.448100+0100 ERROR 125740647450304 Error updating Jorge Luis Borges row: No row was found when one was required
2024-10-23T18:26:19.453310+0100 ERROR 125740657936064 Error updating Garrison Keillor row: No row was found when one was required
2024-10-23T18:26:19.465301+0100 ERROR 125740626478784 Error updating William Nicholson row: No row was found when one was required
2024-10-23T18:26:19.497938+0100 INFO 125740456609472 Row for George Eliot updated successfully.
2024-10-23T18:26:19.971114+0100 INFO 125740668421824 Successfully fetched the page
2024-10-23T18:26:19.975831+0100 INFO 125740446123712 Successfully fetched the page
2024-10-23T18:26:19.988974+0100 INFO 125740760696512 Successfully fetched the page
2024-10-23T18:26:19.996114+0100 INFO 125740636964544 Successfully fetched the page
2024-10-23T18:26:19.996561+0100 INFO 125740668421824 Row for C.S. Lewis updated successfully.
2024-10-23T18:26:19.997954+0100 INFO 125740446123712 Row for George R.R. Martin updated successfully.
2024-10-23T18:26:20.011961+0100 ERROR 125740760696512 Error updating Martin Luther King Jr. row: No row was found when one was required
2024-10-23T18:26:20.019266+0100 INFO 125740636964544 Row for James Baldwin updated successfully.
2024-10-23T18:26:20.088668+0100 INFO 125740467095232 Successfully fetched the page
2024-10-23T18:26:20.095228+0100 INFO 125740647450304 Successfully fetched the page
2024-10-23T18:26:20.095637+0100 INFO 125740657936064 Successfully fetched the page
2024-10-23T18:26:20.109094+0100 INFO 125740435637952 Successfully fetched the page
2024-10-23T18:26:20.124135+0100 ERROR 125740467095232 Error updating Stephenie Meyer row: No row was found when one was required
2024-10-23T18:26:20.130476+0100 ERROR 125740647450304 Error updating Helen Keller row: No row was found when one was required
2024-10-23T18:26:20.133284+0100 INFO 125740626478784 Successfully fetched the page
2024-10-23T18:26:20.134312+0100 INFO 125740456609472 Successfully fetched the page
2024-10-23T18:26:20.139529+0100 ERROR 125740435637952 Error updating Ernest Hemingway row: No row was found when one was required
2024-10-23T18:26:20.146265+0100 INFO 125740615993024 Successfully fetched the page
2024-10-23T18:26:20.147014+0100 INFO 125740750210752 Successfully fetched the page
2024-10-23T18:26:20.150374+0100 INFO 125740657936064 Row for George Bernard Shaw updated successfully.
2024-10-23T18:26:20.171239+0100 ERROR 125740456609472 Error updating Suzanne Collins row: No row was found when one was required
2024-10-23T18:26:20.176308+0100 ERROR 125740626478784 Error updating Charles Bukowski row: No row was found when one was required
2024-10-23T18:26:20.177596+0100 ERROR 125740615993024 Error updating Alexandre Dumas fils row: No row was found when one was required
2024-10-23T18:26:20.186917+0100 ERROR 125740750210752 Error updating Haruki Murakami row: No row was found when one was required
2024-10-23T18:26:20.807745+0100 INFO 125740760696512 Successfully fetched the page
2024-10-23T18:26:20.818363+0100 INFO 125740446123712 Successfully fetched the page
2024-10-23T18:26:20.820139+0100 INFO 125740636964544 Successfully fetched the page
2024-10-23T18:26:20.830072+0100 INFO 125740668421824 Successfully fetched the page
2024-10-23T18:26:20.863907+0100 ERROR 125740760696512 Error updating Terry Pratchett row: No row was found when one was required
2024-10-23T18:26:20.871580+0100 ERROR 125740668421824 Error updating J.R.R. Tolkien row: No row was found when one was required
2024-10-23T18:26:20.876884+0100 ERROR 125740636964544 Error updating J.D. Salinger row: No row was found when one was required
2024-10-23T18:26:20.878814+0100 ERROR 125740446123712 Error updating Alfred Tennyson row: No row was found when one was required
2024-10-23T18:26:20.917268+0100 INFO 125740750210752 Successfully fetched the page
2024-10-23T18:26:20.918759+0100 INFO 125740615993024 Successfully fetched the page
2024-10-23T18:26:20.935042+0100 INFO 125740657936064 Successfully fetched the page
2024-10-23T18:26:20.955118+0100 ERROR 125740615993024 Error updating E.E. Cummings row: No row was found when one was required
2024-10-23T18:26:20.957635+0100 ERROR 125740750210752 Error updating Khaled Hosseini row: No row was found when one was required
2024-10-23T18:26:20.958396+0100 ERROR 125740657936064 Error updating Ayn Rand row: No row was found when one was required
2024-10-23T18:26:20.983563+0100 INFO 125740435637952 Successfully fetched the page
2024-10-23T18:26:21.002497+0100 ERROR 125740435637952 Error updating W.C. Fields row: No row was found when one was required
2024-10-23T18:26:21.011704+0100 INFO 125740456609472 Successfully fetched the page
2024-10-23T18:26:21.013596+0100 INFO 125740467095232 Successfully fetched the page
2024-10-23T18:26:21.016084+0100 INFO 125740626478784 Successfully fetched the page
2024-10-23T18:26:21.062101+0100 ERROR 125740456609472 Error updating Jimi Hendrix row: No row was found when one was required
2024-10-23T18:26:21.067380+0100 ERROR 125740626478784 Error updating J.M. Barrie row: No row was found when one was required
2024-10-23T18:26:21.069330+0100 ERROR 125740467095232 Error updating George Carlin row: No row was found when one was required
2024-10-23T18:26:21.076456+0100 INFO 125740647450304 Successfully fetched the page
2024-10-23T18:26:21.094380+0100 ERROR 125740647450304 Error updating John Lennon row: No row was found when one was required
2024-10-23T18:26:21.517704+0100 INFO 125740760696512 Successfully fetched the page
2024-10-23T18:26:21.519555+0100 INFO 125740668421824 Successfully fetched the page
2024-10-23T18:26:21.550404+0100 ERROR 125740668421824 Error updating Madeleine L'Engle row: No row was found when one was required
2024-10-23T18:26:21.552500+0100 ERROR 125740760696512 Error updating Harper Lee row: No row was found when one was required
