2024-11-22T06:17:47.647905+0000 INFO 133902547402880 Created database engine for db quotesdbtest_whistleask, user quotesdbtest_whistleask, address pcyp4.h.filess.io:3307
2024-11-22T06:17:47.661688+0000 INFO 133902547402880 configuration extracted: {'_comment1': "all paths must not have '/' in the end", 'url': 'https://quotes.toscrape.com/', 'pagesnum': 10, '_comment2': 'i.e. data as csv and json output', 'save_data_path': './data', 'logs_path': './logs', '_comment3': '.csv and .json is added automatically. Specify ONLY filename here', 'csv_filename': 'csv_output', 'json_filename': 'json_output', 'db_name': 'quotesdbtest_whistleask', 'db_username': 'quotesdbtest_whistleask', 'db_password': '87a09887a16b17831d1e65fbd5ab9e8d0569db60', 'db_ip': 'pcyp4.h.filess.io', 'db_port': '3307', 'db_enable': 1}
2024-11-22T06:17:48.674410+0000 INFO 133902547402880 Successfully fetched the page
2024-11-22T06:17:48.686999+0000 INFO 133902547402880 page structure hasn't changed.
2024-11-22T06:17:49.699890+0000 INFO 133902547402880 Successfully fetched the page
2024-11-22T06:17:50.474439+0000 INFO 133902547402880 Database schema initialized successfully.
2024-11-22T06:17:50.573714+0000 INFO 133902547402880 Tables in the database: ['TestTable', 'authors', 'quotes', 'quotes_tags_link', 'tags', 'users']
2024-11-22T06:17:50.574131+0000 INFO 133902547402880 All required tables have been created successfully.
2024-11-22T06:17:50.871386+0000 INFO 133902547402880 All tables truncated successfully.
2024-11-22T06:17:50.942596+0000 INFO 133902547402880 Database initialized successfully with new records.
2024-11-22T06:17:51.645827+0000 INFO 133902058391232 Successfully fetched the page
2024-11-22T06:17:51.650012+0000 INFO 133902068876992 Successfully fetched the page
2024-11-22T06:17:51.657201+0000 INFO 133902079362752 Successfully fetched the page
2024-11-22T06:17:51.658143+0000 INFO 133902100334272 Successfully fetched the page
2024-11-22T06:17:51.754701+0000 INFO 133902089848512 Successfully fetched the page
2024-11-22T06:17:51.927394+0000 INFO 133902079362752 Row inserted successfully into tags.
2024-11-22T06:17:51.974479+0000 ERROR 133902089848512 Error inspecting database engine: (pymysql.err.OperationalError) (1226, "User 'quotesdbtest_whistleask' has exceeded the 'max_user_connections' resource (current value: 5)")
(Background on this error at: https://sqlalche.me/e/20/e3q8)
2024-11-22T06:17:52.132354+0000 INFO 133902079362752 Row inserted successfully into tags.
2024-11-22T06:17:52.140366+0000 INFO 133902100334272 Row inserted successfully into tags.
2024-11-22T06:17:52.144874+0000 INFO 133902058391232 Row inserted successfully into tags.
2024-11-22T06:17:52.157698+0000 INFO 133902068876992 Row inserted successfully into tags.
2024-11-22T06:17:52.337417+0000 INFO 133902100334272 Row inserted successfully into tags.
2024-11-22T06:17:52.340944+0000 INFO 133902058391232 Row inserted successfully into tags.
2024-11-22T06:17:52.343060+0000 INFO 133902079362752 Row inserted successfully into authors.
2024-11-22T06:17:52.368966+0000 INFO 133902068876992 Row inserted successfully into tags.
2024-11-22T06:17:52.535742+0000 INFO 133902100334272 Row inserted successfully into tags.
2024-11-22T06:17:52.540571+0000 WARNING 133902058391232 Integrity error (probably normal behaviour): (pymysql.err.IntegrityError) (1062, "Duplicate entry 'reading' for key 'tags.PRIMARY'")
[SQL: INSERT INTO tags (tag) VALUES (%(tag)s)]
[parameters: {'tag': 'reading'}]
(Background on this error at: https://sqlalche.me/e/20/gkpj)
2024-11-22T06:17:52.553319+0000 INFO 133902079362752 Row inserted successfully into quotes.
2024-11-22T06:17:52.554496+0000 INFO 133902079362752 scraped: quote: {'quote_uuid': '9d4fb627-cba4-4b39-b824-cc8e9b088598', 'quote_text': '“I love you without knowing how, or when, or from where. I love you simply, without problems or pride: I love you in this way because I do not know any other way of loving but this, in which there is no I or you, so intimate that your hand upon my chest is my hand, so intimate that when I fall asleep your eyes close.”', 'author': 'Pablo Neruda'}; author: Pablo Neruda; tags: ['love', 'poetry']
2024-11-22T06:17:52.571347+0000 INFO 133902089848512 Successfully fetched the page
2024-11-22T06:17:52.583204+0000 INFO 133902068876992 Row inserted successfully into tags.
2024-11-22T06:17:52.728706+0000 INFO 133902100334272 Row inserted successfully into tags.
2024-11-22T06:17:52.733094+0000 INFO 133902058391232 Row inserted successfully into tags.
2024-11-22T06:17:52.759804+0000 INFO 133902079362752 Row inserted successfully into tags.
2024-11-22T06:17:52.797937+0000 INFO 133902068876992 Row inserted successfully into authors.
2024-11-22T06:17:52.809237+0000 ERROR 133902089848512 Error inspecting database engine: (pymysql.err.OperationalError) (1226, "User 'quotesdbtest_whistleask' has exceeded the 'max_user_connections' resource (current value: 5)")
(Background on this error at: https://sqlalche.me/e/20/e3q8)
2024-11-22T06:17:52.923588+0000 INFO 133902100334272 Row inserted successfully into authors.
2024-11-22T06:17:52.933439+0000 INFO 133902058391232 Row inserted successfully into authors.
2024-11-22T06:17:52.968882+0000 INFO 133902079362752 Row inserted successfully into authors.
2024-11-22T06:17:52.997210+0000 INFO 133902068876992 Row inserted successfully into quotes.
2024-11-22T06:17:52.998370+0000 INFO 133902068876992 scraped: quote: {'quote_uuid': '09fc7f00-9329-492e-b9bd-6e89f878a147', 'quote_text': "“The more that you read, the more things you will know. The more that you learn, the more places you'll go.”", 'author': 'Dr. Seuss'}; author: Dr. Seuss; tags: ['learning', 'reading', 'seuss']
2024-11-22T06:17:53.117282+0000 INFO 133902100334272 Row inserted successfully into quotes.
2024-11-22T06:17:53.118389+0000 INFO 133902100334272 scraped: quote: {'quote_uuid': '792a2986-a865-4caf-bdd0-7ae2f4d74f16', 'quote_text': '“The world as we have created it is a process of our thinking. It cannot be changed without changing our thinking.”', 'author': 'Albert Einstein'}; author: Albert Einstein; tags: ['change', 'deep-thoughts', 'thinking', 'world']
2024-11-22T06:17:53.133863+0000 INFO 133902058391232 Row inserted successfully into quotes.
2024-11-22T06:17:53.134366+0000 INFO 133902058391232 scraped: quote: {'quote_uuid': '5af93999-d166-4faa-9ddb-32b534657f26', 'quote_text': '“A reader lives a thousand lives before he dies, said Jojen. The man who never reads lives only one.”', 'author': 'George R.R. Martin'}; author: George R.R. Martin; tags: ['read', 'readers', 'reading', 'reading-books']
2024-11-22T06:17:53.177179+0000 INFO 133902079362752 Row inserted successfully into quotes.
2024-11-22T06:17:53.177758+0000 INFO 133902079362752 scraped: quote: {'quote_uuid': 'a8ea9d83-72df-446b-8719-c6076bb3d52b', 'quote_text': '“For every minute you are angry you lose sixty seconds of happiness.”', 'author': 'Ralph Waldo Emerson'}; author: Ralph Waldo Emerson; tags: ['happiness']
2024-11-22T06:17:53.202390+0000 INFO 133902068876992 Row inserted successfully into tags.
2024-11-22T06:17:53.312493+0000 INFO 133902100334272 Row inserted successfully into tags.
2024-11-22T06:17:53.327885+0000 INFO 133902058391232 Row inserted successfully into tags.
2024-11-22T06:17:53.380745+0000 INFO 133902079362752 Row inserted successfully into tags.
2024-11-22T06:17:53.401215+0000 INFO 133902068876992 Row inserted successfully into authors.
2024-11-22T06:17:53.406844+0000 INFO 133902089848512 Successfully fetched the page
2024-11-22T06:17:53.507770+0000 INFO 133902100334272 Row inserted successfully into tags.
2024-11-22T06:17:53.527723+0000 INFO 133902058391232 Row inserted successfully into tags.
2024-11-22T06:17:53.578484+0000 ERROR 133902089848512 Error inspecting database engine: (pymysql.err.OperationalError) (1226, "User 'quotesdbtest_whistleask' has exceeded the 'max_user_connections' resource (current value: 5)")
(Background on this error at: https://sqlalche.me/e/20/e3q8)
2024-11-22T06:17:53.587874+0000 INFO 133902079362752 Row inserted successfully into authors.
2024-11-22T06:17:53.607343+0000 INFO 133902068876992 Row inserted successfully into quotes.
2024-11-22T06:17:53.608538+0000 INFO 133902068876992 scraped: quote: {'quote_uuid': '4a976bbc-12a5-4d81-b16c-eb7c6f58a418', 'quote_text': '“Of course it is happening inside your head, Harry, but why on earth should that mean that it is not real?”', 'author': 'J.K. Rowling'}; author: J.K. Rowling; tags: ['dumbledore']
2024-11-22T06:17:53.713152+0000 WARNING 133902100334272 Integrity error (probably normal behaviour): (pymysql.err.IntegrityError) (1062, "Duplicate entry 'J.K. Rowling' for key 'authors.PRIMARY'")
[SQL: INSERT INTO authors (author, about) VALUES (%(author)s, %(about)s)]
[parameters: {'author': 'J.K. Rowling', 'about': '/author/J-K-Rowling'}]
(Background on this error at: https://sqlalche.me/e/20/gkpj)
2024-11-22T06:17:53.723509+0000 WARNING 133902058391232 Integrity error (probably normal behaviour): (pymysql.err.IntegrityError) (1062, "Duplicate entry 'reading' for key 'tags.PRIMARY'")
[SQL: INSERT INTO tags (tag) VALUES (%(tag)s)]
[parameters: {'tag': 'reading'}]
(Background on this error at: https://sqlalche.me/e/20/gkpj)
2024-11-22T06:17:53.795343+0000 INFO 133902079362752 Row inserted successfully into quotes.
2024-11-22T06:17:53.796479+0000 INFO 133902079362752 scraped: quote: {'quote_uuid': 'd50125b2-9b13-4709-b0b5-d6b504572f5f', 'quote_text': '“If you judge people, you have no time to love them.”', 'author': 'Mother Teresa'}; author: Mother Teresa; tags: ['attributed-no-source']
2024-11-22T06:17:53.822122+0000 INFO 133902068876992 Row inserted successfully into tags.
2024-11-22T06:17:53.904199+0000 INFO 133902100334272 Row inserted successfully into quotes.
2024-11-22T06:17:53.905457+0000 INFO 133902100334272 scraped: quote: {'quote_uuid': '27de8f60-25bd-4e6f-8ce4-b30187b165a7', 'quote_text': '“It is our choices, Harry, that show what we truly are, far more than our abilities.”', 'author': 'J.K. Rowling'}; author: J.K. Rowling; tags: ['abilities', 'choices']
2024-11-22T06:17:53.917847+0000 INFO 133902058391232 Row inserted successfully into tags.
2024-11-22T06:17:54.005698+0000 INFO 133902079362752 Row inserted successfully into tags.
2024-11-22T06:17:54.026216+0000 INFO 133902068876992 Row inserted successfully into authors.
2024-11-22T06:17:54.098750+0000 WARNING 133902100334272 Integrity error (probably normal behaviour): (pymysql.err.IntegrityError) (1062, "Duplicate entry 'inspirational' for key 'tags.PRIMARY'")
[SQL: INSERT INTO tags (tag) VALUES (%(tag)s)]
[parameters: {'tag': 'inspirational'}]
(Background on this error at: https://sqlalche.me/e/20/gkpj)
2024-11-22T06:17:54.109485+0000 INFO 133902058391232 Row inserted successfully into authors.
2024-11-22T06:17:54.178024+0000 INFO 133902089848512 Successfully fetched the page
2024-11-22T06:17:54.208102+0000 INFO 133902079362752 Row inserted successfully into tags.
2024-11-22T06:17:54.228022+0000 INFO 133902068876992 Row inserted successfully into quotes.
2024-11-22T06:17:54.228591+0000 INFO 133902068876992 scraped: quote: {'quote_uuid': '2621a632-26ce-4b19-bcda-86bd32c4d8bd', 'quote_text': '“The truth is, everyone is going to hurt you. You just got to find the ones worth suffering for.”', 'author': 'Bob Marley'}; author: Bob Marley; tags: ['friendship']
2024-11-22T06:17:54.308683+0000 INFO 133902058391232 Row inserted successfully into quotes.
2024-11-22T06:17:54.309215+0000 INFO 133902058391232 scraped: quote: {'quote_uuid': '8706ec79-b178-4194-a1d1-c81ecfd6a55c', 'quote_text': '“You can never get a cup of tea large enough or a book long enough to suit me.”', 'author': 'C.S. Lewis'}; author: C.S. Lewis; tags: ['books', 'inspirational', 'reading', 'tea']
2024-11-22T06:17:54.311939+0000 INFO 133902100334272 Row inserted successfully into tags.
2024-11-22T06:17:54.350521+0000 ERROR 133902089848512 Error inspecting database engine: (pymysql.err.OperationalError) (1226, "User 'quotesdbtest_whistleask' has exceeded the 'max_user_connections' resource (current value: 5)")
(Background on this error at: https://sqlalche.me/e/20/e3q8)
2024-11-22T06:17:54.404842+0000 INFO 133902079362752 Row inserted successfully into authors.
2024-11-22T06:17:54.432840+0000 INFO 133902068876992 Row inserted successfully into tags.
2024-11-22T06:17:54.509904+0000 INFO 133902058391232 Row inserted successfully into tags.
2024-11-22T06:17:54.511049+0000 INFO 133902100334272 Row inserted successfully into tags.
2024-11-22T06:17:54.618682+0000 INFO 133902079362752 Row inserted successfully into quotes.
2024-11-22T06:17:54.619812+0000 INFO 133902079362752 scraped: quote: {'quote_uuid': 'b02a93ed-a232-46ec-8690-f9522a898731', 'quote_text': '“Anyone who thinks sitting in church can make you a Christian must also think that sitting in a garage can make you a car.”', 'author': 'Garrison Keillor'}; author: Garrison Keillor; tags: ['humor', 'religion']
2024-11-22T06:17:54.642732+0000 INFO 133902068876992 Row inserted successfully into tags.
2024-11-22T06:17:54.710038+0000 INFO 133902100334272 Row inserted successfully into tags.
2024-11-22T06:17:54.714600+0000 INFO 133902058391232 Row inserted successfully into authors.
2024-11-22T06:17:54.821056+0000 WARNING 133902079362752 Integrity error (probably normal behaviour): (pymysql.err.IntegrityError) (1062, "Duplicate entry 'humor' for key 'tags.PRIMARY'")
[SQL: INSERT INTO tags (tag) VALUES (%(tag)s)]
[parameters: {'tag': 'humor'}]
(Background on this error at: https://sqlalche.me/e/20/gkpj)
2024-11-22T06:17:54.851734+0000 WARNING 133902068876992 Integrity error (probably normal behaviour): (pymysql.err.IntegrityError) (1062, "Duplicate entry 'Mother Teresa' for key 'authors.PRIMARY'")
[SQL: INSERT INTO authors (author, about) VALUES (%(author)s, %(about)s)]
[parameters: {'author': 'Mother Teresa', 'about': '/author/Mother-Teresa'}]
(Background on this error at: https://sqlalche.me/e/20/gkpj)
2024-11-22T06:17:54.901655+0000 INFO 133902100334272 Row inserted successfully into tags.
2024-11-22T06:17:54.908035+0000 INFO 133902058391232 Row inserted successfully into quotes.
2024-11-22T06:17:54.909304+0000 INFO 133902058391232 scraped: quote: {'quote_uuid': '1b036256-a15a-48b0-9e23-72a03fdda51d', 'quote_text': '“You believe lies so you eventually learn to trust no one but yourself.”', 'author': 'Marilyn Monroe'}; author: Marilyn Monroe; tags: ['']
2024-11-22T06:17:54.943844+0000 INFO 133902089848512 Successfully fetched the page
2024-11-22T06:17:55.029585+0000 INFO 133902079362752 Row inserted successfully into authors.
2024-11-22T06:17:55.060487+0000 INFO 133902068876992 Row inserted successfully into quotes.
2024-11-22T06:17:55.061583+0000 INFO 133902068876992 scraped: quote: {'quote_uuid': 'af915b26-f72d-4e92-a597-2ef1c8a208e5', 'quote_text': '“Not all of us can do great things. But we can do small things with great love.”', 'author': 'Mother Teresa'}; author: Mother Teresa; tags: ['misattributed-to-mother-teresa', 'paraphrased']
2024-11-22T06:17:55.103309+0000 WARNING 133902100334272 Integrity error (probably normal behaviour): (pymysql.err.IntegrityError) (1062, "Duplicate entry 'Albert Einstein' for key 'authors.PRIMARY'")
[SQL: INSERT INTO authors (author, about) VALUES (%(author)s, %(about)s)]
[parameters: {'author': 'Albert Einstein', 'about': '/author/Albert-Einstein'}]
(Background on this error at: https://sqlalche.me/e/20/gkpj)
2024-11-22T06:17:55.111839+0000 INFO 133902058391232 Row inserted successfully into tags.
2024-11-22T06:17:55.122998+0000 ERROR 133902089848512 Error inspecting database engine: (pymysql.err.OperationalError) (1226, "User 'quotesdbtest_whistleask' has exceeded the 'max_user_connections' resource (current value: 5)")
(Background on this error at: https://sqlalche.me/e/20/e3q8)
2024-11-22T06:17:55.234659+0000 INFO 133902079362752 Row inserted successfully into quotes.
2024-11-22T06:17:55.235912+0000 INFO 133902079362752 scraped: quote: {'quote_uuid': '73dc1a91-4609-48c8-a964-c4dce5882ece', 'quote_text': '“Beauty is in the eye of the beholder and it may be necessary from time to time to give a stupid or misinformed beholder a black eye.”', 'author': 'Jim Henson'}; author: Jim Henson; tags: ['humor']
2024-11-22T06:17:55.266691+0000 INFO 133902068876992 Row inserted successfully into tags.
2024-11-22T06:17:55.301468+0000 INFO 133902100334272 Row inserted successfully into quotes.
2024-11-22T06:17:55.302053+0000 INFO 133902100334272 scraped: quote: {'quote_uuid': '5e056858-2198-4a25-b9d7-6b77c1331dd8', 'quote_text': '“There are only two ways to live your life. One is as though nothing is a miracle. The other is as though everything is a miracle.”', 'author': 'Albert Einstein'}; author: Albert Einstein; tags: ['inspirational', 'life', 'live', 'miracle', 'miracles']
2024-11-22T06:17:55.306553+0000 WARNING 133902058391232 Integrity error (probably normal behaviour): (pymysql.err.IntegrityError) (1062, "Duplicate entry 'love' for key 'tags.PRIMARY'")
[SQL: INSERT INTO tags (tag) VALUES (%(tag)s)]
[parameters: {'tag': 'love'}]
(Background on this error at: https://sqlalche.me/e/20/gkpj)
2024-11-22T06:17:55.446256+0000 INFO 133902079362752 Row inserted successfully into tags.
2024-11-22T06:17:55.469809+0000 WARNING 133902068876992 Integrity error (probably normal behaviour): (pymysql.err.IntegrityError) (1062, "Duplicate entry 'inspirational' for key 'tags.PRIMARY'")
[SQL: INSERT INTO tags (tag) VALUES (%(tag)s)]
[parameters: {'tag': 'inspirational'}]
(Background on this error at: https://sqlalche.me/e/20/gkpj)
2024-11-22T06:17:55.505114+0000 INFO 133902100334272 Row inserted successfully into tags.
2024-11-22T06:17:55.510351+0000 WARNING 133902058391232 Integrity error (probably normal behaviour): (pymysql.err.IntegrityError) (1062, "Duplicate entry 'Marilyn Monroe' for key 'authors.PRIMARY'")
[SQL: INSERT INTO authors (author, about) VALUES (%(author)s, %(about)s)]
[parameters: {'author': 'Marilyn Monroe', 'about': '/author/Marilyn-Monroe'}]
(Background on this error at: https://sqlalche.me/e/20/gkpj)
2024-11-22T06:17:55.643952+0000 WARNING 133902079362752 Integrity error (probably normal behaviour): (pymysql.err.IntegrityError) (1062, "Duplicate entry 'life' for key 'tags.PRIMARY'")
[SQL: INSERT INTO tags (tag) VALUES (%(tag)s)]
[parameters: {'tag': 'life'}]
(Background on this error at: https://sqlalche.me/e/20/gkpj)
2024-11-22T06:17:55.676152+0000 WARNING 133902068876992 Integrity error (probably normal behaviour): (pymysql.err.IntegrityError) (1062, "Duplicate entry 'J.K. Rowling' for key 'authors.PRIMARY'")
[SQL: INSERT INTO authors (author, about) VALUES (%(author)s, %(about)s)]
[parameters: {'author': 'J.K. Rowling', 'about': '/author/J-K-Rowling'}]
(Background on this error at: https://sqlalche.me/e/20/gkpj)
2024-11-22T06:17:55.693014+0000 WARNING 133902100334272 Integrity error (probably normal behaviour): (pymysql.err.IntegrityError) (1062, "Duplicate entry 'books' for key 'tags.PRIMARY'")
[SQL: INSERT INTO tags (tag) VALUES (%(tag)s)]
[parameters: {'tag': 'books'}]
(Background on this error at: https://sqlalche.me/e/20/gkpj)
2024-11-22T06:17:55.701206+0000 INFO 133902058391232 Row inserted successfully into quotes.
2024-11-22T06:17:55.702535+0000 INFO 133902058391232 scraped: quote: {'quote_uuid': '723f3dd8-7970-48f1-a712-80187f6ff453', 'quote_text': '“If you can make a woman laugh, you can make her do anything.”', 'author': 'Marilyn Monroe'}; author: Marilyn Monroe; tags: ['girls', 'love']
2024-11-22T06:17:55.707188+0000 INFO 133902089848512 Successfully fetched the page
2024-11-22T06:17:55.854429+0000 INFO 133902079362752 Row inserted successfully into tags.
2024-11-22T06:17:55.874933+0000 ERROR 133902089848512 Error inspecting database engine: (pymysql.err.OperationalError) (1226, "User 'quotesdbtest_whistleask' has exceeded the 'max_user_connections' resource (current value: 5)")
(Background on this error at: https://sqlalche.me/e/20/e3q8)
2024-11-22T06:17:55.885140+0000 INFO 133902068876992 Row inserted successfully into quotes.
2024-11-22T06:17:55.886183+0000 INFO 133902068876992 scraped: quote: {'quote_uuid': 'fc25987a-7ab5-42e0-8f34-d41fc5577b43', 'quote_text': '“To the well-organized mind, death is but the next great adventure.”', 'author': 'J.K. Rowling'}; author: J.K. Rowling; tags: ['death', 'inspirational']
2024-11-22T06:17:55.892487+0000 INFO 133902100334272 Row inserted successfully into tags.
2024-11-22T06:17:55.897763+0000 WARNING 133902058391232 Integrity error (probably normal behaviour): (pymysql.err.IntegrityError) (1062, "Duplicate entry 'life' for key 'tags.PRIMARY'")
[SQL: INSERT INTO tags (tag) VALUES (%(tag)s)]
[parameters: {'tag': 'life'}]
(Background on this error at: https://sqlalche.me/e/20/gkpj)
2024-11-22T06:17:56.057869+0000 WARNING 133902079362752 Integrity error (probably normal behaviour): (pymysql.err.IntegrityError) (1062, "Duplicate entry 'Dr. Seuss' for key 'authors.PRIMARY'")
[SQL: INSERT INTO authors (author, about) VALUES (%(author)s, %(about)s)]
[parameters: {'author': 'Dr. Seuss', 'about': '/author/Dr-Seuss'}]
(Background on this error at: https://sqlalche.me/e/20/gkpj)
2024-11-22T06:17:56.086040+0000 WARNING 133902100334272 Integrity error (probably normal behaviour): (pymysql.err.IntegrityError) (1062, "Duplicate entry 'humor' for key 'tags.PRIMARY'")
[SQL: INSERT INTO tags (tag) VALUES (%(tag)s)]
[parameters: {'tag': 'humor'}]
(Background on this error at: https://sqlalche.me/e/20/gkpj)
2024-11-22T06:17:56.092983+0000 INFO 133902068876992 Row inserted successfully into tags.
2024-11-22T06:17:56.097344+0000 INFO 133902058391232 Row inserted successfully into tags.
2024-11-22T06:17:56.263332+0000 INFO 133902079362752 Row inserted successfully into quotes.
2024-11-22T06:17:56.264459+0000 INFO 133902079362752 scraped: quote: {'quote_uuid': 'ac64cc67-41ca-4089-9174-800c2258027a', 'quote_text': '“Today you are You, that is truer than true. There is no one alive who is Youer than You.”', 'author': 'Dr. Seuss'}; author: Dr. Seuss; tags: ['comedy', 'life', 'yourself']
2024-11-22T06:17:56.271075+0000 INFO 133902100334272 Row inserted successfully into authors.
2024-11-22T06:17:56.289082+0000 WARNING 133902058391232 Integrity error (probably normal behaviour): (pymysql.err.IntegrityError) (1062, "Duplicate entry 'Albert Einstein' for key 'authors.PRIMARY'")
[SQL: INSERT INTO authors (author, about) VALUES (%(author)s, %(about)s)]
[parameters: {'author': 'Albert Einstein', 'about': '/author/Albert-Einstein'}]
(Background on this error at: https://sqlalche.me/e/20/gkpj)
2024-11-22T06:17:56.302735+0000 INFO 133902068876992 Row inserted successfully into tags.
2024-11-22T06:17:56.496427+0000 INFO 133902079362752 Row inserted successfully into tags.
2024-11-22T06:17:56.499308+0000 INFO 133902100334272 Row inserted successfully into quotes.
2024-11-22T06:17:56.499883+0000 INFO 133902058391232 Row inserted successfully into quotes.
2024-11-22T06:17:56.501087+0000 INFO 133902100334272 scraped: quote: {'quote_uuid': 'f4df27d8-0c71-4427-9981-c538544e0441', 'quote_text': '“The person, be it gentleman or lady, who has not pleasure in a good novel, must be intolerably stupid.”', 'author': 'Jane Austen'}; author: Jane Austen; tags: ['aliteracy', 'books', 'classic', 'humor']
2024-11-22T06:17:56.501766+0000 INFO 133902058391232 scraped: quote: {'quote_uuid': '8bcdb754-d135-4164-b5ae-687743237966', 'quote_text': '“Life is like riding a bicycle. To keep your balance, you must keep moving.”', 'author': 'Albert Einstein'}; author: Albert Einstein; tags: ['life', 'simile']
2024-11-22T06:17:56.505922+0000 WARNING 133902068876992 Integrity error (probably normal behaviour): (pymysql.err.IntegrityError) (1062, "Duplicate entry 'humor' for key 'tags.PRIMARY'")
[SQL: INSERT INTO tags (tag) VALUES (%(tag)s)]
[parameters: {'tag': 'humor'}]
(Background on this error at: https://sqlalche.me/e/20/gkpj)
2024-11-22T06:17:56.693089+0000 INFO 133902079362752 Row inserted successfully into tags.
2024-11-22T06:17:56.696193+0000 INFO 133902100334272 Row inserted successfully into tags.
2024-11-22T06:17:56.697981+0000 WARNING 133902058391232 Integrity error (probably normal behaviour): (pymysql.err.IntegrityError) (1062, "Duplicate entry 'love' for key 'tags.PRIMARY'")
[SQL: INSERT INTO tags (tag) VALUES (%(tag)s)]
[parameters: {'tag': 'love'}]
(Background on this error at: https://sqlalche.me/e/20/gkpj)
2024-11-22T06:17:56.707863+0000 INFO 133902068876992 Row inserted successfully into authors.
2024-11-22T06:17:56.889289+0000 WARNING 133902079362752 Integrity error (probably normal behaviour): (pymysql.err.IntegrityError) (1062, "Duplicate entry 'Albert Einstein' for key 'authors.PRIMARY'")
[SQL: INSERT INTO authors (author, about) VALUES (%(author)s, %(about)s)]
[parameters: {'author': 'Albert Einstein', 'about': '/author/Albert-Einstein'}]
(Background on this error at: https://sqlalche.me/e/20/gkpj)
2024-11-22T06:17:56.892465+0000 WARNING 133902100334272 Integrity error (probably normal behaviour): (pymysql.err.IntegrityError) (1062, "Duplicate entry 'inspirational' for key 'tags.PRIMARY'")
[SQL: INSERT INTO tags (tag) VALUES (%(tag)s)]
[parameters: {'tag': 'inspirational'}]
(Background on this error at: https://sqlalche.me/e/20/gkpj)
2024-11-22T06:17:56.893847+0000 WARNING 133902058391232 Integrity error (probably normal behaviour): (pymysql.err.IntegrityError) (1062, "Duplicate entry 'Marilyn Monroe' for key 'authors.PRIMARY'")
[SQL: INSERT INTO authors (author, about) VALUES (%(author)s, %(about)s)]
[parameters: {'author': 'Marilyn Monroe', 'about': '/author/Marilyn-Monroe'}]
(Background on this error at: https://sqlalche.me/e/20/gkpj)
2024-11-22T06:17:56.918569+0000 INFO 133902068876992 Row inserted successfully into quotes.
2024-11-22T06:17:56.919710+0000 INFO 133902068876992 scraped: quote: {'quote_uuid': '0dd4a826-00d0-47d9-980d-4901fddbe0f4', 'quote_text': "“All you need is love. But a little chocolate now and then doesn't hurt.”", 'author': 'Charles M. Schulz'}; author: Charles M. Schulz; tags: ['chocolate', 'food', 'humor']
2024-11-22T06:17:57.088829+0000 WARNING 133902100334272 Integrity error (probably normal behaviour): (pymysql.err.IntegrityError) (1062, "Duplicate entry 'Marilyn Monroe' for key 'authors.PRIMARY'")
[SQL: INSERT INTO authors (author, about) VALUES (%(author)s, %(about)s)]
[parameters: {'author': 'Marilyn Monroe', 'about': '/author/Marilyn-Monroe'}]
(Background on this error at: https://sqlalche.me/e/20/gkpj)
2024-11-22T06:17:57.095701+0000 INFO 133902079362752 Row inserted successfully into quotes.
2024-11-22T06:17:57.096832+0000 INFO 133902079362752 scraped: quote: {'quote_uuid': '21f341fb-92d1-4fdb-974d-36e38c4bf4af', 'quote_text': '“If you want your children to be intelligent, read them fairy tales. If you want them to be more intelligent, read them more fairy tales.”', 'author': 'Albert Einstein'}; author: Albert Einstein; tags: ['children', 'fairy-tales']
2024-11-22T06:17:57.098728+0000 INFO 133902058391232 Row inserted successfully into quotes.
2024-11-22T06:17:57.099135+0000 INFO 133902058391232 scraped: quote: {'quote_uuid': '2529d94c-47a7-46c0-8333-8a74213079b5', 'quote_text': '“The real lover is the man who can thrill you by kissing your forehead or smiling into your eyes or just staring into space.”', 'author': 'Marilyn Monroe'}; author: Marilyn Monroe; tags: ['love']
2024-11-22T06:17:57.126131+0000 INFO 133902068876992 Row inserted successfully into tags.
2024-11-22T06:17:57.277267+0000 INFO 133902100334272 Row inserted successfully into quotes.
2024-11-22T06:17:57.278388+0000 INFO 133902100334272 scraped: quote: {'quote_uuid': '994b9af4-ba11-4f1a-998d-2ee5e94bc694', 'quote_text': "“Imperfection is beauty, madness is genius and it's better to be absolutely ridiculous than absolutely boring.”", 'author': 'Marilyn Monroe'}; author: Marilyn Monroe; tags: ['be-yourself', 'inspirational']
2024-11-22T06:17:57.291814+0000 WARNING 133902058391232 Integrity error (probably normal behaviour): (pymysql.err.IntegrityError) (1062, "Duplicate entry 'attributed-no-source' for key 'tags.PRIMARY'")
[SQL: INSERT INTO tags (tag) VALUES (%(tag)s)]
[parameters: {'tag': 'attributed-no-source'}]
(Background on this error at: https://sqlalche.me/e/20/gkpj)
2024-11-22T06:17:57.300206+0000 WARNING 133902079362752 Integrity error (probably normal behaviour): (pymysql.err.IntegrityError) (1062, "Duplicate entry '' for key 'tags.PRIMARY'")
[SQL: INSERT INTO tags (tag) VALUES (%(tag)s)]
[parameters: {'tag': ''}]
(Background on this error at: https://sqlalche.me/e/20/gkpj)
2024-11-22T06:17:57.320803+0000 WARNING 133902068876992 Integrity error (probably normal behaviour): (pymysql.err.IntegrityError) (1062, "Duplicate entry 'reading' for key 'tags.PRIMARY'")
[SQL: INSERT INTO tags (tag) VALUES (%(tag)s)]
[parameters: {'tag': 'reading'}]
(Background on this error at: https://sqlalche.me/e/20/gkpj)
2024-11-22T06:17:57.468376+0000 INFO 133902100334272 Row inserted successfully into tags.
2024-11-22T06:17:57.486136+0000 WARNING 133902058391232 Integrity error (probably normal behaviour): (pymysql.err.IntegrityError) (1062, "Duplicate entry 'Marilyn Monroe' for key 'authors.PRIMARY'")
[SQL: INSERT INTO authors (author, about) VALUES (%(author)s, %(about)s)]
[parameters: {'author': 'Marilyn Monroe', 'about': '/author/Marilyn-Monroe'}]
(Background on this error at: https://sqlalche.me/e/20/gkpj)
2024-11-22T06:17:57.498334+0000 WARNING 133902079362752 Integrity error (probably normal behaviour): (pymysql.err.IntegrityError) (1062, "Duplicate entry 'J.K. Rowling' for key 'authors.PRIMARY'")
[SQL: INSERT INTO authors (author, about) VALUES (%(author)s, %(about)s)]
[parameters: {'author': 'J.K. Rowling', 'about': '/author/J-K-Rowling'}]
(Background on this error at: https://sqlalche.me/e/20/gkpj)
2024-11-22T06:17:57.519652+0000 INFO 133902068876992 Row inserted successfully into authors.
2024-11-22T06:17:57.668801+0000 INFO 133902100334272 Row inserted successfully into tags.
2024-11-22T06:17:57.677955+0000 INFO 133902058391232 Row inserted successfully into quotes.
2024-11-22T06:17:57.679086+0000 INFO 133902058391232 scraped: quote: {'quote_uuid': 'f8923624-df65-4d23-8996-e485834ca6d5', 'quote_text': "“A wise girl kisses but doesn't love, listens but doesn't believe, and leaves before she is left.”", 'author': 'Marilyn Monroe'}; author: Marilyn Monroe; tags: ['attributed-no-source']
2024-11-22T06:17:57.700396+0000 INFO 133902079362752 Row inserted successfully into quotes.
2024-11-22T06:17:57.701082+0000 INFO 133902079362752 scraped: quote: {'quote_uuid': '2e3b43b7-af79-4df2-9f34-0bd32fb89068', 'quote_text': '“It is impossible to live without failing at something, unless you live so cautiously that you might as well not have lived at all - in which case, you fail by default.”', 'author': 'J.K. Rowling'}; author: J.K. Rowling; tags: ['']
2024-11-22T06:17:57.725509+0000 INFO 133902068876992 Row inserted successfully into quotes.
2024-11-22T06:17:57.726114+0000 INFO 133902068876992 scraped: quote: {'quote_uuid': '759cdc89-7678-46e6-ae9d-3c46902b9d48', 'quote_text': "“We read to know we're not alone.”", 'author': 'William Nicholson'}; author: William Nicholson; tags: ['misattributed-to-c-s-lewis', 'reading']
2024-11-22T06:17:57.860646+0000 INFO 133902100334272 Row inserted successfully into tags.
2024-11-22T06:17:57.871734+0000 INFO 133902058391232 Row inserted successfully into tags.
2024-11-22T06:17:57.904480+0000 INFO 133902079362752 Row inserted successfully into tags.
2024-11-22T06:17:57.930572+0000 INFO 133902068876992 Row inserted successfully into tags.
2024-11-22T06:17:58.045289+0000 WARNING 133902100334272 Integrity error (probably normal behaviour): (pymysql.err.IntegrityError) (1062, "Duplicate entry 'Albert Einstein' for key 'authors.PRIMARY'")
[SQL: INSERT INTO authors (author, about) VALUES (%(author)s, %(about)s)]
[parameters: {'author': 'Albert Einstein', 'about': '/author/Albert-Einstein'}]
(Background on this error at: https://sqlalche.me/e/20/gkpj)
2024-11-22T06:17:58.060992+0000 WARNING 133902058391232 Integrity error (probably normal behaviour): (pymysql.err.IntegrityError) (1062, "Duplicate entry 'inspirational' for key 'tags.PRIMARY'")
[SQL: INSERT INTO tags (tag) VALUES (%(tag)s)]
[parameters: {'tag': 'inspirational'}]
(Background on this error at: https://sqlalche.me/e/20/gkpj)
2024-11-22T06:17:58.100022+0000 WARNING 133902079362752 Integrity error (probably normal behaviour): (pymysql.err.IntegrityError) (1062, "Duplicate entry 'Albert Einstein' for key 'authors.PRIMARY'")
[SQL: INSERT INTO authors (author, about) VALUES (%(author)s, %(about)s)]
[parameters: {'author': 'Albert Einstein', 'about': '/author/Albert-Einstein'}]
(Background on this error at: https://sqlalche.me/e/20/gkpj)
2024-11-22T06:17:58.122817+0000 WARNING 133902068876992 Integrity error (probably normal behaviour): (pymysql.err.IntegrityError) (1062, "Duplicate entry 'learning' for key 'tags.PRIMARY'")
[SQL: INSERT INTO tags (tag) VALUES (%(tag)s)]
[parameters: {'tag': 'learning'}]
(Background on this error at: https://sqlalche.me/e/20/gkpj)
2024-11-22T06:17:58.237767+0000 INFO 133902100334272 Row inserted successfully into quotes.
2024-11-22T06:17:58.238886+0000 INFO 133902100334272 scraped: quote: {'quote_uuid': 'dd5e4bcd-b462-46de-9b19-c65cf2c81809', 'quote_text': '“Try not to become a man of success. Rather become a man of value.”', 'author': 'Albert Einstein'}; author: Albert Einstein; tags: ['adulthood', 'success', 'value']
2024-11-22T06:17:58.257752+0000 INFO 133902058391232 Row inserted successfully into authors.
2024-11-22T06:17:58.300772+0000 INFO 133902079362752 Row inserted successfully into quotes.
2024-11-22T06:17:58.301279+0000 INFO 133902079362752 scraped: quote: {'quote_uuid': 'cec25193-41aa-45d0-b0df-d3a2472484ae', 'quote_text': '“Logic will get you from A to Z; imagination will get you everywhere.”', 'author': 'Albert Einstein'}; author: Albert Einstein; tags: ['imagination']
2024-11-22T06:17:58.326062+0000 INFO 133902068876992 Row inserted successfully into tags.
2024-11-22T06:17:58.432772+0000 WARNING 133902100334272 Integrity error (probably normal behaviour): (pymysql.err.IntegrityError) (1062, "Duplicate entry 'life' for key 'tags.PRIMARY'")
[SQL: INSERT INTO tags (tag) VALUES (%(tag)s)]
[parameters: {'tag': 'life'}]
(Background on this error at: https://sqlalche.me/e/20/gkpj)
2024-11-22T06:17:58.446955+0000 INFO 133902058391232 Row inserted successfully into quotes.
2024-11-22T06:17:58.448094+0000 INFO 133902058391232 scraped: quote: {'quote_uuid': 'b081ff07-40f1-46e1-be6d-df9dfca03c2d', 'quote_text': '“Only in the darkness can you see the stars.”', 'author': 'Martin Luther King Jr.'}; author: Martin Luther King Jr.; tags: ['hope', 'inspirational']
2024-11-22T06:17:58.497776+0000 INFO 133902079362752 Row inserted successfully into tags.
2024-11-22T06:17:58.524322+0000 INFO 133902068876992 Row inserted successfully into tags.
2024-11-22T06:17:58.622873+0000 WARNING 133902100334272 Integrity error (probably normal behaviour): (pymysql.err.IntegrityError) (1062, "Duplicate entry 'love' for key 'tags.PRIMARY'")
[SQL: INSERT INTO tags (tag) VALUES (%(tag)s)]
[parameters: {'tag': 'love'}]
(Background on this error at: https://sqlalche.me/e/20/gkpj)
2024-11-22T06:17:58.640105+0000 WARNING 133902058391232 Integrity error (probably normal behaviour): (pymysql.err.IntegrityError) (1062, "Duplicate entry 'dumbledore' for key 'tags.PRIMARY'")
[SQL: INSERT INTO tags (tag) VALUES (%(tag)s)]
[parameters: {'tag': 'dumbledore'}]
(Background on this error at: https://sqlalche.me/e/20/gkpj)
2024-11-22T06:17:58.700234+0000 WARNING 133902079362752 Integrity error (probably normal behaviour): (pymysql.err.IntegrityError) (1062, "Duplicate entry 'Bob Marley' for key 'authors.PRIMARY'")
[SQL: INSERT INTO authors (author, about) VALUES (%(author)s, %(about)s)]
[parameters: {'author': 'Bob Marley', 'about': '/author/Bob-Marley'}]
(Background on this error at: https://sqlalche.me/e/20/gkpj)
2024-11-22T06:17:58.716002+0000 WARNING 133902068876992 Integrity error (probably normal behaviour): (pymysql.err.IntegrityError) (1062, "Duplicate entry 'Albert Einstein' for key 'authors.PRIMARY'")
[SQL: INSERT INTO authors (author, about) VALUES (%(author)s, %(about)s)]
[parameters: {'author': 'Albert Einstein', 'about': '/author/Albert-Einstein'}]
(Background on this error at: https://sqlalche.me/e/20/gkpj)
2024-11-22T06:17:58.822733+0000 INFO 133902100334272 Row inserted successfully into authors.
2024-11-22T06:17:58.833191+0000 WARNING 133902058391232 Integrity error (probably normal behaviour): (pymysql.err.IntegrityError) (1062, "Duplicate entry 'J.K. Rowling' for key 'authors.PRIMARY'")
[SQL: INSERT INTO authors (author, about) VALUES (%(author)s, %(about)s)]
[parameters: {'author': 'J.K. Rowling', 'about': '/author/J-K-Rowling'}]
(Background on this error at: https://sqlalche.me/e/20/gkpj)
2024-11-22T06:17:58.898127+0000 INFO 133902079362752 Row inserted successfully into quotes.
2024-11-22T06:17:58.899242+0000 INFO 133902079362752 scraped: quote: {'quote_uuid': 'cd219d2e-b2e3-4db5-b6e4-8f53244815e9', 'quote_text': '“One good thing about music, when it hits you, you feel no pain.”', 'author': 'Bob Marley'}; author: Bob Marley; tags: ['music']
2024-11-22T06:17:58.916146+0000 INFO 133902068876992 Row inserted successfully into quotes.
2024-11-22T06:17:58.916861+0000 INFO 133902068876992 scraped: quote: {'quote_uuid': 'b6e2c00c-3110-4723-a786-4ae2e77f33e4', 'quote_text': '“Any fool can know. The point is to understand.”', 'author': 'Albert Einstein'}; author: Albert Einstein; tags: ['knowledge', 'learning', 'understanding', 'wisdom']
2024-11-22T06:17:59.026172+0000 INFO 133902100334272 Row inserted successfully into quotes.
2024-11-22T06:17:59.027355+0000 INFO 133902100334272 scraped: quote: {'quote_uuid': 'f2ba132c-4d82-4a29-9918-d72777c80b99', 'quote_text': '“It is better to be hated for what you are than to be loved for what you are not.”', 'author': 'André Gide'}; author: André Gide; tags: ['life', 'love']
2024-11-22T06:17:59.028838+0000 INFO 133902058391232 Row inserted successfully into quotes.
2024-11-22T06:17:59.029251+0000 INFO 133902058391232 scraped: quote: {'quote_uuid': '509120be-b52e-47f0-a4e4-f12a395c2f64', 'quote_text': '“It matters not what someone is born, but what they grow to be.”', 'author': 'J.K. Rowling'}; author: J.K. Rowling; tags: ['dumbledore']
2024-11-22T06:17:59.111483+0000 WARNING 133902068876992 Integrity error (probably normal behaviour): (pymysql.err.IntegrityError) (1062, "Duplicate entry 'books' for key 'tags.PRIMARY'")
[SQL: INSERT INTO tags (tag) VALUES (%(tag)s)]
[parameters: {'tag': 'books'}]
(Background on this error at: https://sqlalche.me/e/20/gkpj)
2024-11-22T06:17:59.219114+0000 INFO 133902100334272 Row inserted successfully into tags.
2024-11-22T06:17:59.224309+0000 WARNING 133902058391232 Integrity error (probably normal behaviour): (pymysql.err.IntegrityError) (1062, "Duplicate entry 'love' for key 'tags.PRIMARY'")
[SQL: INSERT INTO tags (tag) VALUES (%(tag)s)]
[parameters: {'tag': 'love'}]
(Background on this error at: https://sqlalche.me/e/20/gkpj)
2024-11-22T06:17:59.314805+0000 INFO 133902068876992 Row inserted successfully into tags.
2024-11-22T06:17:59.417335+0000 INFO 133902058391232 Row inserted successfully into authors.
2024-11-22T06:17:59.423601+0000 INFO 133902100334272 Row inserted successfully into tags.
2024-11-22T06:17:59.524306+0000 INFO 133902068876992 Row inserted successfully into authors.
2024-11-22T06:17:59.612932+0000 INFO 133902058391232 Row inserted successfully into quotes.
2024-11-22T06:17:59.614089+0000 INFO 133902058391232 scraped: quote: {'quote_uuid': '369359bd-24bb-420e-b6c6-a5344a67f62d', 'quote_text': '“Love does not begin and end the way we seem to think it does. Love is a battle, love is a war; love is a growing up.”', 'author': 'James Baldwin'}; author: James Baldwin; tags: ['love']
2024-11-22T06:17:59.619714+0000 WARNING 133902100334272 Integrity error (probably normal behaviour): (pymysql.err.IntegrityError) (1062, "Duplicate entry 'inspirational' for key 'tags.PRIMARY'")
[SQL: INSERT INTO tags (tag) VALUES (%(tag)s)]
[parameters: {'tag': 'inspirational'}]
(Background on this error at: https://sqlalche.me/e/20/gkpj)
2024-11-22T06:17:59.724929+0000 INFO 133902068876992 Row inserted successfully into quotes.
2024-11-22T06:17:59.726111+0000 INFO 133902068876992 scraped: quote: {'quote_uuid': 'd7ed2340-cf1b-449e-83c0-624d11e89d42', 'quote_text': '“I have always imagined that Paradise will be a kind of library.”', 'author': 'Jorge Luis Borges'}; author: Jorge Luis Borges; tags: ['books', 'library']
2024-11-22T06:17:59.826453+0000 WARNING 133902100334272 Integrity error (probably normal behaviour): (pymysql.err.IntegrityError) (1062, "Duplicate entry 'paraphrased' for key 'tags.PRIMARY'")
[SQL: INSERT INTO tags (tag) VALUES (%(tag)s)]
[parameters: {'tag': 'paraphrased'}]
(Background on this error at: https://sqlalche.me/e/20/gkpj)
2024-11-22T06:17:59.927258+0000 WARNING 133902068876992 Integrity error (probably normal behaviour): (pymysql.err.IntegrityError) (1062, "Duplicate entry 'inspirational' for key 'tags.PRIMARY'")
[SQL: INSERT INTO tags (tag) VALUES (%(tag)s)]
[parameters: {'tag': 'inspirational'}]
(Background on this error at: https://sqlalche.me/e/20/gkpj)
2024-11-22T06:18:00.022685+0000 INFO 133902100334272 Row inserted successfully into authors.
2024-11-22T06:18:00.121084+0000 INFO 133902068876992 Row inserted successfully into authors.
2024-11-22T06:18:00.215937+0000 INFO 133902100334272 Row inserted successfully into quotes.
2024-11-22T06:18:00.217124+0000 INFO 133902100334272 scraped: quote: {'quote_uuid': '06d55125-2116-4e49-91f5-8cae1d7b1d36', 'quote_text': "“I have not failed. I've just found 10,000 ways that won't work.”", 'author': 'Thomas A. Edison'}; author: Thomas A. Edison; tags: ['edison', 'failure', 'inspirational', 'paraphrased']
2024-11-22T06:18:00.320796+0000 INFO 133902068876992 Row inserted successfully into quotes.
2024-11-22T06:18:00.322025+0000 INFO 133902068876992 scraped: quote: {'quote_uuid': 'bb7990e5-eb44-4b0c-be81-131ab9cba454', 'quote_text': '“It is never too late to be what you might have been.”', 'author': 'George Eliot'}; author: George Eliot; tags: ['inspirational']
2024-11-22T06:18:00.425108+0000 INFO 133902100334272 Row inserted successfully into tags.
2024-11-22T06:18:00.627738+0000 INFO 133902100334272 Row inserted successfully into authors.
2024-11-22T06:18:00.844789+0000 INFO 133902100334272 Row inserted successfully into quotes.
2024-11-22T06:18:00.845986+0000 INFO 133902100334272 scraped: quote: {'quote_uuid': '6a0271cd-5de2-4908-b676-c889fd18c9d8', 'quote_text': "“A woman is like a tea bag; you never know how strong it is until it's in hot water.”", 'author': 'Eleanor Roosevelt'}; author: Eleanor Roosevelt; tags: ['misattributed-eleanor-roosevelt']
2024-11-22T06:18:01.040538+0000 WARNING 133902100334272 Integrity error (probably normal behaviour): (pymysql.err.IntegrityError) (1062, "Duplicate entry 'humor' for key 'tags.PRIMARY'")
[SQL: INSERT INTO tags (tag) VALUES (%(tag)s)]
[parameters: {'tag': 'humor'}]
(Background on this error at: https://sqlalche.me/e/20/gkpj)
2024-11-22T06:18:01.241792+0000 INFO 133902100334272 Row inserted successfully into tags.
2024-11-22T06:18:01.439467+0000 WARNING 133902100334272 Integrity error (probably normal behaviour): (pymysql.err.IntegrityError) (1062, "Duplicate entry 'simile' for key 'tags.PRIMARY'")
[SQL: INSERT INTO tags (tag) VALUES (%(tag)s)]
[parameters: {'tag': 'simile'}]
(Background on this error at: https://sqlalche.me/e/20/gkpj)
2024-11-22T06:18:01.646880+0000 INFO 133902100334272 Row inserted successfully into authors.
2024-11-22T06:18:01.838849+0000 INFO 133902100334272 Row inserted successfully into quotes.
2024-11-22T06:18:01.839975+0000 INFO 133902100334272 scraped: quote: {'quote_uuid': 'cc3e029e-5f25-43ee-9d5d-3913bc61d672', 'quote_text': '“A day without sunshine is like, you know, night.”', 'author': 'Steve Martin'}; author: Steve Martin; tags: ['humor', 'obvious', 'simile']
2024-11-22T06:18:02.056885+0000 INFO 133902547402880 Row inserted successfully into quotes_tags_link.
2024-11-22T06:18:02.251445+0000 INFO 133902547402880 Row inserted successfully into quotes_tags_link.
2024-11-22T06:18:02.468779+0000 INFO 133902547402880 Row inserted successfully into quotes_tags_link.
2024-11-22T06:18:02.670910+0000 INFO 133902547402880 Row inserted successfully into quotes_tags_link.
2024-11-22T06:18:02.893191+0000 INFO 133902547402880 Row inserted successfully into quotes_tags_link.
2024-11-22T06:18:03.099741+0000 INFO 133902547402880 Row inserted successfully into quotes_tags_link.
2024-11-22T06:18:03.300885+0000 INFO 133902547402880 Row inserted successfully into quotes_tags_link.
2024-11-22T06:18:03.496738+0000 INFO 133902547402880 Row inserted successfully into quotes_tags_link.
2024-11-22T06:18:03.708288+0000 INFO 133902547402880 Row inserted successfully into quotes_tags_link.
2024-11-22T06:18:03.910166+0000 INFO 133902547402880 Row inserted successfully into quotes_tags_link.
2024-11-22T06:18:04.118713+0000 INFO 133902547402880 Row inserted successfully into quotes_tags_link.
2024-11-22T06:18:04.321861+0000 INFO 133902547402880 Row inserted successfully into quotes_tags_link.
2024-11-22T06:18:04.523368+0000 INFO 133902547402880 Row inserted successfully into quotes_tags_link.
2024-11-22T06:18:04.719328+0000 INFO 133902547402880 Row inserted successfully into quotes_tags_link.
2024-11-22T06:18:04.930426+0000 INFO 133902547402880 Row inserted successfully into quotes_tags_link.
2024-11-22T06:18:05.132363+0000 INFO 133902547402880 Row inserted successfully into quotes_tags_link.
2024-11-22T06:18:05.342661+0000 INFO 133902547402880 Row inserted successfully into quotes_tags_link.
2024-11-22T06:18:05.547821+0000 INFO 133902547402880 Row inserted successfully into quotes_tags_link.
2024-11-22T06:18:05.754522+0000 INFO 133902547402880 Row inserted successfully into quotes_tags_link.
2024-11-22T06:18:05.960132+0000 INFO 133902547402880 Row inserted successfully into quotes_tags_link.
2024-11-22T06:18:06.169331+0000 INFO 133902547402880 Row inserted successfully into quotes_tags_link.
2024-11-22T06:18:06.369942+0000 INFO 133902547402880 Row inserted successfully into quotes_tags_link.
2024-11-22T06:18:06.569160+0000 INFO 133902547402880 Row inserted successfully into quotes_tags_link.
2024-11-22T06:18:06.769917+0000 INFO 133902547402880 Row inserted successfully into quotes_tags_link.
2024-11-22T06:18:06.968113+0000 INFO 133902547402880 Row inserted successfully into quotes_tags_link.
2024-11-22T06:18:07.167421+0000 INFO 133902547402880 Row inserted successfully into quotes_tags_link.
2024-11-22T06:18:07.374757+0000 INFO 133902547402880 Row inserted successfully into quotes_tags_link.
2024-11-22T06:18:07.579234+0000 INFO 133902547402880 Row inserted successfully into quotes_tags_link.
2024-11-22T06:18:07.787190+0000 INFO 133902547402880 Row inserted successfully into quotes_tags_link.
2024-11-22T06:18:07.992862+0000 INFO 133902547402880 Row inserted successfully into quotes_tags_link.
