2024-10-24T16:00:05.954726+0100 INFO 138986446315648 Ensured data directory exists at /home/daxo/code/scraping_quotes/scraping_quotes/data
2024-10-24T16:00:06.013216+0100 INFO 138986446315648 Created database engine for /home/daxo/code/scraping_quotes/scraping_quotes/data/quotes.db
2024-10-24T16:00:06.073109+0100 INFO 138986446315648 Database schema initialized successfully.
2024-10-24T16:00:06.075919+0100 INFO 138986446315648 Tables in the database: ['TestTable', 'authors', 'quotes', 'quotes_tags_link', 'tags']
2024-10-24T16:00:06.076090+0100 ERROR 138986446315648 Not all required tables were created.
2024-10-24T16:00:06.084394+0100 INFO 138986446315648 Database schema initialized successfully.
2024-10-24T16:00:06.086050+0100 INFO 138986446315648 Tables in the database: ['TestTable', 'authors', 'quotes', 'quotes_tags_link', 'tags']
2024-10-24T16:00:06.086159+0100 ERROR 138986446315648 Not all required tables were created.
2024-10-24T16:00:06.121059+0100 INFO 138986446315648 All tables truncated successfully.
2024-10-24T16:00:06.127832+0100 INFO 138986446315648 Database initialized successfully with new records.
2024-10-24T16:00:06.787636+0100 INFO 138986446315648 Successfully fetched the page
2024-10-24T16:00:07.596381+0100 INFO 138986446315648 Successfully fetched the page
2024-10-24T16:00:08.251323+0100 INFO 138985598879424 Successfully fetched the page
2024-10-24T16:00:08.253667+0100 INFO 138985588393664 Successfully fetched the page
2024-10-24T16:00:08.285050+0100 INFO 138985697445568 Successfully fetched the page
2024-10-24T16:00:08.293817+0100 INFO 138985464661696 Successfully fetched the page
2024-10-24T16:00:08.301354+0100 INFO 138985475147456 Successfully fetched the page
2024-10-24T16:00:08.303351+0100 INFO 138985556936384 Successfully fetched the page
2024-10-24T16:00:08.374451+0100 INFO 138985609365184 Successfully fetched the page
2024-10-24T16:00:08.440728+0100 INFO 138985567422144 Successfully fetched the page
2024-10-24T16:00:08.442553+0100 INFO 138985577907904 Successfully fetched the page
2024-10-24T16:00:08.466866+0100 INFO 138985454175936 Successfully fetched the page
2024-10-24T16:00:08.668417+0100 INFO 138985475147456 Row inserted successfully into tags.
2024-10-24T16:00:08.671008+0100 INFO 138985588393664 Row inserted successfully into tags.
2024-10-24T16:00:08.671474+0100 INFO 138985598879424 Row inserted successfully into tags.
2024-10-24T16:00:08.683385+0100 INFO 138985556936384 Row inserted successfully into tags.
2024-10-24T16:00:08.694892+0100 INFO 138985454175936 Row inserted successfully into tags.
2024-10-24T16:00:08.712980+0100 INFO 138985697445568 Row inserted successfully into tags.
2024-10-24T16:00:08.717322+0100 INFO 138985609365184 Row inserted successfully into tags.
2024-10-24T16:00:08.719539+0100 INFO 138985464661696 Row inserted successfully into tags.
2024-10-24T16:00:08.728590+0100 ERROR 138985567422144 Error inserting row into tags: (pymysql.err.IntegrityError) (1062, "Duplicate entry 'friendship' for key 'tags.PRIMARY'")
[SQL: INSERT INTO tags (tag) VALUES (%(tag)s)]
[parameters: {'tag': 'friendship'}]
(Background on this error at: https://sqlalche.me/e/20/gkpj)
2024-10-24T16:00:08.735470+0100 INFO 138985588393664 Row inserted successfully into tags.
2024-10-24T16:00:08.743871+0100 ERROR 138985475147456 Error inserting row into tags: (pymysql.err.IntegrityError) (1062, "Duplicate entry 'love' for key 'tags.PRIMARY'")
[SQL: INSERT INTO tags (tag) VALUES (%(tag)s)]
[parameters: {'tag': 'love'}]
(Background on this error at: https://sqlalche.me/e/20/gkpj)
2024-10-24T16:00:08.751813+0100 INFO 138985598879424 Row inserted successfully into tags.
2024-10-24T16:00:08.755740+0100 INFO 138985556936384 Row inserted successfully into authors.
2024-10-24T16:00:08.758657+0100 INFO 138985577907904 Row inserted successfully into tags.
2024-10-24T16:00:08.762312+0100 INFO 138985454175936 Row inserted successfully into authors.
2024-10-24T16:00:08.766269+0100 INFO 138985609365184 Row inserted successfully into tags.
2024-10-24T16:00:08.770039+0100 INFO 138985697445568 Row inserted successfully into tags.
2024-10-24T16:00:08.787070+0100 INFO 138985598879424 Row inserted successfully into authors.
2024-10-24T16:00:08.793944+0100 INFO 138985464661696 Row inserted successfully into authors.
2024-10-24T16:00:08.797887+0100 INFO 138985588393664 Row inserted successfully into tags.
2024-10-24T16:00:08.801385+0100 INFO 138985577907904 Row inserted successfully into tags.
2024-10-24T16:00:08.812535+0100 INFO 138985609365184 Row inserted successfully into tags.
2024-10-24T16:00:08.818237+0100 INFO 138985697445568 Row inserted successfully into tags.
2024-10-24T16:00:08.842201+0100 INFO 138985556936384 Row inserted successfully into quotes.
2024-10-24T16:00:08.845699+0100 INFO 138985464661696 Row inserted successfully into quotes.
2024-10-24T16:00:08.847961+0100 INFO 138985454175936 Row inserted successfully into quotes.
2024-10-24T16:00:08.850816+0100 INFO 138985697445568 Row inserted successfully into tags.
2024-10-24T16:00:08.854854+0100 ERROR 138985577907904 Error inserting row into tags: (pymysql.err.IntegrityError) (1062, "Duplicate entry 'reading' for key 'tags.PRIMARY'")
[SQL: INSERT INTO tags (tag) VALUES (%(tag)s)]
[parameters: {'tag': 'reading'}]
(Background on this error at: https://sqlalche.me/e/20/gkpj)
2024-10-24T16:00:08.861674+0100 INFO 138985609365184 Row inserted successfully into tags.
2024-10-24T16:00:08.870957+0100 INFO 138985598879424 Row inserted successfully into quotes.
2024-10-24T16:00:08.873221+0100 INFO 138985588393664 Row inserted successfully into authors.
2024-10-24T16:00:08.887669+0100 INFO 138985464661696 Row inserted successfully into quotes_tags_link.
2024-10-24T16:00:08.888387+0100 INFO 138985454175936 Row inserted successfully into quotes_tags_link.
2024-10-24T16:00:08.898755+0100 INFO 138985556936384 Row inserted successfully into quotes_tags_link.
2024-10-24T16:00:08.903397+0100 ERROR 138985697445568 Error inserting row into authors: (pymysql.err.IntegrityError) (1062, "Duplicate entry 'Albert Einstein' for key 'authors.PRIMARY'")
[SQL: INSERT INTO authors (author, about) VALUES (%(author)s, %(about)s)]
[parameters: {'author': 'Albert Einstein', 'about': '/author/Albert-Einstein'}]
(Background on this error at: https://sqlalche.me/e/20/gkpj)
2024-10-24T16:00:08.905541+0100 ERROR 138985609365184 Error inserting row into tags: (pymysql.err.IntegrityError) (1062, "Duplicate entry 'love' for key 'tags.PRIMARY'")
[SQL: INSERT INTO tags (tag) VALUES (%(tag)s)]
[parameters: {'tag': 'love'}]
(Background on this error at: https://sqlalche.me/e/20/gkpj)
2024-10-24T16:00:08.913744+0100 INFO 138985598879424 Row inserted successfully into quotes_tags_link.
2024-10-24T16:00:08.925230+0100 INFO 138985588393664 Row inserted successfully into quotes.
2024-10-24T16:00:08.933741+0100 INFO 138985464661696 Row inserted successfully into tags.
2024-10-24T16:00:08.940080+0100 INFO 138985454175936 Row inserted successfully into tags.
2024-10-24T16:00:08.950804+0100 INFO 138985598879424 Row inserted successfully into tags.
2024-10-24T16:00:08.952750+0100 INFO 138985556936384 Row inserted successfully into tags.
2024-10-24T16:00:08.958386+0100 INFO 138985588393664 Row inserted successfully into quotes_tags_link.
2024-10-24T16:00:08.960649+0100 ERROR 138985454175936 Error inserting row into tags: (pymysql.err.IntegrityError) (1062, "Duplicate entry 'life' for key 'tags.PRIMARY'")
[SQL: INSERT INTO tags (tag) VALUES (%(tag)s)]
[parameters: {'tag': 'life'}]
(Background on this error at: https://sqlalche.me/e/20/gkpj)
2024-10-24T16:00:08.962193+0100 ERROR 138985464661696 Error inserting row into tags: (pymysql.err.IntegrityError) (1062, "Duplicate entry 'love' for key 'tags.PRIMARY'")
[SQL: INSERT INTO tags (tag) VALUES (%(tag)s)]
[parameters: {'tag': 'love'}]
(Background on this error at: https://sqlalche.me/e/20/gkpj)
2024-10-24T16:00:08.982760+0100 INFO 138985598879424 Row inserted successfully into authors.
2024-10-24T16:00:08.989262+0100 INFO 138985588393664 Row inserted successfully into tags.
2024-10-24T16:00:08.994165+0100 INFO 138985556936384 Row inserted successfully into authors.
2024-10-24T16:00:09.001822+0100 INFO 138985598879424 Row inserted successfully into quotes.
2024-10-24T16:00:09.003310+0100 ERROR 138985588393664 Error inserting row into authors: (pymysql.err.IntegrityError) (1062, "Duplicate entry 'J.K. Rowling' for key 'authors.PRIMARY'")
[SQL: INSERT INTO authors (author, about) VALUES (%(author)s, %(about)s)]
[parameters: {'author': 'J.K. Rowling', 'about': '/author/J-K-Rowling'}]
(Background on this error at: https://sqlalche.me/e/20/gkpj)
2024-10-24T16:00:09.014108+0100 INFO 138985556936384 Row inserted successfully into quotes.
2024-10-24T16:00:09.022402+0100 INFO 138985598879424 Row inserted successfully into quotes_tags_link.
2024-10-24T16:00:09.029302+0100 INFO 138985556936384 Row inserted successfully into quotes_tags_link.
2024-10-24T16:00:09.041476+0100 INFO 138985598879424 Row inserted successfully into tags.
2024-10-24T16:00:09.042648+0100 ERROR 138985556936384 Error inserting row into tags: (pymysql.err.IntegrityError) (1062, "Duplicate entry 'humor' for key 'tags.PRIMARY'")
[SQL: INSERT INTO tags (tag) VALUES (%(tag)s)]
[parameters: {'tag': 'humor'}]
(Background on this error at: https://sqlalche.me/e/20/gkpj)
2024-10-24T16:00:09.056344+0100 INFO 138985598879424 Row inserted successfully into authors.
2024-10-24T16:00:09.074511+0100 INFO 138985598879424 Row inserted successfully into quotes.
2024-10-24T16:00:09.089951+0100 INFO 138985598879424 Row inserted successfully into quotes_tags_link.
2024-10-24T16:00:09.100501+0100 ERROR 138985598879424 Error inserting row into tags: (pymysql.err.IntegrityError) (1062, "Duplicate entry 'humor' for key 'tags.PRIMARY'")
[SQL: INSERT INTO tags (tag) VALUES (%(tag)s)]
[parameters: {'tag': 'humor'}]
(Background on this error at: https://sqlalche.me/e/20/gkpj)
