2024-10-24T16:14:25.253031+0100 INFO 132627845451904 Ensured data directory exists at /home/daxo/code/scraping_quotes/scraping_quotes/data
2024-10-24T16:14:25.281549+0100 INFO 132627845451904 Created database engine for /home/daxo/code/scraping_quotes/scraping_quotes/data/quotes.db
2024-10-24T16:14:25.308631+0100 INFO 132627845451904 Database schema initialized successfully.
2024-10-24T16:14:25.310308+0100 INFO 132627845451904 Tables in the database: ['TestTable', 'authors', 'quotes', 'quotes_tags_link', 'tags']
2024-10-24T16:14:25.310420+0100 ERROR 132627845451904 Not all required tables were created.
2024-10-24T16:14:25.317742+0100 INFO 132627845451904 Database schema initialized successfully.
2024-10-24T16:14:25.319343+0100 INFO 132627845451904 Tables in the database: ['TestTable', 'authors', 'quotes', 'quotes_tags_link', 'tags']
2024-10-24T16:14:25.319458+0100 ERROR 132627845451904 Not all required tables were created.
2024-10-24T16:14:25.338590+0100 INFO 132627845451904 All tables truncated successfully.
2024-10-24T16:14:25.403964+0100 INFO 132627845451904 Database initialized successfully with new records.
2024-10-24T16:14:26.016684+0100 INFO 132627845451904 Successfully fetched the page
2024-10-24T16:14:26.645469+0100 INFO 132627845451904 Successfully fetched the page
2024-10-24T16:14:27.275731+0100 INFO 132627398919872 Successfully fetched the page
2024-10-24T16:14:27.283598+0100 INFO 132627419891392 Successfully fetched the page
2024-10-24T16:14:27.317647+0100 INFO 132627312936640 Successfully fetched the page
2024-10-24T16:14:27.336388+0100 INFO 132627260507840 Successfully fetched the page
2024-10-24T16:14:27.337971+0100 INFO 132627111610048 Successfully fetched the page
2024-10-24T16:14:27.345291+0100 INFO 132627281479360 Successfully fetched the page
2024-10-24T16:14:27.351236+0100 INFO 132627291965120 Successfully fetched the page
2024-10-24T16:14:27.386290+0100 INFO 132627270993600 Successfully fetched the page
2024-10-24T16:14:27.399706+0100 INFO 132627409405632 Successfully fetched the page
2024-10-24T16:14:27.471337+0100 INFO 132627302450880 Successfully fetched the page
2024-10-24T16:14:27.691760+0100 INFO 132627398919872 Row inserted successfully into tags.
2024-10-24T16:14:27.710644+0100 INFO 132627312936640 Row inserted successfully into tags.
2024-10-24T16:14:27.714693+0100 INFO 132627302450880 Row inserted successfully into tags.
2024-10-24T16:14:27.715162+0100 ERROR 132627270993600 Integrity error (probably normal behaviour): (pymysql.err.IntegrityError) (1062, "Duplicate entry 'friendship' for key 'tags.PRIMARY'")
[SQL: INSERT INTO tags (tag) VALUES (%(tag)s)]
[parameters: {'tag': 'friendship'}]
(Background on this error at: https://sqlalche.me/e/20/gkpj)
2024-10-24T16:14:27.715819+0100 INFO 132627291965120 Row inserted successfully into tags.
2024-10-24T16:14:27.720649+0100 INFO 132627281479360 Row inserted successfully into tags.
2024-10-24T16:14:27.723534+0100 INFO 132627111610048 Row inserted successfully into tags.
2024-10-24T16:14:27.724018+0100 INFO 132627260507840 Row inserted successfully into tags.
2024-10-24T16:14:27.724795+0100 INFO 132627409405632 Row inserted successfully into tags.
2024-10-24T16:14:27.727404+0100 INFO 132627398919872 Row inserted successfully into tags.
2024-10-24T16:14:27.736206+0100 INFO 132627419891392 Row inserted successfully into tags.
2024-10-24T16:14:27.741066+0100 INFO 132627312936640 Row inserted successfully into tags.
2024-10-24T16:14:27.743228+0100 ERROR 132627291965120 Integrity error (probably normal behaviour): (pymysql.err.IntegrityError) (1062, "Duplicate entry 'love' for key 'tags.PRIMARY'")
[SQL: INSERT INTO tags (tag) VALUES (%(tag)s)]
[parameters: {'tag': 'love'}]
(Background on this error at: https://sqlalche.me/e/20/gkpj)
2024-10-24T16:14:27.749434+0100 INFO 132627302450880 Row inserted successfully into tags.
2024-10-24T16:14:27.752863+0100 ERROR 132627270993600 Integrity error (probably normal behaviour): (pymysql.err.IntegrityError) (1062, "Duplicate entry 'love' for key 'tags.PRIMARY'")
[SQL: INSERT INTO tags (tag) VALUES (%(tag)s)]
[parameters: {'tag': 'love'}]
(Background on this error at: https://sqlalche.me/e/20/gkpj)
2024-10-24T16:14:27.754749+0100 INFO 132627281479360 Row inserted successfully into authors.
2024-10-24T16:14:27.766522+0100 INFO 132627409405632 Row inserted successfully into tags.
2024-10-24T16:14:27.767295+0100 INFO 132627111610048 Row inserted successfully into authors.
2024-10-24T16:14:27.770780+0100 INFO 132627260507840 Row inserted successfully into authors.
2024-10-24T16:14:27.781203+0100 INFO 132627419891392 Row inserted successfully into tags.
2024-10-24T16:14:27.785204+0100 INFO 132627398919872 Row inserted successfully into authors.
2024-10-24T16:14:27.787776+0100 INFO 132627312936640 Row inserted successfully into tags.
2024-10-24T16:14:27.790124+0100 ERROR 132627302450880 Integrity error (probably normal behaviour): (pymysql.err.IntegrityError) (1062, "Duplicate entry 'reading' for key 'tags.PRIMARY'")
[SQL: INSERT INTO tags (tag) VALUES (%(tag)s)]
[parameters: {'tag': 'reading'}]
(Background on this error at: https://sqlalche.me/e/20/gkpj)
2024-10-24T16:14:27.792174+0100 INFO 132627281479360 Row inserted successfully into quotes.
2024-10-24T16:14:27.793621+0100 INFO 132627270993600 Row inserted successfully into authors.
2024-10-24T16:14:27.800496+0100 INFO 132627291965120 Row inserted successfully into authors.
2024-10-24T16:14:27.815606+0100 INFO 132627419891392 Row inserted successfully into tags.
2024-10-24T16:14:27.820074+0100 INFO 132627111610048 Row inserted successfully into quotes.
2024-10-24T16:14:27.820411+0100 INFO 132627409405632 Row inserted successfully into tags.
2024-10-24T16:14:27.831151+0100 INFO 132627260507840 Row inserted successfully into quotes.
2024-10-24T16:14:27.833771+0100 INFO 132627398919872 Row inserted successfully into quotes.
2024-10-24T16:14:27.836016+0100 INFO 132627291965120 Row inserted successfully into quotes.
2024-10-24T16:14:27.838794+0100 INFO 132627312936640 Row inserted successfully into authors.
2024-10-24T16:14:27.840445+0100 INFO 132627281479360 Row inserted successfully into quotes_tags_link.
2024-10-24T16:14:27.853982+0100 INFO 132627270993600 Row inserted successfully into quotes.
2024-10-24T16:14:27.857287+0100 INFO 132627302450880 Row inserted successfully into tags.
2024-10-24T16:14:27.862320+0100 INFO 132627111610048 Row inserted successfully into quotes_tags_link.
2024-10-24T16:14:27.870101+0100 INFO 132627409405632 Row inserted successfully into tags.
2024-10-24T16:14:27.870484+0100 INFO 132627419891392 Row inserted successfully into tags.
2024-10-24T16:14:27.875812+0100 INFO 132627398919872 Row inserted successfully into quotes_tags_link.
2024-10-24T16:14:27.876217+0100 INFO 132627312936640 Row inserted successfully into quotes.
2024-10-24T16:14:27.880906+0100 INFO 132627281479360 Row inserted successfully into tags.
2024-10-24T16:14:27.881250+0100 INFO 132627302450880 Row inserted successfully into authors.
2024-10-24T16:14:27.881888+0100 INFO 132627291965120 Row inserted successfully into quotes_tags_link.
2024-10-24T16:14:27.885910+0100 INFO 132627270993600 Row inserted successfully into quotes_tags_link.
2024-10-24T16:14:27.886923+0100 INFO 132627260507840 Row inserted successfully into quotes_tags_link.
2024-10-24T16:14:27.896751+0100 INFO 132627111610048 Row inserted successfully into tags.
2024-10-24T16:14:27.900140+0100 INFO 132627312936640 Row inserted successfully into quotes_tags_link.
2024-10-24T16:14:27.904937+0100 ERROR 132627409405632 Integrity error (probably normal behaviour): (pymysql.err.IntegrityError) (1062, "Duplicate entry 'love' for key 'tags.PRIMARY'")
[SQL: INSERT INTO tags (tag) VALUES (%(tag)s)]
[parameters: {'tag': 'love'}]
(Background on this error at: https://sqlalche.me/e/20/gkpj)
2024-10-24T16:14:27.906736+0100 INFO 132627281479360 Row inserted successfully into authors.
2024-10-24T16:14:27.910174+0100 ERROR 132627419891392 Integrity error (probably normal behaviour): (pymysql.err.IntegrityError) (1062, "Duplicate entry 'Albert Einstein' for key 'authors.PRIMARY'")
[SQL: INSERT INTO authors (author, about) VALUES (%(author)s, %(about)s)]
[parameters: {'author': 'Albert Einstein', 'about': '/author/Albert-Einstein'}]
(Background on this error at: https://sqlalche.me/e/20/gkpj)
2024-10-24T16:14:27.916835+0100 INFO 132627302450880 Row inserted successfully into quotes.
2024-10-24T16:14:27.920357+0100 INFO 132627398919872 Row inserted successfully into tags.
2024-10-24T16:14:27.922255+0100 INFO 132627270993600 Row inserted successfully into tags.
2024-10-24T16:14:27.925885+0100 INFO 132627291965120 Row inserted successfully into tags.
2024-10-24T16:14:27.936241+0100 ERROR 132627260507840 Integrity error (probably normal behaviour): (pymysql.err.IntegrityError) (1062, "Duplicate entry 'humor' for key 'tags.PRIMARY'")
[SQL: INSERT INTO tags (tag) VALUES (%(tag)s)]
[parameters: {'tag': 'humor'}]
(Background on this error at: https://sqlalche.me/e/20/gkpj)
2024-10-24T16:14:27.938713+0100 ERROR 132627111610048 Integrity error (probably normal behaviour): (pymysql.err.IntegrityError) (1062, "Duplicate entry 'life' for key 'tags.PRIMARY'")
[SQL: INSERT INTO tags (tag) VALUES (%(tag)s)]
[parameters: {'tag': 'life'}]
(Background on this error at: https://sqlalche.me/e/20/gkpj)
2024-10-24T16:14:27.939728+0100 INFO 132627409405632 Row inserted successfully into tags.
2024-10-24T16:14:27.942539+0100 INFO 132627281479360 Row inserted successfully into quotes.
2024-10-24T16:14:27.949794+0100 INFO 132627312936640 Row inserted successfully into tags.
2024-10-24T16:14:27.955825+0100 ERROR 132627270993600 Integrity error (probably normal behaviour): (pymysql.err.IntegrityError) (1062, "Duplicate entry 'Charles Bukowski' for key 'authors.PRIMARY'")
[SQL: INSERT INTO authors (author, about) VALUES (%(author)s, %(about)s)]
[parameters: {'author': 'Charles Bukowski', 'about': '/author/Charles-Bukowski'}]
(Background on this error at: https://sqlalche.me/e/20/gkpj)
2024-10-24T16:14:27.957105+0100 INFO 132627302450880 Row inserted successfully into quotes_tags_link.
2024-10-24T16:14:27.969672+0100 INFO 132627398919872 Row inserted successfully into authors.
2024-10-24T16:14:27.975050+0100 INFO 132627419891392 Row inserted successfully into quotes.
2024-10-24T16:14:27.985642+0100 INFO 132627291965120 Row inserted successfully into tags.
2024-10-24T16:14:28.003986+0100 ERROR 132627312936640 Integrity error (probably normal behaviour): (pymysql.err.IntegrityError) (1062, "Duplicate entry 'J.K. Rowling' for key 'authors.PRIMARY'")
[SQL: INSERT INTO authors (author, about) VALUES (%(author)s, %(about)s)]
[parameters: {'author': 'J.K. Rowling', 'about': '/author/J-K-Rowling'}]
(Background on this error at: https://sqlalche.me/e/20/gkpj)
2024-10-24T16:14:28.006657+0100 INFO 132627409405632 Row inserted successfully into authors.
2024-10-24T16:14:28.014022+0100 ERROR 132627260507840 Integrity error (probably normal behaviour): (pymysql.err.IntegrityError) (1062, "Duplicate entry 'love' for key 'tags.PRIMARY'")
[SQL: INSERT INTO tags (tag) VALUES (%(tag)s)]
[parameters: {'tag': 'love'}]
(Background on this error at: https://sqlalche.me/e/20/gkpj)
2024-10-24T16:14:28.015892+0100 INFO 132627281479360 Row inserted successfully into quotes_tags_link.
2024-10-24T16:14:28.028302+0100 INFO 132627270993600 Row inserted successfully into quotes.
2024-10-24T16:14:28.036325+0100 INFO 132627398919872 Row inserted successfully into quotes.
2024-10-24T16:14:28.037032+0100 INFO 132627111610048 Row inserted successfully into authors.
2024-10-24T16:14:28.039944+0100 INFO 132627419891392 Row inserted successfully into quotes_tags_link.
2024-10-24T16:14:28.064418+0100 INFO 132627291965120 Row inserted successfully into tags.
2024-10-24T16:14:28.073437+0100 INFO 132627312936640 Row inserted successfully into quotes.
2024-10-24T16:14:28.074702+0100 INFO 132627409405632 Row inserted successfully into quotes.
2024-10-24T16:14:28.082280+0100 INFO 132627302450880 Row inserted successfully into tags.
2024-10-24T16:14:28.086660+0100 INFO 132627260507840 Row inserted successfully into tags.
2024-10-24T16:14:28.096693+0100 INFO 132627270993600 Row inserted successfully into quotes_tags_link.
2024-10-24T16:14:28.110923+0100 ERROR 132627281479360 Integrity error (probably normal behaviour): (pymysql.err.IntegrityError) (1062, "Duplicate entry 'humor' for key 'tags.PRIMARY'")
[SQL: INSERT INTO tags (tag) VALUES (%(tag)s)]
[parameters: {'tag': 'humor'}]
(Background on this error at: https://sqlalche.me/e/20/gkpj)
2024-10-24T16:14:28.112356+0100 INFO 132627419891392 Row inserted successfully into tags.
2024-10-24T16:14:28.116413+0100 INFO 132627291965120 Row inserted successfully into authors.
2024-10-24T16:14:28.118878+0100 INFO 132627111610048 Row inserted successfully into quotes.
2024-10-24T16:14:28.123232+0100 INFO 132627398919872 Row inserted successfully into quotes_tags_link.
2024-10-24T16:14:28.127568+0100 INFO 132627312936640 Row inserted successfully into quotes_tags_link.
2024-10-24T16:14:28.140623+0100 INFO 132627409405632 Row inserted successfully into quotes_tags_link.
2024-10-24T16:14:28.144761+0100 ERROR 132627302450880 Integrity error (probably normal behaviour): (pymysql.err.IntegrityError) (1062, "Duplicate entry 'inspirational' for key 'tags.PRIMARY'")
[SQL: INSERT INTO tags (tag) VALUES (%(tag)s)]
[parameters: {'tag': 'inspirational'}]
(Background on this error at: https://sqlalche.me/e/20/gkpj)
2024-10-24T16:14:28.154472+0100 ERROR 132627281479360 Integrity error (probably normal behaviour): (pymysql.err.IntegrityError) (1062, "Duplicate entry 'Suzanne Collins' for key 'authors.PRIMARY'")
[SQL: INSERT INTO authors (author, about) VALUES (%(author)s, %(about)s)]
[parameters: {'author': 'Suzanne Collins', 'about': '/author/Suzanne-Collins'}]
(Background on this error at: https://sqlalche.me/e/20/gkpj)
2024-10-24T16:14:28.161292+0100 ERROR 132627270993600 Integrity error (probably normal behaviour): (pymysql.err.IntegrityError) (1062, "Duplicate entry 'humor' for key 'tags.PRIMARY'")
[SQL: INSERT INTO tags (tag) VALUES (%(tag)s)]
[parameters: {'tag': 'humor'}]
(Background on this error at: https://sqlalche.me/e/20/gkpj)
2024-10-24T16:14:28.171521+0100 INFO 132627260507840 Row inserted successfully into tags.
2024-10-24T16:14:28.194169+0100 INFO 132627291965120 Row inserted successfully into quotes.
2024-10-24T16:14:28.201836+0100 INFO 132627398919872 Row inserted successfully into tags.
2024-10-24T16:14:28.207529+0100 ERROR 132627302450880 Integrity error (probably normal behaviour): (pymysql.err.IntegrityError) (1062, "Duplicate entry 'reading' for key 'tags.PRIMARY'")
[SQL: INSERT INTO tags (tag) VALUES (%(tag)s)]
[parameters: {'tag': 'reading'}]
(Background on this error at: https://sqlalche.me/e/20/gkpj)
2024-10-24T16:14:28.212226+0100 INFO 132627111610048 Row inserted successfully into quotes_tags_link.
2024-10-24T16:14:28.213561+0100 INFO 132627419891392 Row inserted successfully into tags.
2024-10-24T16:14:28.232992+0100 ERROR 132627312936640 Integrity error (probably normal behaviour): (pymysql.err.IntegrityError) (1062, "Duplicate entry 'friendship' for key 'tags.PRIMARY'")
[SQL: INSERT INTO tags (tag) VALUES (%(tag)s)]
[parameters: {'tag': 'friendship'}]
(Background on this error at: https://sqlalche.me/e/20/gkpj)
2024-10-24T16:14:28.242236+0100 INFO 132627281479360 Row inserted successfully into quotes.
2024-10-24T16:14:28.249607+0100 INFO 132627291965120 Row inserted successfully into quotes_tags_link.
2024-10-24T16:14:28.268722+0100 INFO 132627398919872 Row inserted successfully into authors.
2024-10-24T16:14:28.276781+0100 INFO 132627409405632 Row inserted successfully into tags.
2024-10-24T16:14:28.278686+0100 INFO 132627302450880 Row inserted successfully into tags.
2024-10-24T16:14:28.289198+0100 INFO 132627111610048 Row inserted successfully into tags.
2024-10-24T16:14:28.290821+0100 ERROR 132627419891392 Integrity error (probably normal behaviour): (pymysql.err.IntegrityError) (1062, "Duplicate entry 'J.K. Rowling' for key 'authors.PRIMARY'")
[SQL: INSERT INTO authors (author, about) VALUES (%(author)s, %(about)s)]
[parameters: {'author': 'J.K. Rowling', 'about': '/author/J-K-Rowling'}]
(Background on this error at: https://sqlalche.me/e/20/gkpj)
2024-10-24T16:14:28.300689+0100 ERROR 132627260507840 Integrity error (probably normal behaviour): (pymysql.err.IntegrityError) (1062, "Duplicate entry 'Jane Austen' for key 'authors.PRIMARY'")
[SQL: INSERT INTO authors (author, about) VALUES (%(author)s, %(about)s)]
[parameters: {'author': 'Jane Austen', 'about': '/author/Jane-Austen'}]
(Background on this error at: https://sqlalche.me/e/20/gkpj)
2024-10-24T16:14:28.332177+0100 INFO 132627398919872 Row inserted successfully into quotes.
2024-10-24T16:14:28.333215+0100 INFO 132627312936640 Row inserted successfully into authors.
2024-10-24T16:14:28.339214+0100 INFO 132627281479360 Row inserted successfully into quotes_tags_link.
2024-10-24T16:14:28.341972+0100 ERROR 132627291965120 Integrity error (probably normal behaviour): (pymysql.err.IntegrityError) (1062, "Duplicate entry 'attributed-no-source' for key 'tags.PRIMARY'")
[SQL: INSERT INTO tags (tag) VALUES (%(tag)s)]
[parameters: {'tag': 'attributed-no-source'}]
(Background on this error at: https://sqlalche.me/e/20/gkpj)
2024-10-24T16:14:28.343827+0100 INFO 132627270993600 Row inserted successfully into tags.
2024-10-24T16:14:28.353832+0100 INFO 132627302450880 Row inserted successfully into authors.
2024-10-24T16:14:28.354612+0100 ERROR 132627409405632 Integrity error (probably normal behaviour): (pymysql.err.IntegrityError) (1062, "Duplicate entry 'friends' for key 'tags.PRIMARY'")
[SQL: INSERT INTO tags (tag) VALUES (%(tag)s)]
[parameters: {'tag': 'friends'}]
(Background on this error at: https://sqlalche.me/e/20/gkpj)
2024-10-24T16:14:28.360679+0100 ERROR 132627111610048 Integrity error (probably normal behaviour): (pymysql.err.IntegrityError) (1062, "Duplicate entry 'love' for key 'tags.PRIMARY'")
[SQL: INSERT INTO tags (tag) VALUES (%(tag)s)]
[parameters: {'tag': 'love'}]
(Background on this error at: https://sqlalche.me/e/20/gkpj)
2024-10-24T16:14:28.375042+0100 INFO 132627419891392 Row inserted successfully into quotes.
2024-10-24T16:14:28.382855+0100 INFO 132627260507840 Row inserted successfully into quotes.
2024-10-24T16:14:28.383772+0100 INFO 132627398919872 Row inserted successfully into quotes_tags_link.
2024-10-24T16:14:28.390948+0100 INFO 132627312936640 Row inserted successfully into quotes.
2024-10-24T16:14:28.401395+0100 ERROR 132627270993600 Integrity error (probably normal behaviour): (pymysql.err.IntegrityError) (1062, "Duplicate entry 'thinking' for key 'tags.PRIMARY'")
[SQL: INSERT INTO tags (tag) VALUES (%(tag)s)]
[parameters: {'tag': 'thinking'}]
(Background on this error at: https://sqlalche.me/e/20/gkpj)
2024-10-24T16:14:28.408841+0100 ERROR 132627281479360 Integrity error (probably normal behaviour): (pymysql.err.IntegrityError) (1062, "Duplicate entry 'love' for key 'tags.PRIMARY'")
[SQL: INSERT INTO tags (tag) VALUES (%(tag)s)]
[parameters: {'tag': 'love'}]
(Background on this error at: https://sqlalche.me/e/20/gkpj)
2024-10-24T16:14:28.429362+0100 ERROR 132627291965120 Integrity error (probably normal behaviour): (pymysql.err.IntegrityError) (1062, "Duplicate entry 'Marilyn Monroe' for key 'authors.PRIMARY'")
[SQL: INSERT INTO authors (author, about) VALUES (%(author)s, %(about)s)]
[parameters: {'author': 'Marilyn Monroe', 'about': '/author/Marilyn-Monroe'}]
(Background on this error at: https://sqlalche.me/e/20/gkpj)
2024-10-24T16:14:28.440728+0100 INFO 132627302450880 Row inserted successfully into quotes.
2024-10-24T16:14:28.443972+0100 INFO 132627419891392 Row inserted successfully into quotes_tags_link.
2024-10-24T16:14:28.446446+0100 INFO 132627111610048 Row inserted successfully into authors.
2024-10-24T16:14:28.457060+0100 INFO 132627260507840 Row inserted successfully into quotes_tags_link.
2024-10-24T16:14:28.473398+0100 INFO 132627312936640 Row inserted successfully into quotes_tags_link.
2024-10-24T16:14:28.476365+0100 ERROR 132627409405632 Integrity error (probably normal behaviour): (pymysql.err.IntegrityError) (1062, "Duplicate entry 'J.K. Rowling' for key 'authors.PRIMARY'")
[SQL: INSERT INTO authors (author, about) VALUES (%(author)s, %(about)s)]
[parameters: {'author': 'J.K. Rowling', 'about': '/author/J-K-Rowling'}]
(Background on this error at: https://sqlalche.me/e/20/gkpj)
2024-10-24T16:14:28.496054+0100 ERROR 132627281479360 Integrity error (probably normal behaviour): (pymysql.err.IntegrityError) (1062, "Duplicate entry 'C.S. Lewis' for key 'authors.PRIMARY'")
[SQL: INSERT INTO authors (author, about) VALUES (%(author)s, %(about)s)]
[parameters: {'author': 'C.S. Lewis', 'about': '/author/C-S-Lewis'}]
(Background on this error at: https://sqlalche.me/e/20/gkpj)
2024-10-24T16:14:28.501703+0100 ERROR 132627398919872 Integrity error (probably normal behaviour): (pymysql.err.IntegrityError) (1062, "Duplicate entry 'humor' for key 'tags.PRIMARY'")
[SQL: INSERT INTO tags (tag) VALUES (%(tag)s)]
[parameters: {'tag': 'humor'}]
(Background on this error at: https://sqlalche.me/e/20/gkpj)
2024-10-24T16:14:28.509039+0100 ERROR 132627419891392 Integrity error (probably normal behaviour): (pymysql.err.IntegrityError) (1062, "Duplicate entry 'inspirational' for key 'tags.PRIMARY'")
[SQL: INSERT INTO tags (tag) VALUES (%(tag)s)]
[parameters: {'tag': 'inspirational'}]
(Background on this error at: https://sqlalche.me/e/20/gkpj)
2024-10-24T16:14:28.511409+0100 INFO 132627302450880 Row inserted successfully into quotes_tags_link.
2024-10-24T16:14:28.512210+0100 INFO 132627270993600 Row inserted successfully into authors.
2024-10-24T16:14:28.526842+0100 INFO 132627111610048 Row inserted successfully into quotes.
2024-10-24T16:14:28.541322+0100 INFO 132627312936640 Row inserted successfully into tags.
2024-10-24T16:14:28.546041+0100 INFO 132627409405632 Row inserted successfully into quotes.
2024-10-24T16:14:28.563697+0100 INFO 132627281479360 Row inserted successfully into quotes.
2024-10-24T16:14:28.570220+0100 INFO 132627398919872 Row inserted successfully into tags.
2024-10-24T16:14:28.573514+0100 INFO 132627302450880 Row inserted successfully into tags.
2024-10-24T16:14:28.576254+0100 ERROR 132627419891392 Integrity error (probably normal behaviour): (pymysql.err.IntegrityError) (1062, "Duplicate entry 'life' for key 'tags.PRIMARY'")
[SQL: INSERT INTO tags (tag) VALUES (%(tag)s)]
[parameters: {'tag': 'life'}]
(Background on this error at: https://sqlalche.me/e/20/gkpj)
2024-10-24T16:14:28.588834+0100 INFO 132627270993600 Row inserted successfully into quotes.
2024-10-24T16:14:28.592059+0100 INFO 132627260507840 Row inserted successfully into tags.
2024-10-24T16:14:28.606034+0100 INFO 132627291965120 Row inserted successfully into quotes.
2024-10-24T16:14:28.618794+0100 INFO 132627409405632 Row inserted successfully into quotes_tags_link.
2024-10-24T16:14:28.624650+0100 INFO 132627312936640 Row inserted successfully into tags.
2024-10-24T16:14:28.632826+0100 INFO 132627281479360 Row inserted successfully into quotes_tags_link.
2024-10-24T16:14:28.634445+0100 INFO 132627111610048 Row inserted successfully into quotes_tags_link.
2024-10-24T16:14:28.653295+0100 ERROR 132627260507840 Integrity error (probably normal behaviour): (pymysql.err.IntegrityError) (1062, "Duplicate entry 'J.K. Rowling' for key 'authors.PRIMARY'")
[SQL: INSERT INTO authors (author, about) VALUES (%(author)s, %(about)s)]
[parameters: {'author': 'J.K. Rowling', 'about': '/author/J-K-Rowling'}]
(Background on this error at: https://sqlalche.me/e/20/gkpj)
2024-10-24T16:14:28.657119+0100 INFO 132627398919872 Row inserted successfully into authors.
2024-10-24T16:14:28.659812+0100 ERROR 132627302450880 Integrity error (probably normal behaviour): (pymysql.err.IntegrityError) (1062, "Duplicate entry 'Marilyn Monroe' for key 'authors.PRIMARY'")
[SQL: INSERT INTO authors (author, about) VALUES (%(author)s, %(about)s)]
[parameters: {'author': 'Marilyn Monroe', 'about': '/author/Marilyn-Monroe'}]
(Background on this error at: https://sqlalche.me/e/20/gkpj)
2024-10-24T16:14:28.670254+0100 INFO 132627270993600 Row inserted successfully into quotes_tags_link.
2024-10-24T16:14:28.672487+0100 INFO 132627419891392 Row inserted successfully into tags.
2024-10-24T16:14:28.673264+0100 ERROR 132627312936640 Integrity error (probably normal behaviour): (pymysql.err.IntegrityError) (1062, "Duplicate entry 'Mother Teresa' for key 'authors.PRIMARY'")
[SQL: INSERT INTO authors (author, about) VALUES (%(author)s, %(about)s)]
[parameters: {'author': 'Mother Teresa', 'about': '/author/Mother-Teresa'}]
(Background on this error at: https://sqlalche.me/e/20/gkpj)
2024-10-24T16:14:28.683683+0100 INFO 132627291965120 Row inserted successfully into quotes_tags_link.
2024-10-24T16:14:28.688060+0100 INFO 132627281479360 Row inserted successfully into tags.
2024-10-24T16:14:28.695404+0100 INFO 132627409405632 Row inserted successfully into tags.
2024-10-24T16:14:28.718775+0100 INFO 132627260507840 Row inserted successfully into quotes.
2024-10-24T16:14:28.729570+0100 ERROR 132627111610048 Integrity error (probably normal behaviour): (pymysql.err.IntegrityError) (1062, "Duplicate entry 'courage' for key 'tags.PRIMARY'")
[SQL: INSERT INTO tags (tag) VALUES (%(tag)s)]
[parameters: {'tag': 'courage'}]
(Background on this error at: https://sqlalche.me/e/20/gkpj)
2024-10-24T16:14:28.735952+0100 INFO 132627302450880 Row inserted successfully into quotes.
2024-10-24T16:14:28.738406+0100 INFO 132627398919872 Row inserted successfully into quotes.
2024-10-24T16:14:28.742641+0100 ERROR 132627270993600 Integrity error (probably normal behaviour): (pymysql.err.IntegrityError) (1062, "Duplicate entry 'humor' for key 'tags.PRIMARY'")
[SQL: INSERT INTO tags (tag) VALUES (%(tag)s)]
[parameters: {'tag': 'humor'}]
(Background on this error at: https://sqlalche.me/e/20/gkpj)
2024-10-24T16:14:28.747404+0100 INFO 132627419891392 Row inserted successfully into tags.
2024-10-24T16:14:28.770637+0100 INFO 132627312936640 Row inserted successfully into quotes.
2024-10-24T16:14:28.773272+0100 INFO 132627291965120 Row inserted successfully into tags.
2024-10-24T16:14:28.786058+0100 INFO 132627281479360 Row inserted successfully into tags.
2024-10-24T16:14:28.796625+0100 INFO 132627302450880 Row inserted successfully into quotes_tags_link.
2024-10-24T16:14:28.797535+0100 INFO 132627409405632 Row inserted successfully into tags.
2024-10-24T16:14:28.807847+0100 INFO 132627260507840 Row inserted successfully into quotes_tags_link.
2024-10-24T16:14:28.813737+0100 INFO 132627111610048 Row inserted successfully into authors.
2024-10-24T16:14:28.820729+0100 INFO 132627398919872 Row inserted successfully into quotes_tags_link.
2024-10-24T16:14:28.837303+0100 INFO 132627419891392 Row inserted successfully into tags.
2024-10-24T16:14:28.848823+0100 INFO 132627312936640 Row inserted successfully into quotes_tags_link.
2024-10-24T16:14:28.849637+0100 INFO 132627281479360 Row inserted successfully into tags.
2024-10-24T16:14:28.863944+0100 ERROR 132627291965120 Integrity error (probably normal behaviour): (pymysql.err.IntegrityError) (1062, "Duplicate entry 'Albert Einstein' for key 'authors.PRIMARY'")
[SQL: INSERT INTO authors (author, about) VALUES (%(author)s, %(about)s)]
[parameters: {'author': 'Albert Einstein', 'about': '/author/Albert-Einstein'}]
(Background on this error at: https://sqlalche.me/e/20/gkpj)
2024-10-24T16:14:28.866946+0100 ERROR 132627409405632 Integrity error (probably normal behaviour): (pymysql.err.IntegrityError) (1062, "Duplicate entry 'Albert Einstein' for key 'authors.PRIMARY'")
[SQL: INSERT INTO authors (author, about) VALUES (%(author)s, %(about)s)]
[parameters: {'author': 'Albert Einstein', 'about': '/author/Albert-Einstein'}]
(Background on this error at: https://sqlalche.me/e/20/gkpj)
2024-10-24T16:14:28.868742+0100 INFO 132627302450880 Row inserted successfully into tags.
2024-10-24T16:14:28.873479+0100 INFO 132627270993600 Row inserted successfully into tags.
2024-10-24T16:14:28.877534+0100 INFO 132627111610048 Row inserted successfully into quotes.
2024-10-24T16:14:28.882241+0100 ERROR 132627398919872 Integrity error (probably normal behaviour): (pymysql.err.IntegrityError) (1062, "Duplicate entry 'humor' for key 'tags.PRIMARY'")
[SQL: INSERT INTO tags (tag) VALUES (%(tag)s)]
[parameters: {'tag': 'humor'}]
(Background on this error at: https://sqlalche.me/e/20/gkpj)
2024-10-24T16:14:28.903228+0100 ERROR 132627260507840 Integrity error (probably normal behaviour): (pymysql.err.IntegrityError) (1062, "Duplicate entry 'books' for key 'tags.PRIMARY'")
[SQL: INSERT INTO tags (tag) VALUES (%(tag)s)]
[parameters: {'tag': 'books'}]
(Background on this error at: https://sqlalche.me/e/20/gkpj)
2024-10-24T16:14:28.904770+0100 ERROR 132627312936640 Integrity error (probably normal behaviour): (pymysql.err.IntegrityError) (1062, "Duplicate entry 'death' for key 'tags.PRIMARY'")
[SQL: INSERT INTO tags (tag) VALUES (%(tag)s)]
[parameters: {'tag': 'death'}]
(Background on this error at: https://sqlalche.me/e/20/gkpj)
2024-10-24T16:14:28.906430+0100 ERROR 132627419891392 Integrity error (probably normal behaviour): (pymysql.err.IntegrityError) (1062, "Duplicate entry 'Albert Einstein' for key 'authors.PRIMARY'")
[SQL: INSERT INTO authors (author, about) VALUES (%(author)s, %(about)s)]
[parameters: {'author': 'Albert Einstein', 'about': '/author/Albert-Einstein'}]
(Background on this error at: https://sqlalche.me/e/20/gkpj)
2024-10-24T16:14:28.913138+0100 INFO 132627291965120 Row inserted successfully into quotes.
2024-10-24T16:14:28.919139+0100 INFO 132627281479360 Row inserted successfully into tags.
2024-10-24T16:14:28.924306+0100 ERROR 132627270993600 Integrity error (probably normal behaviour): (pymysql.err.IntegrityError) (1062, "Duplicate entry 'Dr. Seuss' for key 'authors.PRIMARY'")
[SQL: INSERT INTO authors (author, about) VALUES (%(author)s, %(about)s)]
[parameters: {'author': 'Dr. Seuss', 'about': '/author/Dr-Seuss'}]
(Background on this error at: https://sqlalche.me/e/20/gkpj)
2024-10-24T16:14:28.931860+0100 ERROR 132627302450880 Integrity error (probably normal behaviour): (pymysql.err.IntegrityError) (1062, "Duplicate entry 'love' for key 'tags.PRIMARY'")
[SQL: INSERT INTO tags (tag) VALUES (%(tag)s)]
[parameters: {'tag': 'love'}]
(Background on this error at: https://sqlalche.me/e/20/gkpj)
2024-10-24T16:14:28.950379+0100 INFO 132627111610048 Row inserted successfully into quotes_tags_link.
2024-10-24T16:14:28.968426+0100 INFO 132627291965120 Row inserted successfully into quotes_tags_link.
2024-10-24T16:14:28.969048+0100 ERROR 132627312936640 Integrity error (probably normal behaviour): (pymysql.err.IntegrityError) (1062, "Duplicate entry 'inspirational' for key 'tags.PRIMARY'")
[SQL: INSERT INTO tags (tag) VALUES (%(tag)s)]
[parameters: {'tag': 'inspirational'}]
(Background on this error at: https://sqlalche.me/e/20/gkpj)
2024-10-24T16:14:28.969528+0100 INFO 132627409405632 Row inserted successfully into quotes.
2024-10-24T16:14:28.973839+0100 INFO 132627419891392 Row inserted successfully into quotes.
2024-10-24T16:14:28.978679+0100 ERROR 132627302450880 Integrity error (probably normal behaviour): (pymysql.err.IntegrityError) (1062, "Duplicate entry 'Marilyn Monroe' for key 'authors.PRIMARY'")
[SQL: INSERT INTO authors (author, about) VALUES (%(author)s, %(about)s)]
[parameters: {'author': 'Marilyn Monroe', 'about': '/author/Marilyn-Monroe'}]
(Background on this error at: https://sqlalche.me/e/20/gkpj)
2024-10-24T16:14:28.983059+0100 INFO 132627260507840 Row inserted successfully into tags.
2024-10-24T16:14:28.989881+0100 INFO 132627270993600 Row inserted successfully into quotes.
2024-10-24T16:14:28.991179+0100 INFO 132627281479360 Row inserted successfully into tags.
2024-10-24T16:14:29.009849+0100 ERROR 132627111610048 Integrity error (probably normal behaviour): (pymysql.err.IntegrityError) (1062, "Duplicate entry 'life' for key 'tags.PRIMARY'")
[SQL: INSERT INTO tags (tag) VALUES (%(tag)s)]
[parameters: {'tag': 'life'}]
(Background on this error at: https://sqlalche.me/e/20/gkpj)
2024-10-24T16:14:29.017378+0100 ERROR 132627312936640 Integrity error (probably normal behaviour): (pymysql.err.IntegrityError) (1062, "Duplicate entry 'J.K. Rowling' for key 'authors.PRIMARY'")
[SQL: INSERT INTO authors (author, about) VALUES (%(author)s, %(about)s)]
[parameters: {'author': 'J.K. Rowling', 'about': '/author/J-K-Rowling'}]
(Background on this error at: https://sqlalche.me/e/20/gkpj)
2024-10-24T16:14:29.018722+0100 INFO 132627398919872 Row inserted successfully into authors.
2024-10-24T16:14:29.020286+0100 ERROR 132627291965120 Integrity error (probably normal behaviour): (pymysql.err.IntegrityError) (1062, "Duplicate entry 'books' for key 'tags.PRIMARY'")
[SQL: INSERT INTO tags (tag) VALUES (%(tag)s)]
[parameters: {'tag': 'books'}]
(Background on this error at: https://sqlalche.me/e/20/gkpj)
2024-10-24T16:14:29.035618+0100 INFO 132627409405632 Row inserted successfully into quotes_tags_link.
2024-10-24T16:14:29.040524+0100 ERROR 132627260507840 Integrity error (probably normal behaviour): (pymysql.err.IntegrityError) (1062, "Duplicate entry 'reading' for key 'tags.PRIMARY'")
[SQL: INSERT INTO tags (tag) VALUES (%(tag)s)]
[parameters: {'tag': 'reading'}]
(Background on this error at: https://sqlalche.me/e/20/gkpj)
2024-10-24T16:14:29.046374+0100 INFO 132627419891392 Row inserted successfully into quotes_tags_link.
2024-10-24T16:14:29.055550+0100 INFO 132627270993600 Row inserted successfully into quotes_tags_link.
2024-10-24T16:14:29.070615+0100 INFO 132627281479360 Row inserted successfully into tags.
2024-10-24T16:14:29.074235+0100 INFO 132627312936640 Row inserted successfully into quotes.
2024-10-24T16:14:29.074781+0100 INFO 132627302450880 Row inserted successfully into quotes.
2024-10-24T16:14:29.085802+0100 INFO 132627111610048 Row inserted successfully into authors.
2024-10-24T16:14:29.086946+0100 INFO 132627398919872 Row inserted successfully into quotes.
2024-10-24T16:14:29.103267+0100 ERROR 132627409405632 Integrity error (probably normal behaviour): (pymysql.err.IntegrityError) (1062, "Duplicate entry 'love' for key 'tags.PRIMARY'")
[SQL: INSERT INTO tags (tag) VALUES (%(tag)s)]
[parameters: {'tag': 'love'}]
(Background on this error at: https://sqlalche.me/e/20/gkpj)
2024-10-24T16:14:29.106210+0100 INFO 132627291965120 Row inserted successfully into tags.
2024-10-24T16:14:29.123754+0100 INFO 132627270993600 Row inserted successfully into tags.
2024-10-24T16:14:29.131314+0100 ERROR 132627260507840 Integrity error (probably normal behaviour): (pymysql.err.IntegrityError) (1062, "Duplicate entry 'Jane Austen' for key 'authors.PRIMARY'")
[SQL: INSERT INTO authors (author, about) VALUES (%(author)s, %(about)s)]
[parameters: {'author': 'Jane Austen', 'about': '/author/Jane-Austen'}]
(Background on this error at: https://sqlalche.me/e/20/gkpj)
2024-10-24T16:14:29.131913+0100 INFO 132627281479360 Row inserted successfully into authors.
2024-10-24T16:14:29.133236+0100 INFO 132627419891392 Row inserted successfully into tags.
2024-10-24T16:14:29.136069+0100 INFO 132627312936640 Row inserted successfully into quotes_tags_link.
2024-10-24T16:14:29.155636+0100 INFO 132627302450880 Row inserted successfully into quotes_tags_link.
2024-10-24T16:14:29.161294+0100 INFO 132627398919872 Row inserted successfully into quotes_tags_link.
2024-10-24T16:14:29.167711+0100 INFO 132627111610048 Row inserted successfully into quotes.
2024-10-24T16:14:29.168758+0100 ERROR 132627270993600 Integrity error (probably normal behaviour): (pymysql.err.IntegrityError) (1062, "Duplicate entry 'books' for key 'tags.PRIMARY'")
[SQL: INSERT INTO tags (tag) VALUES (%(tag)s)]
[parameters: {'tag': 'books'}]
(Background on this error at: https://sqlalche.me/e/20/gkpj)
2024-10-24T16:14:29.177990+0100 ERROR 132627409405632 Integrity error (probably normal behaviour): (pymysql.err.IntegrityError) (1062, "Duplicate entry 'Bob Marley' for key 'authors.PRIMARY'")
[SQL: INSERT INTO authors (author, about) VALUES (%(author)s, %(about)s)]
[parameters: {'author': 'Bob Marley', 'about': '/author/Bob-Marley'}]
(Background on this error at: https://sqlalche.me/e/20/gkpj)
2024-10-24T16:14:29.199677+0100 INFO 132627291965120 Row inserted successfully into authors.
2024-10-24T16:14:29.207913+0100 INFO 132627281479360 Row inserted successfully into quotes.
2024-10-24T16:14:29.210007+0100 INFO 132627260507840 Row inserted successfully into quotes.
2024-10-24T16:14:29.219490+0100 ERROR 132627302450880 Integrity error (probably normal behaviour): (pymysql.err.IntegrityError) (1062, "Duplicate entry 'life' for key 'tags.PRIMARY'")
[SQL: INSERT INTO tags (tag) VALUES (%(tag)s)]
[parameters: {'tag': 'life'}]
(Background on this error at: https://sqlalche.me/e/20/gkpj)
2024-10-24T16:14:29.223598+0100 ERROR 132627419891392 Integrity error (probably normal behaviour): (pymysql.err.IntegrityError) (1062, "Duplicate entry 'books' for key 'tags.PRIMARY'")
[SQL: INSERT INTO tags (tag) VALUES (%(tag)s)]
[parameters: {'tag': 'books'}]
(Background on this error at: https://sqlalche.me/e/20/gkpj)
2024-10-24T16:14:29.226603+0100 INFO 132627270993600 Row inserted successfully into tags.
2024-10-24T16:14:29.230558+0100 INFO 132627398919872 Row inserted successfully into tags.
2024-10-24T16:14:29.231438+0100 INFO 132627111610048 Row inserted successfully into quotes_tags_link.
2024-10-24T16:14:29.245901+0100 INFO 132627409405632 Row inserted successfully into quotes.
2024-10-24T16:14:29.248847+0100 INFO 132627291965120 Row inserted successfully into quotes.
2024-10-24T16:14:29.257957+0100 INFO 132627281479360 Row inserted successfully into quotes_tags_link.
2024-10-24T16:14:29.266193+0100 INFO 132627312936640 Row inserted successfully into tags.
2024-10-24T16:14:29.271643+0100 INFO 132627302450880 Row inserted successfully into tags.
2024-10-24T16:14:29.276775+0100 INFO 132627260507840 Row inserted successfully into quotes_tags_link.
2024-10-24T16:14:29.280064+0100 ERROR 132627270993600 Integrity error (probably normal behaviour): (pymysql.err.IntegrityError) (1062, "Duplicate entry 'reading' for key 'tags.PRIMARY'")
[SQL: INSERT INTO tags (tag) VALUES (%(tag)s)]
[parameters: {'tag': 'reading'}]
(Background on this error at: https://sqlalche.me/e/20/gkpj)
2024-10-24T16:14:29.290552+0100 INFO 132627111610048 Row inserted successfully into tags.
2024-10-24T16:14:29.292760+0100 ERROR 132627398919872 Integrity error (probably normal behaviour): (pymysql.err.IntegrityError) (1062, "Duplicate entry 'life' for key 'tags.PRIMARY'")
[SQL: INSERT INTO tags (tag) VALUES (%(tag)s)]
[parameters: {'tag': 'life'}]
(Background on this error at: https://sqlalche.me/e/20/gkpj)
2024-10-24T16:14:29.297646+0100 INFO 132627419891392 Row inserted successfully into tags.
2024-10-24T16:14:29.301431+0100 INFO 132627409405632 Row inserted successfully into quotes_tags_link.
2024-10-24T16:14:29.311531+0100 INFO 132627291965120 Row inserted successfully into quotes_tags_link.
2024-10-24T16:14:29.316794+0100 INFO 132627281479360 Row inserted successfully into tags.
2024-10-24T16:14:29.341992+0100 ERROR 132627302450880 Integrity error (probably normal behaviour): (pymysql.err.IntegrityError) (1062, "Duplicate entry 'Albert Einstein' for key 'authors.PRIMARY'")
[SQL: INSERT INTO authors (author, about) VALUES (%(author)s, %(about)s)]
[parameters: {'author': 'Albert Einstein', 'about': '/author/Albert-Einstein'}]
(Background on this error at: https://sqlalche.me/e/20/gkpj)
2024-10-24T16:14:29.343595+0100 INFO 132627270993600 Row inserted successfully into tags.
2024-10-24T16:14:29.345209+0100 INFO 132627312936640 Row inserted successfully into tags.
2024-10-24T16:14:29.352331+0100 INFO 132627260507840 Row inserted successfully into tags.
2024-10-24T16:14:29.360958+0100 INFO 132627409405632 Row inserted successfully into tags.
2024-10-24T16:14:29.363917+0100 INFO 132627111610048 Row inserted successfully into authors.
2024-10-24T16:14:29.377812+0100 ERROR 132627419891392 Integrity error (probably normal behaviour): (pymysql.err.IntegrityError) (1062, "Duplicate entry 'humor' for key 'tags.PRIMARY'")
[SQL: INSERT INTO tags (tag) VALUES (%(tag)s)]
[parameters: {'tag': 'humor'}]
(Background on this error at: https://sqlalche.me/e/20/gkpj)
2024-10-24T16:14:29.386219+0100 INFO 132627302450880 Row inserted successfully into quotes.
2024-10-24T16:14:29.392728+0100 INFO 132627270993600 Row inserted successfully into authors.
2024-10-24T16:14:29.394544+0100 ERROR 132627312936640 Integrity error (probably normal behaviour): (pymysql.err.IntegrityError) (1062, "Duplicate entry 'humor' for key 'tags.PRIMARY'")
[SQL: INSERT INTO tags (tag) VALUES (%(tag)s)]
[parameters: {'tag': 'humor'}]
(Background on this error at: https://sqlalche.me/e/20/gkpj)
2024-10-24T16:14:29.425460+0100 ERROR 132627281479360 Integrity error (probably normal behaviour): (pymysql.err.IntegrityError) (1062, "Duplicate entry 'J.K. Rowling' for key 'authors.PRIMARY'")
[SQL: INSERT INTO authors (author, about) VALUES (%(author)s, %(about)s)]
[parameters: {'author': 'J.K. Rowling', 'about': '/author/J-K-Rowling'}]
(Background on this error at: https://sqlalche.me/e/20/gkpj)
2024-10-24T16:14:29.426600+0100 INFO 132627398919872 Row inserted successfully into tags.
2024-10-24T16:14:29.440954+0100 ERROR 132627419891392 Integrity error (probably normal behaviour): (pymysql.err.IntegrityError) (1062, "Duplicate entry 'Jane Austen' for key 'authors.PRIMARY'")
[SQL: INSERT INTO authors (author, about) VALUES (%(author)s, %(about)s)]
[parameters: {'author': 'Jane Austen', 'about': '/author/Jane-Austen'}]
(Background on this error at: https://sqlalche.me/e/20/gkpj)
2024-10-24T16:14:29.443575+0100 INFO 132627291965120 Row inserted successfully into tags.
2024-10-24T16:14:29.448609+0100 INFO 132627111610048 Row inserted successfully into quotes.
2024-10-24T16:14:29.452992+0100 INFO 132627302450880 Row inserted successfully into quotes_tags_link.
2024-10-24T16:14:29.458520+0100 ERROR 132627409405632 Integrity error (probably normal behaviour): (pymysql.err.IntegrityError) (1062, "Duplicate entry 'Dr. Seuss' for key 'authors.PRIMARY'")
[SQL: INSERT INTO authors (author, about) VALUES (%(author)s, %(about)s)]
[parameters: {'author': 'Dr. Seuss', 'about': '/author/Dr-Seuss'}]
(Background on this error at: https://sqlalche.me/e/20/gkpj)
2024-10-24T16:14:29.459610+0100 INFO 132627260507840 Row inserted successfully into tags.
2024-10-24T16:14:29.462304+0100 INFO 132627270993600 Row inserted successfully into quotes.
2024-10-24T16:14:29.467774+0100 INFO 132627312936640 Row inserted successfully into authors.
2024-10-24T16:14:29.468357+0100 INFO 132627281479360 Row inserted successfully into quotes.
2024-10-24T16:14:29.475726+0100 ERROR 132627398919872 Integrity error (probably normal behaviour): (pymysql.err.IntegrityError) (1062, "Duplicate entry 'Dr. Seuss' for key 'authors.PRIMARY'")
[SQL: INSERT INTO authors (author, about) VALUES (%(author)s, %(about)s)]
[parameters: {'author': 'Dr. Seuss', 'about': '/author/Dr-Seuss'}]
(Background on this error at: https://sqlalche.me/e/20/gkpj)
2024-10-24T16:14:29.485410+0100 INFO 132627291965120 Row inserted successfully into authors.
2024-10-24T16:14:29.500285+0100 INFO 132627419891392 Row inserted successfully into quotes.
2024-10-24T16:14:29.514358+0100 ERROR 132627302450880 Integrity error (probably normal behaviour): (pymysql.err.IntegrityError) (1062, "Duplicate entry 'love' for key 'tags.PRIMARY'")
[SQL: INSERT INTO tags (tag) VALUES (%(tag)s)]
[parameters: {'tag': 'love'}]
(Background on this error at: https://sqlalche.me/e/20/gkpj)
2024-10-24T16:14:29.523739+0100 ERROR 132627260507840 Integrity error (probably normal behaviour): (pymysql.err.IntegrityError) (1062, "Duplicate entry 'Jane Austen' for key 'authors.PRIMARY'")
[SQL: INSERT INTO authors (author, about) VALUES (%(author)s, %(about)s)]
[parameters: {'author': 'Jane Austen', 'about': '/author/Jane-Austen'}]
(Background on this error at: https://sqlalche.me/e/20/gkpj)
2024-10-24T16:14:29.525437+0100 INFO 132627281479360 Row inserted successfully into quotes_tags_link.
2024-10-24T16:14:29.535764+0100 INFO 132627312936640 Row inserted successfully into quotes.
2024-10-24T16:14:29.538863+0100 INFO 132627270993600 Row inserted successfully into quotes_tags_link.
2024-10-24T16:14:29.557188+0100 INFO 132627409405632 Row inserted successfully into quotes.
2024-10-24T16:14:29.561841+0100 INFO 132627111610048 Row inserted successfully into quotes_tags_link.
2024-10-24T16:14:29.576454+0100 ERROR 132627302450880 Integrity error (probably normal behaviour): (pymysql.err.IntegrityError) (1062, "Duplicate entry 'Marilyn Monroe' for key 'authors.PRIMARY'")
[SQL: INSERT INTO authors (author, about) VALUES (%(author)s, %(about)s)]
[parameters: {'author': 'Marilyn Monroe', 'about': '/author/Marilyn-Monroe'}]
(Background on this error at: https://sqlalche.me/e/20/gkpj)
2024-10-24T16:14:29.577233+0100 INFO 132627419891392 Row inserted successfully into quotes_tags_link.
2024-10-24T16:14:29.593039+0100 INFO 132627291965120 Row inserted successfully into quotes.
2024-10-24T16:14:29.596899+0100 INFO 132627398919872 Row inserted successfully into quotes.
2024-10-24T16:14:29.597515+0100 INFO 132627260507840 Row inserted successfully into quotes.
2024-10-24T16:14:29.609532+0100 INFO 132627281479360 Row inserted successfully into tags.
2024-10-24T16:14:29.611519+0100 ERROR 132627270993600 Integrity error (probably normal behaviour): (pymysql.err.IntegrityError) (1062, "Duplicate entry 'humor' for key 'tags.PRIMARY'")
[SQL: INSERT INTO tags (tag) VALUES (%(tag)s)]
[parameters: {'tag': 'humor'}]
(Background on this error at: https://sqlalche.me/e/20/gkpj)
2024-10-24T16:14:29.614374+0100 INFO 132627312936640 Row inserted successfully into quotes_tags_link.
2024-10-24T16:14:29.619138+0100 INFO 132627419891392 Row inserted successfully into tags.
2024-10-24T16:14:29.620430+0100 INFO 132627409405632 Row inserted successfully into quotes_tags_link.
2024-10-24T16:14:29.639382+0100 ERROR 132627111610048 Integrity error (probably normal behaviour): (pymysql.err.IntegrityError) (1062, "Duplicate entry 'books' for key 'tags.PRIMARY'")
[SQL: INSERT INTO tags (tag) VALUES (%(tag)s)]
[parameters: {'tag': 'books'}]
(Background on this error at: https://sqlalche.me/e/20/gkpj)
2024-10-24T16:14:29.643561+0100 INFO 132627302450880 Row inserted successfully into quotes.
2024-10-24T16:14:29.658795+0100 INFO 132627398919872 Row inserted successfully into quotes_tags_link.
2024-10-24T16:14:29.667302+0100 ERROR 132627281479360 Integrity error (probably normal behaviour): (pymysql.err.IntegrityError) (1062, "Duplicate entry 'writing' for key 'tags.PRIMARY'")
[SQL: INSERT INTO tags (tag) VALUES (%(tag)s)]
[parameters: {'tag': 'writing'}]
(Background on this error at: https://sqlalche.me/e/20/gkpj)
2024-10-24T16:14:29.677194+0100 INFO 132627260507840 Row inserted successfully into quotes_tags_link.
2024-10-24T16:14:29.678687+0100 INFO 132627270993600 Row inserted successfully into tags.
2024-10-24T16:14:29.685113+0100 INFO 132627312936640 Row inserted successfully into tags.
2024-10-24T16:14:29.689057+0100 INFO 132627291965120 Row inserted successfully into quotes_tags_link.
2024-10-24T16:14:29.693041+0100 ERROR 132627409405632 Integrity error (probably normal behaviour): (pymysql.err.IntegrityError) (1062, "Duplicate entry 'life' for key 'tags.PRIMARY'")
[SQL: INSERT INTO tags (tag) VALUES (%(tag)s)]
[parameters: {'tag': 'life'}]
(Background on this error at: https://sqlalche.me/e/20/gkpj)
2024-10-24T16:14:29.696744+0100 ERROR 132627419891392 Integrity error (probably normal behaviour): (pymysql.err.IntegrityError) (1062, "Duplicate entry 'inspirational' for key 'tags.PRIMARY'")
[SQL: INSERT INTO tags (tag) VALUES (%(tag)s)]
[parameters: {'tag': 'inspirational'}]
(Background on this error at: https://sqlalche.me/e/20/gkpj)
2024-10-24T16:14:29.714554+0100 INFO 132627398919872 Row inserted successfully into tags.
2024-10-24T16:14:29.721145+0100 INFO 132627302450880 Row inserted successfully into quotes_tags_link.
2024-10-24T16:14:29.730634+0100 INFO 132627281479360 Row inserted successfully into authors.
2024-10-24T16:14:29.735884+0100 ERROR 132627111610048 Integrity error (probably normal behaviour): (pymysql.err.IntegrityError) (1062, "Duplicate entry 'children' for key 'tags.PRIMARY'")
[SQL: INSERT INTO tags (tag) VALUES (%(tag)s)]
[parameters: {'tag': 'children'}]
(Background on this error at: https://sqlalche.me/e/20/gkpj)
2024-10-24T16:14:29.746568+0100 INFO 132627260507840 Row inserted successfully into tags.
2024-10-24T16:14:29.759466+0100 INFO 132627270993600 Row inserted successfully into tags.
2024-10-24T16:14:29.767756+0100 INFO 132627409405632 Row inserted successfully into tags.
2024-10-24T16:14:29.769380+0100 ERROR 132627312936640 Integrity error (probably normal behaviour): (pymysql.err.IntegrityError) (1062, "Duplicate entry 'reading' for key 'tags.PRIMARY'")
[SQL: INSERT INTO tags (tag) VALUES (%(tag)s)]
[parameters: {'tag': 'reading'}]
(Background on this error at: https://sqlalche.me/e/20/gkpj)
2024-10-24T16:14:29.770024+0100 INFO 132627291965120 Row inserted successfully into tags.
2024-10-24T16:14:29.779303+0100 ERROR 132627302450880 Integrity error (probably normal behaviour): (pymysql.err.IntegrityError) (1062, "Duplicate entry 'attributed-no-source' for key 'tags.PRIMARY'")
[SQL: INSERT INTO tags (tag) VALUES (%(tag)s)]
[parameters: {'tag': 'attributed-no-source'}]
(Background on this error at: https://sqlalche.me/e/20/gkpj)
2024-10-24T16:14:29.787532+0100 INFO 132627398919872 Row inserted successfully into tags.
2024-10-24T16:14:29.790195+0100 ERROR 132627419891392 Integrity error (probably normal behaviour): (pymysql.err.IntegrityError) (1062, "Duplicate entry 'Marilyn Monroe' for key 'authors.PRIMARY'")
[SQL: INSERT INTO authors (author, about) VALUES (%(author)s, %(about)s)]
[parameters: {'author': 'Marilyn Monroe', 'about': '/author/Marilyn-Monroe'}]
(Background on this error at: https://sqlalche.me/e/20/gkpj)
2024-10-24T16:14:29.790807+0100 INFO 132627111610048 Row inserted successfully into tags.
2024-10-24T16:14:29.813818+0100 INFO 132627281479360 Row inserted successfully into quotes.
2024-10-24T16:14:29.818193+0100 INFO 132627260507840 Row inserted successfully into tags.
2024-10-24T16:14:29.822950+0100 INFO 132627270993600 Row inserted successfully into tags.
2024-10-24T16:14:29.828267+0100 ERROR 132627302450880 Integrity error (probably normal behaviour): (pymysql.err.IntegrityError) (1062, "Duplicate entry 'Marilyn Monroe' for key 'authors.PRIMARY'")
[SQL: INSERT INTO authors (author, about) VALUES (%(author)s, %(about)s)]
[parameters: {'author': 'Marilyn Monroe', 'about': '/author/Marilyn-Monroe'}]
(Background on this error at: https://sqlalche.me/e/20/gkpj)
2024-10-24T16:14:29.829127+0100 INFO 132627291965120 Row inserted successfully into tags.
2024-10-24T16:14:29.834934+0100 INFO 132627312936640 Row inserted successfully into authors.
2024-10-24T16:14:29.841869+0100 INFO 132627409405632 Row inserted successfully into authors.
2024-10-24T16:14:29.849835+0100 ERROR 132627398919872 Integrity error (probably normal behaviour): (pymysql.err.IntegrityError) (1062, "Duplicate entry 'Albert Einstein' for key 'authors.PRIMARY'")
[SQL: INSERT INTO authors (author, about) VALUES (%(author)s, %(about)s)]
[parameters: {'author': 'Albert Einstein', 'about': '/author/Albert-Einstein'}]
(Background on this error at: https://sqlalche.me/e/20/gkpj)
2024-10-24T16:14:29.869688+0100 INFO 132627419891392 Row inserted successfully into quotes.
2024-10-24T16:14:29.872430+0100 INFO 132627111610048 Row inserted successfully into tags.
2024-10-24T16:14:29.881438+0100 INFO 132627270993600 Row inserted successfully into tags.
2024-10-24T16:14:29.887327+0100 INFO 132627260507840 Row inserted successfully into tags.
2024-10-24T16:14:29.888612+0100 INFO 132627281479360 Row inserted successfully into quotes_tags_link.
2024-10-24T16:14:29.893431+0100 INFO 132627302450880 Row inserted successfully into quotes.
2024-10-24T16:14:29.904442+0100 INFO 132627312936640 Row inserted successfully into quotes.
2024-10-24T16:14:29.905124+0100 ERROR 132627291965120 Integrity error (probably normal behaviour): (pymysql.err.IntegrityError) (1062, "Duplicate entry 'simile' for key 'tags.PRIMARY'")
[SQL: INSERT INTO tags (tag) VALUES (%(tag)s)]
[parameters: {'tag': 'simile'}]
(Background on this error at: https://sqlalche.me/e/20/gkpj)
2024-10-24T16:14:29.907835+0100 INFO 132627419891392 Row inserted successfully into quotes_tags_link.
2024-10-24T16:14:29.920361+0100 INFO 132627398919872 Row inserted successfully into quotes.
2024-10-24T16:14:29.933832+0100 INFO 132627409405632 Row inserted successfully into quotes.
2024-10-24T16:14:29.936356+0100 ERROR 132627270993600 Integrity error (probably normal behaviour): (pymysql.err.IntegrityError) (1062, "Duplicate entry 'truth' for key 'tags.PRIMARY'")
[SQL: INSERT INTO tags (tag) VALUES (%(tag)s)]
[parameters: {'tag': 'truth'}]
(Background on this error at: https://sqlalche.me/e/20/gkpj)
2024-10-24T16:14:29.940478+0100 INFO 132627111610048 Row inserted successfully into tags.
2024-10-24T16:14:29.956577+0100 ERROR 132627260507840 Integrity error (probably normal behaviour): (pymysql.err.IntegrityError) (1062, "Duplicate entry 'C.S. Lewis' for key 'authors.PRIMARY'")
[SQL: INSERT INTO authors (author, about) VALUES (%(author)s, %(about)s)]
[parameters: {'author': 'C.S. Lewis', 'about': '/author/C-S-Lewis'}]
(Background on this error at: https://sqlalche.me/e/20/gkpj)
2024-10-24T16:14:29.971274+0100 INFO 132627312936640 Row inserted successfully into quotes_tags_link.
2024-10-24T16:14:29.972035+0100 INFO 132627419891392 Row inserted successfully into tags.
2024-10-24T16:14:29.973431+0100 ERROR 132627281479360 Integrity error (probably normal behaviour): (pymysql.err.IntegrityError) (1062, "Duplicate entry 'life' for key 'tags.PRIMARY'")
[SQL: INSERT INTO tags (tag) VALUES (%(tag)s)]
[parameters: {'tag': 'life'}]
(Background on this error at: https://sqlalche.me/e/20/gkpj)
2024-10-24T16:14:29.990031+0100 INFO 132627111610048 Row inserted successfully into tags.
2024-10-24T16:14:29.994186+0100 INFO 132627398919872 Row inserted successfully into quotes_tags_link.
2024-10-24T16:14:29.999423+0100 INFO 132627302450880 Row inserted successfully into quotes_tags_link.
2024-10-24T16:14:30.009538+0100 INFO 132627291965120 Row inserted successfully into authors.
2024-10-24T16:14:30.011291+0100 INFO 132627270993600 Row inserted successfully into authors.
2024-10-24T16:14:30.014876+0100 INFO 132627409405632 Row inserted successfully into quotes_tags_link.
2024-10-24T16:14:30.018147+0100 INFO 132627260507840 Row inserted successfully into quotes.
2024-10-24T16:14:30.024955+0100 INFO 132627419891392 Row inserted successfully into tags.
2024-10-24T16:14:30.026829+0100 INFO 132627312936640 Row inserted successfully into tags.
2024-10-24T16:14:30.046618+0100 ERROR 132627398919872 Integrity error (probably normal behaviour): (pymysql.err.IntegrityError) (1062, "Duplicate entry '' for key 'tags.PRIMARY'")
[SQL: INSERT INTO tags (tag) VALUES (%(tag)s)]
[parameters: {'tag': ''}]
(Background on this error at: https://sqlalche.me/e/20/gkpj)
2024-10-24T16:14:30.051325+0100 ERROR 132627111610048 Integrity error (probably normal behaviour): (pymysql.err.IntegrityError) (1062, "Duplicate entry 'writing' for key 'tags.PRIMARY'")
[SQL: INSERT INTO tags (tag) VALUES (%(tag)s)]
[parameters: {'tag': 'writing'}]
(Background on this error at: https://sqlalche.me/e/20/gkpj)
2024-10-24T16:14:30.057396+0100 INFO 132627281479360 Row inserted successfully into tags.
2024-10-24T16:14:30.062405+0100 INFO 132627291965120 Row inserted successfully into quotes.
2024-10-24T16:14:30.075665+0100 INFO 132627270993600 Row inserted successfully into quotes.
2024-10-24T16:14:30.076207+0100 INFO 132627409405632 Row inserted successfully into tags.
2024-10-24T16:14:30.077756+0100 INFO 132627302450880 Row inserted successfully into tags.
2024-10-24T16:14:30.078944+0100 INFO 132627260507840 Row inserted successfully into quotes_tags_link.
2024-10-24T16:14:30.083285+0100 INFO 132627419891392 Row inserted successfully into tags.
2024-10-24T16:14:30.086705+0100 ERROR 132627312936640 Integrity error (probably normal behaviour): (pymysql.err.IntegrityError) (1062, "Duplicate entry 'learning' for key 'tags.PRIMARY'")
[SQL: INSERT INTO tags (tag) VALUES (%(tag)s)]
[parameters: {'tag': 'learning'}]
(Background on this error at: https://sqlalche.me/e/20/gkpj)
2024-10-24T16:14:30.104291+0100 ERROR 132627398919872 Integrity error (probably normal behaviour): (pymysql.err.IntegrityError) (1062, "Duplicate entry 'J.K. Rowling' for key 'authors.PRIMARY'")
[SQL: INSERT INTO authors (author, about) VALUES (%(author)s, %(about)s)]
[parameters: {'author': 'J.K. Rowling', 'about': '/author/J-K-Rowling'}]
(Background on this error at: https://sqlalche.me/e/20/gkpj)
2024-10-24T16:14:30.113541+0100 INFO 132627111610048 Row inserted successfully into authors.
2024-10-24T16:14:30.129956+0100 INFO 132627270993600 Row inserted successfully into quotes_tags_link.
2024-10-24T16:14:30.136822+0100 ERROR 132627281479360 Integrity error (probably normal behaviour): (pymysql.err.IntegrityError) (1062, "Duplicate entry 'Ralph Waldo Emerson' for key 'authors.PRIMARY'")
[SQL: INSERT INTO authors (author, about) VALUES (%(author)s, %(about)s)]
[parameters: {'author': 'Ralph Waldo Emerson', 'about': '/author/Ralph-Waldo-Emerson'}]
(Background on this error at: https://sqlalche.me/e/20/gkpj)
2024-10-24T16:14:30.141663+0100 INFO 132627291965120 Row inserted successfully into quotes_tags_link.
2024-10-24T16:14:30.165606+0100 INFO 132627312936640 Row inserted successfully into tags.
2024-10-24T16:14:30.184827+0100 ERROR 132627419891392 Integrity error (probably normal behaviour): (pymysql.err.IntegrityError) (1062, "Duplicate entry 'Albert Einstein' for key 'authors.PRIMARY'")
[SQL: INSERT INTO authors (author, about) VALUES (%(author)s, %(about)s)]
[parameters: {'author': 'Albert Einstein', 'about': '/author/Albert-Einstein'}]
(Background on this error at: https://sqlalche.me/e/20/gkpj)
2024-10-24T16:14:30.191908+0100 ERROR 132627302450880 Integrity error (probably normal behaviour): (pymysql.err.IntegrityError) (1062, "Duplicate entry 'inspirational' for key 'tags.PRIMARY'")
[SQL: INSERT INTO tags (tag) VALUES (%(tag)s)]
[parameters: {'tag': 'inspirational'}]
(Background on this error at: https://sqlalche.me/e/20/gkpj)
2024-10-24T16:14:30.194985+0100 INFO 132627270993600 Row inserted successfully into tags.
2024-10-24T16:14:30.201779+0100 INFO 132627111610048 Row inserted successfully into quotes.
2024-10-24T16:14:30.208633+0100 INFO 132627409405632 Row inserted successfully into tags.
2024-10-24T16:14:30.209488+0100 INFO 132627398919872 Row inserted successfully into quotes.
2024-10-24T16:14:30.222995+0100 ERROR 132627291965120 Integrity error (probably normal behaviour): (pymysql.err.IntegrityError) (1062, "Duplicate entry 'books' for key 'tags.PRIMARY'")
[SQL: INSERT INTO tags (tag) VALUES (%(tag)s)]
[parameters: {'tag': 'books'}]
(Background on this error at: https://sqlalche.me/e/20/gkpj)
2024-10-24T16:14:30.225187+0100 INFO 132627281479360 Row inserted successfully into quotes.
2024-10-24T16:14:30.230355+0100 INFO 132627260507840 Row inserted successfully into tags.
2024-10-24T16:14:30.244503+0100 INFO 132627302450880 Row inserted successfully into authors.
2024-10-24T16:14:30.245444+0100 INFO 132627419891392 Row inserted successfully into quotes.
2024-10-24T16:14:30.253024+0100 INFO 132627312936640 Row inserted successfully into tags.
2024-10-24T16:14:30.254739+0100 INFO 132627111610048 Row inserted successfully into quotes_tags_link.
2024-10-24T16:14:30.258429+0100 INFO 132627270993600 Row inserted successfully into tags.
2024-10-24T16:14:30.278792+0100 INFO 132627409405632 Row inserted successfully into tags.
2024-10-24T16:14:30.281827+0100 INFO 132627398919872 Row inserted successfully into quotes_tags_link.
2024-10-24T16:14:30.291657+0100 ERROR 132627291965120 Integrity error (probably normal behaviour): (pymysql.err.IntegrityError) (1062, "Duplicate entry 'friends' for key 'tags.PRIMARY'")
[SQL: INSERT INTO tags (tag) VALUES (%(tag)s)]
[parameters: {'tag': 'friends'}]
(Background on this error at: https://sqlalche.me/e/20/gkpj)
2024-10-24T16:14:30.299710+0100 INFO 132627302450880 Row inserted successfully into quotes.
2024-10-24T16:14:30.310441+0100 INFO 132627281479360 Row inserted successfully into quotes_tags_link.
2024-10-24T16:14:30.318001+0100 ERROR 132627260507840 Integrity error (probably normal behaviour): (pymysql.err.IntegrityError) (1062, "Duplicate entry 'C.S. Lewis' for key 'authors.PRIMARY'")
[SQL: INSERT INTO authors (author, about) VALUES (%(author)s, %(about)s)]
[parameters: {'author': 'C.S. Lewis', 'about': '/author/C-S-Lewis'}]
(Background on this error at: https://sqlalche.me/e/20/gkpj)
2024-10-24T16:14:30.329815+0100 ERROR 132627312936640 Integrity error (probably normal behaviour): (pymysql.err.IntegrityError) (1062, "Duplicate entry 'Albert Einstein' for key 'authors.PRIMARY'")
[SQL: INSERT INTO authors (author, about) VALUES (%(author)s, %(about)s)]
[parameters: {'author': 'Albert Einstein', 'about': '/author/Albert-Einstein'}]
(Background on this error at: https://sqlalche.me/e/20/gkpj)
2024-10-24T16:14:30.336425+0100 INFO 132627419891392 Row inserted successfully into quotes_tags_link.
2024-10-24T16:14:30.337056+0100 INFO 132627409405632 Row inserted successfully into tags.
2024-10-24T16:14:30.348405+0100 INFO 132627398919872 Row inserted successfully into tags.
2024-10-24T16:14:30.355056+0100 INFO 132627270993600 Row inserted successfully into tags.
2024-10-24T16:14:30.358134+0100 INFO 132627291965120 Row inserted successfully into tags.
2024-10-24T16:14:30.377428+0100 ERROR 132627111610048 Integrity error (probably normal behaviour): (pymysql.err.IntegrityError) (1062, "Duplicate entry 'truth' for key 'tags.PRIMARY'")
[SQL: INSERT INTO tags (tag) VALUES (%(tag)s)]
[parameters: {'tag': 'truth'}]
(Background on this error at: https://sqlalche.me/e/20/gkpj)
2024-10-24T16:14:30.378132+0100 INFO 132627281479360 Row inserted successfully into tags.
2024-10-24T16:14:30.381160+0100 INFO 132627302450880 Row inserted successfully into quotes_tags_link.
2024-10-24T16:14:30.387224+0100 INFO 132627270993600 Row inserted successfully into tags.
2024-10-24T16:14:30.393802+0100 INFO 132627312936640 Row inserted successfully into quotes.
2024-10-24T16:14:30.394413+0100 ERROR 132627398919872 Integrity error (probably normal behaviour): (pymysql.err.IntegrityError) (1062, "Duplicate entry 'Albert Einstein' for key 'authors.PRIMARY'")
[SQL: INSERT INTO authors (author, about) VALUES (%(author)s, %(about)s)]
[parameters: {'author': 'Albert Einstein', 'about': '/author/Albert-Einstein'}]
(Background on this error at: https://sqlalche.me/e/20/gkpj)
2024-10-24T16:14:30.400614+0100 INFO 132627260507840 Row inserted successfully into quotes.
2024-10-24T16:14:30.413409+0100 ERROR 132627409405632 Integrity error (probably normal behaviour): (pymysql.err.IntegrityError) (1062, "Duplicate entry 'inspirational' for key 'tags.PRIMARY'")
[SQL: INSERT INTO tags (tag) VALUES (%(tag)s)]
[parameters: {'tag': 'inspirational'}]
(Background on this error at: https://sqlalche.me/e/20/gkpj)
2024-10-24T16:14:30.417172+0100 ERROR 132627419891392 Integrity error (probably normal behaviour): (pymysql.err.IntegrityError) (1062, "Duplicate entry 'life' for key 'tags.PRIMARY'")
[SQL: INSERT INTO tags (tag) VALUES (%(tag)s)]
[parameters: {'tag': 'life'}]
(Background on this error at: https://sqlalche.me/e/20/gkpj)
2024-10-24T16:14:30.417862+0100 ERROR 132627291965120 Integrity error (probably normal behaviour): (pymysql.err.IntegrityError) (1062, "Duplicate entry 'Ernest Hemingway' for key 'authors.PRIMARY'")
[SQL: INSERT INTO authors (author, about) VALUES (%(author)s, %(about)s)]
[parameters: {'author': 'Ernest Hemingway', 'about': '/author/Ernest-Hemingway'}]
(Background on this error at: https://sqlalche.me/e/20/gkpj)
2024-10-24T16:14:30.438450+0100 ERROR 132627302450880 Integrity error (probably normal behaviour): (pymysql.err.IntegrityError) (1062, "Duplicate entry 'dumbledore' for key 'tags.PRIMARY'")
[SQL: INSERT INTO tags (tag) VALUES (%(tag)s)]
[parameters: {'tag': 'dumbledore'}]
(Background on this error at: https://sqlalche.me/e/20/gkpj)
2024-10-24T16:14:30.441597+0100 INFO 132627281479360 Row inserted successfully into authors.
2024-10-24T16:14:30.455777+0100 ERROR 132627111610048 Integrity error (probably normal behaviour): (pymysql.err.IntegrityError) (1062, "Duplicate entry 'Mark Twain' for key 'authors.PRIMARY'")
[SQL: INSERT INTO authors (author, about) VALUES (%(author)s, %(about)s)]
[parameters: {'author': 'Mark Twain', 'about': '/author/Mark-Twain'}]
(Background on this error at: https://sqlalche.me/e/20/gkpj)
2024-10-24T16:14:30.457662+0100 INFO 132627398919872 Row inserted successfully into quotes.
2024-10-24T16:14:30.467237+0100 INFO 132627270993600 Row inserted successfully into tags.
2024-10-24T16:14:30.469326+0100 INFO 132627312936640 Row inserted successfully into quotes_tags_link.
2024-10-24T16:14:30.473050+0100 ERROR 132627419891392 Integrity error (probably normal behaviour): (pymysql.err.IntegrityError) (1062, "Duplicate entry 'love' for key 'tags.PRIMARY'")
[SQL: INSERT INTO tags (tag) VALUES (%(tag)s)]
[parameters: {'tag': 'love'}]
(Background on this error at: https://sqlalche.me/e/20/gkpj)
2024-10-24T16:14:30.473728+0100 ERROR 132627409405632 Integrity error (probably normal behaviour): (pymysql.err.IntegrityError) (1062, "Duplicate entry 'love' for key 'tags.PRIMARY'")
[SQL: INSERT INTO tags (tag) VALUES (%(tag)s)]
[parameters: {'tag': 'love'}]
(Background on this error at: https://sqlalche.me/e/20/gkpj)
2024-10-24T16:14:30.478347+0100 INFO 132627260507840 Row inserted successfully into quotes_tags_link.
2024-10-24T16:14:30.492262+0100 INFO 132627291965120 Row inserted successfully into quotes.
2024-10-24T16:14:30.516969+0100 ERROR 132627302450880 Integrity error (probably normal behaviour): (pymysql.err.IntegrityError) (1062, "Duplicate entry 'J.K. Rowling' for key 'authors.PRIMARY'")
[SQL: INSERT INTO authors (author, about) VALUES (%(author)s, %(about)s)]
[parameters: {'author': 'J.K. Rowling', 'about': '/author/J-K-Rowling'}]
(Background on this error at: https://sqlalche.me/e/20/gkpj)
2024-10-24T16:14:30.524337+0100 INFO 132627281479360 Row inserted successfully into quotes.
2024-10-24T16:14:30.526371+0100 INFO 132627398919872 Row inserted successfully into quotes_tags_link.
2024-10-24T16:14:30.527161+0100 ERROR 132627270993600 Integrity error (probably normal behaviour): (pymysql.err.IntegrityError) (1062, "Duplicate entry 'hope' for key 'tags.PRIMARY'")
[SQL: INSERT INTO tags (tag) VALUES (%(tag)s)]
[parameters: {'tag': 'hope'}]
(Background on this error at: https://sqlalche.me/e/20/gkpj)
2024-10-24T16:14:30.533528+0100 INFO 132627111610048 Row inserted successfully into quotes.
2024-10-24T16:14:30.550074+0100 ERROR 132627312936640 Integrity error (probably normal behaviour): (pymysql.err.IntegrityError) (1062, "Duplicate entry 'books' for key 'tags.PRIMARY'")
[SQL: INSERT INTO tags (tag) VALUES (%(tag)s)]
[parameters: {'tag': 'books'}]
(Background on this error at: https://sqlalche.me/e/20/gkpj)
2024-10-24T16:14:30.554437+0100 INFO 132627409405632 Row inserted successfully into tags.
2024-10-24T16:14:30.554875+0100 INFO 132627419891392 Row inserted successfully into authors.
2024-10-24T16:14:30.559889+0100 ERROR 132627260507840 Integrity error (probably normal behaviour): (pymysql.err.IntegrityError) (1062, "Duplicate entry 'death' for key 'tags.PRIMARY'")
[SQL: INSERT INTO tags (tag) VALUES (%(tag)s)]
[parameters: {'tag': 'death'}]
(Background on this error at: https://sqlalche.me/e/20/gkpj)
2024-10-24T16:14:30.566733+0100 INFO 132627291965120 Row inserted successfully into quotes_tags_link.
2024-10-24T16:14:30.576068+0100 INFO 132627302450880 Row inserted successfully into quotes.
2024-10-24T16:14:30.594617+0100 ERROR 132627398919872 Integrity error (probably normal behaviour): (pymysql.err.IntegrityError) (1062, "Duplicate entry 'music' for key 'tags.PRIMARY'")
[SQL: INSERT INTO tags (tag) VALUES (%(tag)s)]
[parameters: {'tag': 'music'}]
(Background on this error at: https://sqlalche.me/e/20/gkpj)
2024-10-24T16:14:30.612374+0100 INFO 132627281479360 Row inserted successfully into quotes_tags_link.
2024-10-24T16:14:30.613315+0100 INFO 132627111610048 Row inserted successfully into quotes_tags_link.
2024-10-24T16:14:30.618767+0100 ERROR 132627312936640 Integrity error (probably normal behaviour): (pymysql.err.IntegrityError) (1062, "Duplicate entry 'library' for key 'tags.PRIMARY'")
[SQL: INSERT INTO tags (tag) VALUES (%(tag)s)]
[parameters: {'tag': 'library'}]
(Background on this error at: https://sqlalche.me/e/20/gkpj)
2024-10-24T16:14:30.619469+0100 ERROR 132627270993600 Integrity error (probably normal behaviour): (pymysql.err.IntegrityError) (1062, "Duplicate entry 'inspirational' for key 'tags.PRIMARY'")
[SQL: INSERT INTO tags (tag) VALUES (%(tag)s)]
[parameters: {'tag': 'inspirational'}]
(Background on this error at: https://sqlalche.me/e/20/gkpj)
2024-10-24T16:14:30.625749+0100 INFO 132627419891392 Row inserted successfully into quotes.
2024-10-24T16:14:30.629469+0100 ERROR 132627409405632 Integrity error (probably normal behaviour): (pymysql.err.IntegrityError) (1062, "Duplicate entry 'philosophy' for key 'tags.PRIMARY'")
[SQL: INSERT INTO tags (tag) VALUES (%(tag)s)]
[parameters: {'tag': 'philosophy'}]
(Background on this error at: https://sqlalche.me/e/20/gkpj)
2024-10-24T16:14:30.631274+0100 ERROR 132627291965120 Integrity error (probably normal behaviour): (pymysql.err.IntegrityError) (1062, "Duplicate entry 'inspirational' for key 'tags.PRIMARY'")
[SQL: INSERT INTO tags (tag) VALUES (%(tag)s)]
[parameters: {'tag': 'inspirational'}]
(Background on this error at: https://sqlalche.me/e/20/gkpj)
2024-10-24T16:14:30.648305+0100 ERROR 132627398919872 Integrity error (probably normal behaviour): (pymysql.err.IntegrityError) (1062, "Duplicate entry 'Bob Marley' for key 'authors.PRIMARY'")
[SQL: INSERT INTO authors (author, about) VALUES (%(author)s, %(about)s)]
[parameters: {'author': 'Bob Marley', 'about': '/author/Bob-Marley'}]
(Background on this error at: https://sqlalche.me/e/20/gkpj)
2024-10-24T16:14:30.672950+0100 ERROR 132627111610048 Integrity error (probably normal behaviour): (pymysql.err.IntegrityError) (1062, "Duplicate entry 'inspirational' for key 'tags.PRIMARY'")
[SQL: INSERT INTO tags (tag) VALUES (%(tag)s)]
[parameters: {'tag': 'inspirational'}]
(Background on this error at: https://sqlalche.me/e/20/gkpj)
2024-10-24T16:14:30.679248+0100 INFO 132627281479360 Row inserted successfully into tags.
2024-10-24T16:14:30.680022+0100 INFO 132627302450880 Row inserted successfully into quotes_tags_link.
2024-10-24T16:14:30.686498+0100 INFO 132627312936640 Row inserted successfully into authors.
2024-10-24T16:14:30.691072+0100 ERROR 132627260507840 Integrity error (probably normal behaviour): (pymysql.err.IntegrityError) (1062, "Duplicate entry 'life' for key 'tags.PRIMARY'")
[SQL: INSERT INTO tags (tag) VALUES (%(tag)s)]
[parameters: {'tag': 'life'}]
(Background on this error at: https://sqlalche.me/e/20/gkpj)
2024-10-24T16:14:30.713945+0100 INFO 132627270993600 Row inserted successfully into tags.
2024-10-24T16:14:30.714551+0100 INFO 132627291965120 Row inserted successfully into authors.
2024-10-24T16:14:30.715240+0100 ERROR 132627111610048 Integrity error (probably normal behaviour): (pymysql.err.IntegrityError) (1062, "Duplicate entry 'Dr. Seuss' for key 'authors.PRIMARY'")
[SQL: INSERT INTO authors (author, about) VALUES (%(author)s, %(about)s)]
[parameters: {'author': 'Dr. Seuss', 'about': '/author/Dr-Seuss'}]
(Background on this error at: https://sqlalche.me/e/20/gkpj)
2024-10-24T16:14:30.723202+0100 INFO 132627419891392 Row inserted successfully into quotes_tags_link.
2024-10-24T16:14:30.730284+0100 ERROR 132627281479360 Integrity error (probably normal behaviour): (pymysql.err.IntegrityError) (1062, "Duplicate entry 'Dr. Seuss' for key 'authors.PRIMARY'")
[SQL: INSERT INTO authors (author, about) VALUES (%(author)s, %(about)s)]
[parameters: {'author': 'Dr. Seuss', 'about': '/author/Dr-Seuss'}]
(Background on this error at: https://sqlalche.me/e/20/gkpj)
2024-10-24T16:14:30.736575+0100 ERROR 132627302450880 Integrity error (probably normal behaviour): (pymysql.err.IntegrityError) (1062, "Duplicate entry 'love' for key 'tags.PRIMARY'")
[SQL: INSERT INTO tags (tag) VALUES (%(tag)s)]
[parameters: {'tag': 'love'}]
(Background on this error at: https://sqlalche.me/e/20/gkpj)
2024-10-24T16:14:30.740819+0100 INFO 132627409405632 Row inserted successfully into authors.
2024-10-24T16:14:30.751034+0100 ERROR 132627260507840 Integrity error (probably normal behaviour): (pymysql.err.IntegrityError) (1062, "Duplicate entry 'Mark Twain' for key 'authors.PRIMARY'")
[SQL: INSERT INTO authors (author, about) VALUES (%(author)s, %(about)s)]
[parameters: {'author': 'Mark Twain', 'about': '/author/Mark-Twain'}]
(Background on this error at: https://sqlalche.me/e/20/gkpj)
2024-10-24T16:14:30.752447+0100 INFO 132627291965120 Row inserted successfully into quotes.
2024-10-24T16:14:30.770373+0100 INFO 132627312936640 Row inserted successfully into quotes.
2024-10-24T16:14:30.779297+0100 INFO 132627111610048 Row inserted successfully into quotes.
2024-10-24T16:14:30.781682+0100 INFO 132627270993600 Row inserted successfully into authors.
2024-10-24T16:14:30.796362+0100 INFO 132627419891392 Row inserted successfully into tags.
2024-10-24T16:14:30.799142+0100 INFO 132627398919872 Row inserted successfully into quotes.
2024-10-24T16:14:30.808447+0100 INFO 132627260507840 Row inserted successfully into quotes.
2024-10-24T16:14:30.817409+0100 INFO 132627302450880 Row inserted successfully into authors.
2024-10-24T16:14:30.838161+0100 INFO 132627281479360 Row inserted successfully into quotes.
2024-10-24T16:14:30.839514+0100 INFO 132627291965120 Row inserted successfully into quotes_tags_link.
2024-10-24T16:14:30.851821+0100 INFO 132627270993600 Row inserted successfully into quotes.
2024-10-24T16:14:30.853917+0100 INFO 132627409405632 Row inserted successfully into quotes.
2024-10-24T16:14:30.857237+0100 INFO 132627312936640 Row inserted successfully into quotes_tags_link.
2024-10-24T16:14:30.867014+0100 INFO 132627111610048 Row inserted successfully into quotes_tags_link.
2024-10-24T16:14:30.868121+0100 INFO 132627419891392 Row inserted successfully into tags.
2024-10-24T16:14:30.875847+0100 INFO 132627398919872 Row inserted successfully into quotes_tags_link.
2024-10-24T16:14:30.884845+0100 INFO 132627302450880 Row inserted successfully into quotes.
2024-10-24T16:14:30.892312+0100 INFO 132627281479360 Row inserted successfully into quotes_tags_link.
2024-10-24T16:14:30.904362+0100 INFO 132627260507840 Row inserted successfully into quotes_tags_link.
2024-10-24T16:14:30.910809+0100 ERROR 132627291965120 Integrity error (probably normal behaviour): (pymysql.err.IntegrityError) (1062, "Duplicate entry 'inspirational' for key 'tags.PRIMARY'")
[SQL: INSERT INTO tags (tag) VALUES (%(tag)s)]
[parameters: {'tag': 'inspirational'}]
(Background on this error at: https://sqlalche.me/e/20/gkpj)
2024-10-24T16:14:30.915112+0100 INFO 132627270993600 Row inserted successfully into quotes_tags_link.
2024-10-24T16:14:30.932846+0100 INFO 132627409405632 Row inserted successfully into quotes_tags_link.
2024-10-24T16:14:30.936863+0100 ERROR 132627419891392 Integrity error (probably normal behaviour): (pymysql.err.IntegrityError) (1062, "Duplicate entry 'inspirational' for key 'tags.PRIMARY'")
[SQL: INSERT INTO tags (tag) VALUES (%(tag)s)]
[parameters: {'tag': 'inspirational'}]
(Background on this error at: https://sqlalche.me/e/20/gkpj)
2024-10-24T16:14:30.938436+0100 ERROR 132627312936640 Integrity error (probably normal behaviour): (pymysql.err.IntegrityError) (1062, "Duplicate entry 'inspirational' for key 'tags.PRIMARY'")
[SQL: INSERT INTO tags (tag) VALUES (%(tag)s)]
[parameters: {'tag': 'inspirational'}]
(Background on this error at: https://sqlalche.me/e/20/gkpj)
2024-10-24T16:14:30.954605+0100 ERROR 132627111610048 Integrity error (probably normal behaviour): (pymysql.err.IntegrityError) (1062, "Duplicate entry 'books' for key 'tags.PRIMARY'")
[SQL: INSERT INTO tags (tag) VALUES (%(tag)s)]
[parameters: {'tag': 'books'}]
(Background on this error at: https://sqlalche.me/e/20/gkpj)
2024-10-24T16:14:30.977036+0100 INFO 132627302450880 Row inserted successfully into quotes_tags_link.
2024-10-24T16:14:30.978432+0100 INFO 132627260507840 Row inserted successfully into tags.
2024-10-24T16:14:30.985370+0100 ERROR 132627409405632 Integrity error (probably normal behaviour): (pymysql.err.IntegrityError) (1062, "Duplicate entry 'friendship' for key 'tags.PRIMARY'")
[SQL: INSERT INTO tags (tag) VALUES (%(tag)s)]
[parameters: {'tag': 'friendship'}]
(Background on this error at: https://sqlalche.me/e/20/gkpj)
2024-10-24T16:14:30.992036+0100 ERROR 132627270993600 Integrity error (probably normal behaviour): (pymysql.err.IntegrityError) (1062, "Duplicate entry 'humor' for key 'tags.PRIMARY'")
[SQL: INSERT INTO tags (tag) VALUES (%(tag)s)]
[parameters: {'tag': 'humor'}]
(Background on this error at: https://sqlalche.me/e/20/gkpj)
2024-10-24T16:14:30.994715+0100 ERROR 132627291965120 Integrity error (probably normal behaviour): (pymysql.err.IntegrityError) (1062, "Duplicate entry 'life' for key 'tags.PRIMARY'")
[SQL: INSERT INTO tags (tag) VALUES (%(tag)s)]
[parameters: {'tag': 'life'}]
(Background on this error at: https://sqlalche.me/e/20/gkpj)
2024-10-24T16:14:31.002512+0100 INFO 132627111610048 Row inserted successfully into tags.
2024-10-24T16:14:31.003910+0100 INFO 132627312936640 Row inserted successfully into authors.
2024-10-24T16:14:31.017191+0100 ERROR 132627419891392 Integrity error (probably normal behaviour): (pymysql.err.IntegrityError) (1062, "Duplicate entry 'paraphrased' for key 'tags.PRIMARY'")
[SQL: INSERT INTO tags (tag) VALUES (%(tag)s)]
[parameters: {'tag': 'paraphrased'}]
(Background on this error at: https://sqlalche.me/e/20/gkpj)
2024-10-24T16:14:31.025512+0100 ERROR 132627260507840 Integrity error (probably normal behaviour): (pymysql.err.IntegrityError) (1062, "Duplicate entry 'truth' for key 'tags.PRIMARY'")
[SQL: INSERT INTO tags (tag) VALUES (%(tag)s)]
[parameters: {'tag': 'truth'}]
(Background on this error at: https://sqlalche.me/e/20/gkpj)
2024-10-24T16:14:31.038631+0100 INFO 132627270993600 Row inserted successfully into tags.
2024-10-24T16:14:31.046867+0100 ERROR 132627291965120 Integrity error (probably normal behaviour): (pymysql.err.IntegrityError) (1062, "Duplicate entry 'yourself' for key 'tags.PRIMARY'")
[SQL: INSERT INTO tags (tag) VALUES (%(tag)s)]
[parameters: {'tag': 'yourself'}]
(Background on this error at: https://sqlalche.me/e/20/gkpj)
2024-10-24T16:14:31.048967+0100 INFO 132627409405632 Row inserted successfully into tags.
2024-10-24T16:14:31.060025+0100 ERROR 132627260507840 Integrity error (probably normal behaviour): (pymysql.err.IntegrityError) (1062, "Duplicate entry 'Mark Twain' for key 'authors.PRIMARY'")
[SQL: INSERT INTO authors (author, about) VALUES (%(author)s, %(about)s)]
[parameters: {'author': 'Mark Twain', 'about': '/author/Mark-Twain'}]
(Background on this error at: https://sqlalche.me/e/20/gkpj)
2024-10-24T16:14:31.060753+0100 INFO 132627312936640 Row inserted successfully into quotes.
2024-10-24T16:14:31.070383+0100 INFO 132627419891392 Row inserted successfully into authors.
2024-10-24T16:14:31.074942+0100 ERROR 132627111610048 Integrity error (probably normal behaviour): (pymysql.err.IntegrityError) (1062, "Duplicate entry 'George R.R. Martin' for key 'authors.PRIMARY'")
[SQL: INSERT INTO authors (author, about) VALUES (%(author)s, %(about)s)]
[parameters: {'author': 'George R.R. Martin', 'about': '/author/George-R-R-Martin'}]
(Background on this error at: https://sqlalche.me/e/20/gkpj)
2024-10-24T16:14:31.090363+0100 INFO 132627270993600 Row inserted successfully into authors.
2024-10-24T16:14:31.093334+0100 INFO 132627409405632 Row inserted successfully into tags.
2024-10-24T16:14:31.104645+0100 INFO 132627291965120 Row inserted successfully into authors.
2024-10-24T16:14:31.110748+0100 INFO 132627260507840 Row inserted successfully into quotes.
2024-10-24T16:14:31.117206+0100 INFO 132627111610048 Row inserted successfully into quotes.
2024-10-24T16:14:31.124431+0100 INFO 132627419891392 Row inserted successfully into quotes.
2024-10-24T16:14:31.126263+0100 INFO 132627312936640 Row inserted successfully into quotes_tags_link.
2024-10-24T16:14:31.144223+0100 ERROR 132627409405632 Integrity error (probably normal behaviour): (pymysql.err.IntegrityError) (1062, "Duplicate entry 'love' for key 'tags.PRIMARY'")
[SQL: INSERT INTO tags (tag) VALUES (%(tag)s)]
[parameters: {'tag': 'love'}]
(Background on this error at: https://sqlalche.me/e/20/gkpj)
2024-10-24T16:14:31.146875+0100 INFO 132627291965120 Row inserted successfully into quotes.
2024-10-24T16:14:31.149724+0100 INFO 132627270993600 Row inserted successfully into quotes.
2024-10-24T16:14:31.155213+0100 INFO 132627419891392 Row inserted successfully into quotes_tags_link.
2024-10-24T16:14:31.156497+0100 INFO 132627260507840 Row inserted successfully into quotes_tags_link.
2024-10-24T16:14:31.175011+0100 INFO 132627111610048 Row inserted successfully into quotes_tags_link.
2024-10-24T16:14:31.184194+0100 INFO 132627270993600 Row inserted successfully into quotes_tags_link.
2024-10-24T16:14:31.187676+0100 INFO 132627260507840 Row inserted successfully into tags.
2024-10-24T16:14:31.195372+0100 INFO 132627291965120 Row inserted successfully into quotes_tags_link.
2024-10-24T16:14:31.198448+0100 INFO 132627409405632 Row inserted successfully into tags.
2024-10-24T16:14:31.202648+0100 INFO 132627419891392 Row inserted successfully into tags.
2024-10-24T16:14:31.205380+0100 ERROR 132627270993600 Integrity error (probably normal behaviour): (pymysql.err.IntegrityError) (1062, "Duplicate entry '' for key 'tags.PRIMARY'")
[SQL: INSERT INTO tags (tag) VALUES (%(tag)s)]
[parameters: {'tag': ''}]
(Background on this error at: https://sqlalche.me/e/20/gkpj)
2024-10-24T16:14:31.216221+0100 INFO 132627260507840 Row inserted successfully into tags.
2024-10-24T16:14:31.225042+0100 ERROR 132627419891392 Integrity error (probably normal behaviour): (pymysql.err.IntegrityError) (1062, "Duplicate entry 'Eleanor Roosevelt' for key 'authors.PRIMARY'")
[SQL: INSERT INTO authors (author, about) VALUES (%(author)s, %(about)s)]
[parameters: {'author': 'Eleanor Roosevelt', 'about': '/author/Eleanor-Roosevelt'}]
(Background on this error at: https://sqlalche.me/e/20/gkpj)
2024-10-24T16:14:31.227738+0100 INFO 132627409405632 Row inserted successfully into tags.
2024-10-24T16:14:31.236012+0100 ERROR 132627260507840 Integrity error (probably normal behaviour): (pymysql.err.IntegrityError) (1062, "Duplicate entry 'religion' for key 'tags.PRIMARY'")
[SQL: INSERT INTO tags (tag) VALUES (%(tag)s)]
[parameters: {'tag': 'religion'}]
(Background on this error at: https://sqlalche.me/e/20/gkpj)
2024-10-24T16:14:31.247047+0100 INFO 132627270993600 Row inserted successfully into authors.
2024-10-24T16:14:31.253752+0100 INFO 132627419891392 Row inserted successfully into quotes.
2024-10-24T16:14:31.257650+0100 INFO 132627409405632 Row inserted successfully into authors.
2024-10-24T16:14:31.264603+0100 INFO 132627260507840 Row inserted successfully into tags.
2024-10-24T16:14:31.274490+0100 INFO 132627270993600 Row inserted successfully into quotes.
2024-10-24T16:14:31.280871+0100 INFO 132627419891392 Row inserted successfully into quotes_tags_link.
2024-10-24T16:14:31.284969+0100 INFO 132627409405632 Row inserted successfully into quotes.
2024-10-24T16:14:31.286761+0100 ERROR 132627260507840 Integrity error (probably normal behaviour): (pymysql.err.IntegrityError) (1062, "Duplicate entry 'C.S. Lewis' for key 'authors.PRIMARY'")
[SQL: INSERT INTO authors (author, about) VALUES (%(author)s, %(about)s)]
[parameters: {'author': 'C.S. Lewis', 'about': '/author/C-S-Lewis'}]
(Background on this error at: https://sqlalche.me/e/20/gkpj)
2024-10-24T16:14:31.301638+0100 INFO 132627270993600 Row inserted successfully into quotes_tags_link.
2024-10-24T16:14:31.312238+0100 ERROR 132627419891392 Integrity error (probably normal behaviour): (pymysql.err.IntegrityError) (1062, "Duplicate entry 'humor' for key 'tags.PRIMARY'")
[SQL: INSERT INTO tags (tag) VALUES (%(tag)s)]
[parameters: {'tag': 'humor'}]
(Background on this error at: https://sqlalche.me/e/20/gkpj)
2024-10-24T16:14:31.318130+0100 INFO 132627409405632 Row inserted successfully into quotes_tags_link.
2024-10-24T16:14:31.322608+0100 INFO 132627260507840 Row inserted successfully into quotes.
2024-10-24T16:14:31.326027+0100 ERROR 132627270993600 Integrity error (probably normal behaviour): (pymysql.err.IntegrityError) (1062, "Duplicate entry 'books' for key 'tags.PRIMARY'")
[SQL: INSERT INTO tags (tag) VALUES (%(tag)s)]
[parameters: {'tag': 'books'}]
(Background on this error at: https://sqlalche.me/e/20/gkpj)
2024-10-24T16:14:31.343349+0100 INFO 132627419891392 Row inserted successfully into tags.
2024-10-24T16:14:31.344351+0100 INFO 132627260507840 Row inserted successfully into quotes_tags_link.
2024-10-24T16:14:31.345236+0100 ERROR 132627409405632 Integrity error (probably normal behaviour): (pymysql.err.IntegrityError) (1062, "Duplicate entry 'books' for key 'tags.PRIMARY'")
[SQL: INSERT INTO tags (tag) VALUES (%(tag)s)]
[parameters: {'tag': 'books'}]
(Background on this error at: https://sqlalche.me/e/20/gkpj)
2024-10-24T16:14:31.349857+0100 ERROR 132627270993600 Integrity error (probably normal behaviour): (pymysql.err.IntegrityError) (1062, "Duplicate entry 'classic' for key 'tags.PRIMARY'")
[SQL: INSERT INTO tags (tag) VALUES (%(tag)s)]
[parameters: {'tag': 'classic'}]
(Background on this error at: https://sqlalche.me/e/20/gkpj)
2024-10-24T16:14:31.369611+0100 ERROR 132627419891392 Integrity error (probably normal behaviour): (pymysql.err.IntegrityError) (1062, "Duplicate entry 'simile' for key 'tags.PRIMARY'")
[SQL: INSERT INTO tags (tag) VALUES (%(tag)s)]
[parameters: {'tag': 'simile'}]
(Background on this error at: https://sqlalche.me/e/20/gkpj)
2024-10-24T16:14:31.374543+0100 ERROR 132627270993600 Integrity error (probably normal behaviour): (pymysql.err.IntegrityError) (1062, "Duplicate entry 'reading' for key 'tags.PRIMARY'")
[SQL: INSERT INTO tags (tag) VALUES (%(tag)s)]
[parameters: {'tag': 'reading'}]
(Background on this error at: https://sqlalche.me/e/20/gkpj)
2024-10-24T16:14:31.375593+0100 INFO 132627409405632 Row inserted successfully into tags.
2024-10-24T16:14:31.391042+0100 INFO 132627419891392 Row inserted successfully into authors.
2024-10-24T16:14:31.392728+0100 ERROR 132627270993600 Integrity error (probably normal behaviour): (pymysql.err.IntegrityError) (1062, "Duplicate entry 'Mark Twain' for key 'authors.PRIMARY'")
[SQL: INSERT INTO authors (author, about) VALUES (%(author)s, %(about)s)]
[parameters: {'author': 'Mark Twain', 'about': '/author/Mark-Twain'}]
(Background on this error at: https://sqlalche.me/e/20/gkpj)
2024-10-24T16:14:31.393915+0100 ERROR 132627409405632 Integrity error (probably normal behaviour): (pymysql.err.IntegrityError) (1062, "Duplicate entry 'friends' for key 'tags.PRIMARY'")
[SQL: INSERT INTO tags (tag) VALUES (%(tag)s)]
[parameters: {'tag': 'friends'}]
(Background on this error at: https://sqlalche.me/e/20/gkpj)
2024-10-24T16:14:31.410804+0100 ERROR 132627409405632 Integrity error (probably normal behaviour): (pymysql.err.IntegrityError) (1062, "Duplicate entry 'friendship' for key 'tags.PRIMARY'")
[SQL: INSERT INTO tags (tag) VALUES (%(tag)s)]
[parameters: {'tag': 'friendship'}]
(Background on this error at: https://sqlalche.me/e/20/gkpj)
2024-10-24T16:14:31.415796+0100 INFO 132627270993600 Row inserted successfully into quotes.
2024-10-24T16:14:31.419017+0100 INFO 132627419891392 Row inserted successfully into quotes.
2024-10-24T16:14:31.430066+0100 ERROR 132627409405632 Integrity error (probably normal behaviour): (pymysql.err.IntegrityError) (1062, "Duplicate entry 'life' for key 'tags.PRIMARY'")
[SQL: INSERT INTO tags (tag) VALUES (%(tag)s)]
[parameters: {'tag': 'life'}]
(Background on this error at: https://sqlalche.me/e/20/gkpj)
2024-10-24T16:14:31.435825+0100 INFO 132627270993600 Row inserted successfully into quotes_tags_link.
2024-10-24T16:14:31.442452+0100 INFO 132627419891392 Row inserted successfully into quotes_tags_link.
2024-10-24T16:14:31.444327+0100 ERROR 132627409405632 Integrity error (probably normal behaviour): (pymysql.err.IntegrityError) (1062, "Duplicate entry 'Mark Twain' for key 'authors.PRIMARY'")
[SQL: INSERT INTO authors (author, about) VALUES (%(author)s, %(about)s)]
[parameters: {'author': 'Mark Twain', 'about': '/author/Mark-Twain'}]
(Background on this error at: https://sqlalche.me/e/20/gkpj)
2024-10-24T16:14:31.461020+0100 INFO 132627409405632 Row inserted successfully into quotes.
2024-10-24T16:14:31.475786+0100 INFO 132627409405632 Row inserted successfully into quotes_tags_link.
2024-10-24T16:14:31.491825+0100 INFO 132627409405632 Row inserted successfully into tags.
2024-10-24T16:14:31.501612+0100 ERROR 132627409405632 Integrity error (probably normal behaviour): (pymysql.err.IntegrityError) (1062, "Duplicate entry 'life' for key 'tags.PRIMARY'")
[SQL: INSERT INTO tags (tag) VALUES (%(tag)s)]
[parameters: {'tag': 'life'}]
(Background on this error at: https://sqlalche.me/e/20/gkpj)
2024-10-24T16:14:31.518481+0100 INFO 132627409405632 Row inserted successfully into tags.
2024-10-24T16:14:31.533969+0100 INFO 132627409405632 Row inserted successfully into tags.
2024-10-24T16:14:31.548239+0100 INFO 132627409405632 Row inserted successfully into tags.
2024-10-24T16:14:31.561846+0100 INFO 132627409405632 Row inserted successfully into authors.
2024-10-24T16:14:31.576545+0100 INFO 132627409405632 Row inserted successfully into quotes.
2024-10-24T16:14:31.589234+0100 INFO 132627409405632 Row inserted successfully into quotes_tags_link.
2024-10-24T16:14:32.465390+0100 INFO 132627111610048 Successfully fetched the page
2024-10-24T16:14:32.467217+0100 INFO 132627270993600 Successfully fetched the page
2024-10-24T16:14:32.468741+0100 INFO 132627419891392 Successfully fetched the page
2024-10-24T16:14:32.469355+0100 INFO 132627260507840 Successfully fetched the page
2024-10-24T16:14:32.470885+0100 INFO 132627281479360 Successfully fetched the page
2024-10-24T16:14:32.472397+0100 INFO 132627312936640 Successfully fetched the page
2024-10-24T16:14:32.473675+0100 INFO 132627101124288 Successfully fetched the page
2024-10-24T16:14:32.475066+0100 INFO 132627409405632 Successfully fetched the page
2024-10-24T16:14:32.476389+0100 INFO 132627080152768 Successfully fetched the page
2024-10-24T16:14:32.478031+0100 INFO 132627090638528 Successfully fetched the page
2024-10-24T16:14:32.479928+0100 INFO 132627302450880 Successfully fetched the page
2024-10-24T16:14:32.481949+0100 INFO 132627291965120 Successfully fetched the page
2024-10-24T16:14:32.588962+0100 INFO 132627111610048 Row for Bob Marley updated successfully.
2024-10-24T16:14:32.589991+0100 INFO 132627419891392 Row for J.K. Rowling updated successfully.
2024-10-24T16:14:32.595571+0100 INFO 132627270993600 Row for Jane Austen updated successfully.
2024-10-24T16:14:32.610495+0100 INFO 132627281479360 Row for Steve Martin updated successfully.
2024-10-24T16:14:32.617798+0100 INFO 132627260507840 Row for Marilyn Monroe updated successfully.
2024-10-24T16:14:32.692633+0100 INFO 132627101124288 Row for Dr. Seuss updated successfully.
2024-10-24T16:14:32.700234+0100 INFO 132627312936640 Row for Andr Gide updated successfully.
2024-10-24T16:14:32.727430+0100 INFO 132627090638528 Row for Douglas Adams updated successfully.
2024-10-24T16:14:32.732816+0100 INFO 132627080152768 Row for Elie Wiesel updated successfully.
2024-10-24T16:14:32.742783+0100 INFO 132627409405632 Row for Albert Einstein updated successfully.
2024-10-24T16:14:32.759993+0100 INFO 132627302450880 Row for Thomas A. Edison updated successfully.
2024-10-24T16:14:32.761386+0100 INFO 132627291965120 Row for Eleanor Roosevelt updated successfully.
2024-10-24T16:14:33.257926+0100 INFO 132627270993600 Successfully fetched the page
2024-10-24T16:14:33.265880+0100 INFO 132627111610048 Successfully fetched the page
2024-10-24T16:14:33.287746+0100 INFO 132627281479360 Successfully fetched the page
2024-10-24T16:14:33.290566+0100 INFO 132627270993600 Row for Mark Twain updated successfully.
2024-10-24T16:14:33.302969+0100 INFO 132627111610048 Row for Friedrich Nietzsche updated successfully.
2024-10-24T16:14:33.322821+0100 INFO 132627101124288 Successfully fetched the page
2024-10-24T16:14:33.331463+0100 INFO 132627260507840 Successfully fetched the page
2024-10-24T16:14:33.350944+0100 INFO 132627312936640 Successfully fetched the page
2024-10-24T16:14:33.353128+0100 INFO 132627080152768 Successfully fetched the page
2024-10-24T16:14:33.355900+0100 INFO 132627090638528 Successfully fetched the page
2024-10-24T16:14:33.356958+0100 INFO 132627281479360 Row for Pablo Neruda updated successfully.
2024-10-24T16:14:33.359140+0100 INFO 132627409405632 Successfully fetched the page
2024-10-24T16:14:33.382573+0100 INFO 132627302450880 Successfully fetched the page
2024-10-24T16:14:33.398969+0100 INFO 132627291965120 Successfully fetched the page
2024-10-24T16:14:33.444825+0100 INFO 132627419891392 Successfully fetched the page
2024-10-24T16:14:33.461953+0100 INFO 132627101124288 Row for Ralph Waldo Emerson updated successfully.
2024-10-24T16:14:33.479162+0100 INFO 132627312936640 Row for Garrison Keillor updated successfully.
2024-10-24T16:14:33.497764+0100 INFO 132627260507840 Row for Mother Teresa updated successfully.
2024-10-24T16:14:33.519026+0100 INFO 132627080152768 Row for Charles M. Schulz updated successfully.
2024-10-24T16:14:33.532383+0100 INFO 132627302450880 Row for Jorge Luis Borges updated successfully.
2024-10-24T16:14:33.543898+0100 INFO 132627419891392 Row for Allen Saunders updated successfully.
2024-10-24T16:14:33.561030+0100 INFO 132627090638528 Row for Jim Henson updated successfully.
2024-10-24T16:14:33.572143+0100 INFO 132627409405632 Row for William Nicholson updated successfully.
2024-10-24T16:14:33.573616+0100 INFO 132627291965120 Row for George Eliot updated successfully.
2024-10-24T16:14:34.236320+0100 INFO 132627281479360 Successfully fetched the page
2024-10-24T16:14:34.257645+0100 INFO 132627281479360 Row for Martin Luther King Jr. updated successfully.
2024-10-24T16:14:34.277233+0100 INFO 132627111610048 Successfully fetched the page
2024-10-24T16:14:34.301065+0100 INFO 132627111610048 Row for C.S. Lewis updated successfully.
2024-10-24T16:14:34.357602+0100 INFO 132627312936640 Successfully fetched the page
2024-10-24T16:14:34.378330+0100 INFO 132627312936640 Row for James Baldwin updated successfully.
2024-10-24T16:14:34.396550+0100 INFO 132627270993600 Successfully fetched the page
2024-10-24T16:14:34.417752+0100 INFO 132627270993600 Row for George R.R. Martin updated successfully.
2024-10-24T16:14:34.439684+0100 INFO 132627302450880 Successfully fetched the page
2024-10-24T16:14:34.441773+0100 INFO 132627260507840 Successfully fetched the page
2024-10-24T16:14:34.469751+0100 INFO 132627101124288 Successfully fetched the page
2024-10-24T16:14:34.476135+0100 INFO 132627260507840 Row for Alexandre Dumas fils updated successfully.
2024-10-24T16:14:34.494247+0100 INFO 132627302450880 Row for Ernest Hemingway updated successfully.
2024-10-24T16:14:34.497007+0100 INFO 132627409405632 Successfully fetched the page
2024-10-24T16:14:34.499058+0100 INFO 132627419891392 Successfully fetched the page
2024-10-24T16:14:34.512502+0100 INFO 132627090638528 Successfully fetched the page
2024-10-24T16:14:34.522554+0100 INFO 132627101124288 Row for Haruki Murakami updated successfully.
2024-10-24T16:14:34.529571+0100 INFO 132627080152768 Successfully fetched the page
2024-10-24T16:14:34.593878+0100 INFO 132627090638528 Row for George Bernard Shaw updated successfully.
2024-10-24T16:14:34.597333+0100 INFO 132627419891392 Row for Helen Keller updated successfully.
2024-10-24T16:14:34.617793+0100 INFO 132627409405632 Row for Suzanne Collins updated successfully.
2024-10-24T16:14:34.622776+0100 INFO 132627080152768 Row for Stephenie Meyer updated successfully.
2024-10-24T16:14:34.740239+0100 INFO 132627291965120 Successfully fetched the page
2024-10-24T16:14:34.761880+0100 INFO 132627291965120 Row for Charles Bukowski updated successfully.
2024-10-24T16:14:34.993236+0100 INFO 132627111610048 Successfully fetched the page
2024-10-24T16:14:34.995605+0100 INFO 132627281479360 Successfully fetched the page
2024-10-24T16:14:35.024474+0100 INFO 132627111610048 Row for Alfred Tennyson updated successfully.
2024-10-24T16:14:35.030382+0100 INFO 132627281479360 Row for J.R.R. Tolkien updated successfully.
2024-10-24T16:14:35.061728+0100 INFO 132627270993600 Successfully fetched the page
2024-10-24T16:14:35.063272+0100 INFO 132627312936640 Successfully fetched the page
2024-10-24T16:14:35.097401+0100 INFO 132627270993600 Row for J.D. Salinger updated successfully.
2024-10-24T16:14:35.098677+0100 INFO 132627312936640 Row for Terry Pratchett updated successfully.
2024-10-24T16:14:35.133764+0100 INFO 132627260507840 Successfully fetched the page
2024-10-24T16:14:35.157891+0100 INFO 132627260507840 Row for George Carlin updated successfully.
2024-10-24T16:14:35.166580+0100 INFO 132627302450880 Successfully fetched the page
2024-10-24T16:14:35.183608+0100 INFO 132627101124288 Successfully fetched the page
2024-10-24T16:14:35.201384+0100 INFO 132627302450880 Row for John Lennon updated successfully.
2024-10-24T16:14:35.216035+0100 INFO 132627101124288 Row for W.C. Fields updated successfully.
2024-10-24T16:14:35.222062+0100 INFO 132627409405632 Successfully fetched the page
2024-10-24T16:14:35.226034+0100 INFO 132627080152768 Successfully fetched the page
2024-10-24T16:14:35.233520+0100 INFO 132627090638528 Successfully fetched the page
2024-10-24T16:14:35.264986+0100 INFO 132627419891392 Successfully fetched the page
2024-10-24T16:14:35.298417+0100 INFO 132627080152768 Row for E.E. Cummings updated successfully.
2024-10-24T16:14:35.306572+0100 INFO 132627409405632 Row for J.M. Barrie updated successfully.
2024-10-24T16:14:35.313199+0100 INFO 132627090638528 Row for Jimi Hendrix updated successfully.
2024-10-24T16:14:35.315764+0100 INFO 132627419891392 Row for Ayn Rand updated successfully.
2024-10-24T16:14:35.373223+0100 INFO 132627291965120 Successfully fetched the page
2024-10-24T16:14:35.392234+0100 INFO 132627291965120 Row for Khaled Hosseini updated successfully.
2024-10-24T16:14:35.738923+0100 INFO 132627281479360 Successfully fetched the page
2024-10-24T16:14:35.740676+0100 INFO 132627111610048 Successfully fetched the page
2024-10-24T16:14:35.774818+0100 INFO 132627281479360 Row for Madeleine L'Engle updated successfully.
2024-10-24T16:14:35.779870+0100 INFO 132627111610048 Row for Harper Lee updated successfully.
