2024-10-24T15:52:38.149027+0100 INFO 137126629535872 Ensured data directory exists at /home/daxo/code/scraping_quotes/scraping_quotes/data
2024-10-24T15:52:38.202442+0100 INFO 137126629535872 Created database engine for /home/daxo/code/scraping_quotes/scraping_quotes/data/quotes.db
2024-10-24T15:52:54.346414+0100 INFO 137126629535872 Database schema initialized successfully.
2024-10-24T15:52:54.358414+0100 INFO 137126629535872 Tables in the database: ['TestTable', 'authors', 'quotes', 'quotes_tags_link', 'tags']
2024-10-24T15:52:54.358996+0100 ERROR 137126629535872 Not all required tables were created.
2024-10-24T15:52:54.385583+0100 INFO 137126629535872 Database schema initialized successfully.
2024-10-24T15:52:54.390774+0100 INFO 137126629535872 Tables in the database: ['TestTable', 'authors', 'quotes', 'quotes_tags_link', 'tags']
2024-10-24T15:52:54.391173+0100 ERROR 137126629535872 Not all required tables were created.
2024-10-24T15:52:54.450779+0100 INFO 137126629535872 All tables truncated successfully.
2024-10-24T15:52:54.452289+0100 INFO 137126629535872 Database initialized successfully with new records.
2024-10-24T15:52:55.054824+0100 INFO 137126629535872 Successfully fetched the page
2024-10-24T15:52:55.966852+0100 INFO 137126629535872 Successfully fetched the page
2024-10-24T15:52:56.614096+0100 INFO 137125880137408 Successfully fetched the page
2024-10-24T15:52:56.627376+0100 INFO 137125859165888 Successfully fetched the page
2024-10-24T15:52:56.629750+0100 INFO 137125848680128 Successfully fetched the page
2024-10-24T15:52:56.695491+0100 INFO 137125722851008 Successfully fetched the page
2024-10-24T15:52:56.697585+0100 INFO 137125743822528 Successfully fetched the page
2024-10-24T15:52:56.699494+0100 INFO 137125733336768 Successfully fetched the page
2024-10-24T15:52:56.729506+0100 INFO 137125869651648 Successfully fetched the page
2024-10-24T15:52:56.737386+0100 INFO 137125838194368 Successfully fetched the page
2024-10-24T15:52:56.755471+0100 INFO 137125754308288 Successfully fetched the page
2024-10-24T15:52:56.757695+0100 INFO 137125712365248 Successfully fetched the page
2024-10-24T15:52:57.024316+0100 INFO 137125859165888 Row inserted successfully into tags.
2024-10-24T15:52:57.074238+0100 INFO 137125859165888 Row inserted successfully into tags.
2024-10-24T15:52:57.081148+0100 INFO 137125880137408 Row inserted successfully into tags.
2024-10-24T15:52:57.088623+0100 INFO 137125838194368 Row inserted successfully into tags.
2024-10-24T15:52:57.095209+0100 INFO 137125754308288 Row inserted successfully into tags.
2024-10-24T15:52:57.105669+0100 INFO 137125743822528 Row inserted successfully into tags.
2024-10-24T15:52:57.110928+0100 INFO 137125712365248 Row inserted successfully into tags.
2024-10-24T15:52:57.112112+0100 INFO 137125869651648 Row inserted successfully into tags.
2024-10-24T15:52:57.114827+0100 INFO 137125733336768 Row inserted successfully into tags.
2024-10-24T15:52:57.116064+0100 INFO 137125859165888 Row inserted successfully into authors.
2024-10-24T15:52:57.136068+0100 INFO 137125722851008 Row inserted successfully into tags.
2024-10-24T15:52:57.138300+0100 INFO 137125848680128 Row inserted successfully into tags.
2024-10-24T15:52:57.145787+0100 INFO 137125880137408 Row inserted successfully into tags.
2024-10-24T15:52:57.153821+0100 INFO 137125838194368 Row inserted successfully into tags.
2024-10-24T15:52:57.157350+0100 INFO 137125743822528 Row inserted successfully into authors.
2024-10-24T15:52:57.158170+0100 INFO 137125712365248 Row inserted successfully into authors.
2024-10-24T15:52:57.166598+0100 INFO 137125754308288 Row inserted successfully into tags.
2024-10-24T15:52:57.171850+0100 INFO 137125869651648 Row inserted successfully into tags.
2024-10-24T15:52:57.190837+0100 INFO 137125859165888 Row inserted successfully into quotes.
2024-10-24T15:52:57.194665+0100 INFO 137125848680128 Row inserted successfully into tags.
2024-10-24T15:52:57.198780+0100 INFO 137125733336768 Row inserted successfully into tags.
2024-10-24T15:52:57.216219+0100 INFO 137125722851008 Row inserted successfully into authors.
2024-10-24T15:52:57.219008+0100 INFO 137125838194368 Row inserted successfully into tags.
2024-10-24T15:52:57.233617+0100 INFO 137125743822528 Row inserted successfully into quotes.
2024-10-24T15:52:57.235007+0100 INFO 137125880137408 Row inserted successfully into tags.
2024-10-24T15:52:57.243226+0100 INFO 137125754308288 Row inserted successfully into authors.
2024-10-24T15:52:57.248655+0100 INFO 137125712365248 Row inserted successfully into quotes.
2024-10-24T15:52:57.255491+0100 INFO 137125722851008 Row inserted successfully into quotes.
2024-10-24T15:52:57.260407+0100 INFO 137125869651648 Row inserted successfully into tags.
2024-10-24T15:52:57.261901+0100 INFO 137125859165888 Row inserted successfully into quotes_tags_link.
2024-10-24T15:52:57.262692+0100 INFO 137125848680128 Row inserted successfully into tags.
2024-10-24T15:52:57.270458+0100 INFO 137125838194368 Row inserted successfully into tags.
2024-10-24T15:52:57.282351+0100 INFO 137125733336768 Row inserted successfully into authors.
2024-10-24T15:52:57.283413+0100 INFO 137125880137408 Row inserted successfully into tags.
2024-10-24T15:52:57.292901+0100 INFO 137125743822528 Row inserted successfully into quotes_tags_link.
2024-10-24T15:52:57.296239+0100 INFO 137125869651648 Row inserted successfully into tags.
2024-10-24T15:52:57.312199+0100 INFO 137125722851008 Row inserted successfully into quotes_tags_link.
2024-10-24T15:52:57.319031+0100 INFO 137125712365248 Row inserted successfully into quotes_tags_link.
2024-10-24T15:52:57.332967+0100 INFO 137125848680128 Row inserted successfully into authors.
2024-10-24T15:52:57.334857+0100 INFO 137125754308288 Row inserted successfully into quotes.
2024-10-24T15:52:57.338785+0100 INFO 137125859165888 Row inserted successfully into tags.
2024-10-24T15:52:57.341266+0100 INFO 137125838194368 Row inserted successfully into authors.
2024-10-24T15:52:57.350553+0100 INFO 137125733336768 Row inserted successfully into quotes.
2024-10-24T15:52:57.360533+0100 INFO 137125869651648 Row inserted successfully into tags.
2024-10-24T15:52:57.372187+0100 INFO 137125712365248 Row inserted successfully into tags.
2024-10-24T15:52:57.373292+0100 INFO 137125722851008 Row inserted successfully into tags.
2024-10-24T15:52:57.375105+0100 INFO 137125880137408 Row inserted successfully into authors.
2024-10-24T15:52:57.376808+0100 INFO 137125859165888 Row inserted successfully into authors.
2024-10-24T15:52:57.377640+0100 INFO 137125743822528 Row inserted successfully into tags.
2024-10-24T15:52:57.389207+0100 INFO 137125848680128 Row inserted successfully into quotes.
2024-10-24T15:52:57.399737+0100 INFO 137125754308288 Row inserted successfully into quotes_tags_link.
2024-10-24T15:52:57.401616+0100 INFO 137125838194368 Row inserted successfully into quotes.
2024-10-24T15:52:57.408313+0100 INFO 137125733336768 Row inserted successfully into quotes_tags_link.
2024-10-24T15:52:57.421480+0100 INFO 137125712365248 Row inserted successfully into tags.
2024-10-24T15:52:57.429522+0100 INFO 137125859165888 Row inserted successfully into quotes.
2024-10-24T15:52:57.430324+0100 INFO 137125848680128 Row inserted successfully into quotes_tags_link.
2024-10-24T15:52:57.432861+0100 INFO 137125743822528 Row inserted successfully into authors.
2024-10-24T15:52:57.439566+0100 INFO 137125869651648 Row inserted successfully into tags.
2024-10-24T15:52:57.441650+0100 INFO 137125754308288 Row inserted successfully into tags.
2024-10-24T15:52:57.447381+0100 INFO 137125722851008 Row inserted successfully into tags.
2024-10-24T15:52:57.448341+0100 INFO 137125838194368 Row inserted successfully into quotes_tags_link.
2024-10-24T15:52:57.450048+0100 INFO 137125880137408 Row inserted successfully into quotes.
2024-10-24T15:52:57.454367+0100 INFO 137125733336768 Row inserted successfully into tags.
2024-10-24T15:52:57.463152+0100 INFO 137125712365248 Row inserted successfully into authors.
2024-10-24T15:52:57.473876+0100 INFO 137125869651648 Row inserted successfully into authors.
2024-10-24T15:52:57.485542+0100 INFO 137125848680128 Row inserted successfully into tags.
2024-10-24T15:52:57.491264+0100 INFO 137125722851008 Row inserted successfully into tags.
2024-10-24T15:52:57.493885+0100 INFO 137125859165888 Row inserted successfully into quotes_tags_link.
2024-10-24T15:52:57.500532+0100 INFO 137125754308288 Row inserted successfully into tags.
2024-10-24T15:52:57.503793+0100 INFO 137125712365248 Row inserted successfully into quotes.
2024-10-24T15:52:57.510823+0100 INFO 137125880137408 Row inserted successfully into quotes_tags_link.
2024-10-24T15:52:57.511850+0100 INFO 137125733336768 Row inserted successfully into authors.
2024-10-24T15:52:57.523801+0100 INFO 137125869651648 Row inserted successfully into quotes.
2024-10-24T15:52:57.526976+0100 INFO 137125743822528 Row inserted successfully into quotes.
2024-10-24T15:52:57.531561+0100 INFO 137125838194368 Row inserted successfully into tags.
2024-10-24T15:52:57.532447+0100 INFO 137125848680128 Row inserted successfully into authors.
2024-10-24T15:52:57.545958+0100 INFO 137125722851008 Row inserted successfully into tags.
2024-10-24T15:52:57.548994+0100 INFO 137125859165888 Row inserted successfully into tags.
2024-10-24T15:52:57.550335+0100 INFO 137125712365248 Row inserted successfully into quotes_tags_link.
2024-10-24T15:52:57.562178+0100 INFO 137125733336768 Row inserted successfully into quotes.
2024-10-24T15:52:57.567407+0100 INFO 137125880137408 Row inserted successfully into tags.
2024-10-24T15:52:57.569828+0100 INFO 137125754308288 Row inserted successfully into tags.
2024-10-24T15:52:57.582188+0100 INFO 137125848680128 Row inserted successfully into quotes.
2024-10-24T15:52:57.585007+0100 INFO 137125869651648 Row inserted successfully into quotes_tags_link.
2024-10-24T15:52:57.598216+0100 INFO 137125712365248 Row inserted successfully into tags.
2024-10-24T15:52:57.599815+0100 INFO 137125838194368 Row inserted successfully into tags.
2024-10-24T15:52:57.600629+0100 INFO 137125743822528 Row inserted successfully into quotes_tags_link.
2024-10-24T15:52:57.610278+0100 INFO 137125859165888 Row inserted successfully into authors.
2024-10-24T15:52:57.613289+0100 INFO 137125733336768 Row inserted successfully into quotes_tags_link.
2024-10-24T15:52:57.623628+0100 INFO 137125722851008 Row inserted successfully into authors.
2024-10-24T15:52:57.633263+0100 INFO 137125869651648 Row inserted successfully into tags.
2024-10-24T15:52:57.636095+0100 INFO 137125712365248 Row inserted successfully into tags.
2024-10-24T15:52:57.639677+0100 INFO 137125754308288 Row inserted successfully into authors.
2024-10-24T15:52:57.641036+0100 INFO 137125848680128 Row inserted successfully into quotes_tags_link.
2024-10-24T15:52:57.652980+0100 INFO 137125838194368 Row inserted successfully into tags.
2024-10-24T15:52:57.657155+0100 INFO 137125880137408 Row inserted successfully into tags.
2024-10-24T15:52:57.658502+0100 INFO 137125859165888 Row inserted successfully into quotes.
2024-10-24T15:52:57.662896+0100 INFO 137125722851008 Row inserted successfully into quotes.
2024-10-24T15:52:57.679587+0100 INFO 137125733336768 Row inserted successfully into tags.
2024-10-24T15:52:57.681115+0100 INFO 137125712365248 Row inserted successfully into authors.
2024-10-24T15:52:57.691874+0100 INFO 137125743822528 Row inserted successfully into tags.
2024-10-24T15:52:57.693689+0100 INFO 137125848680128 Row inserted successfully into tags.
2024-10-24T15:52:57.704388+0100 INFO 137125838194368 Row inserted successfully into tags.
2024-10-24T15:52:57.706164+0100 INFO 137125880137408 Row inserted successfully into authors.
2024-10-24T15:52:57.711520+0100 INFO 137125722851008 Row inserted successfully into quotes_tags_link.
2024-10-24T15:52:57.714460+0100 INFO 137125754308288 Row inserted successfully into quotes.
2024-10-24T15:52:57.718550+0100 INFO 137125859165888 Row inserted successfully into quotes_tags_link.
2024-10-24T15:52:57.722044+0100 INFO 137125869651648 Row inserted successfully into tags.
2024-10-24T15:52:57.724909+0100 INFO 137125712365248 Row inserted successfully into quotes.
2024-10-24T15:52:57.732339+0100 INFO 137125733336768 Row inserted successfully into tags.
2024-10-24T15:52:57.737846+0100 INFO 137125743822528 Row inserted successfully into authors.
2024-10-24T15:52:57.746540+0100 INFO 137125838194368 Row inserted successfully into authors.
2024-10-24T15:52:57.747792+0100 INFO 137125848680128 Row inserted successfully into authors.
2024-10-24T15:52:57.748735+0100 INFO 137125880137408 Row inserted successfully into quotes.
2024-10-24T15:52:57.764810+0100 INFO 137125754308288 Row inserted successfully into quotes_tags_link.
2024-10-24T15:52:57.770031+0100 INFO 137125722851008 Row inserted successfully into tags.
2024-10-24T15:52:57.781995+0100 INFO 137125859165888 Row inserted successfully into tags.
2024-10-24T15:52:57.789614+0100 INFO 137125869651648 Row inserted successfully into authors.
2024-10-24T15:52:57.797972+0100 INFO 137125733336768 Row inserted successfully into tags.
2024-10-24T15:52:57.799234+0100 INFO 137125712365248 Row inserted successfully into quotes_tags_link.
2024-10-24T15:52:57.801353+0100 INFO 137125743822528 Row inserted successfully into quotes.
2024-10-24T15:52:57.811260+0100 INFO 137125754308288 Row inserted successfully into tags.
2024-10-24T15:52:57.820011+0100 INFO 137125838194368 Row inserted successfully into quotes.
2024-10-24T15:52:57.826195+0100 INFO 137125859165888 Row inserted successfully into tags.
2024-10-24T15:52:57.830617+0100 INFO 137125848680128 Row inserted successfully into quotes.
2024-10-24T15:52:57.832453+0100 INFO 137125722851008 Row inserted successfully into authors.
2024-10-24T15:52:57.844786+0100 INFO 137125712365248 Row inserted successfully into tags.
2024-10-24T15:52:57.847549+0100 INFO 137125869651648 Row inserted successfully into quotes.
2024-10-24T15:52:57.851227+0100 INFO 137125733336768 Row inserted successfully into authors.
2024-10-24T15:52:57.860948+0100 INFO 137125880137408 Row inserted successfully into quotes_tags_link.
2024-10-24T15:52:57.864011+0100 INFO 137125754308288 Row inserted successfully into authors.
2024-10-24T15:52:57.866164+0100 INFO 137125838194368 Row inserted successfully into quotes_tags_link.
2024-10-24T15:52:57.867623+0100 INFO 137125848680128 Row inserted successfully into quotes_tags_link.
2024-10-24T15:52:57.877124+0100 INFO 137125722851008 Row inserted successfully into quotes.
2024-10-24T15:52:57.880428+0100 INFO 137125743822528 Row inserted successfully into quotes_tags_link.
2024-10-24T15:52:57.881448+0100 INFO 137125859165888 Row inserted successfully into authors.
2024-10-24T15:52:57.882895+0100 INFO 137125712365248 Row inserted successfully into authors.
2024-10-24T15:52:57.886813+0100 INFO 137125869651648 Row inserted successfully into quotes_tags_link.
2024-10-24T15:52:57.916688+0100 INFO 137125859165888 Row inserted successfully into quotes.
2024-10-24T15:52:57.918914+0100 INFO 137125838194368 Row inserted successfully into tags.
2024-10-24T15:52:57.924056+0100 INFO 137125869651648 Row inserted successfully into tags.
2024-10-24T15:52:57.927796+0100 INFO 137125848680128 Row inserted successfully into tags.
2024-10-24T15:52:57.930773+0100 INFO 137125743822528 Row inserted successfully into tags.
2024-10-24T15:52:57.941686+0100 INFO 137125754308288 Row inserted successfully into quotes.
2024-10-24T15:52:57.949831+0100 INFO 137125733336768 Row inserted successfully into quotes.
2024-10-24T15:52:57.952903+0100 INFO 137125712365248 Row inserted successfully into quotes.
2024-10-24T15:52:57.955177+0100 INFO 137125880137408 Row inserted successfully into tags.
2024-10-24T15:52:57.956133+0100 INFO 137125722851008 Row inserted successfully into quotes_tags_link.
2024-10-24T15:52:57.963268+0100 INFO 137125838194368 Row inserted successfully into authors.
2024-10-24T15:52:57.969488+0100 INFO 137125743822528 Row inserted successfully into authors.
2024-10-24T15:52:57.974878+0100 INFO 137125859165888 Row inserted successfully into quotes_tags_link.
2024-10-24T15:52:57.977495+0100 INFO 137125733336768 Row inserted successfully into quotes_tags_link.
2024-10-24T15:52:57.984013+0100 INFO 137125848680128 Row inserted successfully into tags.
2024-10-24T15:52:57.986916+0100 INFO 137125754308288 Row inserted successfully into quotes_tags_link.
2024-10-24T15:52:57.989346+0100 INFO 137125869651648 Row inserted successfully into tags.
2024-10-24T15:52:57.999468+0100 INFO 137125712365248 Row inserted successfully into quotes_tags_link.
2024-10-24T15:52:58.007692+0100 INFO 137125880137408 Row inserted successfully into tags.
2024-10-24T15:52:58.013156+0100 INFO 137125722851008 Row inserted successfully into tags.
2024-10-24T15:52:58.023913+0100 INFO 137125838194368 Row inserted successfully into quotes.
2024-10-24T15:52:58.028028+0100 INFO 137125733336768 Row inserted successfully into tags.
2024-10-24T15:52:58.030647+0100 INFO 137125848680128 Row inserted successfully into authors.
2024-10-24T15:52:58.031507+0100 INFO 137125743822528 Row inserted successfully into quotes.
2024-10-24T15:52:58.041521+0100 INFO 137125859165888 Row inserted successfully into tags.
2024-10-24T15:52:58.056211+0100 INFO 137125869651648 Row inserted successfully into authors.
2024-10-24T15:52:58.064296+0100 INFO 137125838194368 Row inserted successfully into quotes_tags_link.
2024-10-24T15:52:58.069887+0100 INFO 137125712365248 Row inserted successfully into tags.
2024-10-24T15:52:58.072537+0100 INFO 137125722851008 Row inserted successfully into tags.
2024-10-24T15:52:58.073374+0100 INFO 137125754308288 Row inserted successfully into tags.
2024-10-24T15:52:58.074226+0100 INFO 137125880137408 Row inserted successfully into tags.
2024-10-24T15:52:58.085387+0100 INFO 137125743822528 Row inserted successfully into quotes_tags_link.
2024-10-24T15:52:58.093900+0100 INFO 137125859165888 Row inserted successfully into authors.
2024-10-24T15:52:58.102434+0100 INFO 137125733336768 Row inserted successfully into tags.
2024-10-24T15:52:58.110003+0100 INFO 137125838194368 Row inserted successfully into tags.
2024-10-24T15:52:58.111873+0100 INFO 137125848680128 Row inserted successfully into quotes.
2024-10-24T15:52:58.113036+0100 INFO 137125869651648 Row inserted successfully into quotes.
2024-10-24T15:52:58.121700+0100 INFO 137125712365248 Row inserted successfully into authors.
2024-10-24T15:52:58.128138+0100 INFO 137125754308288 Row inserted successfully into authors.
2024-10-24T15:52:58.130772+0100 INFO 137125722851008 Row inserted successfully into tags.
2024-10-24T15:52:58.135641+0100 INFO 137125743822528 Row inserted successfully into tags.
2024-10-24T15:52:58.146845+0100 INFO 137125859165888 Row inserted successfully into quotes.
2024-10-24T15:52:58.149127+0100 INFO 137125880137408 Row inserted successfully into tags.
2024-10-24T15:52:58.160822+0100 INFO 137125733336768 Row inserted successfully into authors.
2024-10-24T15:52:58.161973+0100 INFO 137125869651648 Row inserted successfully into quotes_tags_link.
2024-10-24T15:52:58.169412+0100 INFO 137125848680128 Row inserted successfully into quotes_tags_link.
2024-10-24T15:52:58.176485+0100 INFO 137125838194368 Row inserted successfully into tags.
2024-10-24T15:52:58.179449+0100 INFO 137125722851008 Row inserted successfully into authors.
2024-10-24T15:52:58.187152+0100 INFO 137125859165888 Row inserted successfully into quotes_tags_link.
2024-10-24T15:52:58.188163+0100 INFO 137125880137408 Row inserted successfully into tags.
2024-10-24T15:52:58.189161+0100 INFO 137125712365248 Row inserted successfully into quotes.
2024-10-24T15:52:58.193248+0100 INFO 137125743822528 Row inserted successfully into tags.
2024-10-24T15:52:58.194383+0100 INFO 137125754308288 Row inserted successfully into quotes.
2024-10-24T15:52:58.197070+0100 INFO 137125733336768 Row inserted successfully into quotes.
2024-10-24T15:52:58.213514+0100 INFO 137125848680128 Row inserted successfully into tags.
2024-10-24T15:52:58.221855+0100 INFO 137125838194368 Row inserted successfully into authors.
2024-10-24T15:52:58.231067+0100 INFO 137125859165888 Row inserted successfully into tags.
2024-10-24T15:52:58.237945+0100 INFO 137125869651648 Row inserted successfully into tags.
2024-10-24T15:52:58.239206+0100 INFO 137125880137408 Row inserted successfully into authors.
2024-10-24T15:52:58.254181+0100 INFO 137125712365248 Row inserted successfully into quotes_tags_link.
2024-10-24T15:52:58.258729+0100 INFO 137125722851008 Row inserted successfully into quotes.
2024-10-24T15:52:58.262835+0100 INFO 137125743822528 Row inserted successfully into tags.
2024-10-24T15:52:58.266262+0100 INFO 137125754308288 Row inserted successfully into quotes_tags_link.
2024-10-24T15:52:58.271669+0100 INFO 137125733336768 Row inserted successfully into quotes_tags_link.
2024-10-24T15:52:58.284910+0100 INFO 137125869651648 Row inserted successfully into authors.
2024-10-24T15:52:58.286184+0100 INFO 137125859165888 Row inserted successfully into tags.
2024-10-24T15:52:58.287436+0100 INFO 137125838194368 Row inserted successfully into quotes.
2024-10-24T15:52:58.288757+0100 INFO 137125848680128 Row inserted successfully into tags.
2024-10-24T15:52:58.295208+0100 INFO 137125722851008 Row inserted successfully into quotes_tags_link.
2024-10-24T15:52:58.296037+0100 INFO 137125880137408 Row inserted successfully into quotes.
2024-10-24T15:52:58.298926+0100 INFO 137125743822528 Row inserted successfully into tags.
2024-10-24T15:52:58.304300+0100 INFO 137125712365248 Row inserted successfully into tags.
2024-10-24T15:52:58.313867+0100 INFO 137125754308288 Row inserted successfully into tags.
2024-10-24T15:52:58.325401+0100 INFO 137125859165888 Row inserted successfully into tags.
2024-10-24T15:52:58.335687+0100 INFO 137125838194368 Row inserted successfully into quotes_tags_link.
2024-10-24T15:52:58.337670+0100 INFO 137125733336768 Row inserted successfully into tags.
2024-10-24T15:52:58.345831+0100 INFO 137125869651648 Row inserted successfully into quotes.
2024-10-24T15:52:58.348341+0100 INFO 137125743822528 Row inserted successfully into tags.
2024-10-24T15:52:58.357593+0100 INFO 137125880137408 Row inserted successfully into quotes_tags_link.
2024-10-24T15:52:58.359673+0100 INFO 137125722851008 Row inserted successfully into tags.
2024-10-24T15:52:58.364645+0100 INFO 137125848680128 Row inserted successfully into authors.
2024-10-24T15:52:58.373623+0100 INFO 137125838194368 Row inserted successfully into tags.
2024-10-24T15:52:58.374915+0100 INFO 137125712365248 Row inserted successfully into authors.
2024-10-24T15:52:58.386287+0100 INFO 137125859165888 Row inserted successfully into authors.
2024-10-24T15:52:58.388337+0100 INFO 137125754308288 Row inserted successfully into tags.
2024-10-24T15:52:58.391503+0100 INFO 137125733336768 Row inserted successfully into tags.
2024-10-24T15:52:58.396043+0100 INFO 137125743822528 Row inserted successfully into tags.
2024-10-24T15:52:58.408524+0100 INFO 137125869651648 Row inserted successfully into quotes_tags_link.
2024-10-24T15:52:58.413017+0100 INFO 137125722851008 Row inserted successfully into tags.
2024-10-24T15:52:58.418199+0100 INFO 137125880137408 Row inserted successfully into tags.
2024-10-24T15:52:58.422466+0100 INFO 137125848680128 Row inserted successfully into quotes.
2024-10-24T15:52:58.424086+0100 INFO 137125712365248 Row inserted successfully into quotes.
2024-10-24T15:52:58.443217+0100 INFO 137125754308288 Row inserted successfully into authors.
2024-10-24T15:52:58.446329+0100 INFO 137125838194368 Row inserted successfully into tags.
2024-10-24T15:52:58.454020+0100 INFO 137125712365248 Row inserted successfully into quotes_tags_link.
2024-10-24T15:52:58.457151+0100 INFO 137125859165888 Row inserted successfully into quotes.
2024-10-24T15:52:58.461838+0100 INFO 137125869651648 Row inserted successfully into tags.
2024-10-24T15:52:58.464486+0100 INFO 137125848680128 Row inserted successfully into quotes_tags_link.
2024-10-24T15:52:58.466433+0100 INFO 137125743822528 Row inserted successfully into authors.
2024-10-24T15:52:58.468469+0100 INFO 137125733336768 Row inserted successfully into tags.
2024-10-24T15:52:58.473170+0100 INFO 137125722851008 Row inserted successfully into authors.
2024-10-24T15:52:58.474877+0100 INFO 137125754308288 Row inserted successfully into quotes.
2024-10-24T15:52:58.478039+0100 INFO 137125880137408 Row inserted successfully into tags.
2024-10-24T15:52:58.493649+0100 INFO 137125838194368 Row inserted successfully into authors.
2024-10-24T15:52:58.499280+0100 INFO 137125869651648 Row inserted successfully into authors.
2024-10-24T15:52:58.503289+0100 INFO 137125859165888 Row inserted successfully into quotes_tags_link.
2024-10-24T15:52:58.509544+0100 INFO 137125712365248 Row inserted successfully into tags.
2024-10-24T15:52:58.517949+0100 INFO 137125733336768 Row inserted successfully into tags.
2024-10-24T15:52:58.520362+0100 INFO 137125848680128 Row inserted successfully into tags.
2024-10-24T15:52:58.527254+0100 INFO 137125743822528 Row inserted successfully into quotes.
2024-10-24T15:52:58.538562+0100 INFO 137125722851008 Row inserted successfully into quotes.
2024-10-24T15:52:58.546121+0100 INFO 137125712365248 Row inserted successfully into tags.
2024-10-24T15:52:58.549031+0100 INFO 137125838194368 Row inserted successfully into quotes.
2024-10-24T15:52:58.554310+0100 INFO 137125754308288 Row inserted successfully into quotes_tags_link.
2024-10-24T15:52:58.555421+0100 INFO 137125869651648 Row inserted successfully into quotes.
2024-10-24T15:52:58.564442+0100 INFO 137125880137408 Row inserted successfully into tags.
2024-10-24T15:52:58.565603+0100 INFO 137125859165888 Row inserted successfully into tags.
2024-10-24T15:52:58.567661+0100 INFO 137125743822528 Row inserted successfully into quotes_tags_link.
2024-10-24T15:52:58.578870+0100 INFO 137125733336768 Row inserted successfully into tags.
2024-10-24T15:52:58.579842+0100 INFO 137125722851008 Row inserted successfully into quotes_tags_link.
2024-10-24T15:52:58.588453+0100 INFO 137125712365248 Row inserted successfully into tags.
2024-10-24T15:52:58.589200+0100 INFO 137125848680128 Row inserted successfully into tags.
2024-10-24T15:52:58.590277+0100 INFO 137125754308288 Row inserted successfully into tags.
2024-10-24T15:52:58.594641+0100 INFO 137125838194368 Row inserted successfully into quotes_tags_link.
2024-10-24T15:52:58.621983+0100 INFO 137125733336768 Row inserted successfully into authors.
2024-10-24T15:52:58.623003+0100 INFO 137125880137408 Row inserted successfully into tags.
2024-10-24T15:52:58.631696+0100 INFO 137125712365248 Row inserted successfully into tags.
2024-10-24T15:52:58.637940+0100 INFO 137125722851008 Row inserted successfully into tags.
2024-10-24T15:52:58.640358+0100 INFO 137125743822528 Row inserted successfully into tags.
2024-10-24T15:52:58.651868+0100 INFO 137125859165888 Row inserted successfully into tags.
2024-10-24T15:52:58.654082+0100 INFO 137125869651648 Row inserted successfully into quotes_tags_link.
2024-10-24T15:52:58.662887+0100 INFO 137125733336768 Row inserted successfully into quotes.
2024-10-24T15:52:58.664656+0100 INFO 137125838194368 Row inserted successfully into tags.
2024-10-24T15:52:58.666350+0100 INFO 137125848680128 Row inserted successfully into tags.
2024-10-24T15:52:58.674507+0100 INFO 137125754308288 Row inserted successfully into authors.
2024-10-24T15:52:58.675444+0100 INFO 137125712365248 Row inserted successfully into tags.
2024-10-24T15:52:58.676290+0100 INFO 137125743822528 Row inserted successfully into authors.
2024-10-24T15:52:58.679885+0100 INFO 137125880137408 Row inserted successfully into authors.
2024-10-24T15:52:58.691735+0100 INFO 137125859165888 Row inserted successfully into authors.
2024-10-24T15:52:58.697531+0100 INFO 137125722851008 Row inserted successfully into tags.
2024-10-24T15:52:58.713182+0100 INFO 137125869651648 Row inserted successfully into tags.
2024-10-24T15:52:58.714101+0100 INFO 137125838194368 Row inserted successfully into authors.
2024-10-24T15:52:58.714932+0100 INFO 137125733336768 Row inserted successfully into quotes_tags_link.
2024-10-24T15:52:58.716857+0100 INFO 137125848680128 Row inserted successfully into authors.
2024-10-24T15:52:58.729132+0100 INFO 137125712365248 Row inserted successfully into tags.
2024-10-24T15:52:58.731396+0100 INFO 137125754308288 Row inserted successfully into quotes.
2024-10-24T15:52:58.733223+0100 INFO 137125743822528 Row inserted successfully into quotes.
2024-10-24T15:52:58.747811+0100 INFO 137125880137408 Row inserted successfully into quotes.
2024-10-24T15:52:58.761186+0100 INFO 137125859165888 Row inserted successfully into quotes.
2024-10-24T15:52:58.768294+0100 INFO 137125722851008 Row inserted successfully into tags.
2024-10-24T15:52:58.769478+0100 INFO 137125869651648 Row inserted successfully into tags.
2024-10-24T15:52:58.772777+0100 INFO 137125754308288 Row inserted successfully into quotes_tags_link.
2024-10-24T15:52:58.775190+0100 INFO 137125838194368 Row inserted successfully into quotes.
2024-10-24T15:52:58.775964+0100 INFO 137125848680128 Row inserted successfully into quotes.
2024-10-24T15:52:58.784148+0100 INFO 137125712365248 Row inserted successfully into tags.
2024-10-24T15:52:58.792269+0100 INFO 137125733336768 Row inserted successfully into tags.
2024-10-24T15:52:58.797998+0100 INFO 137125743822528 Row inserted successfully into quotes_tags_link.
2024-10-24T15:52:58.799773+0100 INFO 137125869651648 Row inserted successfully into authors.
2024-10-24T15:52:58.806650+0100 INFO 137125722851008 Row inserted successfully into authors.
2024-10-24T15:52:58.807819+0100 INFO 137125880137408 Row inserted successfully into quotes_tags_link.
2024-10-24T15:52:58.813500+0100 INFO 137125754308288 Row inserted successfully into tags.
2024-10-24T15:52:58.817926+0100 INFO 137125859165888 Row inserted successfully into quotes_tags_link.
2024-10-24T15:52:58.820773+0100 INFO 137125838194368 Row inserted successfully into quotes_tags_link.
2024-10-24T15:52:58.836058+0100 INFO 137125733336768 Row inserted successfully into tags.
2024-10-24T15:52:58.846929+0100 INFO 137125712365248 Row inserted successfully into authors.
2024-10-24T15:52:58.849587+0100 INFO 137125848680128 Row inserted successfully into quotes_tags_link.
2024-10-24T15:52:58.853083+0100 INFO 137125743822528 Row inserted successfully into tags.
2024-10-24T15:52:58.858438+0100 INFO 137125880137408 Row inserted successfully into tags.
2024-10-24T15:52:58.868268+0100 INFO 137125754308288 Row inserted successfully into tags.
2024-10-24T15:52:58.869149+0100 INFO 137125722851008 Row inserted successfully into quotes.
2024-10-24T15:52:58.881615+0100 INFO 137125869651648 Row inserted successfully into quotes.
2024-10-24T15:52:58.886261+0100 INFO 137125848680128 Row inserted successfully into tags.
2024-10-24T15:52:58.889197+0100 INFO 137125859165888 Row inserted successfully into tags.
2024-10-24T15:52:58.902334+0100 INFO 137125712365248 Row inserted successfully into quotes.
2024-10-24T15:52:58.903875+0100 INFO 137125838194368 Row inserted successfully into tags.
2024-10-24T15:52:58.905243+0100 INFO 137125743822528 Row inserted successfully into tags.
2024-10-24T15:52:58.908144+0100 INFO 137125880137408 Row inserted successfully into tags.
2024-10-24T15:52:58.916221+0100 INFO 137125754308288 Row inserted successfully into tags.
2024-10-24T15:52:58.920572+0100 INFO 137125733336768 Row inserted successfully into tags.
2024-10-24T15:52:58.927083+0100 INFO 137125848680128 Row inserted successfully into tags.
2024-10-24T15:52:58.933124+0100 INFO 137125712365248 Row inserted successfully into quotes_tags_link.
2024-10-24T15:52:58.940979+0100 INFO 137125722851008 Row inserted successfully into quotes_tags_link.
2024-10-24T15:52:58.942586+0100 INFO 137125859165888 Row inserted successfully into authors.
2024-10-24T15:52:58.951251+0100 INFO 137125869651648 Row inserted successfully into quotes_tags_link.
2024-10-24T15:52:58.953971+0100 INFO 137125838194368 Row inserted successfully into authors.
2024-10-24T15:52:58.973038+0100 INFO 137125743822528 Row inserted successfully into authors.
2024-10-24T15:52:58.974166+0100 INFO 137125733336768 Row inserted successfully into tags.
2024-10-24T15:52:58.974944+0100 INFO 137125880137408 Row inserted successfully into authors.
2024-10-24T15:52:58.979426+0100 INFO 137125848680128 Row inserted successfully into authors.
2024-10-24T15:52:58.993244+0100 INFO 137125722851008 Row inserted successfully into tags.
2024-10-24T15:52:58.996831+0100 INFO 137125754308288 Row inserted successfully into authors.
2024-10-24T15:52:58.997815+0100 INFO 137125859165888 Row inserted successfully into quotes.
2024-10-24T15:52:59.001559+0100 INFO 137125869651648 Row inserted successfully into tags.
2024-10-24T15:52:59.008062+0100 INFO 137125838194368 Row inserted successfully into quotes.
2024-10-24T15:52:59.010134+0100 INFO 137125712365248 Row inserted successfully into tags.
2024-10-24T15:52:59.021349+0100 INFO 137125743822528 Row inserted successfully into quotes.
2024-10-24T15:52:59.024675+0100 INFO 137125848680128 Row inserted successfully into quotes.
2024-10-24T15:52:59.026570+0100 INFO 137125733336768 Row inserted successfully into tags.
2024-10-24T15:52:59.034513+0100 INFO 137125754308288 Row inserted successfully into quotes.
2024-10-24T15:52:59.037024+0100 INFO 137125880137408 Row inserted successfully into quotes.
2024-10-24T15:52:59.042815+0100 INFO 137125722851008 Row inserted successfully into authors.
2024-10-24T15:52:59.048315+0100 INFO 137125859165888 Row inserted successfully into quotes_tags_link.
2024-10-24T15:52:59.055216+0100 INFO 137125869651648 Row inserted successfully into tags.
2024-10-24T15:52:59.065264+0100 INFO 137125838194368 Row inserted successfully into quotes_tags_link.
2024-10-24T15:52:59.071504+0100 INFO 137125743822528 Row inserted successfully into quotes_tags_link.
2024-10-24T15:52:59.072390+0100 INFO 137125712365248 Row inserted successfully into authors.
2024-10-24T15:52:59.078152+0100 INFO 137125733336768 Row inserted successfully into tags.
2024-10-24T15:52:59.080260+0100 INFO 137125848680128 Row inserted successfully into quotes_tags_link.
2024-10-24T15:52:59.086336+0100 INFO 137125754308288 Row inserted successfully into quotes_tags_link.
2024-10-24T15:52:59.087750+0100 INFO 137125880137408 Row inserted successfully into quotes_tags_link.
2024-10-24T15:52:59.118300+0100 INFO 137125733336768 Row inserted successfully into authors.
2024-10-24T15:52:59.123693+0100 INFO 137125722851008 Row inserted successfully into quotes.
2024-10-24T15:52:59.128288+0100 INFO 137125880137408 Row inserted successfully into tags.
2024-10-24T15:52:59.132143+0100 INFO 137125743822528 Row inserted successfully into tags.
2024-10-24T15:52:59.134424+0100 INFO 137125848680128 Row inserted successfully into tags.
2024-10-24T15:52:59.135786+0100 INFO 137125712365248 Row inserted successfully into quotes.
2024-10-24T15:52:59.136396+0100 INFO 137125859165888 Row inserted successfully into tags.
2024-10-24T15:52:59.139513+0100 INFO 137125754308288 Row inserted successfully into tags.
2024-10-24T15:52:59.142967+0100 INFO 137125869651648 Row inserted successfully into tags.
2024-10-24T15:52:59.150184+0100 INFO 137125733336768 Row inserted successfully into quotes.
2024-10-24T15:52:59.154201+0100 INFO 137125838194368 Row inserted successfully into tags.
2024-10-24T15:52:59.162175+0100 INFO 137125722851008 Row inserted successfully into quotes_tags_link.
2024-10-24T15:52:59.184198+0100 INFO 137125880137408 Row inserted successfully into tags.
2024-10-24T15:52:59.188600+0100 INFO 137125743822528 Row inserted successfully into tags.
2024-10-24T15:52:59.190019+0100 INFO 137125848680128 Row inserted successfully into tags.
2024-10-24T15:52:59.191156+0100 INFO 137125712365248 Row inserted successfully into quotes_tags_link.
2024-10-24T15:52:59.192093+0100 INFO 137125859165888 Row inserted successfully into authors.
2024-10-24T15:52:59.195282+0100 INFO 137125754308288 Row inserted successfully into tags.
2024-10-24T15:52:59.208803+0100 INFO 137125722851008 Row inserted successfully into tags.
2024-10-24T15:52:59.209903+0100 INFO 137125869651648 Row inserted successfully into tags.
2024-10-24T15:52:59.210855+0100 INFO 137125733336768 Row inserted successfully into quotes_tags_link.
2024-10-24T15:52:59.214874+0100 INFO 137125838194368 Row inserted successfully into tags.
2024-10-24T15:52:59.219263+0100 INFO 137125743822528 Row inserted successfully into authors.
2024-10-24T15:52:59.230964+0100 INFO 137125848680128 Row inserted successfully into tags.
2024-10-24T15:52:59.233180+0100 INFO 137125880137408 Row inserted successfully into tags.
2024-10-24T15:52:59.247771+0100 INFO 137125754308288 Row inserted successfully into tags.
2024-10-24T15:52:59.252123+0100 INFO 137125712365248 Row inserted successfully into tags.
2024-10-24T15:52:59.261794+0100 INFO 137125859165888 Row inserted successfully into quotes.
2024-10-24T15:52:59.264938+0100 INFO 137125733336768 Row inserted successfully into tags.
2024-10-24T15:52:59.274782+0100 INFO 137125722851008 Row inserted successfully into tags.
2024-10-24T15:52:59.281995+0100 INFO 137125869651648 Row inserted successfully into tags.
2024-10-24T15:52:59.283848+0100 INFO 137125848680128 Row inserted successfully into tags.
2024-10-24T15:52:59.284542+0100 INFO 137125743822528 Row inserted successfully into quotes.
2024-10-24T15:52:59.291053+0100 INFO 137125880137408 Row inserted successfully into authors.
2024-10-24T15:52:59.294361+0100 INFO 137125838194368 Row inserted successfully into authors.
2024-10-24T15:52:59.303104+0100 INFO 137125859165888 Row inserted successfully into quotes_tags_link.
2024-10-24T15:52:59.304002+0100 INFO 137125733336768 Row inserted successfully into tags.
2024-10-24T15:52:59.307487+0100 INFO 137125712365248 Row inserted successfully into authors.
2024-10-24T15:52:59.309701+0100 INFO 137125754308288 Row inserted successfully into authors.
2024-10-24T15:52:59.321899+0100 INFO 137125722851008 Row inserted successfully into authors.
2024-10-24T15:52:59.324660+0100 INFO 137125869651648 Row inserted successfully into tags.
2024-10-24T15:52:59.327669+0100 INFO 137125848680128 Row inserted successfully into authors.
2024-10-24T15:52:59.334654+0100 INFO 137125743822528 Row inserted successfully into quotes_tags_link.
2024-10-24T15:52:59.346099+0100 INFO 137125859165888 Row inserted successfully into tags.
2024-10-24T15:52:59.357621+0100 INFO 137125733336768 Row inserted successfully into tags.
2024-10-24T15:52:59.360780+0100 INFO 137125712365248 Row inserted successfully into quotes.
2024-10-24T15:52:59.363230+0100 INFO 137125838194368 Row inserted successfully into quotes.
2024-10-24T15:52:59.366101+0100 INFO 137125880137408 Row inserted successfully into quotes.
2024-10-24T15:52:59.377439+0100 INFO 137125848680128 Row inserted successfully into quotes.
2024-10-24T15:52:59.378454+0100 INFO 137125722851008 Row inserted successfully into quotes.
2024-10-24T15:52:59.385091+0100 INFO 137125743822528 Row inserted successfully into tags.
2024-10-24T15:52:59.386059+0100 INFO 137125869651648 Row inserted successfully into tags.
2024-10-24T15:52:59.394218+0100 INFO 137125733336768 Row inserted successfully into tags.
2024-10-24T15:52:59.402598+0100 INFO 137125859165888 Row inserted successfully into authors.
2024-10-24T15:52:59.404063+0100 INFO 137125754308288 Row inserted successfully into quotes.
2024-10-24T15:52:59.413903+0100 INFO 137125712365248 Row inserted successfully into quotes_tags_link.
2024-10-24T15:52:59.425739+0100 INFO 137125838194368 Row inserted successfully into quotes_tags_link.
2024-10-24T15:52:59.427551+0100 INFO 137125722851008 Row inserted successfully into quotes_tags_link.
2024-10-24T15:52:59.430238+0100 INFO 137125848680128 Row inserted successfully into quotes_tags_link.
2024-10-24T15:52:59.434070+0100 INFO 137125733336768 Row inserted successfully into tags.
2024-10-24T15:52:59.437393+0100 INFO 137125743822528 Row inserted successfully into authors.
2024-10-24T15:52:59.438187+0100 INFO 137125880137408 Row inserted successfully into quotes_tags_link.
2024-10-24T15:52:59.443564+0100 INFO 137125859165888 Row inserted successfully into quotes.
2024-10-24T15:52:59.446362+0100 INFO 137125869651648 Row inserted successfully into tags.
2024-10-24T15:52:59.449509+0100 INFO 137125754308288 Row inserted successfully into quotes_tags_link.
2024-10-24T15:52:59.457292+0100 INFO 137125712365248 Row inserted successfully into tags.
2024-10-24T15:52:59.462497+0100 INFO 137125838194368 Row inserted successfully into tags.
2024-10-24T15:52:59.474504+0100 INFO 137125743822528 Row inserted successfully into quotes.
2024-10-24T15:52:59.481402+0100 INFO 137125722851008 Row inserted successfully into tags.
2024-10-24T15:52:59.484955+0100 INFO 137125848680128 Row inserted successfully into tags.
2024-10-24T15:52:59.489013+0100 INFO 137125733336768 Row inserted successfully into tags.
2024-10-24T15:52:59.499409+0100 INFO 137125869651648 Row inserted successfully into authors.
2024-10-24T15:52:59.501401+0100 INFO 137125880137408 Row inserted successfully into tags.
2024-10-24T15:52:59.505493+0100 INFO 137125859165888 Row inserted successfully into quotes_tags_link.
2024-10-24T15:52:59.509484+0100 INFO 137125754308288 Row inserted successfully into tags.
2024-10-24T15:52:59.515200+0100 INFO 137125712365248 Row inserted successfully into tags.
2024-10-24T15:52:59.518054+0100 INFO 137125838194368 Row inserted successfully into authors.
2024-10-24T15:52:59.518817+0100 INFO 137125743822528 Row inserted successfully into quotes_tags_link.
2024-10-24T15:52:59.529968+0100 INFO 137125848680128 Row inserted successfully into tags.
2024-10-24T15:52:59.536428+0100 INFO 137125733336768 Row inserted successfully into tags.
2024-10-24T15:52:59.537955+0100 INFO 137125722851008 Row inserted successfully into tags.
2024-10-24T15:52:59.545503+0100 INFO 137125869651648 Row inserted successfully into quotes.
2024-10-24T15:52:59.554262+0100 INFO 137125880137408 Row inserted successfully into tags.
2024-10-24T15:52:59.555398+0100 INFO 137125838194368 Row inserted successfully into quotes.
2024-10-24T15:52:59.566968+0100 INFO 137125754308288 Row inserted successfully into authors.
2024-10-24T15:52:59.580402+0100 INFO 137125712365248 Row inserted successfully into authors.
2024-10-24T15:52:59.589382+0100 INFO 137125743822528 Row inserted successfully into tags.
2024-10-24T15:52:59.593010+0100 INFO 137125848680128 Row inserted successfully into authors.
2024-10-24T15:52:59.601875+0100 INFO 137125733336768 Row inserted successfully into tags.
2024-10-24T15:52:59.605026+0100 INFO 137125722851008 Row inserted successfully into authors.
2024-10-24T15:52:59.615812+0100 INFO 137125869651648 Row inserted successfully into quotes_tags_link.
2024-10-24T15:52:59.616811+0100 INFO 137125838194368 Row inserted successfully into quotes_tags_link.
2024-10-24T15:52:59.627257+0100 INFO 137125880137408 Row inserted successfully into authors.
2024-10-24T15:52:59.628400+0100 INFO 137125754308288 Row inserted successfully into quotes.
2024-10-24T15:52:59.634575+0100 INFO 137125712365248 Row inserted successfully into quotes.
2024-10-24T15:52:59.639653+0100 INFO 137125848680128 Row inserted successfully into quotes.
2024-10-24T15:52:59.649108+0100 INFO 137125743822528 Row inserted successfully into authors.
2024-10-24T15:52:59.660602+0100 INFO 137125722851008 Row inserted successfully into quotes.
2024-10-24T15:52:59.672439+0100 INFO 137125754308288 Row inserted successfully into quotes_tags_link.
2024-10-24T15:52:59.675465+0100 INFO 137125838194368 Row inserted successfully into tags.
2024-10-24T15:52:59.677388+0100 INFO 137125869651648 Row inserted successfully into tags.
2024-10-24T15:52:59.680270+0100 INFO 137125733336768 Row inserted successfully into authors.
2024-10-24T15:52:59.684357+0100 INFO 137125880137408 Row inserted successfully into quotes.
2024-10-24T15:52:59.693784+0100 INFO 137125743822528 Row inserted successfully into quotes.
2024-10-24T15:52:59.703352+0100 INFO 137125712365248 Row inserted successfully into quotes_tags_link.
2024-10-24T15:52:59.711182+0100 INFO 137125848680128 Row inserted successfully into quotes_tags_link.
2024-10-24T15:52:59.713056+0100 INFO 137125722851008 Row inserted successfully into quotes_tags_link.
2024-10-24T15:52:59.721766+0100 INFO 137125754308288 Row inserted successfully into tags.
2024-10-24T15:52:59.723121+0100 INFO 137125838194368 Row inserted successfully into authors.
2024-10-24T15:52:59.730729+0100 INFO 137125880137408 Row inserted successfully into quotes_tags_link.
2024-10-24T15:52:59.732036+0100 INFO 137125869651648 Row inserted successfully into tags.
2024-10-24T15:52:59.744949+0100 INFO 137125733336768 Row inserted successfully into quotes.
2024-10-24T15:52:59.753904+0100 INFO 137125743822528 Row inserted successfully into quotes_tags_link.
2024-10-24T15:52:59.760345+0100 INFO 137125838194368 Row inserted successfully into quotes.
2024-10-24T15:52:59.766544+0100 INFO 137125722851008 Row inserted successfully into tags.
2024-10-24T15:52:59.773476+0100 INFO 137125754308288 Row inserted successfully into tags.
2024-10-24T15:52:59.780505+0100 INFO 137125848680128 Row inserted successfully into tags.
2024-10-24T15:52:59.782133+0100 INFO 137125869651648 Row inserted successfully into tags.
2024-10-24T15:52:59.783655+0100 INFO 137125880137408 Row inserted successfully into tags.
2024-10-24T15:52:59.798144+0100 INFO 137125838194368 Row inserted successfully into quotes_tags_link.
2024-10-24T15:52:59.809329+0100 INFO 137125733336768 Row inserted successfully into quotes_tags_link.
2024-10-24T15:52:59.815350+0100 INFO 137125722851008 Row inserted successfully into tags.
2024-10-24T15:52:59.823262+0100 INFO 137125848680128 Row inserted successfully into authors.
2024-10-24T15:52:59.828534+0100 INFO 137125754308288 Row inserted successfully into tags.
2024-10-24T15:52:59.829763+0100 INFO 137125869651648 Row inserted successfully into tags.
2024-10-24T15:52:59.831577+0100 INFO 137125880137408 Row inserted successfully into tags.
2024-10-24T15:52:59.846973+0100 INFO 137125733336768 Row inserted successfully into tags.
2024-10-24T15:52:59.852463+0100 INFO 137125869651648 Row inserted successfully into tags.
2024-10-24T15:52:59.855517+0100 INFO 137125722851008 Row inserted successfully into tags.
2024-10-24T15:52:59.861173+0100 INFO 137125754308288 Row inserted successfully into authors.
2024-10-24T15:52:59.865563+0100 INFO 137125880137408 Row inserted successfully into tags.
2024-10-24T15:52:59.867209+0100 INFO 137125848680128 Row inserted successfully into quotes.
2024-10-24T15:52:59.879545+0100 INFO 137125733336768 Row inserted successfully into tags.
2024-10-24T15:52:59.887774+0100 INFO 137125869651648 Row inserted successfully into tags.
2024-10-24T15:52:59.901387+0100 INFO 137125880137408 Row inserted successfully into tags.
2024-10-24T15:52:59.902242+0100 INFO 137125754308288 Row inserted successfully into quotes.
2024-10-24T15:52:59.903222+0100 INFO 137125722851008 Row inserted successfully into tags.
2024-10-24T15:52:59.917490+0100 INFO 137125848680128 Row inserted successfully into quotes_tags_link.
2024-10-24T15:52:59.921279+0100 INFO 137125869651648 Row inserted successfully into authors.
2024-10-24T15:52:59.927422+0100 INFO 137125733336768 Row inserted successfully into authors.
2024-10-24T15:52:59.939542+0100 INFO 137125880137408 Row inserted successfully into authors.
2024-10-24T15:52:59.944328+0100 INFO 137125754308288 Row inserted successfully into quotes_tags_link.
2024-10-24T15:52:59.949148+0100 INFO 137125722851008 Row inserted successfully into authors.
2024-10-24T15:52:59.957275+0100 INFO 137125733336768 Row inserted successfully into quotes.
2024-10-24T15:52:59.963541+0100 INFO 137125869651648 Row inserted successfully into quotes.
2024-10-24T15:52:59.970822+0100 INFO 137125880137408 Row inserted successfully into quotes.
2024-10-24T15:52:59.977767+0100 INFO 137125722851008 Row inserted successfully into quotes.
2024-10-24T15:52:59.986947+0100 INFO 137125733336768 Row inserted successfully into quotes_tags_link.
2024-10-24T15:52:59.989002+0100 INFO 137125869651648 Row inserted successfully into quotes_tags_link.
2024-10-24T15:52:59.999172+0100 INFO 137125880137408 Row inserted successfully into quotes_tags_link.
2024-10-24T15:53:00.005627+0100 INFO 137125722851008 Row inserted successfully into quotes_tags_link.
2024-10-24T15:53:00.009639+0100 INFO 137125733336768 Row inserted successfully into tags.
2024-10-24T15:53:00.021398+0100 INFO 137125869651648 Row inserted successfully into tags.
2024-10-24T15:53:00.027243+0100 INFO 137125880137408 Row inserted successfully into tags.
2024-10-24T15:53:00.035011+0100 INFO 137125733336768 Row inserted successfully into authors.
2024-10-24T15:53:00.040457+0100 INFO 137125869651648 Row inserted successfully into tags.
2024-10-24T15:53:00.045808+0100 INFO 137125880137408 Row inserted successfully into authors.
2024-10-24T15:53:00.053324+0100 INFO 137125733336768 Row inserted successfully into quotes.
2024-10-24T15:53:00.060804+0100 INFO 137125869651648 Row inserted successfully into tags.
2024-10-24T15:53:00.070559+0100 INFO 137125880137408 Row inserted successfully into quotes.
2024-10-24T15:53:00.077953+0100 INFO 137125869651648 Row inserted successfully into tags.
2024-10-24T15:53:00.083973+0100 INFO 137125733336768 Row inserted successfully into quotes_tags_link.
2024-10-24T15:53:00.091449+0100 INFO 137125880137408 Row inserted successfully into quotes_tags_link.
2024-10-24T15:53:00.100373+0100 INFO 137125869651648 Row inserted successfully into tags.
2024-10-24T15:53:00.107006+0100 INFO 137125733336768 Row inserted successfully into tags.
2024-10-24T15:53:00.112883+0100 INFO 137125880137408 Row inserted successfully into tags.
2024-10-24T15:53:00.120017+0100 INFO 137125869651648 Row inserted successfully into authors.
2024-10-24T15:53:00.125187+0100 INFO 137125733336768 Row inserted successfully into tags.
2024-10-24T15:53:00.131382+0100 INFO 137125880137408 Row inserted successfully into tags.
2024-10-24T15:53:00.137887+0100 INFO 137125869651648 Row inserted successfully into quotes.
2024-10-24T15:53:00.143013+0100 INFO 137125733336768 Row inserted successfully into tags.
2024-10-24T15:53:00.150294+0100 INFO 137125880137408 Row inserted successfully into tags.
2024-10-24T15:53:00.155143+0100 INFO 137125869651648 Row inserted successfully into quotes_tags_link.
2024-10-24T15:53:00.159823+0100 INFO 137125733336768 Row inserted successfully into authors.
2024-10-24T15:53:00.166443+0100 INFO 137125880137408 Row inserted successfully into authors.
2024-10-24T15:53:00.172347+0100 INFO 137125869651648 Row inserted successfully into tags.
2024-10-24T15:53:00.177949+0100 INFO 137125733336768 Row inserted successfully into quotes.
2024-10-24T15:53:00.183002+0100 INFO 137125880137408 Row inserted successfully into quotes.
2024-10-24T15:53:00.188997+0100 INFO 137125869651648 Row inserted successfully into tags.
2024-10-24T15:53:00.194598+0100 INFO 137125733336768 Row inserted successfully into quotes_tags_link.
2024-10-24T15:53:00.198260+0100 INFO 137125880137408 Row inserted successfully into quotes_tags_link.
2024-10-24T15:53:00.207204+0100 INFO 137125869651648 Row inserted successfully into tags.
2024-10-24T15:53:00.220011+0100 INFO 137125869651648 Row inserted successfully into tags.
2024-10-24T15:53:00.233150+0100 INFO 137125869651648 Row inserted successfully into tags.
2024-10-24T15:53:00.244749+0100 INFO 137125869651648 Row inserted successfully into authors.
2024-10-24T15:53:00.256628+0100 INFO 137125869651648 Row inserted successfully into quotes.
2024-10-24T15:53:00.270428+0100 INFO 137125869651648 Row inserted successfully into quotes_tags_link.
