2024-10-24T16:16:19.900668+0100 INFO 138147896770688 Ensured data directory exists at /home/daxo/code/scraping_quotes/scraping_quotes/data
2024-10-24T16:16:19.929832+0100 INFO 138147896770688 Created database engine for /home/daxo/code/scraping_quotes/scraping_quotes/data/quotes.db
2024-10-24T16:16:19.959531+0100 INFO 138147896770688 Database schema initialized successfully.
2024-10-24T16:16:19.961410+0100 INFO 138147896770688 Tables in the database: ['TestTable', 'authors', 'quotes', 'quotes_tags_link', 'tags']
2024-10-24T16:16:19.961531+0100 ERROR 138147896770688 Not all required tables were created.
2024-10-24T16:16:19.969511+0100 INFO 138147896770688 Database schema initialized successfully.
2024-10-24T16:16:19.971307+0100 INFO 138147896770688 Tables in the database: ['TestTable', 'authors', 'quotes', 'quotes_tags_link', 'tags']
2024-10-24T16:16:19.971426+0100 ERROR 138147896770688 Not all required tables were created.
2024-10-24T16:16:19.990821+0100 INFO 138147896770688 All tables truncated successfully.
2024-10-24T16:16:19.996897+0100 INFO 138147896770688 Database initialized successfully with new records.
2024-10-24T16:16:20.805021+0100 INFO 138147896770688 Successfully fetched the page
2024-10-24T16:16:21.727781+0100 INFO 138147896770688 Successfully fetched the page
2024-10-24T16:16:22.375674+0100 INFO 138147440625344 Successfully fetched the page
2024-10-24T16:16:22.383951+0100 INFO 138147451111104 Successfully fetched the page
2024-10-24T16:16:22.416809+0100 INFO 138147472082624 Successfully fetched the page
2024-10-24T16:16:22.418860+0100 INFO 138147342059200 Successfully fetched the page
2024-10-24T16:16:22.426610+0100 INFO 138147331573440 Successfully fetched the page
2024-10-24T16:16:22.428453+0100 INFO 138147310601920 Successfully fetched the page
2024-10-24T16:16:22.430462+0100 INFO 138147321087680 Successfully fetched the page
2024-10-24T16:16:22.459672+0100 INFO 138147352544960 Successfully fetched the page
2024-10-24T16:16:22.466556+0100 INFO 138147300116160 Successfully fetched the page
2024-10-24T16:16:22.589188+0100 INFO 138147461596864 Successfully fetched the page
2024-10-24T16:16:22.634156+0100 INFO 138147440625344 Row inserted successfully into tags.
2024-10-24T16:16:22.832461+0100 INFO 138147440625344 Row inserted successfully into tags.
2024-10-24T16:16:22.856967+0100 INFO 138147352544960 Row inserted successfully into tags.
2024-10-24T16:16:22.863112+0100 INFO 138147300116160 Row inserted successfully into tags.
2024-10-24T16:16:22.870024+0100 INFO 138147472082624 Row inserted successfully into tags.
2024-10-24T16:16:22.873192+0100 INFO 138147451111104 Row inserted successfully into tags.
2024-10-24T16:16:22.885918+0100 INFO 138147310601920 Row inserted successfully into tags.
2024-10-24T16:16:22.901722+0100 INFO 138147342059200 Row inserted successfully into tags.
2024-10-24T16:16:22.909164+0100 ERROR 138147321087680 Integrity error (probably normal behaviour): (pymysql.err.IntegrityError) (1062, "Duplicate entry 'friendship' for key 'tags.PRIMARY'")
[SQL: INSERT INTO tags (tag) VALUES (%(tag)s)]
[parameters: {'tag': 'friendship'}]
(Background on this error at: https://sqlalche.me/e/20/gkpj)
2024-10-24T16:16:22.914532+0100 INFO 138147440625344 Row inserted successfully into tags.
2024-10-24T16:16:22.915051+0100 INFO 138147331573440 Row inserted successfully into tags.
2024-10-24T16:16:22.915760+0100 INFO 138147300116160 Row inserted successfully into authors.
2024-10-24T16:16:22.919247+0100 INFO 138147352544960 Row inserted successfully into tags.
2024-10-24T16:16:22.920906+0100 INFO 138147472082624 Row inserted successfully into tags.
2024-10-24T16:16:22.932441+0100 INFO 138147451111104 Row inserted successfully into tags.
2024-10-24T16:16:22.947773+0100 INFO 138147310601920 Row inserted successfully into authors.
2024-10-24T16:16:22.965426+0100 ERROR 138147342059200 Integrity error (probably normal behaviour): (pymysql.err.IntegrityError) (1062, "Duplicate entry 'love' for key 'tags.PRIMARY'")
[SQL: INSERT INTO tags (tag) VALUES (%(tag)s)]
[parameters: {'tag': 'love'}]
(Background on this error at: https://sqlalche.me/e/20/gkpj)
2024-10-24T16:16:22.968852+0100 INFO 138147461596864 Row inserted successfully into tags.
2024-10-24T16:16:22.973597+0100 INFO 138147331573440 Row inserted successfully into authors.
2024-10-24T16:16:22.981261+0100 ERROR 138147321087680 Integrity error (probably normal behaviour): (pymysql.err.IntegrityError) (1062, "Duplicate entry 'love' for key 'tags.PRIMARY'")
[SQL: INSERT INTO tags (tag) VALUES (%(tag)s)]
[parameters: {'tag': 'love'}]
(Background on this error at: https://sqlalche.me/e/20/gkpj)
2024-10-24T16:16:22.994285+0100 INFO 138147300116160 Row inserted successfully into quotes.
2024-10-24T16:16:22.997897+0100 INFO 138147440625344 Row inserted successfully into authors.
2024-10-24T16:16:22.999968+0100 ERROR 138147352544960 Integrity error (probably normal behaviour): (pymysql.err.IntegrityError) (1062, "Duplicate entry 'reading' for key 'tags.PRIMARY'")
[SQL: INSERT INTO tags (tag) VALUES (%(tag)s)]
[parameters: {'tag': 'reading'}]
(Background on this error at: https://sqlalche.me/e/20/gkpj)
2024-10-24T16:16:23.014679+0100 INFO 138147472082624 Row inserted successfully into tags.
2024-10-24T16:16:23.031970+0100 INFO 138147310601920 Row inserted successfully into quotes.
2024-10-24T16:16:23.042463+0100 INFO 138147331573440 Row inserted successfully into quotes.
2024-10-24T16:16:23.067819+0100 INFO 138147321087680 Row inserted successfully into authors.
2024-10-24T16:16:23.079048+0100 INFO 138147461596864 Row inserted successfully into tags.
2024-10-24T16:16:23.082374+0100 INFO 138147440625344 Row inserted successfully into quotes.
2024-10-24T16:16:23.083573+0100 INFO 138147451111104 Row inserted successfully into authors.
2024-10-24T16:16:23.084982+0100 INFO 138147472082624 Row inserted successfully into tags.
2024-10-24T16:16:23.085716+0100 INFO 138147342059200 Row inserted successfully into authors.
2024-10-24T16:16:23.088279+0100 INFO 138147300116160 Row inserted successfully into quotes_tags_link.
2024-10-24T16:16:23.089008+0100 INFO 138147352544960 Row inserted successfully into tags.
2024-10-24T16:16:23.098708+0100 INFO 138147310601920 Row inserted successfully into quotes_tags_link.
2024-10-24T16:16:23.100239+0100 INFO 138147331573440 Row inserted successfully into quotes_tags_link.
2024-10-24T16:16:23.117916+0100 INFO 138147461596864 Row inserted successfully into tags.
2024-10-24T16:16:23.119830+0100 INFO 138147321087680 Row inserted successfully into quotes.
2024-10-24T16:16:23.134194+0100 INFO 138147440625344 Row inserted successfully into quotes_tags_link.
2024-10-24T16:16:23.137495+0100 ERROR 138147472082624 Integrity error (probably normal behaviour): (pymysql.err.IntegrityError) (1062, "Duplicate entry 'Albert Einstein' for key 'authors.PRIMARY'")
[SQL: INSERT INTO authors (author, about) VALUES (%(author)s, %(about)s)]
[parameters: {'author': 'Albert Einstein', 'about': '/author/Albert-Einstein'}]
(Background on this error at: https://sqlalche.me/e/20/gkpj)
2024-10-24T16:16:23.140916+0100 INFO 138147451111104 Row inserted successfully into quotes.
2024-10-24T16:16:23.150947+0100 INFO 138147352544960 Row inserted successfully into authors.
2024-10-24T16:16:23.154795+0100 INFO 138147300116160 Row inserted successfully into tags.
2024-10-24T16:16:23.166491+0100 INFO 138147310601920 Row inserted successfully into tags.
2024-10-24T16:16:23.171272+0100 INFO 138147342059200 Row inserted successfully into quotes.
2024-10-24T16:16:23.197448+0100 INFO 138147321087680 Row inserted successfully into quotes_tags_link.
2024-10-24T16:16:23.199975+0100 INFO 138147461596864 Row inserted successfully into tags.
2024-10-24T16:16:23.204224+0100 INFO 138147472082624 Row inserted successfully into quotes.
2024-10-24T16:16:23.204810+0100 INFO 138147440625344 Row inserted successfully into tags.
2024-10-24T16:16:23.206710+0100 INFO 138147331573440 Row inserted successfully into tags.
2024-10-24T16:16:23.214672+0100 INFO 138147451111104 Row inserted successfully into quotes_tags_link.
2024-10-24T16:16:23.232994+0100 ERROR 138147310601920 Integrity error (probably normal behaviour): (pymysql.err.IntegrityError) (1062, "Duplicate entry 'love' for key 'tags.PRIMARY'")
[SQL: INSERT INTO tags (tag) VALUES (%(tag)s)]
[parameters: {'tag': 'love'}]
(Background on this error at: https://sqlalche.me/e/20/gkpj)
2024-10-24T16:16:23.234545+0100 INFO 138147352544960 Row inserted successfully into quotes.
2024-10-24T16:16:23.240757+0100 ERROR 138147300116160 Integrity error (probably normal behaviour): (pymysql.err.IntegrityError) (1062, "Duplicate entry 'life' for key 'tags.PRIMARY'")
[SQL: INSERT INTO tags (tag) VALUES (%(tag)s)]
[parameters: {'tag': 'life'}]
(Background on this error at: https://sqlalche.me/e/20/gkpj)
2024-10-24T16:16:23.245393+0100 ERROR 138147321087680 Integrity error (probably normal behaviour): (pymysql.err.IntegrityError) (1062, "Duplicate entry 'humor' for key 'tags.PRIMARY'")
[SQL: INSERT INTO tags (tag) VALUES (%(tag)s)]
[parameters: {'tag': 'humor'}]
(Background on this error at: https://sqlalche.me/e/20/gkpj)
2024-10-24T16:16:23.253150+0100 ERROR 138147461596864 Integrity error (probably normal behaviour): (pymysql.err.IntegrityError) (1062, "Duplicate entry 'love' for key 'tags.PRIMARY'")
[SQL: INSERT INTO tags (tag) VALUES (%(tag)s)]
[parameters: {'tag': 'love'}]
(Background on this error at: https://sqlalche.me/e/20/gkpj)
2024-10-24T16:16:23.284932+0100 INFO 138147472082624 Row inserted successfully into quotes_tags_link.
2024-10-24T16:16:23.287348+0100 INFO 138147331573440 Row inserted successfully into authors.
2024-10-24T16:16:23.296955+0100 ERROR 138147440625344 Integrity error (probably normal behaviour): (pymysql.err.IntegrityError) (1062, "Duplicate entry 'J.K. Rowling' for key 'authors.PRIMARY'")
[SQL: INSERT INTO authors (author, about) VALUES (%(author)s, %(about)s)]
[parameters: {'author': 'J.K. Rowling', 'about': '/author/J-K-Rowling'}]
(Background on this error at: https://sqlalche.me/e/20/gkpj)
2024-10-24T16:16:23.300900+0100 INFO 138147352544960 Row inserted successfully into quotes_tags_link.
2024-10-24T16:16:23.305772+0100 INFO 138147310601920 Row inserted successfully into tags.
2024-10-24T16:16:23.311826+0100 INFO 138147451111104 Row inserted successfully into tags.
2024-10-24T16:16:23.317812+0100 INFO 138147461596864 Row inserted successfully into tags.
2024-10-24T16:16:23.319523+0100 INFO 138147300116160 Row inserted successfully into authors.
2024-10-24T16:16:23.322212+0100 INFO 138147342059200 Row inserted successfully into quotes_tags_link.
2024-10-24T16:16:23.352667+0100 INFO 138147331573440 Row inserted successfully into quotes.
2024-10-24T16:16:23.358153+0100 ERROR 138147321087680 Integrity error (probably normal behaviour): (pymysql.err.IntegrityError) (1062, "Duplicate entry 'Charles Bukowski' for key 'authors.PRIMARY'")
[SQL: INSERT INTO authors (author, about) VALUES (%(author)s, %(about)s)]
[parameters: {'author': 'Charles Bukowski', 'about': '/author/Charles-Bukowski'}]
(Background on this error at: https://sqlalche.me/e/20/gkpj)
2024-10-24T16:16:23.359018+0100 INFO 138147472082624 Row inserted successfully into tags.
2024-10-24T16:16:23.372481+0100 INFO 138147440625344 Row inserted successfully into quotes.
2024-10-24T16:16:23.373931+0100 INFO 138147352544960 Row inserted successfully into tags.
2024-10-24T16:16:23.381144+0100 INFO 138147451111104 Row inserted successfully into authors.
2024-10-24T16:16:23.387906+0100 INFO 138147310601920 Row inserted successfully into tags.
2024-10-24T16:16:23.405431+0100 INFO 138147461596864 Row inserted successfully into authors.
2024-10-24T16:16:23.416157+0100 INFO 138147321087680 Row inserted successfully into quotes.
2024-10-24T16:16:23.416859+0100 INFO 138147331573440 Row inserted successfully into quotes_tags_link.
2024-10-24T16:16:23.417349+0100 INFO 138147300116160 Row inserted successfully into quotes.
2024-10-24T16:16:23.420633+0100 INFO 138147440625344 Row inserted successfully into quotes_tags_link.
2024-10-24T16:16:23.428781+0100 INFO 138147342059200 Row inserted successfully into tags.
2024-10-24T16:16:23.437847+0100 INFO 138147472082624 Row inserted successfully into tags.
2024-10-24T16:16:23.443753+0100 ERROR 138147310601920 Integrity error (probably normal behaviour): (pymysql.err.IntegrityError) (1062, "Duplicate entry 'Jane Austen' for key 'authors.PRIMARY'")
[SQL: INSERT INTO authors (author, about) VALUES (%(author)s, %(about)s)]
[parameters: {'author': 'Jane Austen', 'about': '/author/Jane-Austen'}]
(Background on this error at: https://sqlalche.me/e/20/gkpj)
2024-10-24T16:16:23.448000+0100 INFO 138147451111104 Row inserted successfully into quotes.
2024-10-24T16:16:23.467248+0100 ERROR 138147352544960 Integrity error (probably normal behaviour): (pymysql.err.IntegrityError) (1062, "Duplicate entry 'inspirational' for key 'tags.PRIMARY'")
[SQL: INSERT INTO tags (tag) VALUES (%(tag)s)]
[parameters: {'tag': 'inspirational'}]
(Background on this error at: https://sqlalche.me/e/20/gkpj)
2024-10-24T16:16:23.471499+0100 INFO 138147321087680 Row inserted successfully into quotes_tags_link.
2024-10-24T16:16:23.483073+0100 INFO 138147461596864 Row inserted successfully into quotes.
2024-10-24T16:16:23.485778+0100 INFO 138147300116160 Row inserted successfully into quotes_tags_link.
2024-10-24T16:16:23.495626+0100 INFO 138147342059200 Row inserted successfully into tags.
2024-10-24T16:16:23.496196+0100 ERROR 138147331573440 Integrity error (probably normal behaviour): (pymysql.err.IntegrityError) (1062, "Duplicate entry 'humor' for key 'tags.PRIMARY'")
[SQL: INSERT INTO tags (tag) VALUES (%(tag)s)]
[parameters: {'tag': 'humor'}]
(Background on this error at: https://sqlalche.me/e/20/gkpj)
2024-10-24T16:16:23.507228+0100 ERROR 138147472082624 Integrity error (probably normal behaviour): (pymysql.err.IntegrityError) (1062, "Duplicate entry 'J.K. Rowling' for key 'authors.PRIMARY'")
[SQL: INSERT INTO authors (author, about) VALUES (%(author)s, %(about)s)]
[parameters: {'author': 'J.K. Rowling', 'about': '/author/J-K-Rowling'}]
(Background on this error at: https://sqlalche.me/e/20/gkpj)
2024-10-24T16:16:23.517152+0100 INFO 138147310601920 Row inserted successfully into quotes.
2024-10-24T16:16:23.526427+0100 ERROR 138147440625344 Integrity error (probably normal behaviour): (pymysql.err.IntegrityError) (1062, "Duplicate entry 'friendship' for key 'tags.PRIMARY'")
[SQL: INSERT INTO tags (tag) VALUES (%(tag)s)]
[parameters: {'tag': 'friendship'}]
(Background on this error at: https://sqlalche.me/e/20/gkpj)
2024-10-24T16:16:23.544655+0100 ERROR 138147321087680 Integrity error (probably normal behaviour): (pymysql.err.IntegrityError) (1062, "Duplicate entry 'humor' for key 'tags.PRIMARY'")
[SQL: INSERT INTO tags (tag) VALUES (%(tag)s)]
[parameters: {'tag': 'humor'}]
(Background on this error at: https://sqlalche.me/e/20/gkpj)
2024-10-24T16:16:23.551872+0100 INFO 138147461596864 Row inserted successfully into quotes_tags_link.
2024-10-24T16:16:23.553811+0100 INFO 138147451111104 Row inserted successfully into quotes_tags_link.
2024-10-24T16:16:23.559894+0100 INFO 138147300116160 Row inserted successfully into tags.
2024-10-24T16:16:23.565900+0100 INFO 138147342059200 Row inserted successfully into tags.
2024-10-24T16:16:23.569586+0100 ERROR 138147331573440 Integrity error (probably normal behaviour): (pymysql.err.IntegrityError) (1062, "Duplicate entry 'Suzanne Collins' for key 'authors.PRIMARY'")
[SQL: INSERT INTO authors (author, about) VALUES (%(author)s, %(about)s)]
[parameters: {'author': 'Suzanne Collins', 'about': '/author/Suzanne-Collins'}]
(Background on this error at: https://sqlalche.me/e/20/gkpj)
2024-10-24T16:16:23.574922+0100 INFO 138147472082624 Row inserted successfully into quotes.
2024-10-24T16:16:23.582322+0100 ERROR 138147352544960 Integrity error (probably normal behaviour): (pymysql.err.IntegrityError) (1062, "Duplicate entry 'reading' for key 'tags.PRIMARY'")
[SQL: INSERT INTO tags (tag) VALUES (%(tag)s)]
[parameters: {'tag': 'reading'}]
(Background on this error at: https://sqlalche.me/e/20/gkpj)
2024-10-24T16:16:23.599193+0100 INFO 138147461596864 Row inserted successfully into tags.
2024-10-24T16:16:23.605322+0100 INFO 138147321087680 Row inserted successfully into tags.
2024-10-24T16:16:23.623185+0100 INFO 138147440625344 Row inserted successfully into authors.
2024-10-24T16:16:23.630171+0100 INFO 138147451111104 Row inserted successfully into tags.
2024-10-24T16:16:23.630936+0100 INFO 138147310601920 Row inserted successfully into quotes_tags_link.
2024-10-24T16:16:23.642575+0100 INFO 138147342059200 Row inserted successfully into authors.
2024-10-24T16:16:23.647269+0100 ERROR 138147300116160 Integrity error (probably normal behaviour): (pymysql.err.IntegrityError) (1062, "Duplicate entry 'love' for key 'tags.PRIMARY'")
[SQL: INSERT INTO tags (tag) VALUES (%(tag)s)]
[parameters: {'tag': 'love'}]
(Background on this error at: https://sqlalche.me/e/20/gkpj)
2024-10-24T16:16:23.653726+0100 INFO 138147331573440 Row inserted successfully into quotes.
2024-10-24T16:16:23.655929+0100 INFO 138147352544960 Row inserted successfully into tags.
2024-10-24T16:16:23.663248+0100 ERROR 138147321087680 Integrity error (probably normal behaviour): (pymysql.err.IntegrityError) (1062, "Duplicate entry 'thinking' for key 'tags.PRIMARY'")
[SQL: INSERT INTO tags (tag) VALUES (%(tag)s)]
[parameters: {'tag': 'thinking'}]
(Background on this error at: https://sqlalche.me/e/20/gkpj)
2024-10-24T16:16:23.682663+0100 INFO 138147472082624 Row inserted successfully into quotes_tags_link.
2024-10-24T16:16:23.700032+0100 ERROR 138147461596864 Integrity error (probably normal behaviour): (pymysql.err.IntegrityError) (1062, "Duplicate entry 'friends' for key 'tags.PRIMARY'")
[SQL: INSERT INTO tags (tag) VALUES (%(tag)s)]
[parameters: {'tag': 'friends'}]
(Background on this error at: https://sqlalche.me/e/20/gkpj)
2024-10-24T16:16:23.705399+0100 INFO 138147342059200 Row inserted successfully into quotes.
2024-10-24T16:16:23.712945+0100 INFO 138147331573440 Row inserted successfully into quotes_tags_link.
2024-10-24T16:16:23.716922+0100 INFO 138147300116160 Row inserted successfully into authors.
2024-10-24T16:16:23.719752+0100 INFO 138147310601920 Row inserted successfully into tags.
2024-10-24T16:16:23.722687+0100 INFO 138147451111104 Row inserted successfully into authors.
2024-10-24T16:16:23.732835+0100 INFO 138147440625344 Row inserted successfully into quotes.
2024-10-24T16:16:23.737969+0100 INFO 138147321087680 Row inserted successfully into authors.
2024-10-24T16:16:23.751853+0100 ERROR 138147472082624 Integrity error (probably normal behaviour): (pymysql.err.IntegrityError) (1062, "Duplicate entry 'inspirational' for key 'tags.PRIMARY'")
[SQL: INSERT INTO tags (tag) VALUES (%(tag)s)]
[parameters: {'tag': 'inspirational'}]
(Background on this error at: https://sqlalche.me/e/20/gkpj)
2024-10-24T16:16:23.753221+0100 ERROR 138147461596864 Integrity error (probably normal behaviour): (pymysql.err.IntegrityError) (1062, "Duplicate entry 'J.K. Rowling' for key 'authors.PRIMARY'")
[SQL: INSERT INTO authors (author, about) VALUES (%(author)s, %(about)s)]
[parameters: {'author': 'J.K. Rowling', 'about': '/author/J-K-Rowling'}]
(Background on this error at: https://sqlalche.me/e/20/gkpj)
2024-10-24T16:16:23.764024+0100 INFO 138147352544960 Row inserted successfully into authors.
2024-10-24T16:16:23.764807+0100 ERROR 138147310601920 Integrity error (probably normal behaviour): (pymysql.err.IntegrityError) (1062, "Duplicate entry 'J.K. Rowling' for key 'authors.PRIMARY'")
[SQL: INSERT INTO authors (author, about) VALUES (%(author)s, %(about)s)]
[parameters: {'author': 'J.K. Rowling', 'about': '/author/J-K-Rowling'}]
(Background on this error at: https://sqlalche.me/e/20/gkpj)
2024-10-24T16:16:23.768263+0100 ERROR 138147331573440 Integrity error (probably normal behaviour): (pymysql.err.IntegrityError) (1062, "Duplicate entry 'love' for key 'tags.PRIMARY'")
[SQL: INSERT INTO tags (tag) VALUES (%(tag)s)]
[parameters: {'tag': 'love'}]
(Background on this error at: https://sqlalche.me/e/20/gkpj)
2024-10-24T16:16:23.770235+0100 INFO 138147342059200 Row inserted successfully into quotes_tags_link.
2024-10-24T16:16:23.778179+0100 INFO 138147300116160 Row inserted successfully into quotes.
2024-10-24T16:16:23.805027+0100 INFO 138147451111104 Row inserted successfully into quotes.
2024-10-24T16:16:23.823496+0100 INFO 138147461596864 Row inserted successfully into quotes.
2024-10-24T16:16:23.824830+0100 INFO 138147440625344 Row inserted successfully into quotes_tags_link.
2024-10-24T16:16:23.826615+0100 INFO 138147321087680 Row inserted successfully into quotes.
2024-10-24T16:16:23.828293+0100 INFO 138147352544960 Row inserted successfully into quotes.
2024-10-24T16:16:23.833305+0100 ERROR 138147472082624 Integrity error (probably normal behaviour): (pymysql.err.IntegrityError) (1062, "Duplicate entry 'life' for key 'tags.PRIMARY'")
[SQL: INSERT INTO tags (tag) VALUES (%(tag)s)]
[parameters: {'tag': 'life'}]
(Background on this error at: https://sqlalche.me/e/20/gkpj)
2024-10-24T16:16:23.845141+0100 INFO 138147310601920 Row inserted successfully into quotes.
2024-10-24T16:16:23.874862+0100 ERROR 138147331573440 Integrity error (probably normal behaviour): (pymysql.err.IntegrityError) (1062, "Duplicate entry 'C.S. Lewis' for key 'authors.PRIMARY'")
[SQL: INSERT INTO authors (author, about) VALUES (%(author)s, %(about)s)]
[parameters: {'author': 'C.S. Lewis', 'about': '/author/C-S-Lewis'}]
(Background on this error at: https://sqlalche.me/e/20/gkpj)
2024-10-24T16:16:23.876233+0100 INFO 138147321087680 Row inserted successfully into quotes_tags_link.
2024-10-24T16:16:23.885527+0100 INFO 138147461596864 Row inserted successfully into quotes_tags_link.
2024-10-24T16:16:23.895941+0100 INFO 138147440625344 Row inserted successfully into tags.
2024-10-24T16:16:23.911809+0100 INFO 138147352544960 Row inserted successfully into quotes_tags_link.
2024-10-24T16:16:23.921936+0100 INFO 138147472082624 Row inserted successfully into tags.
2024-10-24T16:16:23.933226+0100 ERROR 138147342059200 Integrity error (probably normal behaviour): (pymysql.err.IntegrityError) (1062, "Duplicate entry 'attributed-no-source' for key 'tags.PRIMARY'")
[SQL: INSERT INTO tags (tag) VALUES (%(tag)s)]
[parameters: {'tag': 'attributed-no-source'}]
(Background on this error at: https://sqlalche.me/e/20/gkpj)
2024-10-24T16:16:23.933861+0100 INFO 138147310601920 Row inserted successfully into quotes_tags_link.
2024-10-24T16:16:23.936034+0100 INFO 138147300116160 Row inserted successfully into quotes_tags_link.
2024-10-24T16:16:23.943978+0100 ERROR 138147321087680 Integrity error (probably normal behaviour): (pymysql.err.IntegrityError) (1062, "Duplicate entry 'humor' for key 'tags.PRIMARY'")
[SQL: INSERT INTO tags (tag) VALUES (%(tag)s)]
[parameters: {'tag': 'humor'}]
(Background on this error at: https://sqlalche.me/e/20/gkpj)
2024-10-24T16:16:23.950933+0100 INFO 138147331573440 Row inserted successfully into quotes.
2024-10-24T16:16:23.951720+0100 INFO 138147461596864 Row inserted successfully into tags.
2024-10-24T16:16:23.967564+0100 INFO 138147440625344 Row inserted successfully into tags.
2024-10-24T16:16:23.968664+0100 INFO 138147451111104 Row inserted successfully into quotes_tags_link.
2024-10-24T16:16:23.972211+0100 INFO 138147352544960 Row inserted successfully into tags.
2024-10-24T16:16:23.986590+0100 ERROR 138147300116160 Integrity error (probably normal behaviour): (pymysql.err.IntegrityError) (1062, "Duplicate entry 'courage' for key 'tags.PRIMARY'")
[SQL: INSERT INTO tags (tag) VALUES (%(tag)s)]
[parameters: {'tag': 'courage'}]
(Background on this error at: https://sqlalche.me/e/20/gkpj)
2024-10-24T16:16:23.996868+0100 ERROR 138147342059200 Integrity error (probably normal behaviour): (pymysql.err.IntegrityError) (1062, "Duplicate entry 'Marilyn Monroe' for key 'authors.PRIMARY'")
[SQL: INSERT INTO authors (author, about) VALUES (%(author)s, %(about)s)]
[parameters: {'author': 'Marilyn Monroe', 'about': '/author/Marilyn-Monroe'}]
(Background on this error at: https://sqlalche.me/e/20/gkpj)
2024-10-24T16:16:23.997772+0100 ERROR 138147451111104 Integrity error (probably normal behaviour): (pymysql.err.IntegrityError) (1062, "Duplicate entry 'humor' for key 'tags.PRIMARY'")
[SQL: INSERT INTO tags (tag) VALUES (%(tag)s)]
[parameters: {'tag': 'humor'}]
(Background on this error at: https://sqlalche.me/e/20/gkpj)
2024-10-24T16:16:24.001902+0100 INFO 138147321087680 Row inserted successfully into tags.
2024-10-24T16:16:24.017223+0100 INFO 138147331573440 Row inserted successfully into quotes_tags_link.
2024-10-24T16:16:24.028238+0100 ERROR 138147310601920 Integrity error (probably normal behaviour): (pymysql.err.IntegrityError) (1062, "Duplicate entry 'books' for key 'tags.PRIMARY'")
[SQL: INSERT INTO tags (tag) VALUES (%(tag)s)]
[parameters: {'tag': 'books'}]
(Background on this error at: https://sqlalche.me/e/20/gkpj)
2024-10-24T16:16:24.030208+0100 INFO 138147472082624 Row inserted successfully into tags.
2024-10-24T16:16:24.039327+0100 ERROR 138147352544960 Integrity error (probably normal behaviour): (pymysql.err.IntegrityError) (1062, "Duplicate entry 'Marilyn Monroe' for key 'authors.PRIMARY'")
[SQL: INSERT INTO authors (author, about) VALUES (%(author)s, %(about)s)]
[parameters: {'author': 'Marilyn Monroe', 'about': '/author/Marilyn-Monroe'}]
(Background on this error at: https://sqlalche.me/e/20/gkpj)
2024-10-24T16:16:24.044436+0100 ERROR 138147440625344 Integrity error (probably normal behaviour): (pymysql.err.IntegrityError) (1062, "Duplicate entry 'Mother Teresa' for key 'authors.PRIMARY'")
[SQL: INSERT INTO authors (author, about) VALUES (%(author)s, %(about)s)]
[parameters: {'author': 'Mother Teresa', 'about': '/author/Mother-Teresa'}]
(Background on this error at: https://sqlalche.me/e/20/gkpj)
2024-10-24T16:16:24.050350+0100 INFO 138147461596864 Row inserted successfully into tags.
2024-10-24T16:16:24.052508+0100 ERROR 138147321087680 Integrity error (probably normal behaviour): (pymysql.err.IntegrityError) (1062, "Duplicate entry 'Dr. Seuss' for key 'authors.PRIMARY'")
[SQL: INSERT INTO authors (author, about) VALUES (%(author)s, %(about)s)]
[parameters: {'author': 'Dr. Seuss', 'about': '/author/Dr-Seuss'}]
(Background on this error at: https://sqlalche.me/e/20/gkpj)
2024-10-24T16:16:24.053132+0100 INFO 138147342059200 Row inserted successfully into quotes.
2024-10-24T16:16:24.055803+0100 INFO 138147300116160 Row inserted successfully into authors.
2024-10-24T16:16:24.068721+0100 INFO 138147451111104 Row inserted successfully into tags.
2024-10-24T16:16:24.083824+0100 INFO 138147472082624 Row inserted successfully into tags.
2024-10-24T16:16:24.100029+0100 INFO 138147331573440 Row inserted successfully into tags.
2024-10-24T16:16:24.104069+0100 INFO 138147352544960 Row inserted successfully into quotes.
2024-10-24T16:16:24.109690+0100 INFO 138147310601920 Row inserted successfully into tags.
2024-10-24T16:16:24.110674+0100 ERROR 138147461596864 Integrity error (probably normal behaviour): (pymysql.err.IntegrityError) (1062, "Duplicate entry 'Albert Einstein' for key 'authors.PRIMARY'")
[SQL: INSERT INTO authors (author, about) VALUES (%(author)s, %(about)s)]
[parameters: {'author': 'Albert Einstein', 'about': '/author/Albert-Einstein'}]
(Background on this error at: https://sqlalche.me/e/20/gkpj)
2024-10-24T16:16:24.113942+0100 INFO 138147440625344 Row inserted successfully into quotes.
2024-10-24T16:16:24.122877+0100 INFO 138147321087680 Row inserted successfully into quotes.
2024-10-24T16:16:24.134332+0100 INFO 138147342059200 Row inserted successfully into quotes_tags_link.
2024-10-24T16:16:24.148020+0100 INFO 138147331573440 Row inserted successfully into tags.
2024-10-24T16:16:24.151553+0100 ERROR 138147472082624 Integrity error (probably normal behaviour): (pymysql.err.IntegrityError) (1062, "Duplicate entry 'Albert Einstein' for key 'authors.PRIMARY'")
[SQL: INSERT INTO authors (author, about) VALUES (%(author)s, %(about)s)]
[parameters: {'author': 'Albert Einstein', 'about': '/author/Albert-Einstein'}]
(Background on this error at: https://sqlalche.me/e/20/gkpj)
2024-10-24T16:16:24.156069+0100 INFO 138147300116160 Row inserted successfully into quotes.
2024-10-24T16:16:24.161402+0100 INFO 138147451111104 Row inserted successfully into authors.
2024-10-24T16:16:24.169976+0100 INFO 138147440625344 Row inserted successfully into quotes_tags_link.
2024-10-24T16:16:24.177880+0100 ERROR 138147310601920 Integrity error (probably normal behaviour): (pymysql.err.IntegrityError) (1062, "Duplicate entry 'reading' for key 'tags.PRIMARY'")
[SQL: INSERT INTO tags (tag) VALUES (%(tag)s)]
[parameters: {'tag': 'reading'}]
(Background on this error at: https://sqlalche.me/e/20/gkpj)
2024-10-24T16:16:24.187849+0100 INFO 138147321087680 Row inserted successfully into quotes_tags_link.
2024-10-24T16:16:24.197802+0100 INFO 138147352544960 Row inserted successfully into quotes_tags_link.
2024-10-24T16:16:24.201654+0100 INFO 138147331573440 Row inserted successfully into tags.
2024-10-24T16:16:24.207573+0100 INFO 138147342059200 Row inserted successfully into tags.
2024-10-24T16:16:24.212220+0100 INFO 138147461596864 Row inserted successfully into quotes.
2024-10-24T16:16:24.212843+0100 INFO 138147472082624 Row inserted successfully into quotes.
2024-10-24T16:16:24.219885+0100 INFO 138147300116160 Row inserted successfully into quotes_tags_link.
2024-10-24T16:16:24.227906+0100 ERROR 138147440625344 Integrity error (probably normal behaviour): (pymysql.err.IntegrityError) (1062, "Duplicate entry 'death' for key 'tags.PRIMARY'")
[SQL: INSERT INTO tags (tag) VALUES (%(tag)s)]
[parameters: {'tag': 'death'}]
(Background on this error at: https://sqlalche.me/e/20/gkpj)
2024-10-24T16:16:24.228483+0100 INFO 138147451111104 Row inserted successfully into quotes.
2024-10-24T16:16:24.231301+0100 ERROR 138147310601920 Integrity error (probably normal behaviour): (pymysql.err.IntegrityError) (1062, "Duplicate entry 'Jane Austen' for key 'authors.PRIMARY'")
[SQL: INSERT INTO authors (author, about) VALUES (%(author)s, %(about)s)]
[parameters: {'author': 'Jane Austen', 'about': '/author/Jane-Austen'}]
(Background on this error at: https://sqlalche.me/e/20/gkpj)
2024-10-24T16:16:24.233711+0100 INFO 138147321087680 Row inserted successfully into tags.
2024-10-24T16:16:24.247972+0100 INFO 138147352544960 Row inserted successfully into tags.
2024-10-24T16:16:24.257644+0100 ERROR 138147342059200 Integrity error (probably normal behaviour): (pymysql.err.IntegrityError) (1062, "Duplicate entry 'Albert Einstein' for key 'authors.PRIMARY'")
[SQL: INSERT INTO authors (author, about) VALUES (%(author)s, %(about)s)]
[parameters: {'author': 'Albert Einstein', 'about': '/author/Albert-Einstein'}]
(Background on this error at: https://sqlalche.me/e/20/gkpj)
2024-10-24T16:16:24.259001+0100 INFO 138147331573440 Row inserted successfully into tags.
2024-10-24T16:16:24.270834+0100 INFO 138147472082624 Row inserted successfully into quotes_tags_link.
2024-10-24T16:16:24.272773+0100 INFO 138147461596864 Row inserted successfully into quotes_tags_link.
2024-10-24T16:16:24.282340+0100 ERROR 138147300116160 Integrity error (probably normal behaviour): (pymysql.err.IntegrityError) (1062, "Duplicate entry 'life' for key 'tags.PRIMARY'")
[SQL: INSERT INTO tags (tag) VALUES (%(tag)s)]
[parameters: {'tag': 'life'}]
(Background on this error at: https://sqlalche.me/e/20/gkpj)
2024-10-24T16:16:24.294821+0100 INFO 138147451111104 Row inserted successfully into quotes_tags_link.
2024-10-24T16:16:24.298688+0100 INFO 138147310601920 Row inserted successfully into quotes.
2024-10-24T16:16:24.299528+0100 ERROR 138147352544960 Integrity error (probably normal behaviour): (pymysql.err.IntegrityError) (1062, "Duplicate entry 'love' for key 'tags.PRIMARY'")
[SQL: INSERT INTO tags (tag) VALUES (%(tag)s)]
[parameters: {'tag': 'love'}]
(Background on this error at: https://sqlalche.me/e/20/gkpj)
2024-10-24T16:16:24.305946+0100 ERROR 138147440625344 Integrity error (probably normal behaviour): (pymysql.err.IntegrityError) (1062, "Duplicate entry 'inspirational' for key 'tags.PRIMARY'")
[SQL: INSERT INTO tags (tag) VALUES (%(tag)s)]
[parameters: {'tag': 'inspirational'}]
(Background on this error at: https://sqlalche.me/e/20/gkpj)
2024-10-24T16:16:24.328234+0100 ERROR 138147321087680 Integrity error (probably normal behaviour): (pymysql.err.IntegrityError) (1062, "Duplicate entry 'books' for key 'tags.PRIMARY'")
[SQL: INSERT INTO tags (tag) VALUES (%(tag)s)]
[parameters: {'tag': 'books'}]
(Background on this error at: https://sqlalche.me/e/20/gkpj)
2024-10-24T16:16:24.334296+0100 INFO 138147331573440 Row inserted successfully into tags.
2024-10-24T16:16:24.335027+0100 INFO 138147472082624 Row inserted successfully into tags.
2024-10-24T16:16:24.347184+0100 INFO 138147342059200 Row inserted successfully into quotes.
2024-10-24T16:16:24.351189+0100 ERROR 138147352544960 Integrity error (probably normal behaviour): (pymysql.err.IntegrityError) (1062, "Duplicate entry 'Marilyn Monroe' for key 'authors.PRIMARY'")
[SQL: INSERT INTO authors (author, about) VALUES (%(author)s, %(about)s)]
[parameters: {'author': 'Marilyn Monroe', 'about': '/author/Marilyn-Monroe'}]
(Background on this error at: https://sqlalche.me/e/20/gkpj)
2024-10-24T16:16:24.359222+0100 INFO 138147310601920 Row inserted successfully into quotes_tags_link.
2024-10-24T16:16:24.362863+0100 INFO 138147300116160 Row inserted successfully into authors.
2024-10-24T16:16:24.366211+0100 ERROR 138147451111104 Integrity error (probably normal behaviour): (pymysql.err.IntegrityError) (1062, "Duplicate entry 'humor' for key 'tags.PRIMARY'")
[SQL: INSERT INTO tags (tag) VALUES (%(tag)s)]
[parameters: {'tag': 'humor'}]
(Background on this error at: https://sqlalche.me/e/20/gkpj)
2024-10-24T16:16:24.394222+0100 ERROR 138147461596864 Integrity error (probably normal behaviour): (pymysql.err.IntegrityError) (1062, "Duplicate entry 'love' for key 'tags.PRIMARY'")
[SQL: INSERT INTO tags (tag) VALUES (%(tag)s)]
[parameters: {'tag': 'love'}]
(Background on this error at: https://sqlalche.me/e/20/gkpj)
2024-10-24T16:16:24.395539+0100 INFO 138147321087680 Row inserted successfully into tags.
2024-10-24T16:16:24.402482+0100 INFO 138147342059200 Row inserted successfully into quotes_tags_link.
2024-10-24T16:16:24.404505+0100 ERROR 138147440625344 Integrity error (probably normal behaviour): (pymysql.err.IntegrityError) (1062, "Duplicate entry 'J.K. Rowling' for key 'authors.PRIMARY'")
[SQL: INSERT INTO authors (author, about) VALUES (%(author)s, %(about)s)]
[parameters: {'author': 'J.K. Rowling', 'about': '/author/J-K-Rowling'}]
(Background on this error at: https://sqlalche.me/e/20/gkpj)
2024-10-24T16:16:24.405288+0100 ERROR 138147472082624 Integrity error (probably normal behaviour): (pymysql.err.IntegrityError) (1062, "Duplicate entry 'books' for key 'tags.PRIMARY'")
[SQL: INSERT INTO tags (tag) VALUES (%(tag)s)]
[parameters: {'tag': 'books'}]
(Background on this error at: https://sqlalche.me/e/20/gkpj)
2024-10-24T16:16:24.406740+0100 INFO 138147331573440 Row inserted successfully into tags.
2024-10-24T16:16:24.416858+0100 INFO 138147352544960 Row inserted successfully into quotes.
2024-10-24T16:16:24.424909+0100 INFO 138147310601920 Row inserted successfully into tags.
2024-10-24T16:16:24.448497+0100 ERROR 138147461596864 Integrity error (probably normal behaviour): (pymysql.err.IntegrityError) (1062, "Duplicate entry 'Bob Marley' for key 'authors.PRIMARY'")
[SQL: INSERT INTO authors (author, about) VALUES (%(author)s, %(about)s)]
[parameters: {'author': 'Bob Marley', 'about': '/author/Bob-Marley'}]
(Background on this error at: https://sqlalche.me/e/20/gkpj)
2024-10-24T16:16:24.451981+0100 INFO 138147300116160 Row inserted successfully into quotes.
2024-10-24T16:16:24.452715+0100 ERROR 138147321087680 Integrity error (probably normal behaviour): (pymysql.err.IntegrityError) (1062, "Duplicate entry 'reading' for key 'tags.PRIMARY'")
[SQL: INSERT INTO tags (tag) VALUES (%(tag)s)]
[parameters: {'tag': 'reading'}]
(Background on this error at: https://sqlalche.me/e/20/gkpj)
2024-10-24T16:16:24.457301+0100 ERROR 138147342059200 Integrity error (probably normal behaviour): (pymysql.err.IntegrityError) (1062, "Duplicate entry 'books' for key 'tags.PRIMARY'")
[SQL: INSERT INTO tags (tag) VALUES (%(tag)s)]
[parameters: {'tag': 'books'}]
(Background on this error at: https://sqlalche.me/e/20/gkpj)
2024-10-24T16:16:24.460837+0100 INFO 138147451111104 Row inserted successfully into authors.
2024-10-24T16:16:24.461661+0100 INFO 138147472082624 Row inserted successfully into tags.
2024-10-24T16:16:24.465462+0100 INFO 138147440625344 Row inserted successfully into quotes.
2024-10-24T16:16:24.482813+0100 INFO 138147331573440 Row inserted successfully into authors.
2024-10-24T16:16:24.492463+0100 INFO 138147352544960 Row inserted successfully into quotes_tags_link.
2024-10-24T16:16:24.502426+0100 INFO 138147310601920 Row inserted successfully into tags.
2024-10-24T16:16:24.513495+0100 INFO 138147461596864 Row inserted successfully into quotes.
2024-10-24T16:16:24.518072+0100 INFO 138147300116160 Row inserted successfully into quotes_tags_link.
2024-10-24T16:16:24.536867+0100 INFO 138147321087680 Row inserted successfully into tags.
2024-10-24T16:16:24.537472+0100 INFO 138147342059200 Row inserted successfully into tags.
2024-10-24T16:16:24.545228+0100 ERROR 138147472082624 Integrity error (probably normal behaviour): (pymysql.err.IntegrityError) (1062, "Duplicate entry 'humor' for key 'tags.PRIMARY'")
[SQL: INSERT INTO tags (tag) VALUES (%(tag)s)]
[parameters: {'tag': 'humor'}]
(Background on this error at: https://sqlalche.me/e/20/gkpj)
2024-10-24T16:16:24.547466+0100 INFO 138147440625344 Row inserted successfully into quotes_tags_link.
2024-10-24T16:16:24.548045+0100 INFO 138147451111104 Row inserted successfully into quotes.
2024-10-24T16:16:24.550624+0100 ERROR 138147310601920 Integrity error (probably normal behaviour): (pymysql.err.IntegrityError) (1062, "Duplicate entry 'Jane Austen' for key 'authors.PRIMARY'")
[SQL: INSERT INTO authors (author, about) VALUES (%(author)s, %(about)s)]
[parameters: {'author': 'Jane Austen', 'about': '/author/Jane-Austen'}]
(Background on this error at: https://sqlalche.me/e/20/gkpj)
2024-10-24T16:16:24.552876+0100 INFO 138147331573440 Row inserted successfully into quotes.
2024-10-24T16:16:24.554025+0100 ERROR 138147352544960 Integrity error (probably normal behaviour): (pymysql.err.IntegrityError) (1062, "Duplicate entry 'life' for key 'tags.PRIMARY'")
[SQL: INSERT INTO tags (tag) VALUES (%(tag)s)]
[parameters: {'tag': 'life'}]
(Background on this error at: https://sqlalche.me/e/20/gkpj)
2024-10-24T16:16:24.583393+0100 INFO 138147342059200 Row inserted successfully into authors.
2024-10-24T16:16:24.589584+0100 INFO 138147321087680 Row inserted successfully into authors.
2024-10-24T16:16:24.600624+0100 ERROR 138147472082624 Integrity error (probably normal behaviour): (pymysql.err.IntegrityError) (1062, "Duplicate entry 'Jane Austen' for key 'authors.PRIMARY'")
[SQL: INSERT INTO authors (author, about) VALUES (%(author)s, %(about)s)]
[parameters: {'author': 'Jane Austen', 'about': '/author/Jane-Austen'}]
(Background on this error at: https://sqlalche.me/e/20/gkpj)
2024-10-24T16:16:24.613672+0100 INFO 138147440625344 Row inserted successfully into tags.
2024-10-24T16:16:24.620494+0100 INFO 138147300116160 Row inserted successfully into tags.
2024-10-24T16:16:24.626228+0100 INFO 138147461596864 Row inserted successfully into quotes_tags_link.
2024-10-24T16:16:24.629724+0100 INFO 138147451111104 Row inserted successfully into quotes_tags_link.
2024-10-24T16:16:24.632760+0100 INFO 138147342059200 Row inserted successfully into quotes.
2024-10-24T16:16:24.651196+0100 INFO 138147310601920 Row inserted successfully into quotes.
2024-10-24T16:16:24.652727+0100 INFO 138147352544960 Row inserted successfully into tags.
2024-10-24T16:16:24.661719+0100 INFO 138147331573440 Row inserted successfully into quotes_tags_link.
2024-10-24T16:16:24.668425+0100 INFO 138147321087680 Row inserted successfully into quotes.
2024-10-24T16:16:24.670274+0100 INFO 138147440625344 Row inserted successfully into tags.
2024-10-24T16:16:24.675170+0100 INFO 138147451111104 Row inserted successfully into tags.
2024-10-24T16:16:24.677470+0100 INFO 138147472082624 Row inserted successfully into quotes.
2024-10-24T16:16:24.692258+0100 ERROR 138147352544960 Integrity error (probably normal behaviour): (pymysql.err.IntegrityError) (1062, "Duplicate entry 'Albert Einstein' for key 'authors.PRIMARY'")
[SQL: INSERT INTO authors (author, about) VALUES (%(author)s, %(about)s)]
[parameters: {'author': 'Albert Einstein', 'about': '/author/Albert-Einstein'}]
(Background on this error at: https://sqlalche.me/e/20/gkpj)
2024-10-24T16:16:24.695825+0100 INFO 138147300116160 Row inserted successfully into authors.
2024-10-24T16:16:24.700578+0100 INFO 138147331573440 Row inserted successfully into tags.
2024-10-24T16:16:24.715433+0100 INFO 138147342059200 Row inserted successfully into quotes_tags_link.
2024-10-24T16:16:24.719386+0100 INFO 138147321087680 Row inserted successfully into quotes_tags_link.
2024-10-24T16:16:24.724880+0100 INFO 138147310601920 Row inserted successfully into quotes_tags_link.
2024-10-24T16:16:24.731718+0100 ERROR 138147440625344 Integrity error (probably normal behaviour): (pymysql.err.IntegrityError) (1062, "Duplicate entry 'humor' for key 'tags.PRIMARY'")
[SQL: INSERT INTO tags (tag) VALUES (%(tag)s)]
[parameters: {'tag': 'humor'}]
(Background on this error at: https://sqlalche.me/e/20/gkpj)
2024-10-24T16:16:24.734937+0100 INFO 138147472082624 Row inserted successfully into quotes_tags_link.
2024-10-24T16:16:24.736124+0100 INFO 138147461596864 Row inserted successfully into tags.
2024-10-24T16:16:24.748382+0100 ERROR 138147451111104 Integrity error (probably normal behaviour): (pymysql.err.IntegrityError) (1062, "Duplicate entry 'life' for key 'tags.PRIMARY'")
[SQL: INSERT INTO tags (tag) VALUES (%(tag)s)]
[parameters: {'tag': 'life'}]
(Background on this error at: https://sqlalche.me/e/20/gkpj)
2024-10-24T16:16:24.750683+0100 ERROR 138147331573440 Integrity error (probably normal behaviour): (pymysql.err.IntegrityError) (1062, "Duplicate entry 'J.K. Rowling' for key 'authors.PRIMARY'")
[SQL: INSERT INTO authors (author, about) VALUES (%(author)s, %(about)s)]
[parameters: {'author': 'J.K. Rowling', 'about': '/author/J-K-Rowling'}]
(Background on this error at: https://sqlalche.me/e/20/gkpj)
2024-10-24T16:16:24.756058+0100 INFO 138147352544960 Row inserted successfully into quotes.
2024-10-24T16:16:24.779528+0100 ERROR 138147321087680 Integrity error (probably normal behaviour): (pymysql.err.IntegrityError) (1062, "Duplicate entry 'humor' for key 'tags.PRIMARY'")
[SQL: INSERT INTO tags (tag) VALUES (%(tag)s)]
[parameters: {'tag': 'humor'}]
(Background on this error at: https://sqlalche.me/e/20/gkpj)
2024-10-24T16:16:24.783290+0100 INFO 138147310601920 Row inserted successfully into tags.
2024-10-24T16:16:24.783958+0100 INFO 138147472082624 Row inserted successfully into tags.
2024-10-24T16:16:24.791129+0100 INFO 138147440625344 Row inserted successfully into authors.
2024-10-24T16:16:24.802872+0100 INFO 138147300116160 Row inserted successfully into quotes.
2024-10-24T16:16:24.803647+0100 ERROR 138147461596864 Integrity error (probably normal behaviour): (pymysql.err.IntegrityError) (1062, "Duplicate entry 'Dr. Seuss' for key 'authors.PRIMARY'")
[SQL: INSERT INTO authors (author, about) VALUES (%(author)s, %(about)s)]
[parameters: {'author': 'Dr. Seuss', 'about': '/author/Dr-Seuss'}]
(Background on this error at: https://sqlalche.me/e/20/gkpj)
2024-10-24T16:16:24.805392+0100 INFO 138147342059200 Row inserted successfully into tags.
2024-10-24T16:16:24.816989+0100 INFO 138147451111104 Row inserted successfully into tags.
2024-10-24T16:16:24.823033+0100 INFO 138147352544960 Row inserted successfully into quotes_tags_link.
2024-10-24T16:16:24.854253+0100 INFO 138147310601920 Row inserted successfully into tags.
2024-10-24T16:16:24.856156+0100 INFO 138147440625344 Row inserted successfully into quotes.
2024-10-24T16:16:24.858722+0100 INFO 138147321087680 Row inserted successfully into tags.
2024-10-24T16:16:24.867798+0100 INFO 138147461596864 Row inserted successfully into quotes.
2024-10-24T16:16:24.876203+0100 ERROR 138147352544960 Integrity error (probably normal behaviour): (pymysql.err.IntegrityError) (1062, "Duplicate entry 'love' for key 'tags.PRIMARY'")
[SQL: INSERT INTO tags (tag) VALUES (%(tag)s)]
[parameters: {'tag': 'love'}]
(Background on this error at: https://sqlalche.me/e/20/gkpj)
2024-10-24T16:16:24.879352+0100 INFO 138147300116160 Row inserted successfully into quotes_tags_link.
2024-10-24T16:16:24.882930+0100 INFO 138147331573440 Row inserted successfully into quotes.
2024-10-24T16:16:24.887296+0100 INFO 138147342059200 Row inserted successfully into authors.
2024-10-24T16:16:24.905887+0100 ERROR 138147472082624 Integrity error (probably normal behaviour): (pymysql.err.IntegrityError) (1062, "Duplicate entry 'inspirational' for key 'tags.PRIMARY'")
[SQL: INSERT INTO tags (tag) VALUES (%(tag)s)]
[parameters: {'tag': 'inspirational'}]
(Background on this error at: https://sqlalche.me/e/20/gkpj)
2024-10-24T16:16:24.927912+0100 ERROR 138147451111104 Integrity error (probably normal behaviour): (pymysql.err.IntegrityError) (1062, "Duplicate entry 'Dr. Seuss' for key 'authors.PRIMARY'")
[SQL: INSERT INTO authors (author, about) VALUES (%(author)s, %(about)s)]
[parameters: {'author': 'Dr. Seuss', 'about': '/author/Dr-Seuss'}]
(Background on this error at: https://sqlalche.me/e/20/gkpj)
2024-10-24T16:16:24.952757+0100 ERROR 138147352544960 Integrity error (probably normal behaviour): (pymysql.err.IntegrityError) (1062, "Duplicate entry 'Marilyn Monroe' for key 'authors.PRIMARY'")
[SQL: INSERT INTO authors (author, about) VALUES (%(author)s, %(about)s)]
[parameters: {'author': 'Marilyn Monroe', 'about': '/author/Marilyn-Monroe'}]
(Background on this error at: https://sqlalche.me/e/20/gkpj)
2024-10-24T16:16:24.974451+0100 INFO 138147440625344 Row inserted successfully into quotes_tags_link.
2024-10-24T16:16:25.008402+0100 INFO 138147342059200 Row inserted successfully into quotes.
2024-10-24T16:16:25.021109+0100 INFO 138147451111104 Row inserted successfully into quotes.
2024-10-24T16:16:25.024321+0100 INFO 138147310601920 Row inserted successfully into tags.
2024-10-24T16:16:25.026819+0100 INFO 138147461596864 Row inserted successfully into quotes_tags_link.
2024-10-24T16:16:25.030918+0100 INFO 138147321087680 Row inserted successfully into tags.
2024-10-24T16:16:25.035839+0100 INFO 138147331573440 Row inserted successfully into quotes_tags_link.
2024-10-24T16:16:25.044973+0100 ERROR 138147472082624 Integrity error (probably normal behaviour): (pymysql.err.IntegrityError) (1062, "Duplicate entry 'Marilyn Monroe' for key 'authors.PRIMARY'")
[SQL: INSERT INTO authors (author, about) VALUES (%(author)s, %(about)s)]
[parameters: {'author': 'Marilyn Monroe', 'about': '/author/Marilyn-Monroe'}]
(Background on this error at: https://sqlalche.me/e/20/gkpj)
2024-10-24T16:16:25.047475+0100 ERROR 138147300116160 Integrity error (probably normal behaviour): (pymysql.err.IntegrityError) (1062, "Duplicate entry 'books' for key 'tags.PRIMARY'")
[SQL: INSERT INTO tags (tag) VALUES (%(tag)s)]
[parameters: {'tag': 'books'}]
(Background on this error at: https://sqlalche.me/e/20/gkpj)
2024-10-24T16:16:25.064383+0100 INFO 138147352544960 Row inserted successfully into quotes.
2024-10-24T16:16:25.066004+0100 ERROR 138147310601920 Integrity error (probably normal behaviour): (pymysql.err.IntegrityError) (1062, "Duplicate entry 'C.S. Lewis' for key 'authors.PRIMARY'")
[SQL: INSERT INTO authors (author, about) VALUES (%(author)s, %(about)s)]
[parameters: {'author': 'C.S. Lewis', 'about': '/author/C-S-Lewis'}]
(Background on this error at: https://sqlalche.me/e/20/gkpj)
2024-10-24T16:16:25.066899+0100 INFO 138147440625344 Row inserted successfully into tags.
2024-10-24T16:16:25.079375+0100 INFO 138147321087680 Row inserted successfully into tags.
2024-10-24T16:16:25.081221+0100 INFO 138147342059200 Row inserted successfully into quotes_tags_link.
2024-10-24T16:16:25.084930+0100 INFO 138147451111104 Row inserted successfully into quotes_tags_link.
2024-10-24T16:16:25.089795+0100 ERROR 138147461596864 Integrity error (probably normal behaviour): (pymysql.err.IntegrityError) (1062, "Duplicate entry 'life' for key 'tags.PRIMARY'")
[SQL: INSERT INTO tags (tag) VALUES (%(tag)s)]
[parameters: {'tag': 'life'}]
(Background on this error at: https://sqlalche.me/e/20/gkpj)
2024-10-24T16:16:25.092940+0100 INFO 138147331573440 Row inserted successfully into tags.
2024-10-24T16:16:25.103832+0100 INFO 138147310601920 Row inserted successfully into quotes.
2024-10-24T16:16:25.104580+0100 INFO 138147352544960 Row inserted successfully into quotes_tags_link.
2024-10-24T16:16:25.104950+0100 INFO 138147300116160 Row inserted successfully into tags.
2024-10-24T16:16:25.113951+0100 INFO 138147472082624 Row inserted successfully into quotes.
2024-10-24T16:16:25.122119+0100 ERROR 138147440625344 Integrity error (probably normal behaviour): (pymysql.err.IntegrityError) (1062, "Duplicate entry 'reading' for key 'tags.PRIMARY'")
[SQL: INSERT INTO tags (tag) VALUES (%(tag)s)]
[parameters: {'tag': 'reading'}]
(Background on this error at: https://sqlalche.me/e/20/gkpj)
2024-10-24T16:16:25.122513+0100 INFO 138147342059200 Row inserted successfully into tags.
2024-10-24T16:16:25.122866+0100 INFO 138147321087680 Row inserted successfully into tags.
2024-10-24T16:16:25.129136+0100 ERROR 138147451111104 Integrity error (probably normal behaviour): (pymysql.err.IntegrityError) (1062, "Duplicate entry 'children' for key 'tags.PRIMARY'")
[SQL: INSERT INTO tags (tag) VALUES (%(tag)s)]
[parameters: {'tag': 'children'}]
(Background on this error at: https://sqlalche.me/e/20/gkpj)
2024-10-24T16:16:25.132255+0100 ERROR 138147331573440 Integrity error (probably normal behaviour): (pymysql.err.IntegrityError) (1062, "Duplicate entry 'writing' for key 'tags.PRIMARY'")
[SQL: INSERT INTO tags (tag) VALUES (%(tag)s)]
[parameters: {'tag': 'writing'}]
(Background on this error at: https://sqlalche.me/e/20/gkpj)
2024-10-24T16:16:25.134640+0100 INFO 138147461596864 Row inserted successfully into tags.
2024-10-24T16:16:25.137564+0100 INFO 138147310601920 Row inserted successfully into quotes_tags_link.
2024-10-24T16:16:25.138841+0100 ERROR 138147352544960 Integrity error (probably normal behaviour): (pymysql.err.IntegrityError) (1062, "Duplicate entry 'attributed-no-source' for key 'tags.PRIMARY'")
[SQL: INSERT INTO tags (tag) VALUES (%(tag)s)]
[parameters: {'tag': 'attributed-no-source'}]
(Background on this error at: https://sqlalche.me/e/20/gkpj)
2024-10-24T16:16:25.143596+0100 INFO 138147472082624 Row inserted successfully into quotes_tags_link.
2024-10-24T16:16:25.160441+0100 INFO 138147300116160 Row inserted successfully into tags.
2024-10-24T16:16:25.165964+0100 ERROR 138147321087680 Integrity error (probably normal behaviour): (pymysql.err.IntegrityError) (1062, "Duplicate entry 'truth' for key 'tags.PRIMARY'")
[SQL: INSERT INTO tags (tag) VALUES (%(tag)s)]
[parameters: {'tag': 'truth'}]
(Background on this error at: https://sqlalche.me/e/20/gkpj)
2024-10-24T16:16:25.167273+0100 INFO 138147342059200 Row inserted successfully into tags.
2024-10-24T16:16:25.173799+0100 INFO 138147440625344 Row inserted successfully into authors.
2024-10-24T16:16:25.177700+0100 INFO 138147310601920 Row inserted successfully into tags.
2024-10-24T16:16:25.180664+0100 INFO 138147461596864 Row inserted successfully into authors.
2024-10-24T16:16:25.186247+0100 INFO 138147451111104 Row inserted successfully into tags.
2024-10-24T16:16:25.189931+0100 INFO 138147331573440 Row inserted successfully into authors.
2024-10-24T16:16:25.191189+0100 ERROR 138147352544960 Integrity error (probably normal behaviour): (pymysql.err.IntegrityError) (1062, "Duplicate entry 'Marilyn Monroe' for key 'authors.PRIMARY'")
[SQL: INSERT INTO authors (author, about) VALUES (%(author)s, %(about)s)]
[parameters: {'author': 'Marilyn Monroe', 'about': '/author/Marilyn-Monroe'}]
(Background on this error at: https://sqlalche.me/e/20/gkpj)
2024-10-24T16:16:25.195212+0100 INFO 138147472082624 Row inserted successfully into tags.
2024-10-24T16:16:25.198236+0100 ERROR 138147342059200 Integrity error (probably normal behaviour): (pymysql.err.IntegrityError) (1062, "Duplicate entry 'simile' for key 'tags.PRIMARY'")
[SQL: INSERT INTO tags (tag) VALUES (%(tag)s)]
[parameters: {'tag': 'simile'}]
(Background on this error at: https://sqlalche.me/e/20/gkpj)
2024-10-24T16:16:25.207239+0100 INFO 138147300116160 Row inserted successfully into tags.
2024-10-24T16:16:25.212445+0100 INFO 138147321087680 Row inserted successfully into authors.
2024-10-24T16:16:25.218924+0100 ERROR 138147451111104 Integrity error (probably normal behaviour): (pymysql.err.IntegrityError) (1062, "Duplicate entry 'Albert Einstein' for key 'authors.PRIMARY'")
[SQL: INSERT INTO authors (author, about) VALUES (%(author)s, %(about)s)]
[parameters: {'author': 'Albert Einstein', 'about': '/author/Albert-Einstein'}]
(Background on this error at: https://sqlalche.me/e/20/gkpj)
2024-10-24T16:16:25.219325+0100 INFO 138147461596864 Row inserted successfully into quotes.
2024-10-24T16:16:25.227196+0100 INFO 138147440625344 Row inserted successfully into quotes.
2024-10-24T16:16:25.231504+0100 ERROR 138147310601920 Integrity error (probably normal behaviour): (pymysql.err.IntegrityError) (1062, "Duplicate entry 'C.S. Lewis' for key 'authors.PRIMARY'")
[SQL: INSERT INTO authors (author, about) VALUES (%(author)s, %(about)s)]
[parameters: {'author': 'C.S. Lewis', 'about': '/author/C-S-Lewis'}]
(Background on this error at: https://sqlalche.me/e/20/gkpj)
2024-10-24T16:16:25.237901+0100 INFO 138147300116160 Row inserted successfully into tags.
2024-10-24T16:16:25.240386+0100 INFO 138147472082624 Row inserted successfully into tags.
2024-10-24T16:16:25.248922+0100 INFO 138147352544960 Row inserted successfully into quotes.
2024-10-24T16:16:25.249431+0100 INFO 138147331573440 Row inserted successfully into quotes.
2024-10-24T16:16:25.251731+0100 INFO 138147342059200 Row inserted successfully into authors.
2024-10-24T16:16:25.256317+0100 INFO 138147451111104 Row inserted successfully into quotes.
2024-10-24T16:16:25.271343+0100 INFO 138147461596864 Row inserted successfully into quotes_tags_link.
2024-10-24T16:16:25.274800+0100 INFO 138147321087680 Row inserted successfully into quotes.
2024-10-24T16:16:25.282524+0100 INFO 138147440625344 Row inserted successfully into quotes_tags_link.
2024-10-24T16:16:25.286757+0100 INFO 138147310601920 Row inserted successfully into quotes.
2024-10-24T16:16:25.293829+0100 INFO 138147352544960 Row inserted successfully into quotes_tags_link.
2024-10-24T16:16:25.294831+0100 INFO 138147472082624 Row inserted successfully into tags.
2024-10-24T16:16:25.306240+0100 INFO 138147300116160 Row inserted successfully into tags.
2024-10-24T16:16:25.325289+0100 INFO 138147331573440 Row inserted successfully into quotes_tags_link.
2024-10-24T16:16:25.326856+0100 INFO 138147310601920 Row inserted successfully into quotes_tags_link.
2024-10-24T16:16:25.331750+0100 INFO 138147451111104 Row inserted successfully into quotes_tags_link.
2024-10-24T16:16:25.336350+0100 ERROR 138147472082624 Integrity error (probably normal behaviour): (pymysql.err.IntegrityError) (1062, "Duplicate entry 'Albert Einstein' for key 'authors.PRIMARY'")
[SQL: INSERT INTO authors (author, about) VALUES (%(author)s, %(about)s)]
[parameters: {'author': 'Albert Einstein', 'about': '/author/Albert-Einstein'}]
(Background on this error at: https://sqlalche.me/e/20/gkpj)
2024-10-24T16:16:25.339120+0100 INFO 138147440625344 Row inserted successfully into tags.
2024-10-24T16:16:25.341591+0100 INFO 138147342059200 Row inserted successfully into quotes.
2024-10-24T16:16:25.344717+0100 INFO 138147461596864 Row inserted successfully into tags.
2024-10-24T16:16:25.353369+0100 ERROR 138147310601920 Integrity error (probably normal behaviour): (pymysql.err.IntegrityError) (1062, "Duplicate entry 'death' for key 'tags.PRIMARY'")
[SQL: INSERT INTO tags (tag) VALUES (%(tag)s)]
[parameters: {'tag': 'death'}]
(Background on this error at: https://sqlalche.me/e/20/gkpj)
2024-10-24T16:16:25.354508+0100 INFO 138147352544960 Row inserted successfully into tags.
2024-10-24T16:16:25.355542+0100 INFO 138147321087680 Row inserted successfully into quotes_tags_link.
2024-10-24T16:16:25.381972+0100 ERROR 138147440625344 Integrity error (probably normal behaviour): (pymysql.err.IntegrityError) (1062, "Duplicate entry 'learning' for key 'tags.PRIMARY'")
[SQL: INSERT INTO tags (tag) VALUES (%(tag)s)]
[parameters: {'tag': 'learning'}]
(Background on this error at: https://sqlalche.me/e/20/gkpj)
2024-10-24T16:16:25.385942+0100 ERROR 138147300116160 Integrity error (probably normal behaviour): (pymysql.err.IntegrityError) (1062, "Duplicate entry 'writing' for key 'tags.PRIMARY'")
[SQL: INSERT INTO tags (tag) VALUES (%(tag)s)]
[parameters: {'tag': 'writing'}]
(Background on this error at: https://sqlalche.me/e/20/gkpj)
2024-10-24T16:16:25.388639+0100 ERROR 138147331573440 Integrity error (probably normal behaviour): (pymysql.err.IntegrityError) (1062, "Duplicate entry 'life' for key 'tags.PRIMARY'")
[SQL: INSERT INTO tags (tag) VALUES (%(tag)s)]
[parameters: {'tag': 'life'}]
(Background on this error at: https://sqlalche.me/e/20/gkpj)
2024-10-24T16:16:25.390754+0100 ERROR 138147451111104 Integrity error (probably normal behaviour): (pymysql.err.IntegrityError) (1062, "Duplicate entry '' for key 'tags.PRIMARY'")
[SQL: INSERT INTO tags (tag) VALUES (%(tag)s)]
[parameters: {'tag': ''}]
(Background on this error at: https://sqlalche.me/e/20/gkpj)
2024-10-24T16:16:25.409981+0100 INFO 138147461596864 Row inserted successfully into tags.
2024-10-24T16:16:25.420663+0100 INFO 138147472082624 Row inserted successfully into quotes.
2024-10-24T16:16:25.423344+0100 ERROR 138147310601920 Integrity error (probably normal behaviour): (pymysql.err.IntegrityError) (1062, "Duplicate entry 'life' for key 'tags.PRIMARY'")
[SQL: INSERT INTO tags (tag) VALUES (%(tag)s)]
[parameters: {'tag': 'life'}]
(Background on this error at: https://sqlalche.me/e/20/gkpj)
2024-10-24T16:16:25.425638+0100 ERROR 138147352544960 Integrity error (probably normal behaviour): (pymysql.err.IntegrityError) (1062, "Duplicate entry 'inspirational' for key 'tags.PRIMARY'")
[SQL: INSERT INTO tags (tag) VALUES (%(tag)s)]
[parameters: {'tag': 'inspirational'}]
(Background on this error at: https://sqlalche.me/e/20/gkpj)
2024-10-24T16:16:25.435961+0100 INFO 138147342059200 Row inserted successfully into quotes_tags_link.
2024-10-24T16:16:25.441204+0100 INFO 138147440625344 Row inserted successfully into tags.
2024-10-24T16:16:25.442015+0100 INFO 138147331573440 Row inserted successfully into tags.
2024-10-24T16:16:25.454355+0100 INFO 138147300116160 Row inserted successfully into authors.
2024-10-24T16:16:25.461924+0100 INFO 138147321087680 Row inserted successfully into tags.
2024-10-24T16:16:25.468027+0100 INFO 138147461596864 Row inserted successfully into tags.
2024-10-24T16:16:25.468561+0100 INFO 138147472082624 Row inserted successfully into quotes_tags_link.
2024-10-24T16:16:25.485494+0100 ERROR 138147451111104 Integrity error (probably normal behaviour): (pymysql.err.IntegrityError) (1062, "Duplicate entry 'J.K. Rowling' for key 'authors.PRIMARY'")
[SQL: INSERT INTO authors (author, about) VALUES (%(author)s, %(about)s)]
[parameters: {'author': 'J.K. Rowling', 'about': '/author/J-K-Rowling'}]
(Background on this error at: https://sqlalche.me/e/20/gkpj)
2024-10-24T16:16:25.496487+0100 ERROR 138147342059200 Integrity error (probably normal behaviour): (pymysql.err.IntegrityError) (1062, "Duplicate entry 'books' for key 'tags.PRIMARY'")
[SQL: INSERT INTO tags (tag) VALUES (%(tag)s)]
[parameters: {'tag': 'books'}]
(Background on this error at: https://sqlalche.me/e/20/gkpj)
2024-10-24T16:16:25.497168+0100 INFO 138147310601920 Row inserted successfully into authors.
2024-10-24T16:16:25.497926+0100 ERROR 138147331573440 Integrity error (probably normal behaviour): (pymysql.err.IntegrityError) (1062, "Duplicate entry 'Ralph Waldo Emerson' for key 'authors.PRIMARY'")
[SQL: INSERT INTO authors (author, about) VALUES (%(author)s, %(about)s)]
[parameters: {'author': 'Ralph Waldo Emerson', 'about': '/author/Ralph-Waldo-Emerson'}]
(Background on this error at: https://sqlalche.me/e/20/gkpj)
2024-10-24T16:16:25.503134+0100 INFO 138147352544960 Row inserted successfully into authors.
2024-10-24T16:16:25.506375+0100 INFO 138147300116160 Row inserted successfully into quotes.
2024-10-24T16:16:25.509904+0100 INFO 138147440625344 Row inserted successfully into tags.
2024-10-24T16:16:25.522033+0100 INFO 138147461596864 Row inserted successfully into tags.
2024-10-24T16:16:25.538681+0100 INFO 138147451111104 Row inserted successfully into quotes.
2024-10-24T16:16:25.540165+0100 ERROR 138147472082624 Integrity error (probably normal behaviour): (pymysql.err.IntegrityError) (1062, "Duplicate entry 'life' for key 'tags.PRIMARY'")
[SQL: INSERT INTO tags (tag) VALUES (%(tag)s)]
[parameters: {'tag': 'life'}]
(Background on this error at: https://sqlalche.me/e/20/gkpj)
2024-10-24T16:16:25.545682+0100 ERROR 138147342059200 Integrity error (probably normal behaviour): (pymysql.err.IntegrityError) (1062, "Duplicate entry 'friends' for key 'tags.PRIMARY'")
[SQL: INSERT INTO tags (tag) VALUES (%(tag)s)]
[parameters: {'tag': 'friends'}]
(Background on this error at: https://sqlalche.me/e/20/gkpj)
2024-10-24T16:16:25.549750+0100 INFO 138147321087680 Row inserted successfully into tags.
2024-10-24T16:16:25.582180+0100 INFO 138147310601920 Row inserted successfully into quotes.
2024-10-24T16:16:25.584211+0100 INFO 138147331573440 Row inserted successfully into quotes.
2024-10-24T16:16:25.587416+0100 ERROR 138147472082624 Integrity error (probably normal behaviour): (pymysql.err.IntegrityError) (1062, "Duplicate entry 'love' for key 'tags.PRIMARY'")
[SQL: INSERT INTO tags (tag) VALUES (%(tag)s)]
[parameters: {'tag': 'love'}]
(Background on this error at: https://sqlalche.me/e/20/gkpj)
2024-10-24T16:16:25.590167+0100 ERROR 138147440625344 Integrity error (probably normal behaviour): (pymysql.err.IntegrityError) (1062, "Duplicate entry 'Albert Einstein' for key 'authors.PRIMARY'")
[SQL: INSERT INTO authors (author, about) VALUES (%(author)s, %(about)s)]
[parameters: {'author': 'Albert Einstein', 'about': '/author/Albert-Einstein'}]
(Background on this error at: https://sqlalche.me/e/20/gkpj)
2024-10-24T16:16:25.591522+0100 INFO 138147342059200 Row inserted successfully into tags.
2024-10-24T16:16:25.597260+0100 INFO 138147352544960 Row inserted successfully into quotes.
2024-10-24T16:16:25.597875+0100 INFO 138147451111104 Row inserted successfully into quotes_tags_link.
2024-10-24T16:16:25.599615+0100 INFO 138147321087680 Row inserted successfully into tags.
2024-10-24T16:16:25.602621+0100 ERROR 138147461596864 Integrity error (probably normal behaviour): (pymysql.err.IntegrityError) (1062, "Duplicate entry 'inspirational' for key 'tags.PRIMARY'")
[SQL: INSERT INTO tags (tag) VALUES (%(tag)s)]
[parameters: {'tag': 'inspirational'}]
(Background on this error at: https://sqlalche.me/e/20/gkpj)
2024-10-24T16:16:25.608076+0100 INFO 138147300116160 Row inserted successfully into quotes_tags_link.
2024-10-24T16:16:25.618966+0100 INFO 138147310601920 Row inserted successfully into quotes_tags_link.
2024-10-24T16:16:25.646919+0100 INFO 138147472082624 Row inserted successfully into authors.
2024-10-24T16:16:25.653647+0100 INFO 138147451111104 Row inserted successfully into tags.
2024-10-24T16:16:25.655227+0100 INFO 138147331573440 Row inserted successfully into quotes_tags_link.
2024-10-24T16:16:25.661501+0100 INFO 138147352544960 Row inserted successfully into quotes_tags_link.
2024-10-24T16:16:25.665676+0100 INFO 138147440625344 Row inserted successfully into quotes.
2024-10-24T16:16:25.668279+0100 ERROR 138147342059200 Integrity error (probably normal behaviour): (pymysql.err.IntegrityError) (1062, "Duplicate entry 'Ernest Hemingway' for key 'authors.PRIMARY'")
[SQL: INSERT INTO authors (author, about) VALUES (%(author)s, %(about)s)]
[parameters: {'author': 'Ernest Hemingway', 'about': '/author/Ernest-Hemingway'}]
(Background on this error at: https://sqlalche.me/e/20/gkpj)
2024-10-24T16:16:25.670173+0100 ERROR 138147461596864 Integrity error (probably normal behaviour): (pymysql.err.IntegrityError) (1062, "Duplicate entry 'love' for key 'tags.PRIMARY'")
[SQL: INSERT INTO tags (tag) VALUES (%(tag)s)]
[parameters: {'tag': 'love'}]
(Background on this error at: https://sqlalche.me/e/20/gkpj)
2024-10-24T16:16:25.692221+0100 INFO 138147472082624 Row inserted successfully into quotes.
2024-10-24T16:16:25.704762+0100 ERROR 138147300116160 Integrity error (probably normal behaviour): (pymysql.err.IntegrityError) (1062, "Duplicate entry 'truth' for key 'tags.PRIMARY'")
[SQL: INSERT INTO tags (tag) VALUES (%(tag)s)]
[parameters: {'tag': 'truth'}]
(Background on this error at: https://sqlalche.me/e/20/gkpj)
2024-10-24T16:16:25.705862+0100 INFO 138147331573440 Row inserted successfully into tags.
2024-10-24T16:16:25.715185+0100 INFO 138147321087680 Row inserted successfully into tags.
2024-10-24T16:16:25.723058+0100 ERROR 138147451111104 Integrity error (probably normal behaviour): (pymysql.err.IntegrityError) (1062, "Duplicate entry 'Albert Einstein' for key 'authors.PRIMARY'")
[SQL: INSERT INTO authors (author, about) VALUES (%(author)s, %(about)s)]
[parameters: {'author': 'Albert Einstein', 'about': '/author/Albert-Einstein'}]
(Background on this error at: https://sqlalche.me/e/20/gkpj)
2024-10-24T16:16:25.733513+0100 INFO 138147440625344 Row inserted successfully into quotes_tags_link.
2024-10-24T16:16:25.737397+0100 ERROR 138147352544960 Integrity error (probably normal behaviour): (pymysql.err.IntegrityError) (1062, "Duplicate entry 'dumbledore' for key 'tags.PRIMARY'")
[SQL: INSERT INTO tags (tag) VALUES (%(tag)s)]
[parameters: {'tag': 'dumbledore'}]
(Background on this error at: https://sqlalche.me/e/20/gkpj)
2024-10-24T16:16:25.743593+0100 INFO 138147310601920 Row inserted successfully into tags.
2024-10-24T16:16:25.746881+0100 INFO 138147472082624 Row inserted successfully into quotes_tags_link.
2024-10-24T16:16:25.751666+0100 INFO 138147461596864 Row inserted successfully into tags.
2024-10-24T16:16:25.758683+0100 INFO 138147342059200 Row inserted successfully into quotes.
2024-10-24T16:16:25.762744+0100 ERROR 138147331573440 Integrity error (probably normal behaviour): (pymysql.err.IntegrityError) (1062, "Duplicate entry 'Mark Twain' for key 'authors.PRIMARY'")
[SQL: INSERT INTO authors (author, about) VALUES (%(author)s, %(about)s)]
[parameters: {'author': 'Mark Twain', 'about': '/author/Mark-Twain'}]
(Background on this error at: https://sqlalche.me/e/20/gkpj)
2024-10-24T16:16:25.766042+0100 ERROR 138147300116160 Integrity error (probably normal behaviour): (pymysql.err.IntegrityError) (1062, "Duplicate entry 'Mark Twain' for key 'authors.PRIMARY'")
[SQL: INSERT INTO authors (author, about) VALUES (%(author)s, %(about)s)]
[parameters: {'author': 'Mark Twain', 'about': '/author/Mark-Twain'}]
(Background on this error at: https://sqlalche.me/e/20/gkpj)
2024-10-24T16:16:25.770359+0100 INFO 138147321087680 Row inserted successfully into tags.
2024-10-24T16:16:25.772940+0100 ERROR 138147440625344 Integrity error (probably normal behaviour): (pymysql.err.IntegrityError) (1062, "Duplicate entry 'books' for key 'tags.PRIMARY'")
[SQL: INSERT INTO tags (tag) VALUES (%(tag)s)]
[parameters: {'tag': 'books'}]
(Background on this error at: https://sqlalche.me/e/20/gkpj)
2024-10-24T16:16:25.786122+0100 INFO 138147451111104 Row inserted successfully into quotes.
2024-10-24T16:16:25.792418+0100 ERROR 138147352544960 Integrity error (probably normal behaviour): (pymysql.err.IntegrityError) (1062, "Duplicate entry 'J.K. Rowling' for key 'authors.PRIMARY'")
[SQL: INSERT INTO authors (author, about) VALUES (%(author)s, %(about)s)]
[parameters: {'author': 'J.K. Rowling', 'about': '/author/J-K-Rowling'}]
(Background on this error at: https://sqlalche.me/e/20/gkpj)
2024-10-24T16:16:25.800622+0100 ERROR 138147461596864 Integrity error (probably normal behaviour): (pymysql.err.IntegrityError) (1062, "Duplicate entry 'philosophy' for key 'tags.PRIMARY'")
[SQL: INSERT INTO tags (tag) VALUES (%(tag)s)]
[parameters: {'tag': 'philosophy'}]
(Background on this error at: https://sqlalche.me/e/20/gkpj)
2024-10-24T16:16:25.818936+0100 INFO 138147472082624 Row inserted successfully into tags.
2024-10-24T16:16:25.820607+0100 ERROR 138147310601920 Integrity error (probably normal behaviour): (pymysql.err.IntegrityError) (1062, "Duplicate entry 'truth' for key 'tags.PRIMARY'")
[SQL: INSERT INTO tags (tag) VALUES (%(tag)s)]
[parameters: {'tag': 'truth'}]
(Background on this error at: https://sqlalche.me/e/20/gkpj)
2024-10-24T16:16:25.826857+0100 INFO 138147331573440 Row inserted successfully into quotes.
2024-10-24T16:16:25.827577+0100 INFO 138147342059200 Row inserted successfully into quotes_tags_link.
2024-10-24T16:16:25.828207+0100 INFO 138147300116160 Row inserted successfully into quotes.
2024-10-24T16:16:25.855385+0100 ERROR 138147440625344 Integrity error (probably normal behaviour): (pymysql.err.IntegrityError) (1062, "Duplicate entry 'library' for key 'tags.PRIMARY'")
[SQL: INSERT INTO tags (tag) VALUES (%(tag)s)]
[parameters: {'tag': 'library'}]
(Background on this error at: https://sqlalche.me/e/20/gkpj)
2024-10-24T16:16:25.862965+0100 ERROR 138147321087680 Integrity error (probably normal behaviour): (pymysql.err.IntegrityError) (1062, "Duplicate entry 'hope' for key 'tags.PRIMARY'")
[SQL: INSERT INTO tags (tag) VALUES (%(tag)s)]
[parameters: {'tag': 'hope'}]
(Background on this error at: https://sqlalche.me/e/20/gkpj)
2024-10-24T16:16:25.863806+0100 INFO 138147352544960 Row inserted successfully into quotes.
2024-10-24T16:16:25.864906+0100 INFO 138147451111104 Row inserted successfully into quotes_tags_link.
2024-10-24T16:16:25.877925+0100 INFO 138147461596864 Row inserted successfully into authors.
2024-10-24T16:16:25.884697+0100 ERROR 138147310601920 Integrity error (probably normal behaviour): (pymysql.err.IntegrityError) (1062, "Duplicate entry 'Mark Twain' for key 'authors.PRIMARY'")
[SQL: INSERT INTO authors (author, about) VALUES (%(author)s, %(about)s)]
[parameters: {'author': 'Mark Twain', 'about': '/author/Mark-Twain'}]
(Background on this error at: https://sqlalche.me/e/20/gkpj)
2024-10-24T16:16:25.885359+0100 INFO 138147472082624 Row inserted successfully into tags.
2024-10-24T16:16:25.892468+0100 INFO 138147300116160 Row inserted successfully into quotes_tags_link.
2024-10-24T16:16:25.910866+0100 ERROR 138147321087680 Integrity error (probably normal behaviour): (pymysql.err.IntegrityError) (1062, "Duplicate entry 'inspirational' for key 'tags.PRIMARY'")
[SQL: INSERT INTO tags (tag) VALUES (%(tag)s)]
[parameters: {'tag': 'inspirational'}]
(Background on this error at: https://sqlalche.me/e/20/gkpj)
2024-10-24T16:16:25.920794+0100 INFO 138147440625344 Row inserted successfully into authors.
2024-10-24T16:16:25.943347+0100 ERROR 138147451111104 Integrity error (probably normal behaviour): (pymysql.err.IntegrityError) (1062, "Duplicate entry 'music' for key 'tags.PRIMARY'")
[SQL: INSERT INTO tags (tag) VALUES (%(tag)s)]
[parameters: {'tag': 'music'}]
(Background on this error at: https://sqlalche.me/e/20/gkpj)
2024-10-24T16:16:25.947645+0100 INFO 138147352544960 Row inserted successfully into quotes_tags_link.
2024-10-24T16:16:25.951073+0100 INFO 138147310601920 Row inserted successfully into quotes.
2024-10-24T16:16:25.951637+0100 INFO 138147331573440 Row inserted successfully into quotes_tags_link.
2024-10-24T16:16:25.952877+0100 ERROR 138147342059200 Integrity error (probably normal behaviour): (pymysql.err.IntegrityError) (1062, "Duplicate entry 'inspirational' for key 'tags.PRIMARY'")
[SQL: INSERT INTO tags (tag) VALUES (%(tag)s)]
[parameters: {'tag': 'inspirational'}]
(Background on this error at: https://sqlalche.me/e/20/gkpj)
2024-10-24T16:16:25.966139+0100 ERROR 138147300116160 Integrity error (probably normal behaviour): (pymysql.err.IntegrityError) (1062, "Duplicate entry 'inspirational' for key 'tags.PRIMARY'")
[SQL: INSERT INTO tags (tag) VALUES (%(tag)s)]
[parameters: {'tag': 'inspirational'}]
(Background on this error at: https://sqlalche.me/e/20/gkpj)
2024-10-24T16:16:25.970841+0100 ERROR 138147472082624 Integrity error (probably normal behaviour): (pymysql.err.IntegrityError) (1062, "Duplicate entry 'inspirational' for key 'tags.PRIMARY'")
[SQL: INSERT INTO tags (tag) VALUES (%(tag)s)]
[parameters: {'tag': 'inspirational'}]
(Background on this error at: https://sqlalche.me/e/20/gkpj)
2024-10-24T16:16:25.971342+0100 INFO 138147461596864 Row inserted successfully into quotes.
2024-10-24T16:16:25.979781+0100 INFO 138147440625344 Row inserted successfully into quotes.
2024-10-24T16:16:25.985388+0100 ERROR 138147451111104 Integrity error (probably normal behaviour): (pymysql.err.IntegrityError) (1062, "Duplicate entry 'Bob Marley' for key 'authors.PRIMARY'")
[SQL: INSERT INTO authors (author, about) VALUES (%(author)s, %(about)s)]
[parameters: {'author': 'Bob Marley', 'about': '/author/Bob-Marley'}]
(Background on this error at: https://sqlalche.me/e/20/gkpj)
2024-10-24T16:16:25.988164+0100 ERROR 138147352544960 Integrity error (probably normal behaviour): (pymysql.err.IntegrityError) (1062, "Duplicate entry 'love' for key 'tags.PRIMARY'")
[SQL: INSERT INTO tags (tag) VALUES (%(tag)s)]
[parameters: {'tag': 'love'}]
(Background on this error at: https://sqlalche.me/e/20/gkpj)
2024-10-24T16:16:26.026727+0100 INFO 138147310601920 Row inserted successfully into quotes_tags_link.
2024-10-24T16:16:26.032506+0100 INFO 138147331573440 Row inserted successfully into tags.
2024-10-24T16:16:26.037113+0100 INFO 138147342059200 Row inserted successfully into authors.
2024-10-24T16:16:26.041614+0100 ERROR 138147300116160 Integrity error (probably normal behaviour): (pymysql.err.IntegrityError) (1062, "Duplicate entry 'Dr. Seuss' for key 'authors.PRIMARY'")
[SQL: INSERT INTO authors (author, about) VALUES (%(author)s, %(about)s)]
[parameters: {'author': 'Dr. Seuss', 'about': '/author/Dr-Seuss'}]
(Background on this error at: https://sqlalche.me/e/20/gkpj)
2024-10-24T16:16:26.043894+0100 INFO 138147321087680 Row inserted successfully into tags.
2024-10-24T16:16:26.048485+0100 INFO 138147461596864 Row inserted successfully into quotes_tags_link.
2024-10-24T16:16:26.070619+0100 ERROR 138147472082624 Integrity error (probably normal behaviour): (pymysql.err.IntegrityError) (1062, "Duplicate entry 'paraphrased' for key 'tags.PRIMARY'")
[SQL: INSERT INTO tags (tag) VALUES (%(tag)s)]
[parameters: {'tag': 'paraphrased'}]
(Background on this error at: https://sqlalche.me/e/20/gkpj)
2024-10-24T16:16:26.079158+0100 INFO 138147440625344 Row inserted successfully into quotes_tags_link.
2024-10-24T16:16:26.091035+0100 INFO 138147300116160 Row inserted successfully into quotes.
2024-10-24T16:16:26.098019+0100 ERROR 138147331573440 Integrity error (probably normal behaviour): (pymysql.err.IntegrityError) (1062, "Duplicate entry 'Dr. Seuss' for key 'authors.PRIMARY'")
[SQL: INSERT INTO authors (author, about) VALUES (%(author)s, %(about)s)]
[parameters: {'author': 'Dr. Seuss', 'about': '/author/Dr-Seuss'}]
(Background on this error at: https://sqlalche.me/e/20/gkpj)
2024-10-24T16:16:26.100203+0100 ERROR 138147461596864 Integrity error (probably normal behaviour): (pymysql.err.IntegrityError) (1062, "Duplicate entry 'friendship' for key 'tags.PRIMARY'")
[SQL: INSERT INTO tags (tag) VALUES (%(tag)s)]
[parameters: {'tag': 'friendship'}]
(Background on this error at: https://sqlalche.me/e/20/gkpj)
2024-10-24T16:16:26.101835+0100 INFO 138147352544960 Row inserted successfully into authors.
2024-10-24T16:16:26.102426+0100 INFO 138147451111104 Row inserted successfully into quotes.
2024-10-24T16:16:26.104773+0100 INFO 138147321087680 Row inserted successfully into authors.
2024-10-24T16:16:26.111954+0100 INFO 138147342059200 Row inserted successfully into quotes.
2024-10-24T16:16:26.131050+0100 ERROR 138147440625344 Integrity error (probably normal behaviour): (pymysql.err.IntegrityError) (1062, "Duplicate entry 'inspirational' for key 'tags.PRIMARY'")
[SQL: INSERT INTO tags (tag) VALUES (%(tag)s)]
[parameters: {'tag': 'inspirational'}]
(Background on this error at: https://sqlalche.me/e/20/gkpj)
2024-10-24T16:16:26.131843+0100 INFO 138147472082624 Row inserted successfully into authors.
2024-10-24T16:16:26.134716+0100 INFO 138147310601920 Row inserted successfully into tags.
2024-10-24T16:16:26.161949+0100 INFO 138147352544960 Row inserted successfully into quotes.
2024-10-24T16:16:26.163916+0100 INFO 138147331573440 Row inserted successfully into quotes.
2024-10-24T16:16:26.164578+0100 INFO 138147451111104 Row inserted successfully into quotes_tags_link.
2024-10-24T16:16:26.171395+0100 INFO 138147461596864 Row inserted successfully into tags.
2024-10-24T16:16:26.183122+0100 INFO 138147440625344 Row inserted successfully into authors.
2024-10-24T16:16:26.185466+0100 INFO 138147300116160 Row inserted successfully into quotes_tags_link.
2024-10-24T16:16:26.199290+0100 INFO 138147472082624 Row inserted successfully into quotes.
2024-10-24T16:16:26.201791+0100 INFO 138147342059200 Row inserted successfully into quotes_tags_link.
2024-10-24T16:16:26.203384+0100 INFO 138147310601920 Row inserted successfully into tags.
2024-10-24T16:16:26.220943+0100 ERROR 138147300116160 Integrity error (probably normal behaviour): (pymysql.err.IntegrityError) (1062, "Duplicate entry 'books' for key 'tags.PRIMARY'")
[SQL: INSERT INTO tags (tag) VALUES (%(tag)s)]
[parameters: {'tag': 'books'}]
(Background on this error at: https://sqlalche.me/e/20/gkpj)
2024-10-24T16:16:26.224198+0100 INFO 138147352544960 Row inserted successfully into quotes_tags_link.
2024-10-24T16:16:26.232458+0100 ERROR 138147342059200 Integrity error (probably normal behaviour): (pymysql.err.IntegrityError) (1062, "Duplicate entry 'inspirational' for key 'tags.PRIMARY'")
[SQL: INSERT INTO tags (tag) VALUES (%(tag)s)]
[parameters: {'tag': 'inspirational'}]
(Background on this error at: https://sqlalche.me/e/20/gkpj)
2024-10-24T16:16:26.237527+0100 INFO 138147461596864 Row inserted successfully into tags.
2024-10-24T16:16:26.240753+0100 INFO 138147331573440 Row inserted successfully into quotes_tags_link.
2024-10-24T16:16:26.242119+0100 INFO 138147440625344 Row inserted successfully into quotes.
2024-10-24T16:16:26.251351+0100 ERROR 138147310601920 Integrity error (probably normal behaviour): (pymysql.err.IntegrityError) (1062, "Duplicate entry 'religion' for key 'tags.PRIMARY'")
[SQL: INSERT INTO tags (tag) VALUES (%(tag)s)]
[parameters: {'tag': 'religion'}]
(Background on this error at: https://sqlalche.me/e/20/gkpj)
2024-10-24T16:16:26.261886+0100 INFO 138147321087680 Row inserted successfully into quotes.
2024-10-24T16:16:26.265851+0100 INFO 138147472082624 Row inserted successfully into quotes_tags_link.
2024-10-24T16:16:26.269708+0100 ERROR 138147461596864 Integrity error (probably normal behaviour): (pymysql.err.IntegrityError) (1062, "Duplicate entry 'love' for key 'tags.PRIMARY'")
[SQL: INSERT INTO tags (tag) VALUES (%(tag)s)]
[parameters: {'tag': 'love'}]
(Background on this error at: https://sqlalche.me/e/20/gkpj)
2024-10-24T16:16:26.279850+0100 ERROR 138147342059200 Integrity error (probably normal behaviour): (pymysql.err.IntegrityError) (1062, "Duplicate entry 'life' for key 'tags.PRIMARY'")
[SQL: INSERT INTO tags (tag) VALUES (%(tag)s)]
[parameters: {'tag': 'life'}]
(Background on this error at: https://sqlalche.me/e/20/gkpj)
2024-10-24T16:16:26.289414+0100 INFO 138147300116160 Row inserted successfully into tags.
2024-10-24T16:16:26.295792+0100 INFO 138147440625344 Row inserted successfully into quotes_tags_link.
2024-10-24T16:16:26.304703+0100 INFO 138147321087680 Row inserted successfully into quotes_tags_link.
2024-10-24T16:16:26.312876+0100 INFO 138147472082624 Row inserted successfully into tags.
2024-10-24T16:16:26.320442+0100 INFO 138147310601920 Row inserted successfully into tags.
2024-10-24T16:16:26.321477+0100 INFO 138147461596864 Row inserted successfully into tags.
2024-10-24T16:16:26.327832+0100 ERROR 138147300116160 Integrity error (probably normal behaviour): (pymysql.err.IntegrityError) (1062, "Duplicate entry 'George R.R. Martin' for key 'authors.PRIMARY'")
[SQL: INSERT INTO authors (author, about) VALUES (%(author)s, %(about)s)]
[parameters: {'author': 'George R.R. Martin', 'about': '/author/George-R-R-Martin'}]
(Background on this error at: https://sqlalche.me/e/20/gkpj)
2024-10-24T16:16:26.329697+0100 ERROR 138147342059200 Integrity error (probably normal behaviour): (pymysql.err.IntegrityError) (1062, "Duplicate entry 'yourself' for key 'tags.PRIMARY'")
[SQL: INSERT INTO tags (tag) VALUES (%(tag)s)]
[parameters: {'tag': 'yourself'}]
(Background on this error at: https://sqlalche.me/e/20/gkpj)
2024-10-24T16:16:26.345847+0100 ERROR 138147321087680 Integrity error (probably normal behaviour): (pymysql.err.IntegrityError) (1062, "Duplicate entry 'humor' for key 'tags.PRIMARY'")
[SQL: INSERT INTO tags (tag) VALUES (%(tag)s)]
[parameters: {'tag': 'humor'}]
(Background on this error at: https://sqlalche.me/e/20/gkpj)
2024-10-24T16:16:26.353455+0100 ERROR 138147472082624 Integrity error (probably normal behaviour): (pymysql.err.IntegrityError) (1062, "Duplicate entry 'Eleanor Roosevelt' for key 'authors.PRIMARY'")
[SQL: INSERT INTO authors (author, about) VALUES (%(author)s, %(about)s)]
[parameters: {'author': 'Eleanor Roosevelt', 'about': '/author/Eleanor-Roosevelt'}]
(Background on this error at: https://sqlalche.me/e/20/gkpj)
2024-10-24T16:16:26.355246+0100 ERROR 138147310601920 Integrity error (probably normal behaviour): (pymysql.err.IntegrityError) (1062, "Duplicate entry 'C.S. Lewis' for key 'authors.PRIMARY'")
[SQL: INSERT INTO authors (author, about) VALUES (%(author)s, %(about)s)]
[parameters: {'author': 'C.S. Lewis', 'about': '/author/C-S-Lewis'}]
(Background on this error at: https://sqlalche.me/e/20/gkpj)
2024-10-24T16:16:26.359838+0100 INFO 138147300116160 Row inserted successfully into quotes.
2024-10-24T16:16:26.383354+0100 INFO 138147461596864 Row inserted successfully into tags.
2024-10-24T16:16:26.391941+0100 INFO 138147342059200 Row inserted successfully into authors.
2024-10-24T16:16:26.394830+0100 INFO 138147321087680 Row inserted successfully into tags.
2024-10-24T16:16:26.398465+0100 INFO 138147472082624 Row inserted successfully into quotes.
2024-10-24T16:16:26.407833+0100 INFO 138147300116160 Row inserted successfully into quotes_tags_link.
2024-10-24T16:16:26.411107+0100 INFO 138147310601920 Row inserted successfully into quotes.
2024-10-24T16:16:26.419262+0100 INFO 138147461596864 Row inserted successfully into authors.
2024-10-24T16:16:26.423786+0100 INFO 138147342059200 Row inserted successfully into quotes.
2024-10-24T16:16:26.437676+0100 INFO 138147321087680 Row inserted successfully into authors.
2024-10-24T16:16:26.443505+0100 INFO 138147472082624 Row inserted successfully into quotes_tags_link.
2024-10-24T16:16:26.451730+0100 INFO 138147310601920 Row inserted successfully into quotes_tags_link.
2024-10-24T16:16:26.461780+0100 INFO 138147461596864 Row inserted successfully into quotes.
2024-10-24T16:16:26.468875+0100 INFO 138147342059200 Row inserted successfully into quotes_tags_link.
2024-10-24T16:16:26.479058+0100 ERROR 138147472082624 Integrity error (probably normal behaviour): (pymysql.err.IntegrityError) (1062, "Duplicate entry 'humor' for key 'tags.PRIMARY'")
[SQL: INSERT INTO tags (tag) VALUES (%(tag)s)]
[parameters: {'tag': 'humor'}]
(Background on this error at: https://sqlalche.me/e/20/gkpj)
2024-10-24T16:16:26.482960+0100 INFO 138147321087680 Row inserted successfully into quotes.
2024-10-24T16:16:26.487774+0100 INFO 138147461596864 Row inserted successfully into quotes_tags_link.
2024-10-24T16:16:26.507355+0100 ERROR 138147461596864 Integrity error (probably normal behaviour): (pymysql.err.IntegrityError) (1062, "Duplicate entry 'books' for key 'tags.PRIMARY'")
[SQL: INSERT INTO tags (tag) VALUES (%(tag)s)]
[parameters: {'tag': 'books'}]
(Background on this error at: https://sqlalche.me/e/20/gkpj)
2024-10-24T16:16:26.510399+0100 INFO 138147472082624 Row inserted successfully into tags.
2024-10-24T16:16:26.515446+0100 INFO 138147321087680 Row inserted successfully into quotes_tags_link.
2024-10-24T16:16:26.533889+0100 INFO 138147461596864 Row inserted successfully into tags.
2024-10-24T16:16:26.537876+0100 ERROR 138147472082624 Integrity error (probably normal behaviour): (pymysql.err.IntegrityError) (1062, "Duplicate entry 'simile' for key 'tags.PRIMARY'")
[SQL: INSERT INTO tags (tag) VALUES (%(tag)s)]
[parameters: {'tag': 'simile'}]
(Background on this error at: https://sqlalche.me/e/20/gkpj)
2024-10-24T16:16:26.540372+0100 ERROR 138147321087680 Integrity error (probably normal behaviour): (pymysql.err.IntegrityError) (1062, "Duplicate entry '' for key 'tags.PRIMARY'")
[SQL: INSERT INTO tags (tag) VALUES (%(tag)s)]
[parameters: {'tag': ''}]
(Background on this error at: https://sqlalche.me/e/20/gkpj)
2024-10-24T16:16:26.554732+0100 ERROR 138147461596864 Integrity error (probably normal behaviour): (pymysql.err.IntegrityError) (1062, "Duplicate entry 'friends' for key 'tags.PRIMARY'")
[SQL: INSERT INTO tags (tag) VALUES (%(tag)s)]
[parameters: {'tag': 'friends'}]
(Background on this error at: https://sqlalche.me/e/20/gkpj)
2024-10-24T16:16:26.563671+0100 INFO 138147472082624 Row inserted successfully into authors.
2024-10-24T16:16:26.569765+0100 INFO 138147321087680 Row inserted successfully into authors.
2024-10-24T16:16:26.572213+0100 ERROR 138147461596864 Integrity error (probably normal behaviour): (pymysql.err.IntegrityError) (1062, "Duplicate entry 'friendship' for key 'tags.PRIMARY'")
[SQL: INSERT INTO tags (tag) VALUES (%(tag)s)]
[parameters: {'tag': 'friendship'}]
(Background on this error at: https://sqlalche.me/e/20/gkpj)
2024-10-24T16:16:26.586240+0100 INFO 138147472082624 Row inserted successfully into quotes.
2024-10-24T16:16:26.589351+0100 ERROR 138147461596864 Integrity error (probably normal behaviour): (pymysql.err.IntegrityError) (1062, "Duplicate entry 'life' for key 'tags.PRIMARY'")
[SQL: INSERT INTO tags (tag) VALUES (%(tag)s)]
[parameters: {'tag': 'life'}]
(Background on this error at: https://sqlalche.me/e/20/gkpj)
2024-10-24T16:16:26.592222+0100 INFO 138147321087680 Row inserted successfully into quotes.
2024-10-24T16:16:26.614872+0100 INFO 138147472082624 Row inserted successfully into quotes_tags_link.
2024-10-24T16:16:26.617430+0100 ERROR 138147461596864 Integrity error (probably normal behaviour): (pymysql.err.IntegrityError) (1062, "Duplicate entry 'Mark Twain' for key 'authors.PRIMARY'")
[SQL: INSERT INTO authors (author, about) VALUES (%(author)s, %(about)s)]
[parameters: {'author': 'Mark Twain', 'about': '/author/Mark-Twain'}]
(Background on this error at: https://sqlalche.me/e/20/gkpj)
2024-10-24T16:16:26.622667+0100 INFO 138147321087680 Row inserted successfully into quotes_tags_link.
2024-10-24T16:16:26.634756+0100 ERROR 138147321087680 Integrity error (probably normal behaviour): (pymysql.err.IntegrityError) (1062, "Duplicate entry 'books' for key 'tags.PRIMARY'")
[SQL: INSERT INTO tags (tag) VALUES (%(tag)s)]
[parameters: {'tag': 'books'}]
(Background on this error at: https://sqlalche.me/e/20/gkpj)
2024-10-24T16:16:26.637071+0100 INFO 138147461596864 Row inserted successfully into quotes.
2024-10-24T16:16:26.649593+0100 ERROR 138147321087680 Integrity error (probably normal behaviour): (pymysql.err.IntegrityError) (1062, "Duplicate entry 'classic' for key 'tags.PRIMARY'")
[SQL: INSERT INTO tags (tag) VALUES (%(tag)s)]
[parameters: {'tag': 'classic'}]
(Background on this error at: https://sqlalche.me/e/20/gkpj)
2024-10-24T16:16:26.655544+0100 INFO 138147461596864 Row inserted successfully into quotes_tags_link.
2024-10-24T16:16:26.662148+0100 ERROR 138147321087680 Integrity error (probably normal behaviour): (pymysql.err.IntegrityError) (1062, "Duplicate entry 'reading' for key 'tags.PRIMARY'")
[SQL: INSERT INTO tags (tag) VALUES (%(tag)s)]
[parameters: {'tag': 'reading'}]
(Background on this error at: https://sqlalche.me/e/20/gkpj)
2024-10-24T16:16:26.673130+0100 ERROR 138147321087680 Integrity error (probably normal behaviour): (pymysql.err.IntegrityError) (1062, "Duplicate entry 'Mark Twain' for key 'authors.PRIMARY'")
[SQL: INSERT INTO authors (author, about) VALUES (%(author)s, %(about)s)]
[parameters: {'author': 'Mark Twain', 'about': '/author/Mark-Twain'}]
(Background on this error at: https://sqlalche.me/e/20/gkpj)
2024-10-24T16:16:26.675015+0100 INFO 138147461596864 Row inserted successfully into tags.
2024-10-24T16:16:26.689349+0100 ERROR 138147461596864 Integrity error (probably normal behaviour): (pymysql.err.IntegrityError) (1062, "Duplicate entry 'life' for key 'tags.PRIMARY'")
[SQL: INSERT INTO tags (tag) VALUES (%(tag)s)]
[parameters: {'tag': 'life'}]
(Background on this error at: https://sqlalche.me/e/20/gkpj)
2024-10-24T16:16:26.698270+0100 INFO 138147321087680 Row inserted successfully into quotes.
2024-10-24T16:16:26.708756+0100 INFO 138147461596864 Row inserted successfully into tags.
2024-10-24T16:16:26.715177+0100 INFO 138147321087680 Row inserted successfully into quotes_tags_link.
2024-10-24T16:16:26.726313+0100 INFO 138147461596864 Row inserted successfully into tags.
2024-10-24T16:16:26.740587+0100 INFO 138147461596864 Row inserted successfully into tags.
2024-10-24T16:16:26.755469+0100 INFO 138147461596864 Row inserted successfully into authors.
2024-10-24T16:16:26.773168+0100 INFO 138147461596864 Row inserted successfully into quotes.
2024-10-24T16:16:26.788506+0100 INFO 138147461596864 Row inserted successfully into quotes_tags_link.
2024-10-24T16:16:27.423561+0100 INFO 138147140732608 Successfully fetched the page
2024-10-24T16:16:27.430896+0100 INFO 138147321087680 Successfully fetched the page
2024-10-24T16:16:27.432782+0100 INFO 138147130246848 Successfully fetched the page
2024-10-24T16:16:27.434942+0100 INFO 138147472082624 Successfully fetched the page
2024-10-24T16:16:27.443709+0100 INFO 138147300116160 Successfully fetched the page
2024-10-24T16:16:27.445155+0100 INFO 138147440625344 Successfully fetched the page
2024-10-24T16:16:27.457574+0100 INFO 138147461596864 Successfully fetched the page
2024-10-24T16:16:27.477504+0100 INFO 138147310601920 Successfully fetched the page
2024-10-24T16:16:27.479224+0100 INFO 138147352544960 Successfully fetched the page
2024-10-24T16:16:27.480783+0100 INFO 138147342059200 Successfully fetched the page
2024-10-24T16:16:27.524764+0100 INFO 138147331573440 Successfully fetched the page
2024-10-24T16:16:27.568048+0100 INFO 138147130246848 Row for Elie Wiesel updated successfully.
2024-10-24T16:16:27.586572+0100 INFO 138147140732608 Row for Douglas Adams updated successfully.
2024-10-24T16:16:27.614490+0100 INFO 138147461596864 Row for Albert Einstein updated successfully.
2024-10-24T16:16:27.633329+0100 INFO 138147151218368 Successfully fetched the page
2024-10-24T16:16:27.667822+0100 INFO 138147440625344 Row for Andr Gide updated successfully.
2024-10-24T16:16:27.688320+0100 INFO 138147352544960 Row for Thomas A. Edison updated successfully.
2024-10-24T16:16:27.713662+0100 INFO 138147300116160 Row for Bob Marley updated successfully.
2024-10-24T16:16:27.735610+0100 INFO 138147321087680 Row for J.K. Rowling updated successfully.
2024-10-24T16:16:27.764635+0100 INFO 138147472082624 Row for Jane Austen updated successfully.
2024-10-24T16:16:27.772347+0100 INFO 138147331573440 Row for Eleanor Roosevelt updated successfully.
2024-10-24T16:16:27.782575+0100 INFO 138147151218368 Row for Dr. Seuss updated successfully.
2024-10-24T16:16:27.812372+0100 INFO 138147342059200 Row for Marilyn Monroe updated successfully.
2024-10-24T16:16:27.818339+0100 INFO 138147310601920 Row for Steve Martin updated successfully.
2024-10-24T16:16:28.291699+0100 INFO 138147130246848 Successfully fetched the page
2024-10-24T16:16:28.294172+0100 INFO 138147140732608 Successfully fetched the page
2024-10-24T16:16:28.301210+0100 INFO 138147440625344 Successfully fetched the page
2024-10-24T16:16:28.307571+0100 INFO 138147461596864 Successfully fetched the page
2024-10-24T16:16:28.359004+0100 INFO 138147130246848 Row for Friedrich Nietzsche updated successfully.
2024-10-24T16:16:28.363760+0100 INFO 138147440625344 Row for Pablo Neruda updated successfully.
2024-10-24T16:16:28.365458+0100 INFO 138147140732608 Row for Mark Twain updated successfully.
2024-10-24T16:16:28.374129+0100 INFO 138147461596864 Row for Allen Saunders updated successfully.
2024-10-24T16:16:28.385665+0100 INFO 138147300116160 Successfully fetched the page
2024-10-24T16:16:28.394908+0100 INFO 138147352544960 Successfully fetched the page
2024-10-24T16:16:28.421523+0100 INFO 138147342059200 Successfully fetched the page
2024-10-24T16:16:28.429332+0100 INFO 138147321087680 Successfully fetched the page
2024-10-24T16:16:28.431733+0100 INFO 138147151218368 Successfully fetched the page
2024-10-24T16:16:28.434243+0100 INFO 138147472082624 Successfully fetched the page
2024-10-24T16:16:28.435926+0100 INFO 138147331573440 Successfully fetched the page
2024-10-24T16:16:28.439255+0100 INFO 138147300116160 Row for Mother Teresa updated successfully.
2024-10-24T16:16:28.461499+0100 INFO 138147352544960 Row for Ralph Waldo Emerson updated successfully.
2024-10-24T16:16:28.485487+0100 INFO 138147310601920 Successfully fetched the page
2024-10-24T16:16:28.533690+0100 INFO 138147342059200 Row for Jorge Luis Borges updated successfully.
2024-10-24T16:16:28.560299+0100 INFO 138147472082624 Row for Jim Henson updated successfully.
2024-10-24T16:16:28.568675+0100 INFO 138147321087680 Row for Garrison Keillor updated successfully.
2024-10-24T16:16:28.578369+0100 INFO 138147151218368 Row for William Nicholson updated successfully.
2024-10-24T16:16:28.588667+0100 INFO 138147331573440 Row for Charles M. Schulz updated successfully.
2024-10-24T16:16:28.604320+0100 INFO 138147310601920 Row for George Eliot updated successfully.
2024-10-24T16:16:29.026950+0100 INFO 138147130246848 Successfully fetched the page
2024-10-24T16:16:29.028785+0100 INFO 138147440625344 Successfully fetched the page
2024-10-24T16:16:29.030618+0100 INFO 138147461596864 Successfully fetched the page
2024-10-24T16:16:29.032118+0100 INFO 138147140732608 Successfully fetched the page
2024-10-24T16:16:29.086816+0100 INFO 138147130246848 Row for George R.R. Martin updated successfully.
2024-10-24T16:16:29.094583+0100 INFO 138147461596864 Row for James Baldwin updated successfully.
2024-10-24T16:16:29.096573+0100 INFO 138147352544960 Successfully fetched the page
2024-10-24T16:16:29.105736+0100 INFO 138147300116160 Successfully fetched the page
2024-10-24T16:16:29.132604+0100 INFO 138147440625344 Row for C.S. Lewis updated successfully.
2024-10-24T16:16:29.137417+0100 INFO 138147140732608 Row for Martin Luther King Jr. updated successfully.
2024-10-24T16:16:29.153624+0100 INFO 138147472082624 Successfully fetched the page
2024-10-24T16:16:29.163537+0100 INFO 138147342059200 Successfully fetched the page
2024-10-24T16:16:29.171524+0100 INFO 138147352544960 Row for Alexandre Dumas fils updated successfully.
2024-10-24T16:16:29.187804+0100 INFO 138147321087680 Successfully fetched the page
2024-10-24T16:16:29.190826+0100 INFO 138147300116160 Row for Haruki Murakami updated successfully.
2024-10-24T16:16:29.204490+0100 INFO 138147310601920 Successfully fetched the page
2024-10-24T16:16:29.243409+0100 INFO 138147472082624 Row for Ernest Hemingway updated successfully.
2024-10-24T16:16:29.252846+0100 INFO 138147321087680 Row for Helen Keller updated successfully.
2024-10-24T16:16:29.255852+0100 INFO 138147331573440 Successfully fetched the page
2024-10-24T16:16:29.260045+0100 INFO 138147151218368 Successfully fetched the page
2024-10-24T16:16:29.260829+0100 INFO 138147342059200 Row for Stephenie Meyer updated successfully.
2024-10-24T16:16:29.275231+0100 INFO 138147310601920 Row for Suzanne Collins updated successfully.
2024-10-24T16:16:29.318631+0100 INFO 138147331573440 Row for Charles Bukowski updated successfully.
2024-10-24T16:16:29.323158+0100 INFO 138147151218368 Row for George Bernard Shaw updated successfully.
2024-10-24T16:16:29.765683+0100 INFO 138147130246848 Successfully fetched the page
2024-10-24T16:16:29.767567+0100 INFO 138147461596864 Successfully fetched the page
2024-10-24T16:16:29.769319+0100 INFO 138147440625344 Successfully fetched the page
2024-10-24T16:16:29.771345+0100 INFO 138147140732608 Successfully fetched the page
2024-10-24T16:16:29.826338+0100 INFO 138147461596864 Row for Alfred Tennyson updated successfully.
2024-10-24T16:16:29.837573+0100 INFO 138147440625344 Row for Terry Pratchett updated successfully.
2024-10-24T16:16:29.847735+0100 INFO 138147130246848 Row for J.R.R. Tolkien updated successfully.
2024-10-24T16:16:29.850172+0100 INFO 138147140732608 Row for J.D. Salinger updated successfully.
2024-10-24T16:16:29.901302+0100 INFO 138147300116160 Successfully fetched the page
2024-10-24T16:16:29.903332+0100 INFO 138147352544960 Successfully fetched the page
2024-10-24T16:16:29.905326+0100 INFO 138147472082624 Successfully fetched the page
2024-10-24T16:16:29.912656+0100 INFO 138147321087680 Successfully fetched the page
2024-10-24T16:16:29.930230+0100 INFO 138147310601920 Successfully fetched the page
2024-10-24T16:16:29.931894+0100 INFO 138147342059200 Successfully fetched the page
2024-10-24T16:16:29.956458+0100 INFO 138147151218368 Successfully fetched the page
2024-10-24T16:16:29.972327+0100 INFO 138147331573440 Successfully fetched the page
2024-10-24T16:16:30.019211+0100 INFO 138147300116160 Row for John Lennon updated successfully.
2024-10-24T16:16:30.057889+0100 INFO 138147472082624 Row for W.C. Fields updated successfully.
2024-10-24T16:16:30.062475+0100 INFO 138147310601920 Row for J.M. Barrie updated successfully.
2024-10-24T16:16:30.066736+0100 INFO 138147321087680 Row for Ayn Rand updated successfully.
2024-10-24T16:16:30.070988+0100 INFO 138147352544960 Row for George Carlin updated successfully.
2024-10-24T16:16:30.098656+0100 INFO 138147342059200 Row for Jimi Hendrix updated successfully.
2024-10-24T16:16:30.100387+0100 INFO 138147331573440 Row for E.E. Cummings updated successfully.
2024-10-24T16:16:30.106562+0100 INFO 138147151218368 Row for Khaled Hosseini updated successfully.
2024-10-24T16:16:30.534275+0100 INFO 138147461596864 Successfully fetched the page
2024-10-24T16:16:30.536106+0100 INFO 138147440625344 Successfully fetched the page
2024-10-24T16:16:30.569797+0100 INFO 138147461596864 Row for Harper Lee updated successfully.
2024-10-24T16:16:30.577804+0100 INFO 138147440625344 Row for Madeleine L'Engle updated successfully.
