2024-10-24T16:09:54.174931+0100 INFO 123192543006848 Ensured data directory exists at /home/daxo/code/scraping_quotes/scraping_quotes/data
2024-10-24T16:09:54.233439+0100 INFO 123192543006848 Created database engine for /home/daxo/code/scraping_quotes/scraping_quotes/data/quotes.db
2024-10-24T16:09:54.306347+0100 INFO 123192543006848 Database schema initialized successfully.
2024-10-24T16:09:54.309687+0100 INFO 123192543006848 Tables in the database: ['TestTable', 'authors', 'quotes', 'quotes_tags_link', 'tags']
2024-10-24T16:09:54.309898+0100 ERROR 123192543006848 Not all required tables were created.
2024-10-24T16:09:54.321536+0100 INFO 123192543006848 Database schema initialized successfully.
2024-10-24T16:09:54.323800+0100 INFO 123192543006848 Tables in the database: ['TestTable', 'authors', 'quotes', 'quotes_tags_link', 'tags']
2024-10-24T16:09:54.323956+0100 ERROR 123192543006848 Not all required tables were created.
2024-10-24T16:09:54.377305+0100 INFO 123192543006848 All tables truncated successfully.
2024-10-24T16:09:54.385226+0100 INFO 123192543006848 Database initialized successfully with new records.
2024-10-24T16:09:54.847858+0100 INFO 123192543006848 Successfully fetched the page
2024-10-24T16:09:55.699115+0100 INFO 123192543006848 Successfully fetched the page
2024-10-24T16:09:56.336311+0100 INFO 123191760520896 Successfully fetched the page
2024-10-24T16:09:56.345091+0100 INFO 123191771006656 Successfully fetched the page
2024-10-24T16:09:56.381495+0100 INFO 123191661954752 Successfully fetched the page
2024-10-24T16:09:56.383601+0100 INFO 123191791978176 Successfully fetched the page
2024-10-24T16:09:56.397137+0100 INFO 123191640983232 Successfully fetched the page
2024-10-24T16:09:56.398770+0100 INFO 123191672440512 Successfully fetched the page
2024-10-24T16:09:56.400346+0100 INFO 123191620011712 Successfully fetched the page
2024-10-24T16:09:56.410144+0100 INFO 123191651468992 Successfully fetched the page
2024-10-24T16:09:56.424167+0100 INFO 123191630497472 Successfully fetched the page
2024-10-24T16:09:56.499778+0100 INFO 123191781492416 Successfully fetched the page
2024-10-24T16:09:56.725463+0100 INFO 123191760520896 Row inserted successfully into tags.
2024-10-24T16:09:56.760951+0100 INFO 123191771006656 Row inserted successfully into tags.
2024-10-24T16:09:56.786961+0100 INFO 123191791978176 Row inserted successfully into tags.
2024-10-24T16:09:56.809204+0100 INFO 123191661954752 Row inserted successfully into tags.
2024-10-24T16:09:56.815770+0100 INFO 123191771006656 Row inserted successfully into tags.
2024-10-24T16:09:56.816539+0100 INFO 123191620011712 Row inserted successfully into tags.
2024-10-24T16:09:56.819900+0100 INFO 123191760520896 Row inserted successfully into tags.
2024-10-24T16:09:56.830070+0100 INFO 123191672440512 Row inserted successfully into tags.
2024-10-24T16:09:56.841731+0100 INFO 123191791978176 Row inserted successfully into tags.
2024-10-24T16:09:56.853366+0100 INFO 123191781492416 Row inserted successfully into tags.
2024-10-24T16:09:56.859900+0100 INFO 123191630497472 Row inserted successfully into tags.
2024-10-24T16:09:56.880459+0100 INFO 123191651468992 Row inserted successfully into tags.
2024-10-24T16:09:56.884177+0100 INFO 123191771006656 Row inserted successfully into authors.
2024-10-24T16:09:56.897825+0100 INFO 123191620011712 Row inserted successfully into authors.
2024-10-24T16:09:56.903904+0100 INFO 123191791978176 Row inserted successfully into tags.
2024-10-24T16:09:56.916236+0100 INFO 123191781492416 Row inserted successfully into tags.
2024-10-24T16:09:56.916863+0100 INFO 123191672440512 Row inserted successfully into tags.
2024-10-24T16:09:56.918211+0100 INFO 123191760520896 Row inserted successfully into tags.
2024-10-24T16:09:56.922345+0100 INFO 123191640983232 Row inserted successfully into authors.
2024-10-24T16:09:56.924136+0100 INFO 123191661954752 Row inserted successfully into authors.
2024-10-24T16:09:56.940966+0100 INFO 123191771006656 Row inserted successfully into quotes.
2024-10-24T16:09:56.948768+0100 INFO 123191630497472 Row inserted successfully into authors.
2024-10-24T16:09:56.955457+0100 INFO 123191620011712 Row inserted successfully into quotes.
2024-10-24T16:09:56.961846+0100 INFO 123191781492416 Row inserted successfully into tags.
2024-10-24T16:09:56.962480+0100 INFO 123191791978176 Row inserted successfully into tags.
2024-10-24T16:09:56.971004+0100 INFO 123191651468992 Row inserted successfully into authors.
2024-10-24T16:09:56.992781+0100 INFO 123191760520896 Row inserted successfully into authors.
2024-10-24T16:09:56.993463+0100 INFO 123191640983232 Row inserted successfully into quotes.
2024-10-24T16:09:57.006141+0100 INFO 123191781492416 Row inserted successfully into tags.
2024-10-24T16:09:57.012256+0100 INFO 123191661954752 Row inserted successfully into quotes.
2024-10-24T16:09:57.029676+0100 INFO 123191672440512 Row inserted successfully into tags.
2024-10-24T16:09:57.033494+0100 INFO 123191630497472 Row inserted successfully into quotes.
2024-10-24T16:09:57.041920+0100 INFO 123191771006656 Row inserted successfully into quotes_tags_link.
2024-10-24T16:09:57.043679+0100 INFO 123191620011712 Row inserted successfully into quotes_tags_link.
2024-10-24T16:09:57.056872+0100 INFO 123191651468992 Row inserted successfully into quotes.
2024-10-24T16:09:57.073125+0100 INFO 123191760520896 Row inserted successfully into quotes.
2024-10-24T16:09:57.085365+0100 INFO 123191672440512 Row inserted successfully into authors.
2024-10-24T16:09:57.086788+0100 INFO 123191630497472 Row inserted successfully into quotes_tags_link.
2024-10-24T16:09:57.087326+0100 INFO 123191640983232 Row inserted successfully into quotes_tags_link.
2024-10-24T16:09:57.090802+0100 INFO 123191661954752 Row inserted successfully into quotes_tags_link.
2024-10-24T16:09:57.095196+0100 INFO 123191791978176 Row inserted successfully into quotes.
2024-10-24T16:09:57.118844+0100 INFO 123191620011712 Row inserted successfully into tags.
2024-10-24T16:09:57.123978+0100 INFO 123191651468992 Row inserted successfully into quotes_tags_link.
2024-10-24T16:09:57.126147+0100 INFO 123191771006656 Row inserted successfully into tags.
2024-10-24T16:09:57.143277+0100 INFO 123191672440512 Row inserted successfully into quotes.
2024-10-24T16:09:57.161654+0100 INFO 123191661954752 Row inserted successfully into tags.
2024-10-24T16:09:57.166467+0100 INFO 123191760520896 Row inserted successfully into quotes_tags_link.
2024-10-24T16:09:57.168779+0100 INFO 123191781492416 Row inserted successfully into tags.
2024-10-24T16:09:57.188979+0100 INFO 123191640983232 Row inserted successfully into tags.
2024-10-24T16:09:57.200571+0100 INFO 123191771006656 Row inserted successfully into authors.
2024-10-24T16:09:57.207422+0100 INFO 123191651468992 Row inserted successfully into tags.
2024-10-24T16:09:57.209018+0100 INFO 123191791978176 Row inserted successfully into quotes_tags_link.
2024-10-24T16:09:57.214855+0100 INFO 123191661954752 Row inserted successfully into tags.
2024-10-24T16:09:57.216287+0100 INFO 123191672440512 Row inserted successfully into quotes_tags_link.
2024-10-24T16:09:57.222065+0100 INFO 123191760520896 Row inserted successfully into tags.
2024-10-24T16:09:57.247405+0100 INFO 123191781492416 Row inserted successfully into authors.
2024-10-24T16:09:57.254854+0100 INFO 123191620011712 Row inserted successfully into authors.
2024-10-24T16:09:57.263886+0100 INFO 123191771006656 Row inserted successfully into quotes.
2024-10-24T16:09:57.268668+0100 INFO 123191791978176 Row inserted successfully into tags.
2024-10-24T16:09:57.275834+0100 INFO 123191661954752 Row inserted successfully into tags.
2024-10-24T16:09:57.281165+0100 INFO 123191651468992 Row inserted successfully into authors.
2024-10-24T16:09:57.307019+0100 INFO 123191672440512 Row inserted successfully into tags.
2024-10-24T16:09:57.308857+0100 INFO 123191630497472 Row inserted successfully into tags.
2024-10-24T16:09:57.325784+0100 INFO 123191771006656 Row inserted successfully into quotes_tags_link.
2024-10-24T16:09:57.332143+0100 INFO 123191781492416 Row inserted successfully into quotes.
2024-10-24T16:09:57.340485+0100 INFO 123191661954752 Row inserted successfully into authors.
2024-10-24T16:09:57.342407+0100 INFO 123191620011712 Row inserted successfully into quotes.
2024-10-24T16:09:57.344560+0100 INFO 123191640983232 Row inserted successfully into quotes.
2024-10-24T16:09:57.360761+0100 INFO 123191791978176 Row inserted successfully into tags.
2024-10-24T16:09:57.361403+0100 INFO 123191651468992 Row inserted successfully into quotes.
2024-10-24T16:09:57.365486+0100 INFO 123191630497472 Row inserted successfully into tags.
2024-10-24T16:09:57.379251+0100 INFO 123191771006656 Row inserted successfully into tags.
2024-10-24T16:09:57.397215+0100 INFO 123191781492416 Row inserted successfully into quotes_tags_link.
2024-10-24T16:09:57.401053+0100 INFO 123191661954752 Row inserted successfully into quotes.
2024-10-24T16:09:57.407890+0100 INFO 123191651468992 Row inserted successfully into quotes_tags_link.
2024-10-24T16:09:57.414037+0100 INFO 123191640983232 Row inserted successfully into quotes_tags_link.
2024-10-24T16:09:57.420377+0100 INFO 123191620011712 Row inserted successfully into quotes_tags_link.
2024-10-24T16:09:57.432249+0100 INFO 123191771006656 Row inserted successfully into authors.
2024-10-24T16:09:57.435454+0100 INFO 123191760520896 Row inserted successfully into quotes.
2024-10-24T16:09:57.466963+0100 INFO 123191781492416 Row inserted successfully into tags.
2024-10-24T16:09:57.486177+0100 INFO 123191672440512 Row inserted successfully into tags.
2024-10-24T16:09:57.487574+0100 INFO 123191791978176 Row inserted successfully into quotes.
2024-10-24T16:09:57.489777+0100 INFO 123191661954752 Row inserted successfully into quotes_tags_link.
2024-10-24T16:09:57.505188+0100 INFO 123191771006656 Row inserted successfully into quotes.
2024-10-24T16:09:57.509494+0100 INFO 123191630497472 Row inserted successfully into quotes.
2024-10-24T16:09:57.512483+0100 INFO 123191620011712 Row inserted successfully into tags.
2024-10-24T16:09:57.522677+0100 INFO 123191760520896 Row inserted successfully into quotes_tags_link.
2024-10-24T16:09:57.538589+0100 INFO 123191640983232 Row inserted successfully into tags.
2024-10-24T16:09:57.539527+0100 INFO 123191791978176 Row inserted successfully into quotes_tags_link.
2024-10-24T16:09:57.551243+0100 INFO 123191672440512 Row inserted successfully into authors.
2024-10-24T16:09:57.588159+0100 INFO 123191630497472 Row inserted successfully into quotes_tags_link.
2024-10-24T16:09:57.601143+0100 INFO 123191771006656 Row inserted successfully into quotes_tags_link.
2024-10-24T16:09:57.639076+0100 INFO 123191620011712 Row inserted successfully into authors.
2024-10-24T16:09:57.644771+0100 INFO 123191672440512 Row inserted successfully into quotes.
2024-10-24T16:09:57.650698+0100 INFO 123191651468992 Row inserted successfully into quotes.
2024-10-24T16:09:57.667994+0100 INFO 123191630497472 Row inserted successfully into tags.
2024-10-24T16:09:57.673370+0100 INFO 123191640983232 Row inserted successfully into authors.
2024-10-24T16:09:57.689658+0100 INFO 123191760520896 Row inserted successfully into authors.
2024-10-24T16:09:57.697959+0100 INFO 123191661954752 Row inserted successfully into quotes.
2024-10-24T16:09:57.701836+0100 INFO 123191781492416 Row inserted successfully into quotes.
2024-10-24T16:09:57.702321+0100 INFO 123191620011712 Row inserted successfully into quotes.
2024-10-24T16:09:57.704486+0100 INFO 123191672440512 Row inserted successfully into quotes_tags_link.
2024-10-24T16:09:57.709598+0100 INFO 123191651468992 Row inserted successfully into quotes_tags_link.
2024-10-24T16:09:57.719614+0100 INFO 123191771006656 Row inserted successfully into tags.
2024-10-24T16:09:57.739508+0100 INFO 123191791978176 Row inserted successfully into tags.
2024-10-24T16:09:57.744671+0100 INFO 123191640983232 Row inserted successfully into quotes.
2024-10-24T16:09:57.754012+0100 INFO 123191760520896 Row inserted successfully into quotes.
2024-10-24T16:09:57.759557+0100 INFO 123191661954752 Row inserted successfully into quotes_tags_link.
2024-10-24T16:09:57.766284+0100 INFO 123191620011712 Row inserted successfully into quotes_tags_link.
2024-10-24T16:09:57.773107+0100 INFO 123191672440512 Row inserted successfully into tags.
2024-10-24T16:09:57.791997+0100 INFO 123191781492416 Row inserted successfully into quotes_tags_link.
2024-10-24T16:09:57.797178+0100 INFO 123191771006656 Row inserted successfully into authors.
2024-10-24T16:09:57.802397+0100 INFO 123191630497472 Row inserted successfully into quotes.
2024-10-24T16:09:57.817850+0100 INFO 123191791978176 Row inserted successfully into tags.
2024-10-24T16:09:57.818677+0100 INFO 123191640983232 Row inserted successfully into quotes_tags_link.
2024-10-24T16:09:57.831834+0100 INFO 123191760520896 Row inserted successfully into quotes_tags_link.
2024-10-24T16:09:57.848534+0100 INFO 123191661954752 Row inserted successfully into tags.
2024-10-24T16:09:57.868432+0100 INFO 123191781492416 Row inserted successfully into tags.
2024-10-24T16:09:57.873736+0100 INFO 123191771006656 Row inserted successfully into quotes.
2024-10-24T16:09:57.880374+0100 INFO 123191672440512 Row inserted successfully into quotes.
2024-10-24T16:09:57.888600+0100 INFO 123191791978176 Row inserted successfully into tags.
2024-10-24T16:09:57.907284+0100 INFO 123191630497472 Row inserted successfully into quotes_tags_link.
2024-10-24T16:09:57.911112+0100 INFO 123191620011712 Row inserted successfully into authors.
2024-10-24T16:09:57.916303+0100 INFO 123191760520896 Row inserted successfully into tags.
2024-10-24T16:09:57.929040+0100 INFO 123191640983232 Row inserted successfully into tags.
2024-10-24T16:09:57.936647+0100 INFO 123191781492416 Row inserted successfully into tags.
2024-10-24T16:09:57.938996+0100 INFO 123191771006656 Row inserted successfully into quotes_tags_link.
2024-10-24T16:09:57.963519+0100 INFO 123191651468992 Row inserted successfully into quotes.
2024-10-24T16:09:57.967516+0100 INFO 123191672440512 Row inserted successfully into quotes_tags_link.
2024-10-24T16:09:57.977869+0100 INFO 123191760520896 Row inserted successfully into tags.
2024-10-24T16:09:57.984046+0100 INFO 123191620011712 Row inserted successfully into quotes.
2024-10-24T16:09:58.011822+0100 INFO 123191661954752 Row inserted successfully into quotes.
2024-10-24T16:09:58.040757+0100 INFO 123191791978176 Row inserted successfully into quotes.
2024-10-24T16:09:58.044377+0100 INFO 123191651468992 Row inserted successfully into quotes_tags_link.
2024-10-24T16:09:58.045947+0100 INFO 123191640983232 Row inserted successfully into quotes.
2024-10-24T16:09:58.046661+0100 INFO 123191630497472 Row inserted successfully into tags.
2024-10-24T16:09:58.054762+0100 INFO 123191781492416 Row inserted successfully into quotes.
2024-10-24T16:09:58.058735+0100 INFO 123191620011712 Row inserted successfully into quotes_tags_link.
2024-10-24T16:09:58.064575+0100 INFO 123191771006656 Row inserted successfully into authors.
2024-10-24T16:09:58.077865+0100 INFO 123191672440512 Row inserted successfully into tags.
2024-10-24T16:09:58.091445+0100 INFO 123191661954752 Row inserted successfully into quotes_tags_link.
2024-10-24T16:09:58.098846+0100 INFO 123191651468992 Row inserted successfully into tags.
2024-10-24T16:09:58.118798+0100 INFO 123191760520896 Row inserted successfully into quotes.
2024-10-24T16:09:58.129849+0100 INFO 123191781492416 Row inserted successfully into quotes_tags_link.
2024-10-24T16:09:58.142981+0100 INFO 123191791978176 Row inserted successfully into quotes_tags_link.
2024-10-24T16:09:58.155194+0100 INFO 123191651468992 Row inserted successfully into tags.
2024-10-24T16:09:58.156436+0100 INFO 123191640983232 Row inserted successfully into quotes_tags_link.
2024-10-24T16:09:58.163642+0100 INFO 123191771006656 Row inserted successfully into quotes.
2024-10-24T16:09:58.180357+0100 INFO 123191620011712 Row inserted successfully into authors.
2024-10-24T16:09:58.189458+0100 INFO 123191760520896 Row inserted successfully into quotes_tags_link.
2024-10-24T16:09:58.201807+0100 INFO 123191791978176 Row inserted successfully into tags.
2024-10-24T16:09:58.225049+0100 INFO 123191651468992 Row inserted successfully into tags.
2024-10-24T16:09:58.229298+0100 INFO 123191640983232 Row inserted successfully into tags.
2024-10-24T16:09:58.249487+0100 INFO 123191630497472 Row inserted successfully into quotes.
2024-10-24T16:09:58.250909+0100 INFO 123191771006656 Row inserted successfully into quotes_tags_link.
2024-10-24T16:09:58.253134+0100 INFO 123191620011712 Row inserted successfully into quotes.
2024-10-24T16:09:58.263885+0100 INFO 123191661954752 Row inserted successfully into tags.
2024-10-24T16:09:58.283523+0100 INFO 123191672440512 Row inserted successfully into quotes.
2024-10-24T16:09:58.300077+0100 INFO 123191651468992 Row inserted successfully into tags.
2024-10-24T16:09:58.305564+0100 INFO 123191620011712 Row inserted successfully into quotes_tags_link.
2024-10-24T16:09:58.308772+0100 INFO 123191661954752 Row inserted successfully into authors.
2024-10-24T16:09:58.340487+0100 INFO 123191672440512 Row inserted successfully into quotes_tags_link.
2024-10-24T16:09:58.342316+0100 INFO 123191781492416 Row inserted successfully into quotes.
2024-10-24T16:09:58.348018+0100 INFO 123191651468992 Row inserted successfully into tags.
2024-10-24T16:09:58.358167+0100 INFO 123191771006656 Row inserted successfully into tags.
2024-10-24T16:09:58.362347+0100 INFO 123191640983232 Row inserted successfully into tags.
2024-10-24T16:09:58.364913+0100 INFO 123191630497472 Row inserted successfully into quotes_tags_link.
2024-10-24T16:09:58.365817+0100 INFO 123191791978176 Row inserted successfully into tags.
2024-10-24T16:09:58.369331+0100 INFO 123191661954752 Row inserted successfully into quotes.
2024-10-24T16:09:58.372423+0100 INFO 123191620011712 Row inserted successfully into tags.
2024-10-24T16:09:58.384497+0100 INFO 123191781492416 Row inserted successfully into quotes_tags_link.
2024-10-24T16:09:58.389409+0100 INFO 123191651468992 Row inserted successfully into tags.
2024-10-24T16:09:58.399642+0100 INFO 123191630497472 Row inserted successfully into tags.
2024-10-24T16:09:58.411968+0100 INFO 123191661954752 Row inserted successfully into quotes_tags_link.
2024-10-24T16:09:58.422476+0100 INFO 123191620011712 Row inserted successfully into authors.
2024-10-24T16:09:58.424141+0100 INFO 123191760520896 Row inserted successfully into quotes.
2024-10-24T16:09:58.429790+0100 INFO 123191651468992 Row inserted successfully into authors.
2024-10-24T16:09:58.433927+0100 INFO 123191630497472 Row inserted successfully into tags.
2024-10-24T16:09:58.437988+0100 INFO 123191672440512 Row inserted successfully into tags.
2024-10-24T16:09:58.438412+0100 INFO 123191640983232 Row inserted successfully into tags.
2024-10-24T16:09:58.439721+0100 INFO 123191781492416 Row inserted successfully into tags.
2024-10-24T16:09:58.443724+0100 INFO 123191771006656 Row inserted successfully into tags.
2024-10-24T16:09:58.447549+0100 INFO 123191661954752 Row inserted successfully into tags.
2024-10-24T16:09:58.460612+0100 INFO 123191620011712 Row inserted successfully into quotes.
2024-10-24T16:09:58.469616+0100 INFO 123191760520896 Row inserted successfully into quotes_tags_link.
2024-10-24T16:09:58.470503+0100 INFO 123191672440512 Row inserted successfully into quotes.
2024-10-24T16:09:58.474991+0100 INFO 123191651468992 Row inserted successfully into quotes.
2024-10-24T16:09:58.483761+0100 INFO 123191640983232 Row inserted successfully into authors.
2024-10-24T16:09:58.490627+0100 INFO 123191791978176 Row inserted successfully into quotes.
2024-10-24T16:09:58.491217+0100 INFO 123191661954752 Row inserted successfully into authors.
2024-10-24T16:09:58.500677+0100 INFO 123191630497472 Row inserted successfully into quotes.
2024-10-24T16:09:58.502577+0100 INFO 123191620011712 Row inserted successfully into quotes_tags_link.
2024-10-24T16:09:58.506856+0100 INFO 123191760520896 Row inserted successfully into tags.
2024-10-24T16:09:58.508342+0100 INFO 123191771006656 Row inserted successfully into quotes.
2024-10-24T16:09:58.514493+0100 INFO 123191640983232 Row inserted successfully into quotes.
2024-10-24T16:09:58.517175+0100 INFO 123191651468992 Row inserted successfully into quotes_tags_link.
2024-10-24T16:09:58.519970+0100 INFO 123191791978176 Row inserted successfully into quotes_tags_link.
2024-10-24T16:09:58.523272+0100 INFO 123191781492416 Row inserted successfully into quotes.
2024-10-24T16:09:58.526626+0100 INFO 123191661954752 Row inserted successfully into quotes.
2024-10-24T16:09:58.531872+0100 INFO 123191672440512 Row inserted successfully into quotes_tags_link.
2024-10-24T16:09:58.536636+0100 INFO 123191630497472 Row inserted successfully into quotes_tags_link.
2024-10-24T16:09:58.544690+0100 INFO 123191771006656 Row inserted successfully into quotes_tags_link.
2024-10-24T16:09:58.553279+0100 INFO 123191760520896 Row inserted successfully into tags.
2024-10-24T16:09:58.555942+0100 INFO 123191651468992 Row inserted successfully into tags.
2024-10-24T16:09:58.557980+0100 INFO 123191791978176 Row inserted successfully into tags.
2024-10-24T16:09:58.561633+0100 INFO 123191781492416 Row inserted successfully into quotes_tags_link.
2024-10-24T16:09:58.563018+0100 INFO 123191640983232 Row inserted successfully into quotes_tags_link.
2024-10-24T16:09:58.569767+0100 INFO 123191661954752 Row inserted successfully into quotes_tags_link.
2024-10-24T16:09:58.572598+0100 INFO 123191630497472 Row inserted successfully into tags.
2024-10-24T16:09:58.590106+0100 INFO 123191620011712 Row inserted successfully into tags.
2024-10-24T16:09:58.611252+0100 INFO 123191661954752 Row inserted successfully into tags.
2024-10-24T16:09:58.624413+0100 INFO 123191620011712 Row inserted successfully into tags.
2024-10-24T16:09:58.636866+0100 INFO 123191781492416 Row inserted successfully into tags.
2024-10-24T16:09:58.644254+0100 INFO 123191771006656 Row inserted successfully into tags.
2024-10-24T16:09:58.644641+0100 INFO 123191651468992 Row inserted successfully into quotes.
2024-10-24T16:09:58.646230+0100 INFO 123191640983232 Row inserted successfully into tags.
2024-10-24T16:09:58.646667+0100 INFO 123191760520896 Row inserted successfully into authors.
2024-10-24T16:09:58.647718+0100 INFO 123191672440512 Row inserted successfully into quotes.
2024-10-24T16:09:58.650780+0100 INFO 123191630497472 Row inserted successfully into tags.
2024-10-24T16:09:58.651834+0100 INFO 123191620011712 Row inserted successfully into tags.
2024-10-24T16:09:58.658957+0100 INFO 123191661954752 Row inserted successfully into tags.
2024-10-24T16:09:58.666791+0100 INFO 123191791978176 Row inserted successfully into quotes.
2024-10-24T16:09:58.678033+0100 INFO 123191651468992 Row inserted successfully into quotes_tags_link.
2024-10-24T16:09:58.685148+0100 INFO 123191781492416 Row inserted successfully into authors.
2024-10-24T16:09:58.691739+0100 INFO 123191760520896 Row inserted successfully into quotes.
2024-10-24T16:09:58.694534+0100 INFO 123191672440512 Row inserted successfully into quotes_tags_link.
2024-10-24T16:09:58.698615+0100 INFO 123191630497472 Row inserted successfully into tags.
2024-10-24T16:09:58.701133+0100 INFO 123191640983232 Row inserted successfully into tags.
2024-10-24T16:09:58.712088+0100 INFO 123191620011712 Row inserted successfully into tags.
2024-10-24T16:09:58.716579+0100 INFO 123191760520896 Row inserted successfully into quotes_tags_link.
2024-10-24T16:09:58.719758+0100 INFO 123191771006656 Row inserted successfully into quotes.
2024-10-24T16:09:58.730383+0100 INFO 123191781492416 Row inserted successfully into quotes.
2024-10-24T16:09:58.737356+0100 INFO 123191791978176 Row inserted successfully into quotes_tags_link.
2024-10-24T16:09:58.746662+0100 INFO 123191651468992 Row inserted successfully into tags.
2024-10-24T16:09:58.747305+0100 INFO 123191640983232 Row inserted successfully into tags.
2024-10-24T16:09:58.779321+0100 INFO 123191760520896 Row inserted successfully into tags.
2024-10-24T16:09:58.784870+0100 INFO 123191771006656 Row inserted successfully into quotes_tags_link.
2024-10-24T16:09:58.786773+0100 INFO 123191781492416 Row inserted successfully into quotes_tags_link.
2024-10-24T16:09:58.789624+0100 INFO 123191661954752 Row inserted successfully into authors.
2024-10-24T16:09:58.791928+0100 INFO 123191620011712 Row inserted successfully into tags.
2024-10-24T16:09:58.795590+0100 INFO 123191791978176 Row inserted successfully into tags.
2024-10-24T16:09:58.925844+0100 INFO 123191630497472 Row inserted successfully into quotes.
2024-10-24T16:09:58.928655+0100 INFO 123191640983232 Row inserted successfully into tags.
2024-10-24T16:09:58.929250+0100 INFO 123191781492416 Row inserted successfully into tags.
2024-10-24T16:09:58.938331+0100 INFO 123191651468992 Row inserted successfully into authors.
2024-10-24T16:09:58.953654+0100 INFO 123191661954752 Row inserted successfully into quotes.
2024-10-24T16:09:58.958934+0100 INFO 123191791978176 Row inserted successfully into tags.
2024-10-24T16:09:58.962954+0100 INFO 123191672440512 Row inserted successfully into quotes.
2024-10-24T16:09:58.967322+0100 INFO 123191630497472 Row inserted successfully into quotes_tags_link.
2024-10-24T16:09:58.992412+0100 INFO 123191760520896 Row inserted successfully into authors.
2024-10-24T16:09:59.000214+0100 INFO 123191620011712 Row inserted successfully into authors.
2024-10-24T16:09:59.012921+0100 INFO 123191781492416 Row inserted successfully into tags.
2024-10-24T16:09:59.016277+0100 INFO 123191791978176 Row inserted successfully into tags.
2024-10-24T16:09:59.027445+0100 INFO 123191672440512 Row inserted successfully into quotes_tags_link.
2024-10-24T16:09:59.040233+0100 INFO 123191630497472 Row inserted successfully into tags.
2024-10-24T16:09:59.042105+0100 INFO 123191651468992 Row inserted successfully into quotes.
2024-10-24T16:09:59.045642+0100 INFO 123191661954752 Row inserted successfully into quotes_tags_link.
2024-10-24T16:09:59.049137+0100 INFO 123191760520896 Row inserted successfully into quotes.
2024-10-24T16:09:59.061238+0100 INFO 123191620011712 Row inserted successfully into quotes.
2024-10-24T16:09:59.062651+0100 INFO 123191781492416 Row inserted successfully into tags.
2024-10-24T16:09:59.070951+0100 INFO 123191640983232 Row inserted successfully into authors.
2024-10-24T16:09:59.082515+0100 INFO 123191771006656 Row inserted successfully into quotes.
2024-10-24T16:09:59.121695+0100 INFO 123191672440512 Row inserted successfully into tags.
2024-10-24T16:09:59.125896+0100 INFO 123191760520896 Row inserted successfully into quotes_tags_link.
2024-10-24T16:09:59.134839+0100 INFO 123191640983232 Row inserted successfully into quotes.
2024-10-24T16:09:59.136043+0100 INFO 123191630497472 Row inserted successfully into quotes.
2024-10-24T16:09:59.136462+0100 INFO 123191620011712 Row inserted successfully into quotes_tags_link.
2024-10-24T16:09:59.141310+0100 INFO 123191771006656 Row inserted successfully into quotes_tags_link.
2024-10-24T16:09:59.141839+0100 INFO 123191651468992 Row inserted successfully into quotes_tags_link.
2024-10-24T16:09:59.148471+0100 INFO 123191791978176 Row inserted successfully into quotes.
2024-10-24T16:09:59.150293+0100 INFO 123191781492416 Row inserted successfully into tags.
2024-10-24T16:09:59.176099+0100 INFO 123191760520896 Row inserted successfully into tags.
2024-10-24T16:09:59.191582+0100 INFO 123191640983232 Row inserted successfully into quotes_tags_link.
2024-10-24T16:09:59.193968+0100 INFO 123191771006656 Row inserted successfully into tags.
2024-10-24T16:09:59.194679+0100 INFO 123191630497472 Row inserted successfully into quotes_tags_link.
2024-10-24T16:09:59.216785+0100 INFO 123191661954752 Row inserted successfully into tags.
2024-10-24T16:09:59.218699+0100 INFO 123191672440512 Row inserted successfully into authors.
2024-10-24T16:09:59.237241+0100 INFO 123191791978176 Row inserted successfully into quotes_tags_link.
2024-10-24T16:09:59.270250+0100 INFO 123191640983232 Row inserted successfully into tags.
2024-10-24T16:09:59.286901+0100 INFO 123191651468992 Row inserted successfully into tags.
2024-10-24T16:09:59.289297+0100 INFO 123191672440512 Row inserted successfully into quotes.
2024-10-24T16:09:59.319086+0100 INFO 123191620011712 Row inserted successfully into authors.
2024-10-24T16:09:59.339454+0100 INFO 123191760520896 Row inserted successfully into tags.
2024-10-24T16:09:59.350207+0100 INFO 123191640983232 Row inserted successfully into tags.
2024-10-24T16:09:59.357842+0100 INFO 123191781492416 Row inserted successfully into tags.
2024-10-24T16:09:59.373315+0100 INFO 123191771006656 Row inserted successfully into quotes.
2024-10-24T16:09:59.378769+0100 INFO 123191672440512 Row inserted successfully into quotes_tags_link.
2024-10-24T16:09:59.385287+0100 INFO 123191620011712 Row inserted successfully into quotes.
2024-10-24T16:09:59.407060+0100 INFO 123191640983232 Row inserted successfully into tags.
2024-10-24T16:09:59.408499+0100 INFO 123191661954752 Row inserted successfully into quotes.
2024-10-24T16:09:59.420139+0100 INFO 123191630497472 Row inserted successfully into quotes.
2024-10-24T16:09:59.421940+0100 INFO 123191760520896 Row inserted successfully into tags.
2024-10-24T16:09:59.422543+0100 INFO 123191791978176 Row inserted successfully into authors.
2024-10-24T16:09:59.424500+0100 INFO 123191771006656 Row inserted successfully into quotes_tags_link.
2024-10-24T16:09:59.430230+0100 INFO 123191651468992 Row inserted successfully into quotes.
2024-10-24T16:09:59.448210+0100 INFO 123191620011712 Row inserted successfully into quotes_tags_link.
2024-10-24T16:09:59.476369+0100 INFO 123191640983232 Row inserted successfully into tags.
2024-10-24T16:09:59.490609+0100 INFO 123191630497472 Row inserted successfully into quotes_tags_link.
2024-10-24T16:09:59.498129+0100 INFO 123191781492416 Row inserted successfully into authors.
2024-10-24T16:09:59.500926+0100 INFO 123191661954752 Row inserted successfully into quotes_tags_link.
2024-10-24T16:09:59.515697+0100 INFO 123191791978176 Row inserted successfully into quotes.
2024-10-24T16:09:59.544169+0100 INFO 123191781492416 Row inserted successfully into quotes.
2024-10-24T16:09:59.554191+0100 INFO 123191640983232 Row inserted successfully into tags.
2024-10-24T16:09:59.576675+0100 INFO 123191651468992 Row inserted successfully into quotes_tags_link.
2024-10-24T16:09:59.581886+0100 INFO 123191630497472 Row inserted successfully into tags.
2024-10-24T16:09:59.589946+0100 INFO 123191791978176 Row inserted successfully into quotes_tags_link.
2024-10-24T16:09:59.595357+0100 INFO 123191672440512 Row inserted successfully into quotes.
2024-10-24T16:09:59.604203+0100 INFO 123191781492416 Row inserted successfully into quotes_tags_link.
2024-10-24T16:09:59.626301+0100 INFO 123191661954752 Row inserted successfully into authors.
2024-10-24T16:09:59.634858+0100 INFO 123191771006656 Row inserted successfully into quotes.
2024-10-24T16:09:59.643271+0100 INFO 123191791978176 Row inserted successfully into tags.
2024-10-24T16:09:59.644643+0100 INFO 123191760520896 Row inserted successfully into quotes.
2024-10-24T16:09:59.658380+0100 INFO 123191651468992 Row inserted successfully into tags.
2024-10-24T16:09:59.669836+0100 INFO 123191672440512 Row inserted successfully into quotes_tags_link.
2024-10-24T16:09:59.684103+0100 INFO 123191661954752 Row inserted successfully into quotes.
2024-10-24T16:09:59.703738+0100 INFO 123191771006656 Row inserted successfully into quotes_tags_link.
2024-10-24T16:09:59.719244+0100 INFO 123191760520896 Row inserted successfully into quotes_tags_link.
2024-10-24T16:09:59.750187+0100 INFO 123191620011712 Row inserted successfully into quotes.
2024-10-24T16:09:59.753761+0100 INFO 123191791978176 Row inserted successfully into tags.
2024-10-24T16:09:59.757030+0100 INFO 123191640983232 Row inserted successfully into tags.
2024-10-24T16:09:59.758920+0100 INFO 123191781492416 Row inserted successfully into tags.
2024-10-24T16:09:59.784276+0100 INFO 123191651468992 Row inserted successfully into quotes.
2024-10-24T16:09:59.791563+0100 INFO 123191630497472 Row inserted successfully into quotes.
2024-10-24T16:09:59.796469+0100 INFO 123191620011712 Row inserted successfully into quotes_tags_link.
2024-10-24T16:09:59.798845+0100 INFO 123191661954752 Row inserted successfully into quotes_tags_link.
2024-10-24T16:09:59.806581+0100 INFO 123191672440512 Row inserted successfully into authors.
2024-10-24T16:09:59.813129+0100 INFO 123191640983232 Row inserted successfully into authors.
2024-10-24T16:09:59.822484+0100 INFO 123191781492416 Row inserted successfully into tags.
2024-10-24T16:09:59.838942+0100 INFO 123191651468992 Row inserted successfully into quotes_tags_link.
2024-10-24T16:09:59.857420+0100 INFO 123191630497472 Row inserted successfully into quotes_tags_link.
2024-10-24T16:09:59.869549+0100 INFO 123191672440512 Row inserted successfully into quotes.
2024-10-24T16:09:59.876225+0100 INFO 123191760520896 Row inserted successfully into authors.
2024-10-24T16:09:59.882531+0100 INFO 123191640983232 Row inserted successfully into quotes.
2024-10-24T16:09:59.919892+0100 INFO 123191651468992 Row inserted successfully into tags.
2024-10-24T16:09:59.927435+0100 INFO 123191630497472 Row inserted successfully into tags.
2024-10-24T16:09:59.929223+0100 INFO 123191760520896 Row inserted successfully into quotes.
2024-10-24T16:09:59.932492+0100 INFO 123191620011712 Row inserted successfully into tags.
2024-10-24T16:09:59.942884+0100 INFO 123191640983232 Row inserted successfully into quotes_tags_link.
2024-10-24T16:09:59.954960+0100 INFO 123191791978176 Row inserted successfully into authors.
2024-10-24T16:09:59.966689+0100 INFO 123191672440512 Row inserted successfully into quotes_tags_link.
2024-10-24T16:09:59.968090+0100 INFO 123191781492416 Row inserted successfully into tags.
2024-10-24T16:09:59.987393+0100 INFO 123191630497472 Row inserted successfully into tags.
2024-10-24T16:10:00.022168+0100 INFO 123191791978176 Row inserted successfully into quotes.
2024-10-24T16:10:00.024027+0100 INFO 123191760520896 Row inserted successfully into quotes_tags_link.
2024-10-24T16:10:00.033464+0100 INFO 123191661954752 Row inserted successfully into authors.
2024-10-24T16:10:00.035414+0100 INFO 123191651468992 Row inserted successfully into quotes.
2024-10-24T16:10:00.035995+0100 INFO 123191781492416 Row inserted successfully into tags.
2024-10-24T16:10:00.071382+0100 INFO 123191791978176 Row inserted successfully into quotes_tags_link.
2024-10-24T16:10:00.078590+0100 INFO 123191620011712 Row inserted successfully into quotes.
2024-10-24T16:10:00.097983+0100 INFO 123191640983232 Row inserted successfully into tags.
2024-10-24T16:10:00.104054+0100 INFO 123191661954752 Row inserted successfully into quotes.
2024-10-24T16:10:00.107690+0100 INFO 123191651468992 Row inserted successfully into quotes_tags_link.
2024-10-24T16:10:00.120857+0100 INFO 123191781492416 Row inserted successfully into authors.
2024-10-24T16:10:00.127175+0100 INFO 123191630497472 Row inserted successfully into tags.
2024-10-24T16:10:00.128264+0100 INFO 123191791978176 Row inserted successfully into tags.
2024-10-24T16:10:00.135541+0100 INFO 123191760520896 Row inserted successfully into authors.
2024-10-24T16:10:00.136830+0100 INFO 123191640983232 Row inserted successfully into authors.
2024-10-24T16:10:00.153855+0100 INFO 123191620011712 Row inserted successfully into quotes_tags_link.
2024-10-24T16:10:00.162553+0100 INFO 123191781492416 Row inserted successfully into quotes.
2024-10-24T16:10:00.164034+0100 INFO 123191661954752 Row inserted successfully into quotes_tags_link.
2024-10-24T16:10:00.184303+0100 INFO 123191640983232 Row inserted successfully into quotes.
2024-10-24T16:10:00.192873+0100 INFO 123191760520896 Row inserted successfully into quotes.
2024-10-24T16:10:00.208631+0100 INFO 123191781492416 Row inserted successfully into quotes_tags_link.
2024-10-24T16:10:00.215899+0100 INFO 123191630497472 Row inserted successfully into quotes.
2024-10-24T16:10:00.218465+0100 INFO 123191791978176 Row inserted successfully into quotes.
2024-10-24T16:10:00.224440+0100 INFO 123191640983232 Row inserted successfully into quotes_tags_link.
2024-10-24T16:10:00.229538+0100 INFO 123191760520896 Row inserted successfully into quotes_tags_link.
2024-10-24T16:10:00.249018+0100 INFO 123191791978176 Row inserted successfully into quotes_tags_link.
2024-10-24T16:10:00.253449+0100 INFO 123191630497472 Row inserted successfully into quotes_tags_link.
2024-10-24T16:10:00.258577+0100 INFO 123191781492416 Row inserted successfully into tags.
2024-10-24T16:10:00.276614+0100 INFO 123191640983232 Row inserted successfully into authors.
2024-10-24T16:10:00.296592+0100 INFO 123191791978176 Row inserted successfully into tags.
2024-10-24T16:10:00.299013+0100 INFO 123191640983232 Row inserted successfully into quotes.
2024-10-24T16:10:00.324491+0100 INFO 123191640983232 Row inserted successfully into quotes_tags_link.
2024-10-24T16:10:00.352312+0100 INFO 123191791978176 Row inserted successfully into authors.
2024-10-24T16:10:00.364265+0100 INFO 123191781492416 Row inserted successfully into quotes.
2024-10-24T16:10:00.377635+0100 INFO 123191791978176 Row inserted successfully into quotes.
2024-10-24T16:10:00.385155+0100 INFO 123191781492416 Row inserted successfully into quotes_tags_link.
2024-10-24T16:10:00.392355+0100 INFO 123191791978176 Row inserted successfully into quotes_tags_link.
2024-10-24T16:10:00.397530+0100 INFO 123191781492416 Row inserted successfully into tags.
2024-10-24T16:10:00.401230+0100 INFO 123191640983232 Row inserted successfully into quotes.
2024-10-24T16:10:00.411435+0100 INFO 123191640983232 Row inserted successfully into quotes_tags_link.
2024-10-24T16:10:00.417574+0100 INFO 123191781492416 Row inserted successfully into tags.
2024-10-24T16:10:00.426469+0100 INFO 123191781492416 Row inserted successfully into tags.
2024-10-24T16:10:00.438491+0100 INFO 123191781492416 Row inserted successfully into tags.
2024-10-24T16:10:00.449152+0100 INFO 123191781492416 Row inserted successfully into authors.
2024-10-24T16:10:00.460252+0100 INFO 123191781492416 Row inserted successfully into quotes.
2024-10-24T16:10:00.477422+0100 INFO 123191781492416 Row inserted successfully into quotes_tags_link.
