2024-10-23T20:44:37.298369+0100 INFO 134761672003712 Ensured data directory exists at /home/daxo/code/scraping_quotes/scraping_quotes/data
2024-10-23T20:44:37.343076+0100 INFO 134761672003712 Created database engine for /home/daxo/code/scraping_quotes/scraping_quotes/data/quotes.db
2024-10-23T20:44:37.388308+0100 INFO 134761672003712 Database schema initialized successfully.
2024-10-23T20:44:37.390713+0100 INFO 134761672003712 Tables in the database: ['TestTable', 'authors', 'quotes', 'quotes_tags_link', 'tags']
2024-10-23T20:44:37.390891+0100 ERROR 134761672003712 Not all required tables were created.
2024-10-23T20:44:37.403739+0100 INFO 134761672003712 Database schema initialized successfully.
2024-10-23T20:44:37.406043+0100 INFO 134761672003712 Tables in the database: ['TestTable', 'authors', 'quotes', 'quotes_tags_link', 'tags']
2024-10-23T20:44:37.406191+0100 ERROR 134761672003712 Not all required tables were created.
2024-10-23T20:44:37.432097+0100 INFO 134761672003712 All tables truncated successfully.
2024-10-23T20:44:37.433124+0100 INFO 134761672003712 Database initialized successfully with new records.
2024-10-23T20:44:38.157048+0100 INFO 134761672003712 Successfully fetched the page
2024-10-23T20:44:38.917764+0100 INFO 134761672003712 Successfully fetched the page
2024-10-23T20:44:39.574410+0100 INFO 134761095890624 Successfully fetched the page
2024-10-23T20:44:39.593362+0100 INFO 134761106376384 Successfully fetched the page
2024-10-23T20:44:39.609157+0100 INFO 134761194456768 Successfully fetched the page
2024-10-23T20:44:39.615878+0100 INFO 134761246885568 Successfully fetched the page
2024-10-23T20:44:39.616692+0100 INFO 134761204942528 Successfully fetched the page
2024-10-23T20:44:39.658842+0100 INFO 134761074919104 Successfully fetched the page
2024-10-23T20:44:39.663861+0100 INFO 134761215428288 Successfully fetched the page
2024-10-23T20:44:39.664229+0100 INFO 134761085404864 Successfully fetched the page
2024-10-23T20:44:39.678805+0100 INFO 134761225914048 Successfully fetched the page
2024-10-23T20:44:39.720568+0100 INFO 134761236399808 Successfully fetched the page
2024-10-23T20:44:39.739714+0100 INFO 134761095890624 Row inserted successfully into tags.
2024-10-23T20:44:39.887126+0100 INFO 134761074919104 Row inserted successfully into tags.
2024-10-23T20:44:39.889143+0100 INFO 134761204942528 Row inserted successfully into tags.
2024-10-23T20:44:39.890821+0100 INFO 134761246885568 Row inserted successfully into tags.
2024-10-23T20:44:39.899367+0100 INFO 134761095890624 Row inserted successfully into tags.
2024-10-23T20:44:39.904914+0100 INFO 134761106376384 Row inserted successfully into tags.
2024-10-23T20:44:39.923290+0100 INFO 134761194456768 Row inserted successfully into tags.
2024-10-23T20:44:39.937412+0100 INFO 134761225914048 Row inserted successfully into tags.
2024-10-23T20:44:39.943795+0100 INFO 134761085404864 Row inserted successfully into tags.
2024-10-23T20:44:39.944901+0100 INFO 134761204942528 Row inserted successfully into tags.
2024-10-23T20:44:39.948580+0100 INFO 134761074919104 Row inserted successfully into authors.
2024-10-23T20:44:39.953861+0100 INFO 134761246885568 Row inserted successfully into tags.
2024-10-23T20:44:39.954824+0100 INFO 134761236399808 Row inserted successfully into tags.
2024-10-23T20:44:39.956879+0100 INFO 134761106376384 Row inserted successfully into authors.
2024-10-23T20:44:39.957962+0100 INFO 134761215428288 Row inserted successfully into tags.
2024-10-23T20:44:39.965001+0100 INFO 134761095890624 Row inserted successfully into authors.
2024-10-23T20:44:39.966885+0100 INFO 134761194456768 Row inserted successfully into tags.
2024-10-23T20:44:39.981753+0100 INFO 134761085404864 Row inserted successfully into authors.
2024-10-23T20:44:39.987387+0100 INFO 134761225914048 Row inserted successfully into tags.
2024-10-23T20:44:39.993637+0100 INFO 134761204942528 Row inserted successfully into tags.
2024-10-23T20:44:40.004525+0100 INFO 134761246885568 Row inserted successfully into tags.
2024-10-23T20:44:40.008282+0100 INFO 134761236399808 Row inserted successfully into tags.
2024-10-23T20:44:40.017929+0100 INFO 134761215428288 Row inserted successfully into tags.
2024-10-23T20:44:40.023544+0100 INFO 134761074919104 Row inserted successfully into quotes.
2024-10-23T20:44:40.026950+0100 INFO 134761106376384 Row inserted successfully into quotes.
2024-10-23T20:44:40.028030+0100 INFO 134761194456768 Row inserted successfully into authors.
2024-10-23T20:44:40.029447+0100 INFO 134761095890624 Row inserted successfully into quotes.
2024-10-23T20:44:40.032618+0100 INFO 134761225914048 Row inserted successfully into authors.
2024-10-23T20:44:40.037757+0100 INFO 134761085404864 Row inserted successfully into quotes.
2024-10-23T20:44:40.052421+0100 INFO 134761204942528 Row inserted successfully into tags.
2024-10-23T20:44:40.059462+0100 INFO 134761236399808 Row inserted successfully into tags.
2024-10-23T20:44:40.067054+0100 INFO 134761074919104 Row inserted successfully into quotes_tags_link.
2024-10-23T20:44:40.079937+0100 INFO 134761194456768 Row inserted successfully into quotes.
2024-10-23T20:44:40.085769+0100 INFO 134761246885568 Row inserted successfully into tags.
2024-10-23T20:44:40.087454+0100 INFO 134761106376384 Row inserted successfully into quotes_tags_link.
2024-10-23T20:44:40.088885+0100 INFO 134761215428288 Row inserted successfully into tags.
2024-10-23T20:44:40.093690+0100 INFO 134761095890624 Row inserted successfully into quotes_tags_link.
2024-10-23T20:44:40.102581+0100 INFO 134761085404864 Row inserted successfully into quotes_tags_link.
2024-10-23T20:44:40.110961+0100 INFO 134761204942528 Row inserted successfully into authors.
2024-10-23T20:44:40.124611+0100 INFO 134761074919104 Row inserted successfully into tags.
2024-10-23T20:44:40.127172+0100 INFO 134761246885568 Row inserted successfully into authors.
2024-10-23T20:44:40.128107+0100 INFO 134761215428288 Row inserted successfully into authors.
2024-10-23T20:44:40.134173+0100 INFO 134761194456768 Row inserted successfully into quotes_tags_link.
2024-10-23T20:44:40.141896+0100 INFO 134761236399808 Row inserted successfully into tags.
2024-10-23T20:44:40.143067+0100 ERROR 134761225914048 Error inserting row into quotes: (pymysql.err.DataError) (1406, "Data too long for column 'text' at row 1")
[SQL: INSERT INTO quotes (id, text, author) VALUES (%(id)s, %(text)s, %(author)s)]
[parameters: {'id': '9b952f39-14f4-4244-a209-6167f7a7b85e', 'text': '“I love you without knowing how, or when, or from where. I love you simply, without problems or pride: I love you in this way because I do not know a ... (21 characters truncated) ... g but this, in which there is no I or you, so intimate that your hand upon my chest is my hand, so intimate that when I fall asleep your eyes close.”', 'author': 'Pablo Neruda'}]
(Background on this error at: https://sqlalche.me/e/20/9h9h)
2024-10-23T20:44:40.150686+0100 INFO 134761085404864 Row inserted successfully into tags.
2024-10-23T20:44:40.153226+0100 INFO 134761106376384 Row inserted successfully into tags.
2024-10-23T20:44:40.165117+0100 INFO 134761095890624 Row inserted successfully into tags.
2024-10-23T20:44:40.167396+0100 INFO 134761204942528 Row inserted successfully into quotes.
2024-10-23T20:44:40.178243+0100 INFO 134761074919104 Row inserted successfully into tags.
2024-10-23T20:44:40.183412+0100 INFO 134761246885568 Row inserted successfully into quotes.
2024-10-23T20:44:40.196547+0100 INFO 134761215428288 Row inserted successfully into quotes.
2024-10-23T20:44:40.202784+0100 INFO 134761236399808 Row inserted successfully into tags.
2024-10-23T20:44:40.211610+0100 INFO 134761095890624 Row inserted successfully into authors.
2024-10-23T20:44:40.213474+0100 INFO 134761194456768 Row inserted successfully into tags.
2024-10-23T20:44:40.223605+0100 INFO 134761085404864 Row inserted successfully into tags.
2024-10-23T20:44:40.224682+0100 INFO 134761106376384 Row inserted successfully into authors.
2024-10-23T20:44:40.232613+0100 INFO 134761074919104 Row inserted successfully into authors.
2024-10-23T20:44:40.233517+0100 INFO 134761246885568 Row inserted successfully into quotes_tags_link.
2024-10-23T20:44:40.241105+0100 INFO 134761204942528 Row inserted successfully into quotes_tags_link.
2024-10-23T20:44:40.243974+0100 INFO 134761215428288 Row inserted successfully into quotes_tags_link.
2024-10-23T20:44:40.262702+0100 INFO 134761095890624 Row inserted successfully into quotes.
2024-10-23T20:44:40.267764+0100 INFO 134761236399808 Row inserted successfully into tags.
2024-10-23T20:44:40.269433+0100 INFO 134761194456768 Row inserted successfully into tags.
2024-10-23T20:44:40.279714+0100 INFO 134761246885568 Row inserted successfully into tags.
2024-10-23T20:44:40.289402+0100 INFO 134761215428288 Row inserted successfully into tags.
2024-10-23T20:44:40.291028+0100 INFO 134761074919104 Row inserted successfully into quotes.
2024-10-23T20:44:40.297200+0100 INFO 134761085404864 Row inserted successfully into tags.
2024-10-23T20:44:40.308302+0100 INFO 134761236399808 Row inserted successfully into authors.
2024-10-23T20:44:40.309706+0100 INFO 134761204942528 Row inserted successfully into tags.
2024-10-23T20:44:40.312407+0100 INFO 134761194456768 Row inserted successfully into tags.
2024-10-23T20:44:40.314786+0100 INFO 134761095890624 Row inserted successfully into quotes_tags_link.
2024-10-23T20:44:40.318093+0100 INFO 134761106376384 Row inserted successfully into quotes.
2024-10-23T20:44:40.322568+0100 INFO 134761246885568 Row inserted successfully into tags.
2024-10-23T20:44:40.329358+0100 INFO 134761215428288 Row inserted successfully into authors.
2024-10-23T20:44:40.334983+0100 INFO 134761074919104 Row inserted successfully into quotes_tags_link.
2024-10-23T20:44:40.345464+0100 INFO 134761085404864 Row inserted successfully into tags.
2024-10-23T20:44:40.356325+0100 INFO 134761204942528 Row inserted successfully into tags.
2024-10-23T20:44:40.363000+0100 INFO 134761194456768 Row inserted successfully into authors.
2024-10-23T20:44:40.368253+0100 ERROR 134761236399808 Error inserting row into quotes: (pymysql.err.DataError) (1406, "Data too long for column 'text' at row 1")
[SQL: INSERT INTO quotes (id, text, author) VALUES (%(id)s, %(text)s, %(author)s)]
[parameters: {'id': '1bf52c85-2a93-4d6c-ad7f-f1e3bf98acac', 'text': "“This life is what you make it. No matter what, you're going to mess up sometimes, it's a universal truth. But the good part is you get to decide how ... (786 characters truncated) ...  So keep your head high, keep your chin up, and most importantly, keep smiling, because life's a beautiful thing and there's so much to smile about.”", 'author': 'Marilyn Monroe'}]
(Background on this error at: https://sqlalche.me/e/20/9h9h)
2024-10-23T20:44:40.372351+0100 INFO 134761106376384 Row inserted successfully into quotes_tags_link.
2024-10-23T20:44:40.378586+0100 INFO 134761095890624 Row inserted successfully into tags.
2024-10-23T20:44:40.380476+0100 INFO 134761246885568 Row inserted successfully into authors.
2024-10-23T20:44:40.387928+0100 INFO 134761074919104 Row inserted successfully into tags.
2024-10-23T20:44:40.394420+0100 INFO 134761194456768 Row inserted successfully into quotes.
2024-10-23T20:44:40.399909+0100 INFO 134761085404864 Row inserted successfully into authors.
2024-10-23T20:44:40.400826+0100 INFO 134761204942528 Row inserted successfully into tags.
2024-10-23T20:44:40.407347+0100 INFO 134761215428288 Row inserted successfully into quotes.
2024-10-23T20:44:40.410624+0100 INFO 134761246885568 Row inserted successfully into quotes.
2024-10-23T20:44:40.422908+0100 INFO 134761074919104 Row inserted successfully into tags.
2024-10-23T20:44:40.425201+0100 INFO 134761106376384 Row inserted successfully into tags.
2024-10-23T20:44:40.430153+0100 INFO 134761095890624 Row inserted successfully into tags.
2024-10-23T20:44:40.436494+0100 INFO 134761194456768 Row inserted successfully into quotes_tags_link.
2024-10-23T20:44:40.442151+0100 INFO 134761215428288 Row inserted successfully into quotes_tags_link.
2024-10-23T20:44:40.443029+0100 INFO 134761085404864 Row inserted successfully into quotes.
2024-10-23T20:44:40.448409+0100 INFO 134761204942528 Row inserted successfully into tags.
2024-10-23T20:44:40.456489+0100 INFO 134761246885568 Row inserted successfully into quotes_tags_link.
2024-10-23T20:44:40.468420+0100 INFO 134761106376384 Row inserted successfully into authors.
2024-10-23T20:44:40.471491+0100 INFO 134761194456768 Row inserted successfully into tags.
2024-10-23T20:44:40.477976+0100 INFO 134761074919104 Row inserted successfully into authors.
2024-10-23T20:44:40.488088+0100 INFO 134761085404864 Row inserted successfully into quotes_tags_link.
2024-10-23T20:44:40.494201+0100 INFO 134761095890624 Row inserted successfully into tags.
2024-10-23T20:44:40.496932+0100 INFO 134761215428288 Row inserted successfully into tags.
2024-10-23T20:44:40.502435+0100 INFO 134761246885568 Row inserted successfully into tags.
2024-10-23T20:44:40.511572+0100 INFO 134761204942528 Row inserted successfully into authors.
2024-10-23T20:44:40.518200+0100 INFO 134761106376384 Row inserted successfully into quotes.
2024-10-23T20:44:40.521943+0100 INFO 134761074919104 Row inserted successfully into quotes.
2024-10-23T20:44:40.524243+0100 INFO 134761194456768 Row inserted successfully into authors.
2024-10-23T20:44:40.527323+0100 INFO 134761246885568 Row inserted successfully into tags.
2024-10-23T20:44:40.536348+0100 INFO 134761095890624 Row inserted successfully into authors.
2024-10-23T20:44:40.540855+0100 INFO 134761085404864 Row inserted successfully into tags.
2024-10-23T20:44:40.547215+0100 INFO 134761204942528 Row inserted successfully into quotes.
2024-10-23T20:44:40.555668+0100 INFO 134761215428288 Row inserted successfully into authors.
2024-10-23T20:44:40.561398+0100 INFO 134761246885568 Row inserted successfully into tags.
2024-10-23T20:44:40.568160+0100 INFO 134761085404864 Row inserted successfully into authors.
2024-10-23T20:44:40.574911+0100 INFO 134761106376384 Row inserted successfully into quotes_tags_link.
2024-10-23T20:44:40.576073+0100 INFO 134761095890624 Row inserted successfully into quotes.
2024-10-23T20:44:40.581124+0100 INFO 134761074919104 Row inserted successfully into quotes_tags_link.
2024-10-23T20:44:40.587092+0100 INFO 134761204942528 Row inserted successfully into quotes_tags_link.
2024-10-23T20:44:40.591815+0100 INFO 134761194456768 Row inserted successfully into quotes.
2024-10-23T20:44:40.601425+0100 INFO 134761085404864 Row inserted successfully into quotes.
2024-10-23T20:44:40.604544+0100 INFO 134761074919104 Row inserted successfully into tags.
2024-10-23T20:44:40.615196+0100 INFO 134761095890624 Row inserted successfully into quotes_tags_link.
2024-10-23T20:44:40.617294+0100 INFO 134761106376384 Row inserted successfully into tags.
2024-10-23T20:44:40.618167+0100 INFO 134761215428288 Row inserted successfully into quotes.
2024-10-23T20:44:40.623580+0100 INFO 134761204942528 Row inserted successfully into tags.
2024-10-23T20:44:40.628406+0100 INFO 134761194456768 Row inserted successfully into quotes_tags_link.
2024-10-23T20:44:40.631837+0100 INFO 134761246885568 Row inserted successfully into tags.
2024-10-23T20:44:40.642113+0100 INFO 134761085404864 Row inserted successfully into quotes_tags_link.
2024-10-23T20:44:40.654554+0100 INFO 134761095890624 Row inserted successfully into tags.
2024-10-23T20:44:40.662900+0100 INFO 134761204942528 Row inserted successfully into authors.
2024-10-23T20:44:40.671636+0100 INFO 134761074919104 Row inserted successfully into authors.
2024-10-23T20:44:40.673650+0100 INFO 134761246885568 Row inserted successfully into tags.
2024-10-23T20:44:40.680839+0100 INFO 134761106376384 Row inserted successfully into authors.
2024-10-23T20:44:40.691518+0100 INFO 134761095890624 Row inserted successfully into tags.
2024-10-23T20:44:40.693400+0100 INFO 134761194456768 Row inserted successfully into tags.
2024-10-23T20:44:40.696203+0100 INFO 134761215428288 Row inserted successfully into quotes_tags_link.
2024-10-23T20:44:40.703618+0100 INFO 134761204942528 Row inserted successfully into quotes.
2024-10-23T20:44:40.707223+0100 INFO 134761085404864 Row inserted successfully into tags.
2024-10-23T20:44:40.720237+0100 INFO 134761246885568 Row inserted successfully into authors.
2024-10-23T20:44:40.723853+0100 INFO 134761074919104 Row inserted successfully into quotes.
2024-10-23T20:44:40.729486+0100 INFO 134761095890624 Row inserted successfully into authors.
2024-10-23T20:44:40.754253+0100 INFO 134761204942528 Row inserted successfully into quotes_tags_link.
2024-10-23T20:44:40.755826+0100 INFO 134761215428288 Row inserted successfully into tags.
2024-10-23T20:44:40.759589+0100 INFO 134761194456768 Row inserted successfully into authors.
2024-10-23T20:44:40.769107+0100 INFO 134761074919104 Row inserted successfully into quotes_tags_link.
2024-10-23T20:44:40.772057+0100 INFO 134761085404864 Row inserted successfully into tags.
2024-10-23T20:44:40.775579+0100 INFO 134761246885568 Row inserted successfully into quotes.
2024-10-23T20:44:40.782600+0100 INFO 134761095890624 Row inserted successfully into quotes.
2024-10-23T20:44:40.783355+0100 ERROR 134761106376384 Error inserting row into quotes: (pymysql.err.DataError) (1406, "Data too long for column 'text' at row 1")
[SQL: INSERT INTO quotes (id, text, author) VALUES (%(id)s, %(text)s, %(author)s)]
[parameters: {'id': '1da3a5c5-6e52-4626-b676-143897a8e856', 'text': '“To love at all is to be vulnerable. Love anything and your heart will be wrung and possibly broken. If you want to make sure of keeping it intact yo ... (218 characters truncated) ... rk, motionless, airless, it will change. It will not be broken; it will become unbreakable, impenetrable, irredeemable. To love is to be vulnerable.”', 'author': 'C.S. Lewis'}]
(Background on this error at: https://sqlalche.me/e/20/9h9h)
2024-10-23T20:44:40.792648+0100 INFO 134761204942528 Row inserted successfully into tags.
2024-10-23T20:44:40.809287+0100 INFO 134761194456768 Row inserted successfully into quotes.
2024-10-23T20:44:40.813623+0100 INFO 134761085404864 Row inserted successfully into tags.
2024-10-23T20:44:40.814460+0100 INFO 134761215428288 Row inserted successfully into tags.
2024-10-23T20:44:40.822824+0100 INFO 134761074919104 Row inserted successfully into tags.
2024-10-23T20:44:40.828293+0100 INFO 134761246885568 Row inserted successfully into quotes_tags_link.
2024-10-23T20:44:40.829189+0100 INFO 134761095890624 Row inserted successfully into quotes_tags_link.
2024-10-23T20:44:40.846866+0100 INFO 134761194456768 Row inserted successfully into quotes_tags_link.
2024-10-23T20:44:40.853906+0100 INFO 134761204942528 Row inserted successfully into tags.
2024-10-23T20:44:40.854966+0100 INFO 134761085404864 Row inserted successfully into authors.
2024-10-23T20:44:40.858232+0100 INFO 134761074919104 Row inserted successfully into authors.
2024-10-23T20:44:40.859387+0100 INFO 134761246885568 Row inserted successfully into tags.
2024-10-23T20:44:40.866186+0100 INFO 134761215428288 Row inserted successfully into authors.
2024-10-23T20:44:40.875983+0100 INFO 134761095890624 Row inserted successfully into tags.
2024-10-23T20:44:40.884822+0100 INFO 134761204942528 Row inserted successfully into authors.
2024-10-23T20:44:40.887355+0100 INFO 134761085404864 Row inserted successfully into quotes.
2024-10-23T20:44:40.892992+0100 INFO 134761194456768 Row inserted successfully into tags.
2024-10-23T20:44:40.897309+0100 INFO 134761074919104 Row inserted successfully into quotes.
2024-10-23T20:44:40.904476+0100 INFO 134761215428288 Row inserted successfully into quotes.
2024-10-23T20:44:40.909939+0100 INFO 134761085404864 Row inserted successfully into quotes_tags_link.
2024-10-23T20:44:40.916427+0100 INFO 134761204942528 Row inserted successfully into quotes.
2024-10-23T20:44:40.921615+0100 INFO 134761095890624 Row inserted successfully into tags.
2024-10-23T20:44:40.927104+0100 INFO 134761194456768 Row inserted successfully into tags.
2024-10-23T20:44:40.932244+0100 INFO 134761246885568 Row inserted successfully into tags.
2024-10-23T20:44:40.944208+0100 INFO 134761074919104 Row inserted successfully into quotes_tags_link.
2024-10-23T20:44:40.946977+0100 INFO 134761085404864 Row inserted successfully into tags.
2024-10-23T20:44:40.951178+0100 INFO 134761215428288 Row inserted successfully into quotes_tags_link.
2024-10-23T20:44:40.956252+0100 INFO 134761204942528 Row inserted successfully into quotes_tags_link.
2024-10-23T20:44:40.957380+0100 INFO 134761095890624 Row inserted successfully into tags.
2024-10-23T20:44:40.968989+0100 INFO 134761194456768 Row inserted successfully into authors.
2024-10-23T20:44:40.977128+0100 INFO 134761215428288 Row inserted successfully into tags.
2024-10-23T20:44:40.981572+0100 INFO 134761085404864 Row inserted successfully into tags.
2024-10-23T20:44:40.982887+0100 INFO 134761246885568 Row inserted successfully into tags.
2024-10-23T20:44:40.994256+0100 INFO 134761095890624 Row inserted successfully into tags.
2024-10-23T20:44:41.002332+0100 INFO 134761074919104 Row inserted successfully into tags.
2024-10-23T20:44:41.003944+0100 INFO 134761204942528 Row inserted successfully into tags.
2024-10-23T20:44:41.013679+0100 INFO 134761194456768 Row inserted successfully into quotes.
2024-10-23T20:44:41.015626+0100 INFO 134761246885568 Row inserted successfully into tags.
2024-10-23T20:44:41.016812+0100 INFO 134761215428288 Row inserted successfully into tags.
2024-10-23T20:44:41.029706+0100 INFO 134761085404864 Row inserted successfully into authors.
2024-10-23T20:44:41.035115+0100 INFO 134761095890624 Row inserted successfully into tags.
2024-10-23T20:44:41.040309+0100 INFO 134761204942528 Row inserted successfully into tags.
2024-10-23T20:44:41.045679+0100 INFO 134761074919104 Row inserted successfully into authors.
2024-10-23T20:44:41.050533+0100 INFO 134761194456768 Row inserted successfully into quotes_tags_link.
2024-10-23T20:44:41.054521+0100 INFO 134761246885568 Row inserted successfully into authors.
2024-10-23T20:44:41.058877+0100 INFO 134761215428288 Row inserted successfully into authors.
2024-10-23T20:44:41.065548+0100 INFO 134761095890624 Row inserted successfully into authors.
2024-10-23T20:44:41.070952+0100 ERROR 134761085404864 Error inserting row into quotes: (pymysql.err.DataError) (1406, "Data too long for column 'text' at row 1")
[SQL: INSERT INTO quotes (id, text, author) VALUES (%(id)s, %(text)s, %(author)s)]
[parameters: {'id': '2b7df45f-06be-4f0b-a0a5-4350069106f3', 'text': '“There are few people whom I really love, and still fewer of whom I think well. The more I see of the world, the more am I dissatisfied with it; and  ... (11 characters truncated) ... onfirms my belief of the inconsistency of all human characters, and of the little dependence that can be placed on the appearance of merit or sense.”', 'author': 'Jane Austen'}]
(Background on this error at: https://sqlalche.me/e/20/9h9h)
2024-10-23T20:44:41.080950+0100 INFO 134761204942528 Row inserted successfully into authors.
2024-10-23T20:44:41.084046+0100 INFO 134761074919104 Row inserted successfully into quotes.
2024-10-23T20:44:41.091451+0100 INFO 134761246885568 Row inserted successfully into quotes.
2024-10-23T20:44:41.096523+0100 INFO 134761215428288 Row inserted successfully into quotes.
2024-10-23T20:44:41.101450+0100 INFO 134761194456768 Row inserted successfully into tags.
2024-10-23T20:44:41.104894+0100 INFO 134761095890624 Row inserted successfully into quotes.
2024-10-23T20:44:41.112579+0100 INFO 134761074919104 Row inserted successfully into quotes_tags_link.
2024-10-23T20:44:41.119026+0100 INFO 134761246885568 Row inserted successfully into quotes_tags_link.
2024-10-23T20:44:41.120215+0100 INFO 134761204942528 Row inserted successfully into quotes.
2024-10-23T20:44:41.134165+0100 INFO 134761194456768 Row inserted successfully into authors.
2024-10-23T20:44:41.135560+0100 INFO 134761215428288 Row inserted successfully into quotes_tags_link.
2024-10-23T20:44:41.145051+0100 INFO 134761074919104 Row inserted successfully into tags.
2024-10-23T20:44:41.148615+0100 INFO 134761095890624 Row inserted successfully into quotes_tags_link.
2024-10-23T20:44:41.151269+0100 INFO 134761246885568 Row inserted successfully into tags.
2024-10-23T20:44:41.168535+0100 INFO 134761204942528 Row inserted successfully into quotes_tags_link.
2024-10-23T20:44:41.174400+0100 INFO 134761194456768 Row inserted successfully into quotes.
2024-10-23T20:44:41.175239+0100 INFO 134761215428288 Row inserted successfully into tags.
2024-10-23T20:44:41.176211+0100 INFO 134761095890624 Row inserted successfully into tags.
2024-10-23T20:44:41.178997+0100 INFO 134761074919104 Row inserted successfully into tags.
2024-10-23T20:44:41.182994+0100 INFO 134761246885568 Row inserted successfully into tags.
2024-10-23T20:44:41.201368+0100 INFO 134761204942528 Row inserted successfully into tags.
2024-10-23T20:44:41.205180+0100 INFO 134761215428288 Row inserted successfully into tags.
2024-10-23T20:44:41.215135+0100 INFO 134761095890624 Row inserted successfully into tags.
2024-10-23T20:44:41.218381+0100 INFO 134761246885568 Row inserted successfully into authors.
2024-10-23T20:44:41.219999+0100 INFO 134761074919104 Row inserted successfully into tags.
2024-10-23T20:44:41.228790+0100 INFO 134761194456768 Row inserted successfully into quotes_tags_link.
2024-10-23T20:44:41.230417+0100 INFO 134761215428288 Row inserted successfully into tags.
2024-10-23T20:44:41.235359+0100 INFO 134761204942528 Row inserted successfully into authors.
2024-10-23T20:44:41.238119+0100 INFO 134761095890624 Row inserted successfully into tags.
2024-10-23T20:44:41.254757+0100 INFO 134761194456768 Row inserted successfully into tags.
2024-10-23T20:44:41.258761+0100 INFO 134761246885568 Row inserted successfully into quotes.
2024-10-23T20:44:41.260768+0100 INFO 134761074919104 Row inserted successfully into tags.
2024-10-23T20:44:41.262334+0100 INFO 134761215428288 Row inserted successfully into authors.
2024-10-23T20:44:41.269830+0100 INFO 134761095890624 Row inserted successfully into tags.
2024-10-23T20:44:41.290391+0100 INFO 134761204942528 Row inserted successfully into quotes.
2024-10-23T20:44:41.291530+0100 INFO 134761194456768 Row inserted successfully into tags.
2024-10-23T20:44:41.307136+0100 INFO 134761246885568 Row inserted successfully into quotes_tags_link.
2024-10-23T20:44:41.309060+0100 INFO 134761215428288 Row inserted successfully into quotes.
2024-10-23T20:44:41.311691+0100 INFO 134761074919104 Row inserted successfully into tags.
2024-10-23T20:44:41.313439+0100 INFO 134761095890624 Row inserted successfully into tags.
2024-10-23T20:44:41.326488+0100 INFO 134761204942528 Row inserted successfully into quotes_tags_link.
2024-10-23T20:44:41.336387+0100 INFO 134761194456768 Row inserted successfully into tags.
2024-10-23T20:44:41.342285+0100 INFO 134761246885568 Row inserted successfully into tags.
2024-10-23T20:44:41.343873+0100 INFO 134761074919104 Row inserted successfully into tags.
2024-10-23T20:44:41.346102+0100 INFO 134761215428288 Row inserted successfully into quotes_tags_link.
2024-10-23T20:44:41.353752+0100 INFO 134761204942528 Row inserted successfully into tags.
2024-10-23T20:44:41.359229+0100 INFO 134761095890624 Row inserted successfully into tags.
2024-10-23T20:44:41.373660+0100 INFO 134761194456768 Row inserted successfully into authors.
2024-10-23T20:44:41.382781+0100 INFO 134761215428288 Row inserted successfully into tags.
2024-10-23T20:44:41.384276+0100 INFO 134761246885568 Row inserted successfully into tags.
2024-10-23T20:44:41.386706+0100 INFO 134761074919104 Row inserted successfully into tags.
2024-10-23T20:44:41.395494+0100 INFO 134761204942528 Row inserted successfully into authors.
2024-10-23T20:44:41.408396+0100 INFO 134761215428288 Row inserted successfully into tags.
2024-10-23T20:44:41.413234+0100 INFO 134761095890624 Row inserted successfully into authors.
2024-10-23T20:44:41.415188+0100 INFO 134761246885568 Row inserted successfully into tags.
2024-10-23T20:44:41.422335+0100 INFO 134761194456768 Row inserted successfully into quotes.
2024-10-23T20:44:41.423227+0100 INFO 134761074919104 Row inserted successfully into authors.
2024-10-23T20:44:41.424125+0100 INFO 134761204942528 Row inserted successfully into quotes.
2024-10-23T20:44:41.437867+0100 INFO 134761215428288 Row inserted successfully into authors.
2024-10-23T20:44:41.445042+0100 INFO 134761246885568 Row inserted successfully into authors.
2024-10-23T20:44:41.449206+0100 INFO 134761095890624 Row inserted successfully into quotes.
2024-10-23T20:44:41.450102+0100 INFO 134761194456768 Row inserted successfully into quotes_tags_link.
2024-10-23T20:44:41.461064+0100 INFO 134761204942528 Row inserted successfully into quotes_tags_link.
2024-10-23T20:44:41.467844+0100 INFO 134761215428288 Row inserted successfully into quotes.
2024-10-23T20:44:41.469360+0100 INFO 134761074919104 Row inserted successfully into quotes.
2024-10-23T20:44:41.479717+0100 INFO 134761194456768 Row inserted successfully into tags.
2024-10-23T20:44:41.483824+0100 INFO 134761095890624 Row inserted successfully into quotes_tags_link.
2024-10-23T20:44:41.490026+0100 INFO 134761246885568 Row inserted successfully into quotes.
2024-10-23T20:44:41.493950+0100 INFO 134761215428288 Row inserted successfully into quotes_tags_link.
2024-10-23T20:44:41.498805+0100 INFO 134761204942528 Row inserted successfully into tags.
2024-10-23T20:44:41.510341+0100 INFO 134761074919104 Row inserted successfully into quotes_tags_link.
2024-10-23T20:44:41.514521+0100 INFO 134761194456768 Row inserted successfully into tags.
2024-10-23T20:44:41.519639+0100 INFO 134761215428288 Row inserted successfully into tags.
2024-10-23T20:44:41.523312+0100 INFO 134761095890624 Row inserted successfully into tags.
2024-10-23T20:44:41.526975+0100 INFO 134761204942528 Row inserted successfully into tags.
2024-10-23T20:44:41.536837+0100 INFO 134761246885568 Row inserted successfully into quotes_tags_link.
2024-10-23T20:44:41.542801+0100 INFO 134761215428288 Row inserted successfully into tags.
2024-10-23T20:44:41.549371+0100 INFO 134761194456768 Row inserted successfully into tags.
2024-10-23T20:44:41.552366+0100 INFO 134761074919104 Row inserted successfully into tags.
2024-10-23T20:44:41.564600+0100 INFO 134761204942528 Row inserted successfully into authors.
2024-10-23T20:44:41.565621+0100 INFO 134761095890624 Row inserted successfully into tags.
2024-10-23T20:44:41.566594+0100 INFO 134761246885568 Row inserted successfully into tags.
2024-10-23T20:44:41.575689+0100 INFO 134761215428288 Row inserted successfully into tags.
2024-10-23T20:44:41.579189+0100 INFO 134761194456768 Row inserted successfully into authors.
2024-10-23T20:44:41.584822+0100 INFO 134761074919104 Row inserted successfully into authors.
2024-10-23T20:44:41.599053+0100 INFO 134761095890624 Row inserted successfully into tags.
2024-10-23T20:44:41.603890+0100 INFO 134761215428288 Row inserted successfully into tags.
2024-10-23T20:44:41.605281+0100 INFO 134761246885568 Row inserted successfully into tags.
2024-10-23T20:44:41.610826+0100 INFO 134761204942528 Row inserted successfully into quotes.
2024-10-23T20:44:41.612163+0100 INFO 134761194456768 Row inserted successfully into quotes.
2024-10-23T20:44:41.628143+0100 INFO 134761095890624 Row inserted successfully into tags.
2024-10-23T20:44:41.629540+0100 INFO 134761074919104 Row inserted successfully into quotes.
2024-10-23T20:44:41.634321+0100 INFO 134761215428288 Row inserted successfully into authors.
2024-10-23T20:44:41.635835+0100 INFO 134761204942528 Row inserted successfully into quotes_tags_link.
2024-10-23T20:44:41.641482+0100 INFO 134761194456768 Row inserted successfully into quotes_tags_link.
2024-10-23T20:44:41.646602+0100 INFO 134761246885568 Row inserted successfully into authors.
2024-10-23T20:44:41.656344+0100 INFO 134761095890624 Row inserted successfully into tags.
2024-10-23T20:44:41.665229+0100 INFO 134761215428288 Row inserted successfully into quotes.
2024-10-23T20:44:41.671126+0100 INFO 134761074919104 Row inserted successfully into quotes_tags_link.
2024-10-23T20:44:41.673570+0100 INFO 134761194456768 Row inserted successfully into tags.
2024-10-23T20:44:41.681178+0100 INFO 134761204942528 Row inserted successfully into tags.
2024-10-23T20:44:41.684903+0100 INFO 134761095890624 Row inserted successfully into tags.
2024-10-23T20:44:41.687305+0100 INFO 134761246885568 Row inserted successfully into quotes.
2024-10-23T20:44:41.697236+0100 INFO 134761215428288 Row inserted successfully into quotes_tags_link.
2024-10-23T20:44:41.702955+0100 INFO 134761074919104 Row inserted successfully into tags.
2024-10-23T20:44:41.708215+0100 INFO 134761204942528 Row inserted successfully into authors.
2024-10-23T20:44:41.709522+0100 INFO 134761194456768 Row inserted successfully into authors.
2024-10-23T20:44:41.712101+0100 INFO 134761246885568 Row inserted successfully into quotes_tags_link.
2024-10-23T20:44:41.716106+0100 INFO 134761215428288 Row inserted successfully into tags.
2024-10-23T20:44:41.729408+0100 INFO 134761074919104 Row inserted successfully into authors.
2024-10-23T20:44:41.732604+0100 INFO 134761095890624 Row inserted successfully into tags.
2024-10-23T20:44:41.737769+0100 INFO 134761194456768 Row inserted successfully into quotes.
2024-10-23T20:44:41.740100+0100 INFO 134761246885568 Row inserted successfully into tags.
2024-10-23T20:44:41.744385+0100 INFO 134761215428288 Row inserted successfully into tags.
2024-10-23T20:44:41.745327+0100 INFO 134761204942528 Row inserted successfully into quotes.
2024-10-23T20:44:41.756836+0100 INFO 134761074919104 Row inserted successfully into quotes.
2024-10-23T20:44:41.767837+0100 INFO 134761095890624 Row inserted successfully into tags.
2024-10-23T20:44:41.770017+0100 INFO 134761194456768 Row inserted successfully into quotes_tags_link.
2024-10-23T20:44:41.776093+0100 INFO 134761204942528 Row inserted successfully into quotes_tags_link.
2024-10-23T20:44:41.778289+0100 INFO 134761246885568 Row inserted successfully into tags.
2024-10-23T20:44:41.781049+0100 INFO 134761215428288 Row inserted successfully into authors.
2024-10-23T20:44:41.789582+0100 INFO 134761074919104 Row inserted successfully into quotes_tags_link.
2024-10-23T20:44:41.794665+0100 INFO 134761095890624 Row inserted successfully into authors.
2024-10-23T20:44:41.798256+0100 INFO 134761204942528 Row inserted successfully into tags.
2024-10-23T20:44:41.804834+0100 INFO 134761194456768 Row inserted successfully into tags.
2024-10-23T20:44:41.809453+0100 INFO 134761246885568 Row inserted successfully into tags.
2024-10-23T20:44:41.814152+0100 INFO 134761215428288 Row inserted successfully into quotes.
2024-10-23T20:44:41.819889+0100 INFO 134761074919104 Row inserted successfully into tags.
2024-10-23T20:44:41.823153+0100 INFO 134761095890624 Row inserted successfully into quotes.
2024-10-23T20:44:41.826937+0100 INFO 134761204942528 Row inserted successfully into authors.
2024-10-23T20:44:41.840911+0100 INFO 134761194456768 Row inserted successfully into tags.
2024-10-23T20:44:41.842494+0100 INFO 134761246885568 Row inserted successfully into tags.
2024-10-23T20:44:41.844437+0100 INFO 134761215428288 Row inserted successfully into quotes_tags_link.
2024-10-23T20:44:41.847817+0100 INFO 134761095890624 Row inserted successfully into quotes_tags_link.
2024-10-23T20:44:41.852323+0100 INFO 134761074919104 Row inserted successfully into tags.
2024-10-23T20:44:41.857987+0100 INFO 134761204942528 Row inserted successfully into quotes.
2024-10-23T20:44:41.868558+0100 INFO 134761194456768 Row inserted successfully into tags.
2024-10-23T20:44:41.872551+0100 INFO 134761074919104 Row inserted successfully into authors.
2024-10-23T20:44:41.882550+0100 INFO 134761246885568 Row inserted successfully into authors.
2024-10-23T20:44:41.884275+0100 INFO 134761215428288 Row inserted successfully into tags.
2024-10-23T20:44:41.885144+0100 INFO 134761095890624 Row inserted successfully into tags.
2024-10-23T20:44:41.893673+0100 INFO 134761204942528 Row inserted successfully into quotes_tags_link.
2024-10-23T20:44:41.896829+0100 INFO 134761074919104 Row inserted successfully into quotes.
2024-10-23T20:44:41.908767+0100 INFO 134761215428288 Row inserted successfully into authors.
2024-10-23T20:44:41.909812+0100 INFO 134761246885568 Row inserted successfully into quotes.
2024-10-23T20:44:41.914837+0100 INFO 134761194456768 Row inserted successfully into authors.
2024-10-23T20:44:41.922065+0100 INFO 134761095890624 Row inserted successfully into tags.
2024-10-23T20:44:41.931747+0100 INFO 134761215428288 Row inserted successfully into quotes.
2024-10-23T20:44:41.933032+0100 INFO 134761074919104 Row inserted successfully into quotes_tags_link.
2024-10-23T20:44:41.940053+0100 INFO 134761194456768 Row inserted successfully into quotes.
2024-10-23T20:44:41.952010+0100 INFO 134761246885568 Row inserted successfully into quotes_tags_link.
2024-10-23T20:44:41.953060+0100 INFO 134761095890624 Row inserted successfully into authors.
2024-10-23T20:44:41.962200+0100 INFO 134761215428288 Row inserted successfully into quotes_tags_link.
2024-10-23T20:44:41.968896+0100 INFO 134761194456768 Row inserted successfully into quotes_tags_link.
2024-10-23T20:44:41.976014+0100 INFO 134761246885568 Row inserted successfully into tags.
2024-10-23T20:44:41.979424+0100 INFO 134761095890624 Row inserted successfully into quotes.
2024-10-23T20:44:41.988896+0100 INFO 134761246885568 Row inserted successfully into authors.
2024-10-23T20:44:41.996972+0100 INFO 134761095890624 Row inserted successfully into quotes_tags_link.
2024-10-23T20:44:42.005308+0100 INFO 134761246885568 Row inserted successfully into quotes.
2024-10-23T20:44:42.015026+0100 INFO 134761095890624 Row inserted successfully into tags.
2024-10-23T20:44:42.019253+0100 INFO 134761246885568 Row inserted successfully into quotes_tags_link.
2024-10-23T20:44:42.029483+0100 INFO 134761095890624 Row inserted successfully into authors.
2024-10-23T20:44:42.033846+0100 INFO 134761246885568 Row inserted successfully into tags.
2024-10-23T20:44:42.044126+0100 INFO 134761095890624 Row inserted successfully into quotes.
2024-10-23T20:44:42.049621+0100 INFO 134761246885568 Row inserted successfully into tags.
2024-10-23T20:44:42.059456+0100 INFO 134761095890624 Row inserted successfully into quotes_tags_link.
2024-10-23T20:44:42.064063+0100 INFO 134761246885568 Row inserted successfully into tags.
2024-10-23T20:44:42.073499+0100 INFO 134761095890624 Row inserted successfully into tags.
2024-10-23T20:44:42.077760+0100 INFO 134761246885568 Row inserted successfully into authors.
2024-10-23T20:44:42.085344+0100 INFO 134761095890624 Row inserted successfully into tags.
2024-10-23T20:44:42.093839+0100 INFO 134761246885568 Row inserted successfully into quotes.
2024-10-23T20:44:42.096393+0100 INFO 134761095890624 Row inserted successfully into tags.
2024-10-23T20:44:42.105816+0100 INFO 134761246885568 Row inserted successfully into quotes_tags_link.
2024-10-23T20:44:42.108905+0100 INFO 134761095890624 Row inserted successfully into authors.
2024-10-23T20:44:42.121373+0100 INFO 134761095890624 Row inserted successfully into quotes.
2024-10-23T20:44:42.134068+0100 INFO 134761095890624 Row inserted successfully into quotes_tags_link.
