2024-10-23T20:27:18.110987+0100 INFO 132050541686912 Ensured data directory exists at /home/daxo/code/scraping_quotes/scraping_quotes/data
2024-10-23T20:27:18.142206+0100 INFO 132050541686912 Created database engine for /home/daxo/code/scraping_quotes/scraping_quotes/data/quotes.db
2024-10-23T20:27:18.171831+0100 INFO 132050541686912 Database schema initialized successfully.
2024-10-23T20:27:18.173650+0100 INFO 132050541686912 Tables in the database: ['TestTable', 'authors', 'quotes', 'quotes_tags_link', 'tags']
2024-10-23T20:27:18.173773+0100 ERROR 132050541686912 Not all required tables were created.
2024-10-23T20:27:18.181596+0100 INFO 132050541686912 Database schema initialized successfully.
2024-10-23T20:27:18.183357+0100 INFO 132050541686912 Tables in the database: ['TestTable', 'authors', 'quotes', 'quotes_tags_link', 'tags']
2024-10-23T20:27:18.183465+0100 ERROR 132050541686912 Not all required tables were created.
2024-10-23T20:27:18.200425+0100 INFO 132050541686912 All tables truncated successfully.
2024-10-23T20:27:18.208211+0100 INFO 132050541686912 Database initialized successfully with new records.
2024-10-23T20:27:19.063347+0100 INFO 132050541686912 Successfully fetched the page
2024-10-23T20:27:19.986433+0100 INFO 132050541686912 Successfully fetched the page
2024-10-23T20:27:20.621559+0100 INFO 132050086528704 Successfully fetched the page
2024-10-23T20:27:20.630923+0100 INFO 132049975379648 Successfully fetched the page
2024-10-23T20:27:20.682026+0100 INFO 132050055071424 Successfully fetched the page
2024-10-23T20:27:20.684026+0100 INFO 132050065557184 Successfully fetched the page
2024-10-23T20:27:20.746527+0100 INFO 132049964893888 Successfully fetched the page
2024-10-23T20:27:20.757165+0100 INFO 132050076042944 Successfully fetched the page
2024-10-23T20:27:20.770918+0100 INFO 132049954408128 Successfully fetched the page
2024-10-23T20:27:20.779541+0100 INFO 132050117985984 Successfully fetched the page
2024-10-23T20:27:20.794649+0100 INFO 132050097014464 Successfully fetched the page
2024-10-23T20:27:20.860917+0100 INFO 132050086528704 Row inserted successfully into tags.
2024-10-23T20:27:20.912555+0100 INFO 132050065557184 Row inserted successfully into tags.
2024-10-23T20:27:20.959475+0100 ERROR 132049975379648 Error inserting row into tags: (pymysql.err.IntegrityError) (1062, "Duplicate entry 'friendship' for key 'tags.PRIMARY'")
[SQL: INSERT INTO tags (tag) VALUES (%(tag)s)]
[parameters: {'tag': 'friendship'}]
(Background on this error at: https://sqlalche.me/e/20/gkpj)
2024-10-23T20:27:20.972235+0100 INFO 132049954408128 Row inserted successfully into tags.
2024-10-23T20:27:21.060020+0100 INFO 132050055071424 Row inserted successfully into tags.
2024-10-23T20:27:21.060525+0100 INFO 132049964893888 Row inserted successfully into tags.
2024-10-23T20:27:21.068021+0100 INFO 132050065557184 Row inserted successfully into tags.
2024-10-23T20:27:21.081218+0100 INFO 132050076042944 Row inserted successfully into tags.
2024-10-23T20:27:21.082812+0100 INFO 132049954408128 Row inserted successfully into authors.
2024-10-23T20:27:21.083538+0100 ERROR 132050097014464 Error inserting row into tags: (pymysql.err.IntegrityError) (1062, "Duplicate entry 'love' for key 'tags.PRIMARY'")
[SQL: INSERT INTO tags (tag) VALUES (%(tag)s)]
[parameters: {'tag': 'love'}]
(Background on this error at: https://sqlalche.me/e/20/gkpj)
2024-10-23T20:27:21.092509+0100 INFO 132050086528704 Row inserted successfully into tags.
2024-10-23T20:27:21.104219+0100 INFO 132050055071424 Row inserted successfully into authors.
2024-10-23T20:27:21.110707+0100 INFO 132049964893888 Row inserted successfully into authors.
2024-10-23T20:27:21.114319+0100 INFO 132050117985984 Row inserted successfully into tags.
2024-10-23T20:27:21.119455+0100 INFO 132050076042944 Row inserted successfully into tags.
2024-10-23T20:27:21.131080+0100 INFO 132050065557184 Row inserted successfully into authors.
2024-10-23T20:27:21.139444+0100 INFO 132049954408128 Row inserted successfully into quotes.
2024-10-23T20:27:21.143810+0100 INFO 132050086528704 Row inserted successfully into tags.
2024-10-23T20:27:21.151958+0100 INFO 132049964893888 Row inserted successfully into quotes.
2024-10-23T20:27:21.154976+0100 INFO 132050055071424 Row inserted successfully into quotes.
2024-10-23T20:27:21.157312+0100 ERROR 132050076042944 Error inserting row into tags: (pymysql.err.IntegrityError) (1062, "Duplicate entry 'reading' for key 'tags.PRIMARY'")
[SQL: INSERT INTO tags (tag) VALUES (%(tag)s)]
[parameters: {'tag': 'reading'}]
(Background on this error at: https://sqlalche.me/e/20/gkpj)
2024-10-23T20:27:21.162497+0100 INFO 132050117985984 Row inserted successfully into tags.
2024-10-23T20:27:21.166263+0100 INFO 132050065557184 Row inserted successfully into quotes.
2024-10-23T20:27:21.179020+0100 INFO 132049954408128 Row inserted successfully into quotes_tags_link.
2024-10-23T20:27:21.179930+0100 INFO 132050086528704 Row inserted successfully into authors.
2024-10-23T20:27:21.186316+0100 INFO 132049964893888 Row inserted successfully into quotes_tags_link.
2024-10-23T20:27:21.198825+0100 INFO 132050117985984 Row inserted successfully into tags.
2024-10-23T20:27:21.203304+0100 INFO 132049954408128 Row inserted successfully into tags.
2024-10-23T20:27:21.204541+0100 INFO 132050065557184 Row inserted successfully into quotes_tags_link.
2024-10-23T20:27:21.211168+0100 INFO 132050055071424 Row inserted successfully into quotes_tags_link.
2024-10-23T20:27:21.216279+0100 INFO 132050107500224 Successfully fetched the page
2024-10-23T20:27:21.239900+0100 INFO 132049964893888 Row inserted successfully into tags.
2024-10-23T20:27:21.263203+0100 INFO 132050086528704 Row inserted successfully into quotes.
2024-10-23T20:27:21.264940+0100 INFO 132049954408128 Row inserted successfully into tags.
2024-10-23T20:27:21.283286+0100 INFO 132050055071424 Row inserted successfully into tags.
2024-10-23T20:27:21.285339+0100 ERROR 132049964893888 Error inserting row into tags: (pymysql.err.IntegrityError) (1062, "Duplicate entry 'love' for key 'tags.PRIMARY'")
[SQL: INSERT INTO tags (tag) VALUES (%(tag)s)]
[parameters: {'tag': 'love'}]
(Background on this error at: https://sqlalche.me/e/20/gkpj)
2024-10-23T20:27:21.286370+0100 INFO 132050117985984 Row inserted successfully into tags.
2024-10-23T20:27:21.288521+0100 INFO 132050065557184 Row inserted successfully into tags.
2024-10-23T20:27:21.304391+0100 INFO 132049954408128 Row inserted successfully into authors.
2024-10-23T20:27:21.312906+0100 INFO 132050086528704 Row inserted successfully into quotes_tags_link.
2024-10-23T20:27:21.316593+0100 INFO 132050065557184 Row inserted successfully into tags.
2024-10-23T20:27:21.317343+0100 INFO 132050107500224 Row inserted successfully into tags.
2024-10-23T20:27:21.320255+0100 ERROR 132050117985984 Error inserting row into authors: (pymysql.err.IntegrityError) (1062, "Duplicate entry 'Albert Einstein' for key 'authors.PRIMARY'")
[SQL: INSERT INTO authors (author, about) VALUES (%(author)s, %(about)s)]
[parameters: {'author': 'Albert Einstein', 'about': '/author/Albert-Einstein'}]
(Background on this error at: https://sqlalche.me/e/20/gkpj)
2024-10-23T20:27:21.326798+0100 INFO 132050055071424 Row inserted successfully into authors.
2024-10-23T20:27:21.336925+0100 INFO 132049954408128 Row inserted successfully into quotes.
2024-10-23T20:27:21.352294+0100 INFO 132050107500224 Row inserted successfully into tags.
2024-10-23T20:27:21.356799+0100 INFO 132050065557184 Row inserted successfully into tags.
2024-10-23T20:27:21.360576+0100 INFO 132050086528704 Row inserted successfully into tags.
2024-10-23T20:27:21.366252+0100 INFO 132049954408128 Row inserted successfully into quotes_tags_link.
2024-10-23T20:27:21.368050+0100 INFO 132050055071424 Row inserted successfully into quotes.
2024-10-23T20:27:21.374462+0100 INFO 132050107500224 Row inserted successfully into tags.
2024-10-23T20:27:21.383058+0100 ERROR 132050086528704 Error inserting row into authors: (pymysql.err.IntegrityError) (1062, "Duplicate entry 'J.K. Rowling' for key 'authors.PRIMARY'")
[SQL: INSERT INTO authors (author, about) VALUES (%(author)s, %(about)s)]
[parameters: {'author': 'J.K. Rowling', 'about': '/author/J-K-Rowling'}]
(Background on this error at: https://sqlalche.me/e/20/gkpj)
2024-10-23T20:27:21.383943+0100 INFO 132050065557184 Row inserted successfully into authors.
2024-10-23T20:27:21.394334+0100 INFO 132049954408128 Row inserted successfully into tags.
2024-10-23T20:27:21.396359+0100 ERROR 132050107500224 Error inserting row into tags: (pymysql.err.IntegrityError) (1062, "Duplicate entry 'life' for key 'tags.PRIMARY'")
[SQL: INSERT INTO tags (tag) VALUES (%(tag)s)]
[parameters: {'tag': 'life'}]
(Background on this error at: https://sqlalche.me/e/20/gkpj)
2024-10-23T20:27:21.401608+0100 INFO 132050055071424 Row inserted successfully into quotes_tags_link.
2024-10-23T20:27:21.407989+0100 INFO 132050065557184 Row inserted successfully into quotes.
2024-10-23T20:27:21.408800+0100 ERROR 132049954408128 Error inserting row into tags: (pymysql.err.IntegrityError) (1062, "Duplicate entry 'love' for key 'tags.PRIMARY'")
[SQL: INSERT INTO tags (tag) VALUES (%(tag)s)]
[parameters: {'tag': 'love'}]
(Background on this error at: https://sqlalche.me/e/20/gkpj)
2024-10-23T20:27:21.416916+0100 ERROR 132050055071424 Error inserting row into tags: (pymysql.err.IntegrityError) (1062, "Duplicate entry 'humor' for key 'tags.PRIMARY'")
[SQL: INSERT INTO tags (tag) VALUES (%(tag)s)]
[parameters: {'tag': 'humor'}]
(Background on this error at: https://sqlalche.me/e/20/gkpj)
2024-10-23T20:27:21.423541+0100 INFO 132050065557184 Row inserted successfully into quotes_tags_link.
2024-10-23T20:27:21.437326+0100 INFO 132050065557184 Row inserted successfully into tags.
2024-10-23T20:27:21.449780+0100 INFO 132050065557184 Row inserted successfully into authors.
2024-10-23T20:27:21.463498+0100 INFO 132050065557184 Row inserted successfully into quotes.
2024-10-23T20:27:21.476301+0100 INFO 132050065557184 Row inserted successfully into quotes_tags_link.
2024-10-23T20:27:21.490482+0100 INFO 132050065557184 Row inserted successfully into tags.
2024-10-23T20:27:21.497952+0100 ERROR 132050065557184 Error inserting row into authors: (pymysql.err.IntegrityError) (1062, "Duplicate entry 'Albert Einstein' for key 'authors.PRIMARY'")
[SQL: INSERT INTO authors (author, about) VALUES (%(author)s, %(about)s)]
[parameters: {'author': 'Albert Einstein', 'about': '/author/Albert-Einstein'}]
(Background on this error at: https://sqlalche.me/e/20/gkpj)
