2024-10-24T15:54:11.365526+0100 INFO 138642291048576 Ensured data directory exists at /home/daxo/code/scraping_quotes/scraping_quotes/data
2024-10-24T15:54:11.419208+0100 INFO 138642291048576 Created database engine for /home/daxo/code/scraping_quotes/scraping_quotes/data/quotes.db
2024-10-24T15:54:11.477927+0100 INFO 138642291048576 Database schema initialized successfully.
2024-10-24T15:54:11.480784+0100 INFO 138642291048576 Tables in the database: ['TestTable', 'authors', 'quotes', 'quotes_tags_link', 'tags']
2024-10-24T15:54:11.480957+0100 ERROR 138642291048576 Not all required tables were created.
2024-10-24T15:54:11.489241+0100 INFO 138642291048576 Database schema initialized successfully.
2024-10-24T15:54:11.491025+0100 INFO 138642291048576 Tables in the database: ['TestTable', 'authors', 'quotes', 'quotes_tags_link', 'tags']
2024-10-24T15:54:11.491138+0100 ERROR 138642291048576 Not all required tables were created.
2024-10-24T15:54:11.528559+0100 INFO 138642291048576 All tables truncated successfully.
2024-10-24T15:54:11.530378+0100 INFO 138642291048576 Database initialized successfully with new records.
2024-10-24T15:54:12.061436+0100 INFO 138642291048576 Successfully fetched the page
2024-10-24T15:54:12.716104+0100 INFO 138642291048576 Successfully fetched the page
2024-10-24T15:54:13.373084+0100 INFO 138641510762176 Successfully fetched the page
2024-10-24T15:54:13.375413+0100 INFO 138641387030208 Successfully fetched the page
2024-10-24T15:54:13.383901+0100 INFO 138641521247936 Successfully fetched the page
2024-10-24T15:54:13.392297+0100 INFO 138641542219456 Successfully fetched the page
2024-10-24T15:54:13.414980+0100 INFO 138641408001728 Successfully fetched the page
2024-10-24T15:54:13.424661+0100 INFO 138641376544448 Successfully fetched the page
2024-10-24T15:54:13.434182+0100 INFO 138641500276416 Successfully fetched the page
2024-10-24T15:54:13.483622+0100 INFO 138641489790656 Successfully fetched the page
2024-10-24T15:54:13.538955+0100 INFO 138641531733696 Successfully fetched the page
2024-10-24T15:54:13.588131+0100 INFO 138641397515968 Successfully fetched the page
2024-10-24T15:54:13.784988+0100 INFO 138641531733696 Row inserted successfully into tags.
2024-10-24T15:54:13.789819+0100 INFO 138641376544448 Row inserted successfully into tags.
2024-10-24T15:54:13.794112+0100 INFO 138641542219456 Row inserted successfully into tags.
2024-10-24T15:54:13.799113+0100 INFO 138641408001728 Row inserted successfully into tags.
2024-10-24T15:54:13.812214+0100 INFO 138641489790656 Row inserted successfully into tags.
2024-10-24T15:54:13.815929+0100 ERROR 138641397515968 Error inserting row into tags: (pymysql.err.IntegrityError) (1062, "Duplicate entry 'friendship' for key 'tags.PRIMARY'")
[SQL: INSERT INTO tags (tag) VALUES (%(tag)s)]
[parameters: {'tag': 'friendship'}]
(Background on this error at: https://sqlalche.me/e/20/gkpj)
2024-10-24T15:54:13.825278+0100 INFO 138641521247936 Row inserted successfully into tags.
2024-10-24T15:54:13.841944+0100 INFO 138641387030208 Row inserted successfully into tags.
2024-10-24T15:54:13.843916+0100 INFO 138641510762176 Row inserted successfully into tags.
2024-10-24T15:54:13.852035+0100 INFO 138641500276416 Row inserted successfully into tags.
2024-10-24T15:54:13.853962+0100 INFO 138641376544448 Row inserted successfully into authors.
2024-10-24T15:54:13.859318+0100 INFO 138641531733696 Row inserted successfully into tags.
2024-10-24T15:54:13.869776+0100 INFO 138641521247936 Row inserted successfully into tags.
2024-10-24T15:54:13.870696+0100 INFO 138641542219456 Row inserted successfully into tags.
2024-10-24T15:54:13.873530+0100 ERROR 138641489790656 Error inserting row into tags: (pymysql.err.IntegrityError) (1062, "Duplicate entry 'love' for key 'tags.PRIMARY'")
[SQL: INSERT INTO tags (tag) VALUES (%(tag)s)]
[parameters: {'tag': 'love'}]
(Background on this error at: https://sqlalche.me/e/20/gkpj)
2024-10-24T15:54:13.881470+0100 INFO 138641408001728 Row inserted successfully into authors.
2024-10-24T15:54:13.904022+0100 INFO 138641387030208 Row inserted successfully into authors.
2024-10-24T15:54:13.904644+0100 INFO 138641510762176 Row inserted successfully into tags.
2024-10-24T15:54:13.913118+0100 INFO 138641521247936 Row inserted successfully into authors.
2024-10-24T15:54:13.913699+0100 INFO 138641376544448 Row inserted successfully into quotes.
2024-10-24T15:54:13.920464+0100 INFO 138641500276416 Row inserted successfully into tags.
2024-10-24T15:54:13.934567+0100 INFO 138641531733696 Row inserted successfully into tags.
2024-10-24T15:54:13.947509+0100 INFO 138641542219456 Row inserted successfully into tags.
2024-10-24T15:54:13.955391+0100 INFO 138641408001728 Row inserted successfully into quotes.
2024-10-24T15:54:13.958474+0100 INFO 138641387030208 Row inserted successfully into quotes.
2024-10-24T15:54:13.964174+0100 INFO 138641521247936 Row inserted successfully into quotes.
2024-10-24T15:54:13.968158+0100 ERROR 138641500276416 Error inserting row into tags: (pymysql.err.IntegrityError) (1062, "Duplicate entry 'reading' for key 'tags.PRIMARY'")
[SQL: INSERT INTO tags (tag) VALUES (%(tag)s)]
[parameters: {'tag': 'reading'}]
(Background on this error at: https://sqlalche.me/e/20/gkpj)
2024-10-24T15:54:13.970528+0100 INFO 138641510762176 Row inserted successfully into tags.
2024-10-24T15:54:13.978950+0100 INFO 138641376544448 Row inserted successfully into quotes_tags_link.
2024-10-24T15:54:14.008097+0100 INFO 138641531733696 Row inserted successfully into tags.
2024-10-24T15:54:14.014808+0100 INFO 138641510762176 Row inserted successfully into authors.
2024-10-24T15:54:14.015597+0100 INFO 138641542219456 Row inserted successfully into tags.
2024-10-24T15:54:14.019632+0100 INFO 138641408001728 Row inserted successfully into quotes_tags_link.
2024-10-24T15:54:14.023819+0100 INFO 138641376544448 Row inserted successfully into tags.
2024-10-24T15:54:14.032782+0100 INFO 138641521247936 Row inserted successfully into quotes_tags_link.
2024-10-24T15:54:14.036866+0100 ERROR 138641531733696 Error inserting row into tags: (pymysql.err.IntegrityError) (1062, "Duplicate entry 'love' for key 'tags.PRIMARY'")
[SQL: INSERT INTO tags (tag) VALUES (%(tag)s)]
[parameters: {'tag': 'love'}]
(Background on this error at: https://sqlalche.me/e/20/gkpj)
2024-10-24T15:54:14.043003+0100 INFO 138641387030208 Row inserted successfully into quotes_tags_link.
2024-10-24T15:54:14.055111+0100 INFO 138641510762176 Row inserted successfully into quotes.
2024-10-24T15:54:14.059229+0100 INFO 138641408001728 Row inserted successfully into tags.
2024-10-24T15:54:14.070079+0100 ERROR 138641542219456 Error inserting row into authors: (pymysql.err.IntegrityError) (1062, "Duplicate entry 'Albert Einstein' for key 'authors.PRIMARY'")
[SQL: INSERT INTO authors (author, about) VALUES (%(author)s, %(about)s)]
[parameters: {'author': 'Albert Einstein', 'about': '/author/Albert-Einstein'}]
(Background on this error at: https://sqlalche.me/e/20/gkpj)
2024-10-24T15:54:14.089825+0100 INFO 138641521247936 Row inserted successfully into tags.
2024-10-24T15:54:14.091628+0100 ERROR 138641376544448 Error inserting row into tags: (pymysql.err.IntegrityError) (1062, "Duplicate entry 'life' for key 'tags.PRIMARY'")
[SQL: INSERT INTO tags (tag) VALUES (%(tag)s)]
[parameters: {'tag': 'life'}]
(Background on this error at: https://sqlalche.me/e/20/gkpj)
2024-10-24T15:54:14.092376+0100 INFO 138641387030208 Row inserted successfully into tags.
2024-10-24T15:54:14.095044+0100 INFO 138641510762176 Row inserted successfully into quotes_tags_link.
2024-10-24T15:54:14.098228+0100 INFO 138641408001728 Row inserted successfully into authors.
2024-10-24T15:54:14.127215+0100 ERROR 138641387030208 Error inserting row into tags: (pymysql.err.IntegrityError) (1062, "Duplicate entry 'love' for key 'tags.PRIMARY'")
[SQL: INSERT INTO tags (tag) VALUES (%(tag)s)]
[parameters: {'tag': 'love'}]
(Background on this error at: https://sqlalche.me/e/20/gkpj)
2024-10-24T15:54:14.130051+0100 INFO 138641521247936 Row inserted successfully into authors.
2024-10-24T15:54:14.135406+0100 INFO 138641408001728 Row inserted successfully into quotes.
2024-10-24T15:54:14.145973+0100 INFO 138641510762176 Row inserted successfully into tags.
2024-10-24T15:54:14.158169+0100 INFO 138641521247936 Row inserted successfully into quotes.
2024-10-24T15:54:14.158841+0100 INFO 138641408001728 Row inserted successfully into quotes_tags_link.
2024-10-24T15:54:14.164343+0100 ERROR 138641510762176 Error inserting row into authors: (pymysql.err.IntegrityError) (1062, "Duplicate entry 'J.K. Rowling' for key 'authors.PRIMARY'")
[SQL: INSERT INTO authors (author, about) VALUES (%(author)s, %(about)s)]
[parameters: {'author': 'J.K. Rowling', 'about': '/author/J-K-Rowling'}]
(Background on this error at: https://sqlalche.me/e/20/gkpj)
2024-10-24T15:54:14.180098+0100 ERROR 138641408001728 Error inserting row into tags: (pymysql.err.IntegrityError) (1062, "Duplicate entry 'humor' for key 'tags.PRIMARY'")
[SQL: INSERT INTO tags (tag) VALUES (%(tag)s)]
[parameters: {'tag': 'humor'}]
(Background on this error at: https://sqlalche.me/e/20/gkpj)
2024-10-24T15:54:14.185409+0100 INFO 138641521247936 Row inserted successfully into quotes_tags_link.
2024-10-24T15:54:14.203956+0100 INFO 138641521247936 Row inserted successfully into tags.
2024-10-24T15:54:14.220855+0100 INFO 138641521247936 Row inserted successfully into authors.
2024-10-24T15:54:14.237438+0100 INFO 138641521247936 Row inserted successfully into quotes.
2024-10-24T15:54:14.252988+0100 INFO 138641521247936 Row inserted successfully into quotes_tags_link.
2024-10-24T15:54:14.265405+0100 ERROR 138641521247936 Error inserting row into tags: (pymysql.err.IntegrityError) (1062, "Duplicate entry 'humor' for key 'tags.PRIMARY'")
[SQL: INSERT INTO tags (tag) VALUES (%(tag)s)]
[parameters: {'tag': 'humor'}]
(Background on this error at: https://sqlalche.me/e/20/gkpj)
